<?xml version="1.0" encoding="UTF-8"?>
<testsuite xmlns:xsi="http://www.w3.org/2001/XMLSchema-instance" xsi:noNamespaceSchemaLocation="https://maven.apache.org/surefire/maven-surefire-plugin/xsd/surefire-test-report.xsd" version="3.0.2" name="tqs.products.ProductsApplicationTests" time="4.294" tests="2" errors="0" skipped="0" failures="0">
  <properties>
    <property name="java.specification.version" value="21"/>
    <property name="sun.jnu.encoding" value="UTF-8"/>
    <property name="java.class.path" value="/home/carolina/UA/3ANO/2SEMESTRE/TQS/Labs/TQS/Lab2/lab2_2/Products/target/test-classes:/home/carolina/UA/3ANO/2SEMESTRE/TQS/Labs/TQS/Lab2/lab2_2/Products/target/classes:/home/carolina/.m2/repository/org/slf4j/slf4j-api/2.0.16/slf4j-api-2.0.16.jar:/home/carolina/.m2/repository/ch/qos/logback/logback-classic/1.5.16/logback-classic-1.5.16.jar:/home/carolina/.m2/repository/ch/qos/logback/logback-core/1.5.16/logback-core-1.5.16.jar:/home/carolina/.m2/repository/org/projectlombok/lombok/1.18.30/lombok-1.18.30.jar:/home/carolina/.m2/repository/org/mockito/mockito-junit-jupiter/5.15.2/mockito-junit-jupiter-5.15.2.jar:/home/carolina/.m2/repository/org/mockito/mockito-core/5.14.2/mockito-core-5.14.2.jar:/home/carolina/.m2/repository/net/bytebuddy/byte-buddy/1.15.11/byte-buddy-1.15.11.jar:/home/carolina/.m2/repository/net/bytebuddy/byte-buddy-agent/1.15.11/byte-buddy-agent-1.15.11.jar:/home/carolina/.m2/repository/org/objenesis/objenesis/3.3/objenesis-3.3.jar:/home/carolina/.m2/repository/org/junit/jupiter/junit-jupiter-api/5.11.4/junit-jupiter-api-5.11.4.jar:/home/carolina/.m2/repository/org/opentest4j/opentest4j/1.3.0/opentest4j-1.3.0.jar:/home/carolina/.m2/repository/org/junit/platform/junit-platform-commons/1.11.4/junit-platform-commons-1.11.4.jar:/home/carolina/.m2/repository/org/apiguardian/apiguardian-api/1.1.2/apiguardian-api-1.1.2.jar:/home/carolina/.m2/repository/org/hamcrest/hamcrest/2.2/hamcrest-2.2.jar:/home/carolina/.m2/repository/org/junit/jupiter/junit-jupiter/5.11.4/junit-jupiter-5.11.4.jar:/home/carolina/.m2/repository/org/junit/jupiter/junit-jupiter-params/5.11.4/junit-jupiter-params-5.11.4.jar:/home/carolina/.m2/repository/org/junit/jupiter/junit-jupiter-engine/5.11.4/junit-jupiter-engine-5.11.4.jar:/home/carolina/.m2/repository/org/junit/platform/junit-platform-engine/1.11.4/junit-platform-engine-1.11.4.jar:/home/carolina/.m2/repository/com/fasterxml/jackson/core/jackson-databind/2.15.2/jackson-databind-2.15.2.jar:/home/carolina/.m2/repository/com/fasterxml/jackson/core/jackson-annotations/2.18.2/jackson-annotations-2.18.2.jar:/home/carolina/.m2/repository/com/fasterxml/jackson/core/jackson-core/2.18.2/jackson-core-2.18.2.jar:/home/carolina/.m2/repository/org/springframework/boot/spring-boot-starter/3.4.3/spring-boot-starter-3.4.3.jar:/home/carolina/.m2/repository/org/springframework/boot/spring-boot/3.4.3/spring-boot-3.4.3.jar:/home/carolina/.m2/repository/org/springframework/spring-context/6.2.3/spring-context-6.2.3.jar:/home/carolina/.m2/repository/org/springframework/spring-aop/6.2.3/spring-aop-6.2.3.jar:/home/carolina/.m2/repository/org/springframework/spring-beans/6.2.3/spring-beans-6.2.3.jar:/home/carolina/.m2/repository/org/springframework/spring-expression/6.2.3/spring-expression-6.2.3.jar:/home/carolina/.m2/repository/io/micrometer/micrometer-observation/1.14.4/micrometer-observation-1.14.4.jar:/home/carolina/.m2/repository/io/micrometer/micrometer-commons/1.14.4/micrometer-commons-1.14.4.jar:/home/carolina/.m2/repository/org/springframework/boot/spring-boot-autoconfigure/3.4.3/spring-boot-autoconfigure-3.4.3.jar:/home/carolina/.m2/repository/org/springframework/boot/spring-boot-starter-logging/3.4.3/spring-boot-starter-logging-3.4.3.jar:/home/carolina/.m2/repository/org/apache/logging/log4j/log4j-to-slf4j/2.24.3/log4j-to-slf4j-2.24.3.jar:/home/carolina/.m2/repository/org/apache/logging/log4j/log4j-api/2.24.3/log4j-api-2.24.3.jar:/home/carolina/.m2/repository/org/slf4j/jul-to-slf4j/2.0.16/jul-to-slf4j-2.0.16.jar:/home/carolina/.m2/repository/jakarta/annotation/jakarta.annotation-api/2.1.1/jakarta.annotation-api-2.1.1.jar:/home/carolina/.m2/repository/org/springframework/spring-core/6.2.3/spring-core-6.2.3.jar:/home/carolina/.m2/repository/org/springframework/spring-jcl/6.2.3/spring-jcl-6.2.3.jar:/home/carolina/.m2/repository/org/yaml/snakeyaml/2.3/snakeyaml-2.3.jar:/home/carolina/.m2/repository/org/springframework/boot/spring-boot-starter-test/3.4.3/spring-boot-starter-test-3.4.3.jar:/home/carolina/.m2/repository/org/springframework/boot/spring-boot-test/3.4.3/spring-boot-test-3.4.3.jar:/home/carolina/.m2/repository/org/springframework/boot/spring-boot-test-autoconfigure/3.4.3/spring-boot-test-autoconfigure-3.4.3.jar:/home/carolina/.m2/repository/com/jayway/jsonpath/json-path/2.9.0/json-path-2.9.0.jar:/home/carolina/.m2/repository/jakarta/xml/bind/jakarta.xml.bind-api/4.0.2/jakarta.xml.bind-api-4.0.2.jar:/home/carolina/.m2/repository/jakarta/activation/jakarta.activation-api/2.1.3/jakarta.activation-api-2.1.3.jar:/home/carolina/.m2/repository/net/minidev/json-smart/2.5.2/json-smart-2.5.2.jar:/home/carolina/.m2/repository/net/minidev/accessors-smart/2.5.2/accessors-smart-2.5.2.jar:/home/carolina/.m2/repository/org/ow2/asm/asm/9.7.1/asm-9.7.1.jar:/home/carolina/.m2/repository/org/assertj/assertj-core/3.26.3/assertj-core-3.26.3.jar:/home/carolina/.m2/repository/org/awaitility/awaitility/4.2.2/awaitility-4.2.2.jar:/home/carolina/.m2/repository/org/skyscreamer/jsonassert/1.5.3/jsonassert-1.5.3.jar:/home/carolina/.m2/repository/com/vaadin/external/google/android-json/0.0.20131108.vaadin1/android-json-0.0.20131108.vaadin1.jar:/home/carolina/.m2/repository/org/springframework/spring-test/6.2.3/spring-test-6.2.3.jar:/home/carolina/.m2/repository/org/xmlunit/xmlunit-core/2.10.0/xmlunit-core-2.10.0.jar:"/>
    <property name="java.vm.vendor" value="Ubuntu"/>
    <property name="sun.arch.data.model" value="64"/>
    <property name="java.vendor.url" value="https://ubuntu.com/"/>
    <property name="user.timezone" value="Europe/Lisbon"/>
    <property name="os.name" value="Linux"/>
    <property name="java.vm.specification.version" value="21"/>
    <property name="APPLICATION_NAME" value="Products"/>
    <property name="sun.java.launcher" value="SUN_STANDARD"/>
    <property name="user.country" value="BR"/>
    <property name="sun.boot.library.path" value="/usr/lib/jvm/java-21-openjdk-amd64/lib"/>
    <property name="sun.java.command" value="/home/carolina/UA/3ANO/2SEMESTRE/TQS/Labs/TQS/Lab2/lab2_2/Products/target/surefire/surefirebooter-20250223145129980_3.jar /home/carolina/UA/3ANO/2SEMESTRE/TQS/Labs/TQS/Lab2/lab2_2/Products/target/surefire 2025-02-23T14-51-29_827-jvmRun1 surefire-20250223145129980_1tmp surefire_0-20250223145129980_2tmp"/>
    <property name="jdk.debug" value="release"/>
    <property name="surefire.test.class.path" value="/home/carolina/UA/3ANO/2SEMESTRE/TQS/Labs/TQS/Lab2/lab2_2/Products/target/test-classes:/home/carolina/UA/3ANO/2SEMESTRE/TQS/Labs/TQS/Lab2/lab2_2/Products/target/classes:/home/carolina/.m2/repository/org/slf4j/slf4j-api/2.0.16/slf4j-api-2.0.16.jar:/home/carolina/.m2/repository/ch/qos/logback/logback-classic/1.5.16/logback-classic-1.5.16.jar:/home/carolina/.m2/repository/ch/qos/logback/logback-core/1.5.16/logback-core-1.5.16.jar:/home/carolina/.m2/repository/org/projectlombok/lombok/1.18.30/lombok-1.18.30.jar:/home/carolina/.m2/repository/org/mockito/mockito-junit-jupiter/5.15.2/mockito-junit-jupiter-5.15.2.jar:/home/carolina/.m2/repository/org/mockito/mockito-core/5.14.2/mockito-core-5.14.2.jar:/home/carolina/.m2/repository/net/bytebuddy/byte-buddy/1.15.11/byte-buddy-1.15.11.jar:/home/carolina/.m2/repository/net/bytebuddy/byte-buddy-agent/1.15.11/byte-buddy-agent-1.15.11.jar:/home/carolina/.m2/repository/org/objenesis/objenesis/3.3/objenesis-3.3.jar:/home/carolina/.m2/repository/org/junit/jupiter/junit-jupiter-api/5.11.4/junit-jupiter-api-5.11.4.jar:/home/carolina/.m2/repository/org/opentest4j/opentest4j/1.3.0/opentest4j-1.3.0.jar:/home/carolina/.m2/repository/org/junit/platform/junit-platform-commons/1.11.4/junit-platform-commons-1.11.4.jar:/home/carolina/.m2/repository/org/apiguardian/apiguardian-api/1.1.2/apiguardian-api-1.1.2.jar:/home/carolina/.m2/repository/org/hamcrest/hamcrest/2.2/hamcrest-2.2.jar:/home/carolina/.m2/repository/org/junit/jupiter/junit-jupiter/5.11.4/junit-jupiter-5.11.4.jar:/home/carolina/.m2/repository/org/junit/jupiter/junit-jupiter-params/5.11.4/junit-jupiter-params-5.11.4.jar:/home/carolina/.m2/repository/org/junit/jupiter/junit-jupiter-engine/5.11.4/junit-jupiter-engine-5.11.4.jar:/home/carolina/.m2/repository/org/junit/platform/junit-platform-engine/1.11.4/junit-platform-engine-1.11.4.jar:/home/carolina/.m2/repository/com/fasterxml/jackson/core/jackson-databind/2.15.2/jackson-databind-2.15.2.jar:/home/carolina/.m2/repository/com/fasterxml/jackson/core/jackson-annotations/2.18.2/jackson-annotations-2.18.2.jar:/home/carolina/.m2/repository/com/fasterxml/jackson/core/jackson-core/2.18.2/jackson-core-2.18.2.jar:/home/carolina/.m2/repository/org/springframework/boot/spring-boot-starter/3.4.3/spring-boot-starter-3.4.3.jar:/home/carolina/.m2/repository/org/springframework/boot/spring-boot/3.4.3/spring-boot-3.4.3.jar:/home/carolina/.m2/repository/org/springframework/spring-context/6.2.3/spring-context-6.2.3.jar:/home/carolina/.m2/repository/org/springframework/spring-aop/6.2.3/spring-aop-6.2.3.jar:/home/carolina/.m2/repository/org/springframework/spring-beans/6.2.3/spring-beans-6.2.3.jar:/home/carolina/.m2/repository/org/springframework/spring-expression/6.2.3/spring-expression-6.2.3.jar:/home/carolina/.m2/repository/io/micrometer/micrometer-observation/1.14.4/micrometer-observation-1.14.4.jar:/home/carolina/.m2/repository/io/micrometer/micrometer-commons/1.14.4/micrometer-commons-1.14.4.jar:/home/carolina/.m2/repository/org/springframework/boot/spring-boot-autoconfigure/3.4.3/spring-boot-autoconfigure-3.4.3.jar:/home/carolina/.m2/repository/org/springframework/boot/spring-boot-starter-logging/3.4.3/spring-boot-starter-logging-3.4.3.jar:/home/carolina/.m2/repository/org/apache/logging/log4j/log4j-to-slf4j/2.24.3/log4j-to-slf4j-2.24.3.jar:/home/carolina/.m2/repository/org/apache/logging/log4j/log4j-api/2.24.3/log4j-api-2.24.3.jar:/home/carolina/.m2/repository/org/slf4j/jul-to-slf4j/2.0.16/jul-to-slf4j-2.0.16.jar:/home/carolina/.m2/repository/jakarta/annotation/jakarta.annotation-api/2.1.1/jakarta.annotation-api-2.1.1.jar:/home/carolina/.m2/repository/org/springframework/spring-core/6.2.3/spring-core-6.2.3.jar:/home/carolina/.m2/repository/org/springframework/spring-jcl/6.2.3/spring-jcl-6.2.3.jar:/home/carolina/.m2/repository/org/yaml/snakeyaml/2.3/snakeyaml-2.3.jar:/home/carolina/.m2/repository/org/springframework/boot/spring-boot-starter-test/3.4.3/spring-boot-starter-test-3.4.3.jar:/home/carolina/.m2/repository/org/springframework/boot/spring-boot-test/3.4.3/spring-boot-test-3.4.3.jar:/home/carolina/.m2/repository/org/springframework/boot/spring-boot-test-autoconfigure/3.4.3/spring-boot-test-autoconfigure-3.4.3.jar:/home/carolina/.m2/repository/com/jayway/jsonpath/json-path/2.9.0/json-path-2.9.0.jar:/home/carolina/.m2/repository/jakarta/xml/bind/jakarta.xml.bind-api/4.0.2/jakarta.xml.bind-api-4.0.2.jar:/home/carolina/.m2/repository/jakarta/activation/jakarta.activation-api/2.1.3/jakarta.activation-api-2.1.3.jar:/home/carolina/.m2/repository/net/minidev/json-smart/2.5.2/json-smart-2.5.2.jar:/home/carolina/.m2/repository/net/minidev/accessors-smart/2.5.2/accessors-smart-2.5.2.jar:/home/carolina/.m2/repository/org/ow2/asm/asm/9.7.1/asm-9.7.1.jar:/home/carolina/.m2/repository/org/assertj/assertj-core/3.26.3/assertj-core-3.26.3.jar:/home/carolina/.m2/repository/org/awaitility/awaitility/4.2.2/awaitility-4.2.2.jar:/home/carolina/.m2/repository/org/skyscreamer/jsonassert/1.5.3/jsonassert-1.5.3.jar:/home/carolina/.m2/repository/com/vaadin/external/google/android-json/0.0.20131108.vaadin1/android-json-0.0.20131108.vaadin1.jar:/home/carolina/.m2/repository/org/springframework/spring-test/6.2.3/spring-test-6.2.3.jar:/home/carolina/.m2/repository/org/xmlunit/xmlunit-core/2.10.0/xmlunit-core-2.10.0.jar:"/>
    <property name="sun.cpu.endian" value="little"/>
    <property name="user.home" value="/home/carolina"/>
    <property name="user.language" value="pt"/>
    <property name="java.specification.vendor" value="Oracle Corporation"/>
    <property name="java.version.date" value="2025-01-21"/>
    <property name="java.home" value="/usr/lib/jvm/java-21-openjdk-amd64"/>
    <property name="file.separator" value="/"/>
    <property name="basedir" value="/home/carolina/UA/3ANO/2SEMESTRE/TQS/Labs/TQS/Lab2/lab2_2/Products"/>
    <property name="java.vm.compressedOopsMode" value="Zero based"/>
    <property name="line.separator" value="&#10;"/>
    <property name="java.vm.specification.vendor" value="Oracle Corporation"/>
    <property name="java.specification.name" value="Java Platform API Specification"/>
    <property name="FILE_LOG_CHARSET" value="UTF-8"/>
    <property name="java.awt.headless" value="true"/>
    <property name="surefire.real.class.path" value="/home/carolina/UA/3ANO/2SEMESTRE/TQS/Labs/TQS/Lab2/lab2_2/Products/target/surefire/surefirebooter-20250223145129980_3.jar"/>
    <property name="sun.management.compiler" value="HotSpot 64-Bit Tiered Compilers"/>
    <property name="java.runtime.version" value="21.0.6+7-Ubuntu-122.04.1"/>
    <property name="user.name" value="carolina"/>
    <property name="stdout.encoding" value="UTF-8"/>
    <property name="path.separator" value=":"/>
    <property name="os.version" value="6.8.0-52-generic"/>
    <property name="java.runtime.name" value="OpenJDK Runtime Environment"/>
    <property name="file.encoding" value="UTF-8"/>
    <property name="java.vm.name" value="OpenJDK 64-Bit Server VM"/>
    <property name="localRepository" value="/home/carolina/.m2/repository"/>
    <property name="java.vendor.url.bug" value="https://bugs.launchpad.net/ubuntu/+source/openjdk-21"/>
    <property name="java.io.tmpdir" value="/tmp"/>
    <property name="java.version" value="21.0.6"/>
    <property name="user.dir" value="/home/carolina/UA/3ANO/2SEMESTRE/TQS/Labs/TQS/Lab2/lab2_2/Products"/>
    <property name="os.arch" value="amd64"/>
    <property name="java.vm.specification.name" value="Java Virtual Machine Specification"/>
    <property name="PID" value="25524"/>
    <property name="CONSOLE_LOG_CHARSET" value="UTF-8"/>
    <property name="native.encoding" value="UTF-8"/>
    <property name="java.library.path" value="/usr/java/packages/lib:/usr/lib/x86_64-linux-gnu/jni:/lib/x86_64-linux-gnu:/usr/lib/x86_64-linux-gnu:/usr/lib/jni:/lib:/usr/lib"/>
    <property name="java.vm.info" value="mixed mode, sharing"/>
    <property name="stderr.encoding" value="UTF-8"/>
    <property name="java.vendor" value="Ubuntu"/>
    <property name="java.vm.version" value="21.0.6+7-Ubuntu-122.04.1"/>
    <property name="sun.io.unicode.encoding" value="UnicodeLittle"/>
    <property name="java.class.version" value="65.0"/>
    <property name="LOGGED_APPLICATION_NAME" value="[Products] "/>
  </properties>
  <testcase name="main" classname="tqs.products.ProductsApplicationTests" time="1.585">
    <system-out><![CDATA[14:51:31.685 [main] INFO org.springframework.test.context.support.AnnotationConfigContextLoaderUtils -- Could not detect default configuration classes for test class [tqs.products.ProductsApplicationTests]: ProductsApplicationTests does not declare any static, non-private, non-final, nested classes annotated with @Configuration.
14:51:31.975 [main] INFO org.springframework.boot.test.context.SpringBootTestContextBootstrapper -- Found @SpringBootConfiguration tqs.products.ProductsApplication for test class tqs.products.ProductsApplicationTests

  .   ____          _            __ _ _
 /\\ / ___'_ __ _ _(_)_ __  __ _ \ \ \ \
( ( )\___ | '_ | '_| | '_ \/ _` | \ \ \ \
 \\/  ___)| |_)| | | | | || (_| |  ) ) ) )
  '  |____| .__|_| |_|_| |_\__, | / / / /
 =========|_|==============|___/=/_/_/_/

 :: Spring Boot ::                (v3.4.3)

2025-02-23T14:51:32.958Z  INFO 25524 --- [Products] [           main] tqs.products.ProductsApplicationTests    : Starting ProductsApplicationTests using Java 21.0.6 with PID 25524 (started by carolina in /home/carolina/UA/3ANO/2SEMESTRE/TQS/Labs/TQS/Lab2/lab2_2/Products)
2025-02-23T14:51:32.961Z  INFO 25524 --- [Products] [           main] tqs.products.ProductsApplicationTests    : No active profile set, falling back to 1 default profile: "default"
2025-02-23T14:51:33.991Z  INFO 25524 --- [Products] [           main] tqs.products.ProductsApplicationTests    : Started ProductsApplicationTests in 1.616 seconds (process running for 3.922)

  .   ____          _            __ _ _
 /\\ / ___'_ __ _ _(_)_ __  __ _ \ \ \ \
( ( )\___ | '_ | '_| | '_ \/ _` | \ \ \ \
 \\/  ___)| |_)| | | | | || (_| |  ) ) ) )
  '  |____| .__|_| |_|_| |_\__, | / / / /
 =========|_|==============|___/=/_/_/_/

 :: Spring Boot ::                (v3.4.3)

2025-02-23T14:51:35.385Z  INFO 25524 --- [Products] [           main] tqs.products.ProductsApplication         : Starting ProductsApplication using Java 21.0.6 with PID 25524 (started by carolina in /home/carolina/UA/3ANO/2SEMESTRE/TQS/Labs/TQS/Lab2/lab2_2/Products)
2025-02-23T14:51:35.386Z  INFO 25524 --- [Products] [           main] tqs.products.ProductsApplication         : No active profile set, falling back to 1 default profile: "default"
2025-02-23T14:51:35.565Z  INFO 25524 --- [Products] [           main] tqs.products.ProductsApplication         : Started ProductsApplication in 0.219 seconds (process running for 5.497)
]]></system-out>
    <system-err><![CDATA[Mockito is currently self-attaching to enable the inline-mock-maker. This will no longer work in future releases of the JDK. Please add Mockito as an agent to your build what is described in Mockito's documentation: https://javadoc.io/doc/org.mockito/mockito-core/latest/org/mockito/Mockito.html#0.3
WARNING: A Java agent has been loaded dynamically (/home/carolina/.m2/repository/net/bytebuddy/byte-buddy-agent/1.15.11/byte-buddy-agent-1.15.11.jar)
WARNING: If a serviceability tool is in use, please run with -XX:+EnableDynamicAgentLoading to hide this warning
WARNING: If a serviceability tool is not in use, please run with -Djdk.instrument.traceUsage for more information
WARNING: Dynamic loading of agents will be disallowed by default in a future release
]]></system-err>
  </testcase>
  <testcase name="contextLoads" classname="tqs.products.ProductsApplicationTests" time="0.004"/>
</testsuite>