<?xml version="1.0" encoding="UTF-8"?>
<testsuite xmlns:xsi="http://www.w3.org/2001/XMLSchema-instance" xsi:noNamespaceSchemaLocation="https://maven.apache.org/surefire/maven-surefire-plugin/xsd/surefire-test-report.xsd" version="3.0.2" name="tqs.carsservice.CarRepositoryTest" time="0.567" tests="4" errors="0" skipped="0" failures="0">
  <properties>
    <property name="java.specification.version" value="21"/>
    <property name="sun.jnu.encoding" value="UTF-8"/>
    <property name="java.class.path" value="/home/carolina/UA/3ANO/2SEMESTRE/TQS/Labs/TQS/Lab6/lab6_5/CarsService/target/test-classes:/home/carolina/UA/3ANO/2SEMESTRE/TQS/Labs/TQS/Lab6/lab6_5/CarsService/target/classes:/home/carolina/.m2/repository/io/rest-assured/spring-mock-mvc/5.5.1/spring-mock-mvc-5.5.1.jar:/home/carolina/.m2/repository/io/rest-assured/spring-commons/5.5.1/spring-commons-5.5.1.jar:/home/carolina/.m2/repository/org/springframework/spring-test/6.2.3/spring-test-6.2.3.jar:/home/carolina/.m2/repository/org/springframework/spring-webmvc/6.2.3/spring-webmvc-6.2.3.jar:/home/carolina/.m2/repository/org/springframework/spring-aop/6.2.3/spring-aop-6.2.3.jar:/home/carolina/.m2/repository/org/springframework/spring-beans/6.2.3/spring-beans-6.2.3.jar:/home/carolina/.m2/repository/org/springframework/spring-context/6.2.3/spring-context-6.2.3.jar:/home/carolina/.m2/repository/org/springframework/spring-expression/6.2.3/spring-expression-6.2.3.jar:/home/carolina/.m2/repository/org/springframework/boot/spring-boot-test-autoconfigure/3.4.3/spring-boot-test-autoconfigure-3.4.3.jar:/home/carolina/.m2/repository/org/springframework/boot/spring-boot/3.4.3/spring-boot-3.4.3.jar:/home/carolina/.m2/repository/org/springframework/boot/spring-boot-test/3.4.3/spring-boot-test-3.4.3.jar:/home/carolina/.m2/repository/org/springframework/boot/spring-boot-autoconfigure/3.4.3/spring-boot-autoconfigure-3.4.3.jar:/home/carolina/.m2/repository/com/h2database/h2/2.3.232/h2-2.3.232.jar:/home/carolina/.m2/repository/org/flywaydb/flyway-core/10.20.1/flyway-core-10.20.1.jar:/home/carolina/.m2/repository/com/fasterxml/jackson/dataformat/jackson-dataformat-toml/2.18.2/jackson-dataformat-toml-2.18.2.jar:/home/carolina/.m2/repository/com/fasterxml/jackson/core/jackson-databind/2.18.2/jackson-databind-2.18.2.jar:/home/carolina/.m2/repository/com/fasterxml/jackson/core/jackson-core/2.18.2/jackson-core-2.18.2.jar:/home/carolina/.m2/repository/com/fasterxml/jackson/datatype/jackson-datatype-jsr310/2.18.2/jackson-datatype-jsr310-2.18.2.jar:/home/carolina/.m2/repository/com/fasterxml/jackson/core/jackson-annotations/2.18.2/jackson-annotations-2.18.2.jar:/home/carolina/.m2/repository/org/flywaydb/flyway-database-postgresql/10.20.1/flyway-database-postgresql-10.20.1.jar:/home/carolina/.m2/repository/org/springframework/boot/spring-boot-devtools/3.4.3/spring-boot-devtools-3.4.3.jar:/home/carolina/.m2/repository/org/postgresql/postgresql/42.7.5/postgresql-42.7.5.jar:/home/carolina/.m2/repository/org/checkerframework/checker-qual/3.48.3/checker-qual-3.48.3.jar:/home/carolina/.m2/repository/org/springframework/boot/spring-boot-testcontainers/3.4.3/spring-boot-testcontainers-3.4.3.jar:/home/carolina/.m2/repository/org/testcontainers/testcontainers/1.20.5/testcontainers-1.20.5.jar:/home/carolina/.m2/repository/junit/junit/4.13.2/junit-4.13.2.jar:/home/carolina/.m2/repository/org/hamcrest/hamcrest-core/2.2/hamcrest-core-2.2.jar:/home/carolina/.m2/repository/org/slf4j/slf4j-api/2.0.16/slf4j-api-2.0.16.jar:/home/carolina/.m2/repository/org/apache/commons/commons-compress/1.24.0/commons-compress-1.24.0.jar:/home/carolina/.m2/repository/org/rnorth/duct-tape/duct-tape/1.0.8/duct-tape-1.0.8.jar:/home/carolina/.m2/repository/org/jetbrains/annotations/17.0.0/annotations-17.0.0.jar:/home/carolina/.m2/repository/com/github/docker-java/docker-java-api/3.4.1/docker-java-api-3.4.1.jar:/home/carolina/.m2/repository/com/github/docker-java/docker-java-transport-zerodep/3.4.1/docker-java-transport-zerodep-3.4.1.jar:/home/carolina/.m2/repository/com/github/docker-java/docker-java-transport/3.4.1/docker-java-transport-3.4.1.jar:/home/carolina/.m2/repository/net/java/dev/jna/jna/5.13.0/jna-5.13.0.jar:/home/carolina/.m2/repository/org/testcontainers/junit-jupiter/1.20.5/junit-jupiter-1.20.5.jar:/home/carolina/.m2/repository/io/rest-assured/rest-assured/5.5.1/rest-assured-5.5.1.jar:/home/carolina/.m2/repository/org/apache/groovy/groovy/4.0.25/groovy-4.0.25.jar:/home/carolina/.m2/repository/org/apache/groovy/groovy-xml/4.0.25/groovy-xml-4.0.25.jar:/home/carolina/.m2/repository/org/apache/httpcomponents/httpclient/4.5.13/httpclient-4.5.13.jar:/home/carolina/.m2/repository/org/apache/httpcomponents/httpcore/4.4.16/httpcore-4.4.16.jar:/home/carolina/.m2/repository/commons-logging/commons-logging/1.2/commons-logging-1.2.jar:/home/carolina/.m2/repository/commons-codec/commons-codec/1.17.2/commons-codec-1.17.2.jar:/home/carolina/.m2/repository/org/apache/httpcomponents/httpmime/4.5.13/httpmime-4.5.13.jar:/home/carolina/.m2/repository/org/hamcrest/hamcrest/2.2/hamcrest-2.2.jar:/home/carolina/.m2/repository/org/ccil/cowan/tagsoup/tagsoup/1.2.1/tagsoup-1.2.1.jar:/home/carolina/.m2/repository/io/rest-assured/json-path/5.5.1/json-path-5.5.1.jar:/home/carolina/.m2/repository/org/apache/groovy/groovy-json/4.0.25/groovy-json-4.0.25.jar:/home/carolina/.m2/repository/io/rest-assured/rest-assured-common/5.5.1/rest-assured-common-5.5.1.jar:/home/carolina/.m2/repository/io/rest-assured/xml-path/5.5.1/xml-path-5.5.1.jar:/home/carolina/.m2/repository/org/apache/commons/commons-lang3/3.17.0/commons-lang3-3.17.0.jar:/home/carolina/.m2/repository/org/testcontainers/postgresql/1.20.5/postgresql-1.20.5.jar:/home/carolina/.m2/repository/org/testcontainers/jdbc/1.20.5/jdbc-1.20.5.jar:/home/carolina/.m2/repository/org/testcontainers/database-commons/1.20.5/database-commons-1.20.5.jar:/home/carolina/.m2/repository/org/springframework/boot/spring-boot-starter-data-jpa/3.4.3/spring-boot-starter-data-jpa-3.4.3.jar:/home/carolina/.m2/repository/org/springframework/boot/spring-boot-starter/3.4.3/spring-boot-starter-3.4.3.jar:/home/carolina/.m2/repository/org/springframework/boot/spring-boot-starter-logging/3.4.3/spring-boot-starter-logging-3.4.3.jar:/home/carolina/.m2/repository/ch/qos/logback/logback-classic/1.5.16/logback-classic-1.5.16.jar:/home/carolina/.m2/repository/ch/qos/logback/logback-core/1.5.16/logback-core-1.5.16.jar:/home/carolina/.m2/repository/org/apache/logging/log4j/log4j-to-slf4j/2.24.3/log4j-to-slf4j-2.24.3.jar:/home/carolina/.m2/repository/org/apache/logging/log4j/log4j-api/2.24.3/log4j-api-2.24.3.jar:/home/carolina/.m2/repository/org/slf4j/jul-to-slf4j/2.0.16/jul-to-slf4j-2.0.16.jar:/home/carolina/.m2/repository/jakarta/annotation/jakarta.annotation-api/2.1.1/jakarta.annotation-api-2.1.1.jar:/home/carolina/.m2/repository/org/yaml/snakeyaml/2.3/snakeyaml-2.3.jar:/home/carolina/.m2/repository/org/springframework/boot/spring-boot-starter-jdbc/3.4.3/spring-boot-starter-jdbc-3.4.3.jar:/home/carolina/.m2/repository/com/zaxxer/HikariCP/5.1.0/HikariCP-5.1.0.jar:/home/carolina/.m2/repository/org/springframework/spring-jdbc/6.2.3/spring-jdbc-6.2.3.jar:/home/carolina/.m2/repository/org/hibernate/orm/hibernate-core/6.6.8.Final/hibernate-core-6.6.8.Final.jar:/home/carolina/.m2/repository/jakarta/persistence/jakarta.persistence-api/3.1.0/jakarta.persistence-api-3.1.0.jar:/home/carolina/.m2/repository/jakarta/transaction/jakarta.transaction-api/2.0.1/jakarta.transaction-api-2.0.1.jar:/home/carolina/.m2/repository/org/jboss/logging/jboss-logging/3.6.1.Final/jboss-logging-3.6.1.Final.jar:/home/carolina/.m2/repository/org/hibernate/common/hibernate-commons-annotations/7.0.3.Final/hibernate-commons-annotations-7.0.3.Final.jar:/home/carolina/.m2/repository/io/smallrye/jandex/3.2.0/jandex-3.2.0.jar:/home/carolina/.m2/repository/com/fasterxml/classmate/1.7.0/classmate-1.7.0.jar:/home/carolina/.m2/repository/org/glassfish/jaxb/jaxb-runtime/4.0.5/jaxb-runtime-4.0.5.jar:/home/carolina/.m2/repository/org/glassfish/jaxb/jaxb-core/4.0.5/jaxb-core-4.0.5.jar:/home/carolina/.m2/repository/org/eclipse/angus/angus-activation/2.0.2/angus-activation-2.0.2.jar:/home/carolina/.m2/repository/org/glassfish/jaxb/txw2/4.0.5/txw2-4.0.5.jar:/home/carolina/.m2/repository/com/sun/istack/istack-commons-runtime/4.1.2/istack-commons-runtime-4.1.2.jar:/home/carolina/.m2/repository/jakarta/inject/jakarta.inject-api/2.0.1/jakarta.inject-api-2.0.1.jar:/home/carolina/.m2/repository/org/antlr/antlr4-runtime/4.13.0/antlr4-runtime-4.13.0.jar:/home/carolina/.m2/repository/org/springframework/data/spring-data-jpa/3.4.3/spring-data-jpa-3.4.3.jar:/home/carolina/.m2/repository/org/springframework/data/spring-data-commons/3.4.3/spring-data-commons-3.4.3.jar:/home/carolina/.m2/repository/org/springframework/spring-orm/6.2.3/spring-orm-6.2.3.jar:/home/carolina/.m2/repository/org/springframework/spring-tx/6.2.3/spring-tx-6.2.3.jar:/home/carolina/.m2/repository/org/springframework/spring-aspects/6.2.3/spring-aspects-6.2.3.jar:/home/carolina/.m2/repository/org/aspectj/aspectjweaver/1.9.22.1/aspectjweaver-1.9.22.1.jar:/home/carolina/.m2/repository/org/springframework/boot/spring-boot-starter-web/3.4.3/spring-boot-starter-web-3.4.3.jar:/home/carolina/.m2/repository/org/springframework/boot/spring-boot-starter-json/3.4.3/spring-boot-starter-json-3.4.3.jar:/home/carolina/.m2/repository/com/fasterxml/jackson/datatype/jackson-datatype-jdk8/2.18.2/jackson-datatype-jdk8-2.18.2.jar:/home/carolina/.m2/repository/com/fasterxml/jackson/module/jackson-module-parameter-names/2.18.2/jackson-module-parameter-names-2.18.2.jar:/home/carolina/.m2/repository/org/springframework/boot/spring-boot-starter-tomcat/3.4.3/spring-boot-starter-tomcat-3.4.3.jar:/home/carolina/.m2/repository/org/apache/tomcat/embed/tomcat-embed-core/10.1.36/tomcat-embed-core-10.1.36.jar:/home/carolina/.m2/repository/org/apache/tomcat/embed/tomcat-embed-el/10.1.36/tomcat-embed-el-10.1.36.jar:/home/carolina/.m2/repository/org/apache/tomcat/embed/tomcat-embed-websocket/10.1.36/tomcat-embed-websocket-10.1.36.jar:/home/carolina/.m2/repository/org/springframework/spring-web/6.2.3/spring-web-6.2.3.jar:/home/carolina/.m2/repository/io/micrometer/micrometer-observation/1.14.4/micrometer-observation-1.14.4.jar:/home/carolina/.m2/repository/io/micrometer/micrometer-commons/1.14.4/micrometer-commons-1.14.4.jar:/home/carolina/.m2/repository/org/springframework/boot/spring-boot-starter-test/3.4.3/spring-boot-starter-test-3.4.3.jar:/home/carolina/.m2/repository/com/jayway/jsonpath/json-path/2.9.0/json-path-2.9.0.jar:/home/carolina/.m2/repository/jakarta/xml/bind/jakarta.xml.bind-api/4.0.2/jakarta.xml.bind-api-4.0.2.jar:/home/carolina/.m2/repository/jakarta/activation/jakarta.activation-api/2.1.3/jakarta.activation-api-2.1.3.jar:/home/carolina/.m2/repository/net/minidev/json-smart/2.5.2/json-smart-2.5.2.jar:/home/carolina/.m2/repository/net/minidev/accessors-smart/2.5.2/accessors-smart-2.5.2.jar:/home/carolina/.m2/repository/org/ow2/asm/asm/9.7.1/asm-9.7.1.jar:/home/carolina/.m2/repository/org/assertj/assertj-core/3.26.3/assertj-core-3.26.3.jar:/home/carolina/.m2/repository/org/awaitility/awaitility/4.2.2/awaitility-4.2.2.jar:/home/carolina/.m2/repository/org/junit/jupiter/junit-jupiter/5.11.4/junit-jupiter-5.11.4.jar:/home/carolina/.m2/repository/org/junit/jupiter/junit-jupiter-api/5.11.4/junit-jupiter-api-5.11.4.jar:/home/carolina/.m2/repository/org/opentest4j/opentest4j/1.3.0/opentest4j-1.3.0.jar:/home/carolina/.m2/repository/org/junit/platform/junit-platform-commons/1.11.4/junit-platform-commons-1.11.4.jar:/home/carolina/.m2/repository/org/apiguardian/apiguardian-api/1.1.2/apiguardian-api-1.1.2.jar:/home/carolina/.m2/repository/org/junit/jupiter/junit-jupiter-params/5.11.4/junit-jupiter-params-5.11.4.jar:/home/carolina/.m2/repository/org/junit/jupiter/junit-jupiter-engine/5.11.4/junit-jupiter-engine-5.11.4.jar:/home/carolina/.m2/repository/org/junit/platform/junit-platform-engine/1.11.4/junit-platform-engine-1.11.4.jar:/home/carolina/.m2/repository/org/mockito/mockito-junit-jupiter/5.14.2/mockito-junit-jupiter-5.14.2.jar:/home/carolina/.m2/repository/org/skyscreamer/jsonassert/1.5.3/jsonassert-1.5.3.jar:/home/carolina/.m2/repository/com/vaadin/external/google/android-json/0.0.20131108.vaadin1/android-json-0.0.20131108.vaadin1.jar:/home/carolina/.m2/repository/org/springframework/spring-core/6.2.3/spring-core-6.2.3.jar:/home/carolina/.m2/repository/org/springframework/spring-jcl/6.2.3/spring-jcl-6.2.3.jar:/home/carolina/.m2/repository/org/xmlunit/xmlunit-core/2.10.0/xmlunit-core-2.10.0.jar:/home/carolina/.m2/repository/org/mockito/mockito-core/5.14.2/mockito-core-5.14.2.jar:/home/carolina/.m2/repository/net/bytebuddy/byte-buddy/1.15.11/byte-buddy-1.15.11.jar:/home/carolina/.m2/repository/net/bytebuddy/byte-buddy-agent/1.15.11/byte-buddy-agent-1.15.11.jar:/home/carolina/.m2/repository/org/objenesis/objenesis/3.3/objenesis-3.3.jar:"/>
    <property name="java.vm.vendor" value="Ubuntu"/>
    <property name="sun.arch.data.model" value="64"/>
    <property name="catalina.useNaming" value="false"/>
    <property name="java.vendor.url" value="https://ubuntu.com/"/>
    <property name="user.timezone" value="Europe/Lisbon"/>
    <property name="org.jboss.logging.provider" value="slf4j"/>
    <property name="os.name" value="Linux"/>
    <property name="java.vm.specification.version" value="21"/>
    <property name="sun.java.launcher" value="SUN_STANDARD"/>
    <property name="user.country" value="BR"/>
    <property name="sun.boot.library.path" value="/usr/lib/jvm/java-21-openjdk-amd64/lib"/>
    <property name="sun.java.command" value="/home/carolina/UA/3ANO/2SEMESTRE/TQS/Labs/TQS/Lab6/lab6_5/CarsService/target/surefire/surefirebooter-20250324204422751_3.jar /home/carolina/UA/3ANO/2SEMESTRE/TQS/Labs/TQS/Lab6/lab6_5/CarsService/target/surefire 2025-03-24T20-44-22_643-jvmRun1 surefire-20250324204422751_1tmp surefire_0-20250324204422751_2tmp"/>
    <property name="jdk.debug" value="release"/>
    <property name="surefire.test.class.path" value="/home/carolina/UA/3ANO/2SEMESTRE/TQS/Labs/TQS/Lab6/lab6_5/CarsService/target/test-classes:/home/carolina/UA/3ANO/2SEMESTRE/TQS/Labs/TQS/Lab6/lab6_5/CarsService/target/classes:/home/carolina/.m2/repository/io/rest-assured/spring-mock-mvc/5.5.1/spring-mock-mvc-5.5.1.jar:/home/carolina/.m2/repository/io/rest-assured/spring-commons/5.5.1/spring-commons-5.5.1.jar:/home/carolina/.m2/repository/org/springframework/spring-test/6.2.3/spring-test-6.2.3.jar:/home/carolina/.m2/repository/org/springframework/spring-webmvc/6.2.3/spring-webmvc-6.2.3.jar:/home/carolina/.m2/repository/org/springframework/spring-aop/6.2.3/spring-aop-6.2.3.jar:/home/carolina/.m2/repository/org/springframework/spring-beans/6.2.3/spring-beans-6.2.3.jar:/home/carolina/.m2/repository/org/springframework/spring-context/6.2.3/spring-context-6.2.3.jar:/home/carolina/.m2/repository/org/springframework/spring-expression/6.2.3/spring-expression-6.2.3.jar:/home/carolina/.m2/repository/org/springframework/boot/spring-boot-test-autoconfigure/3.4.3/spring-boot-test-autoconfigure-3.4.3.jar:/home/carolina/.m2/repository/org/springframework/boot/spring-boot/3.4.3/spring-boot-3.4.3.jar:/home/carolina/.m2/repository/org/springframework/boot/spring-boot-test/3.4.3/spring-boot-test-3.4.3.jar:/home/carolina/.m2/repository/org/springframework/boot/spring-boot-autoconfigure/3.4.3/spring-boot-autoconfigure-3.4.3.jar:/home/carolina/.m2/repository/com/h2database/h2/2.3.232/h2-2.3.232.jar:/home/carolina/.m2/repository/org/flywaydb/flyway-core/10.20.1/flyway-core-10.20.1.jar:/home/carolina/.m2/repository/com/fasterxml/jackson/dataformat/jackson-dataformat-toml/2.18.2/jackson-dataformat-toml-2.18.2.jar:/home/carolina/.m2/repository/com/fasterxml/jackson/core/jackson-databind/2.18.2/jackson-databind-2.18.2.jar:/home/carolina/.m2/repository/com/fasterxml/jackson/core/jackson-core/2.18.2/jackson-core-2.18.2.jar:/home/carolina/.m2/repository/com/fasterxml/jackson/datatype/jackson-datatype-jsr310/2.18.2/jackson-datatype-jsr310-2.18.2.jar:/home/carolina/.m2/repository/com/fasterxml/jackson/core/jackson-annotations/2.18.2/jackson-annotations-2.18.2.jar:/home/carolina/.m2/repository/org/flywaydb/flyway-database-postgresql/10.20.1/flyway-database-postgresql-10.20.1.jar:/home/carolina/.m2/repository/org/springframework/boot/spring-boot-devtools/3.4.3/spring-boot-devtools-3.4.3.jar:/home/carolina/.m2/repository/org/postgresql/postgresql/42.7.5/postgresql-42.7.5.jar:/home/carolina/.m2/repository/org/checkerframework/checker-qual/3.48.3/checker-qual-3.48.3.jar:/home/carolina/.m2/repository/org/springframework/boot/spring-boot-testcontainers/3.4.3/spring-boot-testcontainers-3.4.3.jar:/home/carolina/.m2/repository/org/testcontainers/testcontainers/1.20.5/testcontainers-1.20.5.jar:/home/carolina/.m2/repository/junit/junit/4.13.2/junit-4.13.2.jar:/home/carolina/.m2/repository/org/hamcrest/hamcrest-core/2.2/hamcrest-core-2.2.jar:/home/carolina/.m2/repository/org/slf4j/slf4j-api/2.0.16/slf4j-api-2.0.16.jar:/home/carolina/.m2/repository/org/apache/commons/commons-compress/1.24.0/commons-compress-1.24.0.jar:/home/carolina/.m2/repository/org/rnorth/duct-tape/duct-tape/1.0.8/duct-tape-1.0.8.jar:/home/carolina/.m2/repository/org/jetbrains/annotations/17.0.0/annotations-17.0.0.jar:/home/carolina/.m2/repository/com/github/docker-java/docker-java-api/3.4.1/docker-java-api-3.4.1.jar:/home/carolina/.m2/repository/com/github/docker-java/docker-java-transport-zerodep/3.4.1/docker-java-transport-zerodep-3.4.1.jar:/home/carolina/.m2/repository/com/github/docker-java/docker-java-transport/3.4.1/docker-java-transport-3.4.1.jar:/home/carolina/.m2/repository/net/java/dev/jna/jna/5.13.0/jna-5.13.0.jar:/home/carolina/.m2/repository/org/testcontainers/junit-jupiter/1.20.5/junit-jupiter-1.20.5.jar:/home/carolina/.m2/repository/io/rest-assured/rest-assured/5.5.1/rest-assured-5.5.1.jar:/home/carolina/.m2/repository/org/apache/groovy/groovy/4.0.25/groovy-4.0.25.jar:/home/carolina/.m2/repository/org/apache/groovy/groovy-xml/4.0.25/groovy-xml-4.0.25.jar:/home/carolina/.m2/repository/org/apache/httpcomponents/httpclient/4.5.13/httpclient-4.5.13.jar:/home/carolina/.m2/repository/org/apache/httpcomponents/httpcore/4.4.16/httpcore-4.4.16.jar:/home/carolina/.m2/repository/commons-logging/commons-logging/1.2/commons-logging-1.2.jar:/home/carolina/.m2/repository/commons-codec/commons-codec/1.17.2/commons-codec-1.17.2.jar:/home/carolina/.m2/repository/org/apache/httpcomponents/httpmime/4.5.13/httpmime-4.5.13.jar:/home/carolina/.m2/repository/org/hamcrest/hamcrest/2.2/hamcrest-2.2.jar:/home/carolina/.m2/repository/org/ccil/cowan/tagsoup/tagsoup/1.2.1/tagsoup-1.2.1.jar:/home/carolina/.m2/repository/io/rest-assured/json-path/5.5.1/json-path-5.5.1.jar:/home/carolina/.m2/repository/org/apache/groovy/groovy-json/4.0.25/groovy-json-4.0.25.jar:/home/carolina/.m2/repository/io/rest-assured/rest-assured-common/5.5.1/rest-assured-common-5.5.1.jar:/home/carolina/.m2/repository/io/rest-assured/xml-path/5.5.1/xml-path-5.5.1.jar:/home/carolina/.m2/repository/org/apache/commons/commons-lang3/3.17.0/commons-lang3-3.17.0.jar:/home/carolina/.m2/repository/org/testcontainers/postgresql/1.20.5/postgresql-1.20.5.jar:/home/carolina/.m2/repository/org/testcontainers/jdbc/1.20.5/jdbc-1.20.5.jar:/home/carolina/.m2/repository/org/testcontainers/database-commons/1.20.5/database-commons-1.20.5.jar:/home/carolina/.m2/repository/org/springframework/boot/spring-boot-starter-data-jpa/3.4.3/spring-boot-starter-data-jpa-3.4.3.jar:/home/carolina/.m2/repository/org/springframework/boot/spring-boot-starter/3.4.3/spring-boot-starter-3.4.3.jar:/home/carolina/.m2/repository/org/springframework/boot/spring-boot-starter-logging/3.4.3/spring-boot-starter-logging-3.4.3.jar:/home/carolina/.m2/repository/ch/qos/logback/logback-classic/1.5.16/logback-classic-1.5.16.jar:/home/carolina/.m2/repository/ch/qos/logback/logback-core/1.5.16/logback-core-1.5.16.jar:/home/carolina/.m2/repository/org/apache/logging/log4j/log4j-to-slf4j/2.24.3/log4j-to-slf4j-2.24.3.jar:/home/carolina/.m2/repository/org/apache/logging/log4j/log4j-api/2.24.3/log4j-api-2.24.3.jar:/home/carolina/.m2/repository/org/slf4j/jul-to-slf4j/2.0.16/jul-to-slf4j-2.0.16.jar:/home/carolina/.m2/repository/jakarta/annotation/jakarta.annotation-api/2.1.1/jakarta.annotation-api-2.1.1.jar:/home/carolina/.m2/repository/org/yaml/snakeyaml/2.3/snakeyaml-2.3.jar:/home/carolina/.m2/repository/org/springframework/boot/spring-boot-starter-jdbc/3.4.3/spring-boot-starter-jdbc-3.4.3.jar:/home/carolina/.m2/repository/com/zaxxer/HikariCP/5.1.0/HikariCP-5.1.0.jar:/home/carolina/.m2/repository/org/springframework/spring-jdbc/6.2.3/spring-jdbc-6.2.3.jar:/home/carolina/.m2/repository/org/hibernate/orm/hibernate-core/6.6.8.Final/hibernate-core-6.6.8.Final.jar:/home/carolina/.m2/repository/jakarta/persistence/jakarta.persistence-api/3.1.0/jakarta.persistence-api-3.1.0.jar:/home/carolina/.m2/repository/jakarta/transaction/jakarta.transaction-api/2.0.1/jakarta.transaction-api-2.0.1.jar:/home/carolina/.m2/repository/org/jboss/logging/jboss-logging/3.6.1.Final/jboss-logging-3.6.1.Final.jar:/home/carolina/.m2/repository/org/hibernate/common/hibernate-commons-annotations/7.0.3.Final/hibernate-commons-annotations-7.0.3.Final.jar:/home/carolina/.m2/repository/io/smallrye/jandex/3.2.0/jandex-3.2.0.jar:/home/carolina/.m2/repository/com/fasterxml/classmate/1.7.0/classmate-1.7.0.jar:/home/carolina/.m2/repository/org/glassfish/jaxb/jaxb-runtime/4.0.5/jaxb-runtime-4.0.5.jar:/home/carolina/.m2/repository/org/glassfish/jaxb/jaxb-core/4.0.5/jaxb-core-4.0.5.jar:/home/carolina/.m2/repository/org/eclipse/angus/angus-activation/2.0.2/angus-activation-2.0.2.jar:/home/carolina/.m2/repository/org/glassfish/jaxb/txw2/4.0.5/txw2-4.0.5.jar:/home/carolina/.m2/repository/com/sun/istack/istack-commons-runtime/4.1.2/istack-commons-runtime-4.1.2.jar:/home/carolina/.m2/repository/jakarta/inject/jakarta.inject-api/2.0.1/jakarta.inject-api-2.0.1.jar:/home/carolina/.m2/repository/org/antlr/antlr4-runtime/4.13.0/antlr4-runtime-4.13.0.jar:/home/carolina/.m2/repository/org/springframework/data/spring-data-jpa/3.4.3/spring-data-jpa-3.4.3.jar:/home/carolina/.m2/repository/org/springframework/data/spring-data-commons/3.4.3/spring-data-commons-3.4.3.jar:/home/carolina/.m2/repository/org/springframework/spring-orm/6.2.3/spring-orm-6.2.3.jar:/home/carolina/.m2/repository/org/springframework/spring-tx/6.2.3/spring-tx-6.2.3.jar:/home/carolina/.m2/repository/org/springframework/spring-aspects/6.2.3/spring-aspects-6.2.3.jar:/home/carolina/.m2/repository/org/aspectj/aspectjweaver/1.9.22.1/aspectjweaver-1.9.22.1.jar:/home/carolina/.m2/repository/org/springframework/boot/spring-boot-starter-web/3.4.3/spring-boot-starter-web-3.4.3.jar:/home/carolina/.m2/repository/org/springframework/boot/spring-boot-starter-json/3.4.3/spring-boot-starter-json-3.4.3.jar:/home/carolina/.m2/repository/com/fasterxml/jackson/datatype/jackson-datatype-jdk8/2.18.2/jackson-datatype-jdk8-2.18.2.jar:/home/carolina/.m2/repository/com/fasterxml/jackson/module/jackson-module-parameter-names/2.18.2/jackson-module-parameter-names-2.18.2.jar:/home/carolina/.m2/repository/org/springframework/boot/spring-boot-starter-tomcat/3.4.3/spring-boot-starter-tomcat-3.4.3.jar:/home/carolina/.m2/repository/org/apache/tomcat/embed/tomcat-embed-core/10.1.36/tomcat-embed-core-10.1.36.jar:/home/carolina/.m2/repository/org/apache/tomcat/embed/tomcat-embed-el/10.1.36/tomcat-embed-el-10.1.36.jar:/home/carolina/.m2/repository/org/apache/tomcat/embed/tomcat-embed-websocket/10.1.36/tomcat-embed-websocket-10.1.36.jar:/home/carolina/.m2/repository/org/springframework/spring-web/6.2.3/spring-web-6.2.3.jar:/home/carolina/.m2/repository/io/micrometer/micrometer-observation/1.14.4/micrometer-observation-1.14.4.jar:/home/carolina/.m2/repository/io/micrometer/micrometer-commons/1.14.4/micrometer-commons-1.14.4.jar:/home/carolina/.m2/repository/org/springframework/boot/spring-boot-starter-test/3.4.3/spring-boot-starter-test-3.4.3.jar:/home/carolina/.m2/repository/com/jayway/jsonpath/json-path/2.9.0/json-path-2.9.0.jar:/home/carolina/.m2/repository/jakarta/xml/bind/jakarta.xml.bind-api/4.0.2/jakarta.xml.bind-api-4.0.2.jar:/home/carolina/.m2/repository/jakarta/activation/jakarta.activation-api/2.1.3/jakarta.activation-api-2.1.3.jar:/home/carolina/.m2/repository/net/minidev/json-smart/2.5.2/json-smart-2.5.2.jar:/home/carolina/.m2/repository/net/minidev/accessors-smart/2.5.2/accessors-smart-2.5.2.jar:/home/carolina/.m2/repository/org/ow2/asm/asm/9.7.1/asm-9.7.1.jar:/home/carolina/.m2/repository/org/assertj/assertj-core/3.26.3/assertj-core-3.26.3.jar:/home/carolina/.m2/repository/org/awaitility/awaitility/4.2.2/awaitility-4.2.2.jar:/home/carolina/.m2/repository/org/junit/jupiter/junit-jupiter/5.11.4/junit-jupiter-5.11.4.jar:/home/carolina/.m2/repository/org/junit/jupiter/junit-jupiter-api/5.11.4/junit-jupiter-api-5.11.4.jar:/home/carolina/.m2/repository/org/opentest4j/opentest4j/1.3.0/opentest4j-1.3.0.jar:/home/carolina/.m2/repository/org/junit/platform/junit-platform-commons/1.11.4/junit-platform-commons-1.11.4.jar:/home/carolina/.m2/repository/org/apiguardian/apiguardian-api/1.1.2/apiguardian-api-1.1.2.jar:/home/carolina/.m2/repository/org/junit/jupiter/junit-jupiter-params/5.11.4/junit-jupiter-params-5.11.4.jar:/home/carolina/.m2/repository/org/junit/jupiter/junit-jupiter-engine/5.11.4/junit-jupiter-engine-5.11.4.jar:/home/carolina/.m2/repository/org/junit/platform/junit-platform-engine/1.11.4/junit-platform-engine-1.11.4.jar:/home/carolina/.m2/repository/org/mockito/mockito-junit-jupiter/5.14.2/mockito-junit-jupiter-5.14.2.jar:/home/carolina/.m2/repository/org/skyscreamer/jsonassert/1.5.3/jsonassert-1.5.3.jar:/home/carolina/.m2/repository/com/vaadin/external/google/android-json/0.0.20131108.vaadin1/android-json-0.0.20131108.vaadin1.jar:/home/carolina/.m2/repository/org/springframework/spring-core/6.2.3/spring-core-6.2.3.jar:/home/carolina/.m2/repository/org/springframework/spring-jcl/6.2.3/spring-jcl-6.2.3.jar:/home/carolina/.m2/repository/org/xmlunit/xmlunit-core/2.10.0/xmlunit-core-2.10.0.jar:/home/carolina/.m2/repository/org/mockito/mockito-core/5.14.2/mockito-core-5.14.2.jar:/home/carolina/.m2/repository/net/bytebuddy/byte-buddy/1.15.11/byte-buddy-1.15.11.jar:/home/carolina/.m2/repository/net/bytebuddy/byte-buddy-agent/1.15.11/byte-buddy-agent-1.15.11.jar:/home/carolina/.m2/repository/org/objenesis/objenesis/3.3/objenesis-3.3.jar:"/>
    <property name="sun.cpu.endian" value="little"/>
    <property name="user.home" value="/home/carolina"/>
    <property name="user.language" value="pt"/>
    <property name="java.specification.vendor" value="Oracle Corporation"/>
    <property name="java.version.date" value="2025-01-21"/>
    <property name="java.home" value="/usr/lib/jvm/java-21-openjdk-amd64"/>
    <property name="file.separator" value="/"/>
    <property name="basedir" value="/home/carolina/UA/3ANO/2SEMESTRE/TQS/Labs/TQS/Lab6/lab6_5/CarsService"/>
    <property name="java.vm.compressedOopsMode" value="Zero based"/>
    <property name="line.separator" value="&#10;"/>
    <property name="java.vm.specification.vendor" value="Oracle Corporation"/>
    <property name="java.specification.name" value="Java Platform API Specification"/>
    <property name="FILE_LOG_CHARSET" value="UTF-8"/>
    <property name="java.awt.headless" value="true"/>
    <property name="surefire.real.class.path" value="/home/carolina/UA/3ANO/2SEMESTRE/TQS/Labs/TQS/Lab6/lab6_5/CarsService/target/surefire/surefirebooter-20250324204422751_3.jar"/>
    <property name="polyglot.engine.WarnInterpreterOnly" value="false"/>
    <property name="sun.management.compiler" value="HotSpot 64-Bit Tiered Compilers"/>
    <property name="java.runtime.version" value="21.0.6+7-Ubuntu-122.04.1"/>
    <property name="user.name" value="carolina"/>
    <property name="stdout.encoding" value="UTF-8"/>
    <property name="path.separator" value=":"/>
    <property name="os.version" value="6.8.0-52-generic"/>
    <property name="java.runtime.name" value="OpenJDK Runtime Environment"/>
    <property name="file.encoding" value="UTF-8"/>
    <property name="jnidispatch.path" value="/home/carolina/.cache/JNA/temp/jna4396807170818955378.tmp"/>
    <property name="java.vm.name" value="OpenJDK 64-Bit Server VM"/>
    <property name="jna.platform.library.path" value="/usr/lib/x86_64-linux-gnu:/lib/x86_64-linux-gnu:/usr/lib64:/lib64:/usr/lib:/lib:/lib32:/usr/lib/x86_64-linux-gnu/libfakeroot"/>
    <property name="localRepository" value="/home/carolina/.m2/repository"/>
    <property name="jna.loaded" value="true"/>
    <property name="java.vendor.url.bug" value="https://bugs.launchpad.net/ubuntu/+source/openjdk-21"/>
    <property name="java.io.tmpdir" value="/tmp"/>
    <property name="catalina.home" value="/tmp/tomcat.0.15222352012783819007"/>
    <property name="com.zaxxer.hikari.pool_number" value="3"/>
    <property name="java.version" value="21.0.6"/>
    <property name="user.dir" value="/home/carolina/UA/3ANO/2SEMESTRE/TQS/Labs/TQS/Lab6/lab6_5/CarsService"/>
    <property name="os.arch" value="amd64"/>
    <property name="java.vm.specification.name" value="Java Virtual Machine Specification"/>
    <property name="PID" value="7191"/>
    <property name="CONSOLE_LOG_CHARSET" value="UTF-8"/>
    <property name="catalina.base" value="/tmp/tomcat.0.10922896086375273170"/>
    <property name="native.encoding" value="UTF-8"/>
    <property name="java.library.path" value="/usr/java/packages/lib:/usr/lib/x86_64-linux-gnu/jni:/lib/x86_64-linux-gnu:/usr/lib/x86_64-linux-gnu:/usr/lib/jni:/lib:/usr/lib"/>
    <property name="java.vm.info" value="mixed mode, sharing"/>
    <property name="stderr.encoding" value="UTF-8"/>
    <property name="java.vendor" value="Ubuntu"/>
    <property name="java.vm.version" value="21.0.6+7-Ubuntu-122.04.1"/>
    <property name="sun.io.unicode.encoding" value="UnicodeLittle"/>
    <property name="java.class.version" value="65.0"/>
  </properties>
  <testcase name="shouldSaveMultipleCars" classname="tqs.carsservice.CarRepositoryTest" time="0.026">
    <system-out><![CDATA[2025-03-24T20:44:45.175Z  INFO 7191 --- [           main] t.c.s.AnnotationConfigContextLoaderUtils : Could not detect default configuration classes for test class [tqs.carsservice.CarRepositoryTest]: CarRepositoryTest does not declare any static, non-private, non-final, nested classes annotated with @Configuration.
2025-03-24T20:44:45.203Z  INFO 7191 --- [           main] .b.t.c.SpringBootTestContextBootstrapper : Found @SpringBootConfiguration tqs.carsservice.CarsServiceApplication for test class tqs.carsservice.CarRepositoryTest
2025-03-24T20:44:45.208Z  INFO 7191 --- [           main] o.s.b.d.r.RestartApplicationListener     : Restart disabled due to context in which it is running

  .   ____          _            __ _ _
 /\\ / ___'_ __ _ _(_)_ __  __ _ \ \ \ \
( ( )\___ | '_ | '_| | '_ \/ _` | \ \ \ \
 \\/  ___)| |_)| | | | | || (_| |  ) ) ) )
  '  |____| .__|_| |_|_| |_\__, | / / / /
 =========|_|==============|___/=/_/_/_/

 :: Spring Boot ::                (v3.4.3)

2025-03-24T20:44:45.254Z  INFO 7191 --- [           main] tqs.carsservice.CarRepositoryTest        : Starting CarRepositoryTest using Java 21.0.6 with PID 7191 (started by carolina in /home/carolina/UA/3ANO/2SEMESTRE/TQS/Labs/TQS/Lab6/lab6_5/CarsService)
2025-03-24T20:44:45.254Z  INFO 7191 --- [           main] tqs.carsservice.CarRepositoryTest        : No active profile set, falling back to 1 default profile: "default"
2025-03-24T20:44:45.368Z  INFO 7191 --- [           main] .s.d.r.c.RepositoryConfigurationDelegate : Bootstrapping Spring Data JPA repositories in DEFAULT mode.
2025-03-24T20:44:45.379Z  INFO 7191 --- [           main] .s.d.r.c.RepositoryConfigurationDelegate : Finished Spring Data repository scanning in 9 ms. Found 1 JPA repository interface.
2025-03-24T20:44:45.411Z  INFO 7191 --- [           main] beddedDataSourceBeanFactoryPostProcessor : Replacing 'dataSource' DataSource bean with embedded version
2025-03-24T20:44:45.465Z  INFO 7191 --- [           main] o.s.j.d.e.EmbeddedDatabaseFactory        : Starting embedded database: url='jdbc:h2:mem:49080c6c-85b1-4e33-bbd4-2d5bbc2060b6;DB_CLOSE_DELAY=-1;DB_CLOSE_ON_EXIT=false', username='sa'
2025-03-24T20:44:45.490Z  INFO 7191 --- [           main] org.flywaydb.core.FlywayExecutor         : Database: jdbc:h2:mem:49080c6c-85b1-4e33-bbd4-2d5bbc2060b6 (H2 2.3)
2025-03-24T20:44:45.492Z  WARN 7191 --- [           main] o.f.c.internal.database.base.Database    : Flyway upgrade recommended: H2 2.3.232 is newer than this version of Flyway and support has not been tested. The latest supported version of H2 is 2.2.224.
2025-03-24T20:44:45.496Z  INFO 7191 --- [           main] o.f.c.i.s.JdbcTableSchemaHistory         : Schema history table "PUBLIC"."flyway_schema_history" does not exist yet
2025-03-24T20:44:45.497Z  INFO 7191 --- [           main] o.f.core.internal.command.DbValidate     : Successfully validated 1 migration (execution time 00:00.003s)
2025-03-24T20:44:45.498Z  INFO 7191 --- [           main] o.f.c.i.s.JdbcTableSchemaHistory         : Creating Schema History table "PUBLIC"."flyway_schema_history" ...
2025-03-24T20:44:45.506Z  INFO 7191 --- [           main] o.f.core.internal.command.DbMigrate      : Current version of schema "PUBLIC": << Empty Schema >>
2025-03-24T20:44:45.508Z  INFO 7191 --- [           main] o.f.core.internal.command.DbMigrate      : Migrating schema "PUBLIC" to version "1 - init"
2025-03-24T20:44:45.513Z  INFO 7191 --- [           main] o.f.core.internal.command.DbMigrate      : Successfully applied 1 migration to schema "PUBLIC", now at version v1 (execution time 00:00.002s)
2025-03-24T20:44:45.538Z  INFO 7191 --- [           main] o.hibernate.jpa.internal.util.LogHelper  : HHH000204: Processing PersistenceUnitInfo [name: default]
2025-03-24T20:44:45.540Z  INFO 7191 --- [           main] o.h.c.internal.RegionFactoryInitiator    : HHH000026: Second-level cache disabled
2025-03-24T20:44:45.553Z  INFO 7191 --- [           main] o.s.o.j.p.SpringPersistenceUnitInfo      : No LoadTimeWeaver setup: ignoring JPA class transformer
2025-03-24T20:44:45.555Z  INFO 7191 --- [           main] org.hibernate.orm.connections.pooling    : HHH10001005: Database info:
	Database JDBC URL [Connecting through datasource 'org.springframework.jdbc.datasource.embedded.EmbeddedDatabaseFactory$EmbeddedDataSourceProxy@63157033']
	Database driver: undefined/unknown
	Database version: 2.3.232
	Autocommit mode: undefined/unknown
	Isolation level: undefined/unknown
	Minimum pool size: undefined/unknown
	Maximum pool size: undefined/unknown
2025-03-24T20:44:45.605Z  INFO 7191 --- [           main] o.h.e.t.j.p.i.JtaPlatformInitiator       : HHH000489: No JTA platform available (set 'hibernate.transaction.jta.platform' to enable JTA platform integration)
Hibernate: drop table if exists cars cascade 
Hibernate: create table cars (car_id bigint generated by default as identity, engine_type varchar(255), maker varchar(255), model varchar(255), segment varchar(255), primary key (car_id))
2025-03-24T20:44:45.610Z  INFO 7191 --- [           main] j.LocalContainerEntityManagerFactoryBean : Initialized JPA EntityManagerFactory for persistence unit 'default'
2025-03-24T20:44:45.677Z  INFO 7191 --- [           main] tqs.carsservice.CarRepositoryTest        : Started CarRepositoryTest in 0.469 seconds (process running for 22.838)
Hibernate: insert into cars (engine_type,maker,model,segment,car_id) values (?,?,?,?,default)
Hibernate: insert into cars (engine_type,maker,model,segment,car_id) values (?,?,?,?,default)
Hibernate: select c1_0.car_id,c1_0.engine_type,c1_0.maker,c1_0.model,c1_0.segment from cars c1_0
]]></system-out>
  </testcase>
  <testcase name="shouldSaveAndRetrieveCar" classname="tqs.carsservice.CarRepositoryTest" time="0.009">
    <system-out><![CDATA[Hibernate: insert into cars (engine_type,maker,model,segment,car_id) values (?,?,?,?,default)
Hibernate: select c1_0.car_id,c1_0.engine_type,c1_0.maker,c1_0.model,c1_0.segment from cars c1_0
]]></system-out>
  </testcase>
  <testcase name="shouldReturnEmptyForNonExistingCar" classname="tqs.carsservice.CarRepositoryTest" time="0.009">
    <system-out><![CDATA[Hibernate: select c1_0.car_id,c1_0.engine_type,c1_0.maker,c1_0.model,c1_0.segment from cars c1_0 where c1_0.car_id=?
]]></system-out>
  </testcase>
  <testcase name="shouldFindCarById" classname="tqs.carsservice.CarRepositoryTest" time="0.009">
    <system-out><![CDATA[Hibernate: insert into cars (engine_type,maker,model,segment,car_id) values (?,?,?,?,default)
]]></system-out>
  </testcase>
</testsuite>