<?xml version="1.0" encoding="UTF-8"?>
<testsuite xmlns:xsi="http://www.w3.org/2001/XMLSchema-instance" xsi:noNamespaceSchemaLocation="https://maven.apache.org/surefire/maven-failsafe-plugin/xsd/failsafe-test-report-3.0.xsd" version="3.0" name="tqs.hw1.controller.integration.mock.WeatherControllerMockIT" time="5.602" tests="4" errors="1" skipped="0" failures="1">
  <properties>
    <property name="java.specification.version" value="21"/>
    <property name="sun.jnu.encoding" value="UTF-8"/>
    <property name="java.class.path" value="/home/carolina/UA/3ANO/2SEMESTRE/TQS/Labs/TQS/HW1/backend/target/test-classes:/home/carolina/UA/3ANO/2SEMESTRE/TQS/Labs/TQS/HW1/backend/target/classes:/home/carolina/.m2/repository/org/jsoup/jsoup/1.18.1/jsoup-1.18.1.jar:/home/carolina/.m2/repository/io/rest-assured/spring-mock-mvc/5.5.1/spring-mock-mvc-5.5.1.jar:/home/carolina/.m2/repository/io/rest-assured/spring-commons/5.5.1/spring-commons-5.5.1.jar:/home/carolina/.m2/repository/org/springframework/spring-test/6.2.3/spring-test-6.2.3.jar:/home/carolina/.m2/repository/org/springframework/spring-webmvc/6.2.3/spring-webmvc-6.2.3.jar:/home/carolina/.m2/repository/org/springframework/spring-aop/6.2.3/spring-aop-6.2.3.jar:/home/carolina/.m2/repository/org/springframework/spring-beans/6.2.3/spring-beans-6.2.3.jar:/home/carolina/.m2/repository/org/springframework/spring-context/6.2.3/spring-context-6.2.3.jar:/home/carolina/.m2/repository/org/springframework/spring-expression/6.2.3/spring-expression-6.2.3.jar:/home/carolina/.m2/repository/org/springframework/boot/spring-boot-test-autoconfigure/3.4.3/spring-boot-test-autoconfigure-3.4.3.jar:/home/carolina/.m2/repository/org/springframework/boot/spring-boot/3.4.3/spring-boot-3.4.3.jar:/home/carolina/.m2/repository/org/springframework/boot/spring-boot-test/3.4.3/spring-boot-test-3.4.3.jar:/home/carolina/.m2/repository/org/springframework/boot/spring-boot-autoconfigure/3.4.3/spring-boot-autoconfigure-3.4.3.jar:/home/carolina/.m2/repository/org/springframework/boot/spring-boot-starter-data-jpa/3.4.3/spring-boot-starter-data-jpa-3.4.3.jar:/home/carolina/.m2/repository/org/springframework/boot/spring-boot-starter/3.4.3/spring-boot-starter-3.4.3.jar:/home/carolina/.m2/repository/org/springframework/boot/spring-boot-starter-logging/3.4.3/spring-boot-starter-logging-3.4.3.jar:/home/carolina/.m2/repository/ch/qos/logback/logback-classic/1.5.16/logback-classic-1.5.16.jar:/home/carolina/.m2/repository/ch/qos/logback/logback-core/1.5.16/logback-core-1.5.16.jar:/home/carolina/.m2/repository/org/apache/logging/log4j/log4j-to-slf4j/2.24.3/log4j-to-slf4j-2.24.3.jar:/home/carolina/.m2/repository/org/apache/logging/log4j/log4j-api/2.24.3/log4j-api-2.24.3.jar:/home/carolina/.m2/repository/org/slf4j/jul-to-slf4j/2.0.16/jul-to-slf4j-2.0.16.jar:/home/carolina/.m2/repository/jakarta/annotation/jakarta.annotation-api/2.1.1/jakarta.annotation-api-2.1.1.jar:/home/carolina/.m2/repository/org/yaml/snakeyaml/2.3/snakeyaml-2.3.jar:/home/carolina/.m2/repository/org/springframework/boot/spring-boot-starter-jdbc/3.4.3/spring-boot-starter-jdbc-3.4.3.jar:/home/carolina/.m2/repository/com/zaxxer/HikariCP/5.1.0/HikariCP-5.1.0.jar:/home/carolina/.m2/repository/org/springframework/spring-jdbc/6.2.3/spring-jdbc-6.2.3.jar:/home/carolina/.m2/repository/org/hibernate/orm/hibernate-core/6.6.8.Final/hibernate-core-6.6.8.Final.jar:/home/carolina/.m2/repository/jakarta/persistence/jakarta.persistence-api/3.1.0/jakarta.persistence-api-3.1.0.jar:/home/carolina/.m2/repository/jakarta/transaction/jakarta.transaction-api/2.0.1/jakarta.transaction-api-2.0.1.jar:/home/carolina/.m2/repository/org/jboss/logging/jboss-logging/3.6.1.Final/jboss-logging-3.6.1.Final.jar:/home/carolina/.m2/repository/org/hibernate/common/hibernate-commons-annotations/7.0.3.Final/hibernate-commons-annotations-7.0.3.Final.jar:/home/carolina/.m2/repository/io/smallrye/jandex/3.2.0/jandex-3.2.0.jar:/home/carolina/.m2/repository/com/fasterxml/classmate/1.7.0/classmate-1.7.0.jar:/home/carolina/.m2/repository/org/glassfish/jaxb/jaxb-runtime/4.0.5/jaxb-runtime-4.0.5.jar:/home/carolina/.m2/repository/org/glassfish/jaxb/jaxb-core/4.0.5/jaxb-core-4.0.5.jar:/home/carolina/.m2/repository/org/eclipse/angus/angus-activation/2.0.2/angus-activation-2.0.2.jar:/home/carolina/.m2/repository/org/glassfish/jaxb/txw2/4.0.5/txw2-4.0.5.jar:/home/carolina/.m2/repository/com/sun/istack/istack-commons-runtime/4.1.2/istack-commons-runtime-4.1.2.jar:/home/carolina/.m2/repository/jakarta/inject/jakarta.inject-api/2.0.1/jakarta.inject-api-2.0.1.jar:/home/carolina/.m2/repository/org/antlr/antlr4-runtime/4.13.0/antlr4-runtime-4.13.0.jar:/home/carolina/.m2/repository/org/springframework/data/spring-data-jpa/3.4.3/spring-data-jpa-3.4.3.jar:/home/carolina/.m2/repository/org/springframework/data/spring-data-commons/3.4.3/spring-data-commons-3.4.3.jar:/home/carolina/.m2/repository/org/springframework/spring-orm/6.2.3/spring-orm-6.2.3.jar:/home/carolina/.m2/repository/org/springframework/spring-tx/6.2.3/spring-tx-6.2.3.jar:/home/carolina/.m2/repository/org/slf4j/slf4j-api/2.0.16/slf4j-api-2.0.16.jar:/home/carolina/.m2/repository/org/springframework/spring-aspects/6.2.3/spring-aspects-6.2.3.jar:/home/carolina/.m2/repository/org/aspectj/aspectjweaver/1.9.22.1/aspectjweaver-1.9.22.1.jar:/home/carolina/.m2/repository/com/h2database/h2/2.3.232/h2-2.3.232.jar:/home/carolina/.m2/repository/org/flywaydb/flyway-core/10.20.1/flyway-core-10.20.1.jar:/home/carolina/.m2/repository/com/fasterxml/jackson/dataformat/jackson-dataformat-toml/2.18.2/jackson-dataformat-toml-2.18.2.jar:/home/carolina/.m2/repository/com/fasterxml/jackson/core/jackson-databind/2.18.2/jackson-databind-2.18.2.jar:/home/carolina/.m2/repository/com/fasterxml/jackson/core/jackson-core/2.18.2/jackson-core-2.18.2.jar:/home/carolina/.m2/repository/com/fasterxml/jackson/datatype/jackson-datatype-jsr310/2.18.2/jackson-datatype-jsr310-2.18.2.jar:/home/carolina/.m2/repository/com/fasterxml/jackson/core/jackson-annotations/2.18.2/jackson-annotations-2.18.2.jar:/home/carolina/.m2/repository/org/flywaydb/flyway-database-postgresql/10.20.1/flyway-database-postgresql-10.20.1.jar:/home/carolina/.m2/repository/org/springframework/boot/spring-boot-devtools/3.4.3/spring-boot-devtools-3.4.3.jar:/home/carolina/.m2/repository/org/postgresql/postgresql/42.7.5/postgresql-42.7.5.jar:/home/carolina/.m2/repository/org/checkerframework/checker-qual/3.48.3/checker-qual-3.48.3.jar:/home/carolina/.m2/repository/org/springframework/boot/spring-boot-testcontainers/3.4.3/spring-boot-testcontainers-3.4.3.jar:/home/carolina/.m2/repository/org/testcontainers/testcontainers/1.20.5/testcontainers-1.20.5.jar:/home/carolina/.m2/repository/junit/junit/4.13.2/junit-4.13.2.jar:/home/carolina/.m2/repository/org/hamcrest/hamcrest-core/2.2/hamcrest-core-2.2.jar:/home/carolina/.m2/repository/org/apache/commons/commons-compress/1.24.0/commons-compress-1.24.0.jar:/home/carolina/.m2/repository/org/rnorth/duct-tape/duct-tape/1.0.8/duct-tape-1.0.8.jar:/home/carolina/.m2/repository/org/jetbrains/annotations/17.0.0/annotations-17.0.0.jar:/home/carolina/.m2/repository/com/github/docker-java/docker-java-api/3.4.1/docker-java-api-3.4.1.jar:/home/carolina/.m2/repository/com/github/docker-java/docker-java-transport-zerodep/3.4.1/docker-java-transport-zerodep-3.4.1.jar:/home/carolina/.m2/repository/com/github/docker-java/docker-java-transport/3.4.1/docker-java-transport-3.4.1.jar:/home/carolina/.m2/repository/net/java/dev/jna/jna/5.13.0/jna-5.13.0.jar:/home/carolina/.m2/repository/org/testcontainers/junit-jupiter/1.20.5/junit-jupiter-1.20.5.jar:/home/carolina/.m2/repository/io/rest-assured/rest-assured/5.5.1/rest-assured-5.5.1.jar:/home/carolina/.m2/repository/org/apache/groovy/groovy/4.0.25/groovy-4.0.25.jar:/home/carolina/.m2/repository/org/apache/groovy/groovy-xml/4.0.25/groovy-xml-4.0.25.jar:/home/carolina/.m2/repository/org/apache/httpcomponents/httpclient/4.5.13/httpclient-4.5.13.jar:/home/carolina/.m2/repository/org/apache/httpcomponents/httpcore/4.4.16/httpcore-4.4.16.jar:/home/carolina/.m2/repository/commons-logging/commons-logging/1.2/commons-logging-1.2.jar:/home/carolina/.m2/repository/commons-codec/commons-codec/1.17.2/commons-codec-1.17.2.jar:/home/carolina/.m2/repository/org/apache/httpcomponents/httpmime/4.5.13/httpmime-4.5.13.jar:/home/carolina/.m2/repository/org/hamcrest/hamcrest/2.2/hamcrest-2.2.jar:/home/carolina/.m2/repository/org/ccil/cowan/tagsoup/tagsoup/1.2.1/tagsoup-1.2.1.jar:/home/carolina/.m2/repository/io/rest-assured/json-path/5.5.1/json-path-5.5.1.jar:/home/carolina/.m2/repository/org/apache/groovy/groovy-json/4.0.25/groovy-json-4.0.25.jar:/home/carolina/.m2/repository/io/rest-assured/rest-assured-common/5.5.1/rest-assured-common-5.5.1.jar:/home/carolina/.m2/repository/io/rest-assured/xml-path/5.5.1/xml-path-5.5.1.jar:/home/carolina/.m2/repository/org/apache/commons/commons-lang3/3.17.0/commons-lang3-3.17.0.jar:/home/carolina/.m2/repository/org/testcontainers/postgresql/1.20.5/postgresql-1.20.5.jar:/home/carolina/.m2/repository/org/testcontainers/jdbc/1.20.5/jdbc-1.20.5.jar:/home/carolina/.m2/repository/org/testcontainers/database-commons/1.20.5/database-commons-1.20.5.jar:/home/carolina/.m2/repository/org/springframework/boot/spring-boot-starter-web/3.4.3/spring-boot-starter-web-3.4.3.jar:/home/carolina/.m2/repository/org/springframework/boot/spring-boot-starter-json/3.4.3/spring-boot-starter-json-3.4.3.jar:/home/carolina/.m2/repository/com/fasterxml/jackson/datatype/jackson-datatype-jdk8/2.18.2/jackson-datatype-jdk8-2.18.2.jar:/home/carolina/.m2/repository/com/fasterxml/jackson/module/jackson-module-parameter-names/2.18.2/jackson-module-parameter-names-2.18.2.jar:/home/carolina/.m2/repository/org/springframework/boot/spring-boot-starter-tomcat/3.4.3/spring-boot-starter-tomcat-3.4.3.jar:/home/carolina/.m2/repository/org/apache/tomcat/embed/tomcat-embed-core/10.1.36/tomcat-embed-core-10.1.36.jar:/home/carolina/.m2/repository/org/apache/tomcat/embed/tomcat-embed-el/10.1.36/tomcat-embed-el-10.1.36.jar:/home/carolina/.m2/repository/org/apache/tomcat/embed/tomcat-embed-websocket/10.1.36/tomcat-embed-websocket-10.1.36.jar:/home/carolina/.m2/repository/org/springframework/spring-web/6.2.3/spring-web-6.2.3.jar:/home/carolina/.m2/repository/io/micrometer/micrometer-observation/1.14.4/micrometer-observation-1.14.4.jar:/home/carolina/.m2/repository/io/micrometer/micrometer-commons/1.14.4/micrometer-commons-1.14.4.jar:/home/carolina/.m2/repository/org/springframework/boot/spring-boot-starter-test/3.4.3/spring-boot-starter-test-3.4.3.jar:/home/carolina/.m2/repository/com/jayway/jsonpath/json-path/2.9.0/json-path-2.9.0.jar:/home/carolina/.m2/repository/jakarta/xml/bind/jakarta.xml.bind-api/4.0.2/jakarta.xml.bind-api-4.0.2.jar:/home/carolina/.m2/repository/jakarta/activation/jakarta.activation-api/2.1.3/jakarta.activation-api-2.1.3.jar:/home/carolina/.m2/repository/net/minidev/json-smart/2.5.2/json-smart-2.5.2.jar:/home/carolina/.m2/repository/net/minidev/accessors-smart/2.5.2/accessors-smart-2.5.2.jar:/home/carolina/.m2/repository/org/ow2/asm/asm/9.7.1/asm-9.7.1.jar:/home/carolina/.m2/repository/org/assertj/assertj-core/3.26.3/assertj-core-3.26.3.jar:/home/carolina/.m2/repository/org/awaitility/awaitility/4.2.2/awaitility-4.2.2.jar:/home/carolina/.m2/repository/org/junit/jupiter/junit-jupiter/5.11.4/junit-jupiter-5.11.4.jar:/home/carolina/.m2/repository/org/junit/jupiter/junit-jupiter-api/5.11.4/junit-jupiter-api-5.11.4.jar:/home/carolina/.m2/repository/org/opentest4j/opentest4j/1.3.0/opentest4j-1.3.0.jar:/home/carolina/.m2/repository/org/junit/platform/junit-platform-commons/1.11.4/junit-platform-commons-1.11.4.jar:/home/carolina/.m2/repository/org/apiguardian/apiguardian-api/1.1.2/apiguardian-api-1.1.2.jar:/home/carolina/.m2/repository/org/junit/jupiter/junit-jupiter-params/5.11.4/junit-jupiter-params-5.11.4.jar:/home/carolina/.m2/repository/org/junit/jupiter/junit-jupiter-engine/5.11.4/junit-jupiter-engine-5.11.4.jar:/home/carolina/.m2/repository/org/junit/platform/junit-platform-engine/1.11.4/junit-platform-engine-1.11.4.jar:/home/carolina/.m2/repository/org/mockito/mockito-junit-jupiter/5.14.2/mockito-junit-jupiter-5.14.2.jar:/home/carolina/.m2/repository/org/skyscreamer/jsonassert/1.5.3/jsonassert-1.5.3.jar:/home/carolina/.m2/repository/com/vaadin/external/google/android-json/0.0.20131108.vaadin1/android-json-0.0.20131108.vaadin1.jar:/home/carolina/.m2/repository/org/springframework/spring-core/6.2.3/spring-core-6.2.3.jar:/home/carolina/.m2/repository/org/springframework/spring-jcl/6.2.3/spring-jcl-6.2.3.jar:/home/carolina/.m2/repository/org/xmlunit/xmlunit-core/2.10.0/xmlunit-core-2.10.0.jar:/home/carolina/.m2/repository/org/mockito/mockito-core/5.14.2/mockito-core-5.14.2.jar:/home/carolina/.m2/repository/net/bytebuddy/byte-buddy/1.15.11/byte-buddy-1.15.11.jar:/home/carolina/.m2/repository/net/bytebuddy/byte-buddy-agent/1.15.11/byte-buddy-agent-1.15.11.jar:/home/carolina/.m2/repository/org/objenesis/objenesis/3.3/objenesis-3.3.jar:"/>
    <property name="java.vm.vendor" value="Ubuntu"/>
    <property name="sun.arch.data.model" value="64"/>
    <property name="java.vendor.url" value="https://ubuntu.com/"/>
    <property name="catalina.useNaming" value="false"/>
    <property name="user.timezone" value="Europe/Lisbon"/>
    <property name="org.jboss.logging.provider" value="slf4j"/>
    <property name="os.name" value="Linux"/>
    <property name="java.vm.specification.version" value="21"/>
    <property name="APPLICATION_NAME" value="HW1"/>
    <property name="sun.java.launcher" value="SUN_STANDARD"/>
    <property name="user.country" value="BR"/>
    <property name="sun.boot.library.path" value="/usr/lib/jvm/java-21-openjdk-amd64/lib"/>
    <property name="sun.java.command" value="/home/carolina/UA/3ANO/2SEMESTRE/TQS/Labs/TQS/HW1/backend/target/surefire/surefirebooter-20250402132109487_3.jar /home/carolina/UA/3ANO/2SEMESTRE/TQS/Labs/TQS/HW1/backend/target/surefire 2025-04-02T13-21-09_213-jvmRun1 surefire-20250402132109487_1tmp surefire_0-20250402132109487_2tmp"/>
    <property name="jdk.debug" value="release"/>
    <property name="surefire.test.class.path" value="/home/carolina/UA/3ANO/2SEMESTRE/TQS/Labs/TQS/HW1/backend/target/test-classes:/home/carolina/UA/3ANO/2SEMESTRE/TQS/Labs/TQS/HW1/backend/target/classes:/home/carolina/.m2/repository/org/jsoup/jsoup/1.18.1/jsoup-1.18.1.jar:/home/carolina/.m2/repository/io/rest-assured/spring-mock-mvc/5.5.1/spring-mock-mvc-5.5.1.jar:/home/carolina/.m2/repository/io/rest-assured/spring-commons/5.5.1/spring-commons-5.5.1.jar:/home/carolina/.m2/repository/org/springframework/spring-test/6.2.3/spring-test-6.2.3.jar:/home/carolina/.m2/repository/org/springframework/spring-webmvc/6.2.3/spring-webmvc-6.2.3.jar:/home/carolina/.m2/repository/org/springframework/spring-aop/6.2.3/spring-aop-6.2.3.jar:/home/carolina/.m2/repository/org/springframework/spring-beans/6.2.3/spring-beans-6.2.3.jar:/home/carolina/.m2/repository/org/springframework/spring-context/6.2.3/spring-context-6.2.3.jar:/home/carolina/.m2/repository/org/springframework/spring-expression/6.2.3/spring-expression-6.2.3.jar:/home/carolina/.m2/repository/org/springframework/boot/spring-boot-test-autoconfigure/3.4.3/spring-boot-test-autoconfigure-3.4.3.jar:/home/carolina/.m2/repository/org/springframework/boot/spring-boot/3.4.3/spring-boot-3.4.3.jar:/home/carolina/.m2/repository/org/springframework/boot/spring-boot-test/3.4.3/spring-boot-test-3.4.3.jar:/home/carolina/.m2/repository/org/springframework/boot/spring-boot-autoconfigure/3.4.3/spring-boot-autoconfigure-3.4.3.jar:/home/carolina/.m2/repository/org/springframework/boot/spring-boot-starter-data-jpa/3.4.3/spring-boot-starter-data-jpa-3.4.3.jar:/home/carolina/.m2/repository/org/springframework/boot/spring-boot-starter/3.4.3/spring-boot-starter-3.4.3.jar:/home/carolina/.m2/repository/org/springframework/boot/spring-boot-starter-logging/3.4.3/spring-boot-starter-logging-3.4.3.jar:/home/carolina/.m2/repository/ch/qos/logback/logback-classic/1.5.16/logback-classic-1.5.16.jar:/home/carolina/.m2/repository/ch/qos/logback/logback-core/1.5.16/logback-core-1.5.16.jar:/home/carolina/.m2/repository/org/apache/logging/log4j/log4j-to-slf4j/2.24.3/log4j-to-slf4j-2.24.3.jar:/home/carolina/.m2/repository/org/apache/logging/log4j/log4j-api/2.24.3/log4j-api-2.24.3.jar:/home/carolina/.m2/repository/org/slf4j/jul-to-slf4j/2.0.16/jul-to-slf4j-2.0.16.jar:/home/carolina/.m2/repository/jakarta/annotation/jakarta.annotation-api/2.1.1/jakarta.annotation-api-2.1.1.jar:/home/carolina/.m2/repository/org/yaml/snakeyaml/2.3/snakeyaml-2.3.jar:/home/carolina/.m2/repository/org/springframework/boot/spring-boot-starter-jdbc/3.4.3/spring-boot-starter-jdbc-3.4.3.jar:/home/carolina/.m2/repository/com/zaxxer/HikariCP/5.1.0/HikariCP-5.1.0.jar:/home/carolina/.m2/repository/org/springframework/spring-jdbc/6.2.3/spring-jdbc-6.2.3.jar:/home/carolina/.m2/repository/org/hibernate/orm/hibernate-core/6.6.8.Final/hibernate-core-6.6.8.Final.jar:/home/carolina/.m2/repository/jakarta/persistence/jakarta.persistence-api/3.1.0/jakarta.persistence-api-3.1.0.jar:/home/carolina/.m2/repository/jakarta/transaction/jakarta.transaction-api/2.0.1/jakarta.transaction-api-2.0.1.jar:/home/carolina/.m2/repository/org/jboss/logging/jboss-logging/3.6.1.Final/jboss-logging-3.6.1.Final.jar:/home/carolina/.m2/repository/org/hibernate/common/hibernate-commons-annotations/7.0.3.Final/hibernate-commons-annotations-7.0.3.Final.jar:/home/carolina/.m2/repository/io/smallrye/jandex/3.2.0/jandex-3.2.0.jar:/home/carolina/.m2/repository/com/fasterxml/classmate/1.7.0/classmate-1.7.0.jar:/home/carolina/.m2/repository/org/glassfish/jaxb/jaxb-runtime/4.0.5/jaxb-runtime-4.0.5.jar:/home/carolina/.m2/repository/org/glassfish/jaxb/jaxb-core/4.0.5/jaxb-core-4.0.5.jar:/home/carolina/.m2/repository/org/eclipse/angus/angus-activation/2.0.2/angus-activation-2.0.2.jar:/home/carolina/.m2/repository/org/glassfish/jaxb/txw2/4.0.5/txw2-4.0.5.jar:/home/carolina/.m2/repository/com/sun/istack/istack-commons-runtime/4.1.2/istack-commons-runtime-4.1.2.jar:/home/carolina/.m2/repository/jakarta/inject/jakarta.inject-api/2.0.1/jakarta.inject-api-2.0.1.jar:/home/carolina/.m2/repository/org/antlr/antlr4-runtime/4.13.0/antlr4-runtime-4.13.0.jar:/home/carolina/.m2/repository/org/springframework/data/spring-data-jpa/3.4.3/spring-data-jpa-3.4.3.jar:/home/carolina/.m2/repository/org/springframework/data/spring-data-commons/3.4.3/spring-data-commons-3.4.3.jar:/home/carolina/.m2/repository/org/springframework/spring-orm/6.2.3/spring-orm-6.2.3.jar:/home/carolina/.m2/repository/org/springframework/spring-tx/6.2.3/spring-tx-6.2.3.jar:/home/carolina/.m2/repository/org/slf4j/slf4j-api/2.0.16/slf4j-api-2.0.16.jar:/home/carolina/.m2/repository/org/springframework/spring-aspects/6.2.3/spring-aspects-6.2.3.jar:/home/carolina/.m2/repository/org/aspectj/aspectjweaver/1.9.22.1/aspectjweaver-1.9.22.1.jar:/home/carolina/.m2/repository/com/h2database/h2/2.3.232/h2-2.3.232.jar:/home/carolina/.m2/repository/org/flywaydb/flyway-core/10.20.1/flyway-core-10.20.1.jar:/home/carolina/.m2/repository/com/fasterxml/jackson/dataformat/jackson-dataformat-toml/2.18.2/jackson-dataformat-toml-2.18.2.jar:/home/carolina/.m2/repository/com/fasterxml/jackson/core/jackson-databind/2.18.2/jackson-databind-2.18.2.jar:/home/carolina/.m2/repository/com/fasterxml/jackson/core/jackson-core/2.18.2/jackson-core-2.18.2.jar:/home/carolina/.m2/repository/com/fasterxml/jackson/datatype/jackson-datatype-jsr310/2.18.2/jackson-datatype-jsr310-2.18.2.jar:/home/carolina/.m2/repository/com/fasterxml/jackson/core/jackson-annotations/2.18.2/jackson-annotations-2.18.2.jar:/home/carolina/.m2/repository/org/flywaydb/flyway-database-postgresql/10.20.1/flyway-database-postgresql-10.20.1.jar:/home/carolina/.m2/repository/org/springframework/boot/spring-boot-devtools/3.4.3/spring-boot-devtools-3.4.3.jar:/home/carolina/.m2/repository/org/postgresql/postgresql/42.7.5/postgresql-42.7.5.jar:/home/carolina/.m2/repository/org/checkerframework/checker-qual/3.48.3/checker-qual-3.48.3.jar:/home/carolina/.m2/repository/org/springframework/boot/spring-boot-testcontainers/3.4.3/spring-boot-testcontainers-3.4.3.jar:/home/carolina/.m2/repository/org/testcontainers/testcontainers/1.20.5/testcontainers-1.20.5.jar:/home/carolina/.m2/repository/junit/junit/4.13.2/junit-4.13.2.jar:/home/carolina/.m2/repository/org/hamcrest/hamcrest-core/2.2/hamcrest-core-2.2.jar:/home/carolina/.m2/repository/org/apache/commons/commons-compress/1.24.0/commons-compress-1.24.0.jar:/home/carolina/.m2/repository/org/rnorth/duct-tape/duct-tape/1.0.8/duct-tape-1.0.8.jar:/home/carolina/.m2/repository/org/jetbrains/annotations/17.0.0/annotations-17.0.0.jar:/home/carolina/.m2/repository/com/github/docker-java/docker-java-api/3.4.1/docker-java-api-3.4.1.jar:/home/carolina/.m2/repository/com/github/docker-java/docker-java-transport-zerodep/3.4.1/docker-java-transport-zerodep-3.4.1.jar:/home/carolina/.m2/repository/com/github/docker-java/docker-java-transport/3.4.1/docker-java-transport-3.4.1.jar:/home/carolina/.m2/repository/net/java/dev/jna/jna/5.13.0/jna-5.13.0.jar:/home/carolina/.m2/repository/org/testcontainers/junit-jupiter/1.20.5/junit-jupiter-1.20.5.jar:/home/carolina/.m2/repository/io/rest-assured/rest-assured/5.5.1/rest-assured-5.5.1.jar:/home/carolina/.m2/repository/org/apache/groovy/groovy/4.0.25/groovy-4.0.25.jar:/home/carolina/.m2/repository/org/apache/groovy/groovy-xml/4.0.25/groovy-xml-4.0.25.jar:/home/carolina/.m2/repository/org/apache/httpcomponents/httpclient/4.5.13/httpclient-4.5.13.jar:/home/carolina/.m2/repository/org/apache/httpcomponents/httpcore/4.4.16/httpcore-4.4.16.jar:/home/carolina/.m2/repository/commons-logging/commons-logging/1.2/commons-logging-1.2.jar:/home/carolina/.m2/repository/commons-codec/commons-codec/1.17.2/commons-codec-1.17.2.jar:/home/carolina/.m2/repository/org/apache/httpcomponents/httpmime/4.5.13/httpmime-4.5.13.jar:/home/carolina/.m2/repository/org/hamcrest/hamcrest/2.2/hamcrest-2.2.jar:/home/carolina/.m2/repository/org/ccil/cowan/tagsoup/tagsoup/1.2.1/tagsoup-1.2.1.jar:/home/carolina/.m2/repository/io/rest-assured/json-path/5.5.1/json-path-5.5.1.jar:/home/carolina/.m2/repository/org/apache/groovy/groovy-json/4.0.25/groovy-json-4.0.25.jar:/home/carolina/.m2/repository/io/rest-assured/rest-assured-common/5.5.1/rest-assured-common-5.5.1.jar:/home/carolina/.m2/repository/io/rest-assured/xml-path/5.5.1/xml-path-5.5.1.jar:/home/carolina/.m2/repository/org/apache/commons/commons-lang3/3.17.0/commons-lang3-3.17.0.jar:/home/carolina/.m2/repository/org/testcontainers/postgresql/1.20.5/postgresql-1.20.5.jar:/home/carolina/.m2/repository/org/testcontainers/jdbc/1.20.5/jdbc-1.20.5.jar:/home/carolina/.m2/repository/org/testcontainers/database-commons/1.20.5/database-commons-1.20.5.jar:/home/carolina/.m2/repository/org/springframework/boot/spring-boot-starter-web/3.4.3/spring-boot-starter-web-3.4.3.jar:/home/carolina/.m2/repository/org/springframework/boot/spring-boot-starter-json/3.4.3/spring-boot-starter-json-3.4.3.jar:/home/carolina/.m2/repository/com/fasterxml/jackson/datatype/jackson-datatype-jdk8/2.18.2/jackson-datatype-jdk8-2.18.2.jar:/home/carolina/.m2/repository/com/fasterxml/jackson/module/jackson-module-parameter-names/2.18.2/jackson-module-parameter-names-2.18.2.jar:/home/carolina/.m2/repository/org/springframework/boot/spring-boot-starter-tomcat/3.4.3/spring-boot-starter-tomcat-3.4.3.jar:/home/carolina/.m2/repository/org/apache/tomcat/embed/tomcat-embed-core/10.1.36/tomcat-embed-core-10.1.36.jar:/home/carolina/.m2/repository/org/apache/tomcat/embed/tomcat-embed-el/10.1.36/tomcat-embed-el-10.1.36.jar:/home/carolina/.m2/repository/org/apache/tomcat/embed/tomcat-embed-websocket/10.1.36/tomcat-embed-websocket-10.1.36.jar:/home/carolina/.m2/repository/org/springframework/spring-web/6.2.3/spring-web-6.2.3.jar:/home/carolina/.m2/repository/io/micrometer/micrometer-observation/1.14.4/micrometer-observation-1.14.4.jar:/home/carolina/.m2/repository/io/micrometer/micrometer-commons/1.14.4/micrometer-commons-1.14.4.jar:/home/carolina/.m2/repository/org/springframework/boot/spring-boot-starter-test/3.4.3/spring-boot-starter-test-3.4.3.jar:/home/carolina/.m2/repository/com/jayway/jsonpath/json-path/2.9.0/json-path-2.9.0.jar:/home/carolina/.m2/repository/jakarta/xml/bind/jakarta.xml.bind-api/4.0.2/jakarta.xml.bind-api-4.0.2.jar:/home/carolina/.m2/repository/jakarta/activation/jakarta.activation-api/2.1.3/jakarta.activation-api-2.1.3.jar:/home/carolina/.m2/repository/net/minidev/json-smart/2.5.2/json-smart-2.5.2.jar:/home/carolina/.m2/repository/net/minidev/accessors-smart/2.5.2/accessors-smart-2.5.2.jar:/home/carolina/.m2/repository/org/ow2/asm/asm/9.7.1/asm-9.7.1.jar:/home/carolina/.m2/repository/org/assertj/assertj-core/3.26.3/assertj-core-3.26.3.jar:/home/carolina/.m2/repository/org/awaitility/awaitility/4.2.2/awaitility-4.2.2.jar:/home/carolina/.m2/repository/org/junit/jupiter/junit-jupiter/5.11.4/junit-jupiter-5.11.4.jar:/home/carolina/.m2/repository/org/junit/jupiter/junit-jupiter-api/5.11.4/junit-jupiter-api-5.11.4.jar:/home/carolina/.m2/repository/org/opentest4j/opentest4j/1.3.0/opentest4j-1.3.0.jar:/home/carolina/.m2/repository/org/junit/platform/junit-platform-commons/1.11.4/junit-platform-commons-1.11.4.jar:/home/carolina/.m2/repository/org/apiguardian/apiguardian-api/1.1.2/apiguardian-api-1.1.2.jar:/home/carolina/.m2/repository/org/junit/jupiter/junit-jupiter-params/5.11.4/junit-jupiter-params-5.11.4.jar:/home/carolina/.m2/repository/org/junit/jupiter/junit-jupiter-engine/5.11.4/junit-jupiter-engine-5.11.4.jar:/home/carolina/.m2/repository/org/junit/platform/junit-platform-engine/1.11.4/junit-platform-engine-1.11.4.jar:/home/carolina/.m2/repository/org/mockito/mockito-junit-jupiter/5.14.2/mockito-junit-jupiter-5.14.2.jar:/home/carolina/.m2/repository/org/skyscreamer/jsonassert/1.5.3/jsonassert-1.5.3.jar:/home/carolina/.m2/repository/com/vaadin/external/google/android-json/0.0.20131108.vaadin1/android-json-0.0.20131108.vaadin1.jar:/home/carolina/.m2/repository/org/springframework/spring-core/6.2.3/spring-core-6.2.3.jar:/home/carolina/.m2/repository/org/springframework/spring-jcl/6.2.3/spring-jcl-6.2.3.jar:/home/carolina/.m2/repository/org/xmlunit/xmlunit-core/2.10.0/xmlunit-core-2.10.0.jar:/home/carolina/.m2/repository/org/mockito/mockito-core/5.14.2/mockito-core-5.14.2.jar:/home/carolina/.m2/repository/net/bytebuddy/byte-buddy/1.15.11/byte-buddy-1.15.11.jar:/home/carolina/.m2/repository/net/bytebuddy/byte-buddy-agent/1.15.11/byte-buddy-agent-1.15.11.jar:/home/carolina/.m2/repository/org/objenesis/objenesis/3.3/objenesis-3.3.jar:"/>
    <property name="sun.cpu.endian" value="little"/>
    <property name="user.home" value="/home/carolina"/>
    <property name="user.language" value="pt"/>
    <property name="java.specification.vendor" value="Oracle Corporation"/>
    <property name="java.version.date" value="2025-01-21"/>
    <property name="java.home" value="/usr/lib/jvm/java-21-openjdk-amd64"/>
    <property name="file.separator" value="/"/>
    <property name="basedir" value="/home/carolina/UA/3ANO/2SEMESTRE/TQS/Labs/TQS/HW1/backend"/>
    <property name="java.vm.compressedOopsMode" value="Zero based"/>
    <property name="line.separator" value="&#10;"/>
    <property name="java.vm.specification.vendor" value="Oracle Corporation"/>
    <property name="java.specification.name" value="Java Platform API Specification"/>
    <property name="FILE_LOG_CHARSET" value="UTF-8"/>
    <property name="java.awt.headless" value="true"/>
    <property name="surefire.real.class.path" value="/home/carolina/UA/3ANO/2SEMESTRE/TQS/Labs/TQS/HW1/backend/target/surefire/surefirebooter-20250402132109487_3.jar"/>
    <property name="polyglot.engine.WarnInterpreterOnly" value="false"/>
    <property name="sun.management.compiler" value="HotSpot 64-Bit Tiered Compilers"/>
    <property name="java.runtime.version" value="21.0.6+7-Ubuntu-122.04.1"/>
    <property name="user.name" value="carolina"/>
    <property name="stdout.encoding" value="UTF-8"/>
    <property name="path.separator" value=":"/>
    <property name="os.version" value="6.8.0-52-generic"/>
    <property name="java.runtime.name" value="OpenJDK Runtime Environment"/>
    <property name="file.encoding" value="UTF-8"/>
    <property name="jnidispatch.path" value="/home/carolina/.cache/JNA/temp/jna18081358007494870331.tmp"/>
    <property name="java.vm.name" value="OpenJDK 64-Bit Server VM"/>
    <property name="jna.platform.library.path" value="/usr/lib/x86_64-linux-gnu:/lib/x86_64-linux-gnu:/usr/lib64:/lib64:/usr/lib:/lib:/lib32:/usr/lib/x86_64-linux-gnu/libfakeroot"/>
    <property name="localRepository" value="/home/carolina/.m2/repository"/>
    <property name="jna.loaded" value="true"/>
    <property name="java.vendor.url.bug" value="https://bugs.launchpad.net/ubuntu/+source/openjdk-21"/>
    <property name="java.io.tmpdir" value="/tmp"/>
    <property name="com.zaxxer.hikari.pool_number" value="3"/>
    <property name="catalina.home" value="/tmp/tomcat.0.4554446383292364916"/>
    <property name="java.version" value="21.0.6"/>
    <property name="user.dir" value="/home/carolina/UA/3ANO/2SEMESTRE/TQS/Labs/TQS/HW1/backend"/>
    <property name="os.arch" value="amd64"/>
    <property name="java.vm.specification.name" value="Java Virtual Machine Specification"/>
    <property name="PID" value="37709"/>
    <property name="CONSOLE_LOG_CHARSET" value="UTF-8"/>
    <property name="catalina.base" value="/tmp/tomcat.0.4554446383292364916"/>
    <property name="native.encoding" value="UTF-8"/>
    <property name="java.library.path" value="/usr/java/packages/lib:/usr/lib/x86_64-linux-gnu/jni:/lib/x86_64-linux-gnu:/usr/lib/x86_64-linux-gnu:/usr/lib/jni:/lib:/usr/lib"/>
    <property name="java.vm.info" value="mixed mode, sharing"/>
    <property name="stderr.encoding" value="UTF-8"/>
    <property name="java.vendor" value="Ubuntu"/>
    <property name="java.vm.version" value="21.0.6+7-Ubuntu-122.04.1"/>
    <property name="sun.io.unicode.encoding" value="UnicodeLittle"/>
    <property name="java.class.version" value="65.0"/>
    <property name="LOGGED_APPLICATION_NAME" value="[HW1] "/>
  </properties>
  <testcase name="whenGetWeatherHours_thenReturnHourlyData" classname="tqs.hw1.controller.integration.mock.WeatherControllerMockIT" time="1.853">
    <error message="Request processing failed: java.lang.Exception: Date not found in response" type="jakarta.servlet.ServletException"><![CDATA[jakarta.servlet.ServletException: Request processing failed: java.lang.Exception: Date not found in response
	at org.springframework.web.servlet.FrameworkServlet.processRequest(FrameworkServlet.java:1022)
	at org.springframework.web.servlet.FrameworkServlet.doGet(FrameworkServlet.java:903)
	at jakarta.servlet.http.HttpServlet.service(HttpServlet.java:564)
	at org.springframework.web.servlet.FrameworkServlet.service(FrameworkServlet.java:885)
	at org.springframework.test.web.servlet.TestDispatcherServlet.service(TestDispatcherServlet.java:72)
	at jakarta.servlet.http.HttpServlet.service(HttpServlet.java:658)
	at org.springframework.mock.web.MockFilterChain$ServletFilterProxy.doFilter(MockFilterChain.java:165)
	at org.springframework.mock.web.MockFilterChain.doFilter(MockFilterChain.java:132)
	at org.springframework.web.filter.RequestContextFilter.doFilterInternal(RequestContextFilter.java:100)
	at org.springframework.web.filter.OncePerRequestFilter.doFilter(OncePerRequestFilter.java:116)
	at org.springframework.test.web.servlet.setup.MockMvcFilterDecorator.doFilter(MockMvcFilterDecorator.java:162)
	at org.springframework.mock.web.MockFilterChain.doFilter(MockFilterChain.java:132)
	at org.springframework.web.filter.FormContentFilter.doFilterInternal(FormContentFilter.java:93)
	at org.springframework.web.filter.OncePerRequestFilter.doFilter(OncePerRequestFilter.java:116)
	at org.springframework.test.web.servlet.setup.MockMvcFilterDecorator.doFilter(MockMvcFilterDecorator.java:162)
	at org.springframework.mock.web.MockFilterChain.doFilter(MockFilterChain.java:132)
	at org.springframework.web.filter.CharacterEncodingFilter.doFilterInternal(CharacterEncodingFilter.java:201)
	at org.springframework.web.filter.OncePerRequestFilter.doFilter(OncePerRequestFilter.java:116)
	at org.springframework.test.web.servlet.setup.MockMvcFilterDecorator.doFilter(MockMvcFilterDecorator.java:162)
	at org.springframework.mock.web.MockFilterChain.doFilter(MockFilterChain.java:132)
	at org.springframework.test.web.servlet.MockMvc.perform(MockMvc.java:201)
	at tqs.hw1.controller.integration.mock.WeatherControllerMockIT.whenGetWeatherHours_thenReturnHourlyData(WeatherControllerMockIT.java:77)
	at java.base/java.lang.reflect.Method.invoke(Method.java:580)
	at java.base/java.util.ArrayList.forEach(ArrayList.java:1596)
	at java.base/java.util.ArrayList.forEach(ArrayList.java:1596)
Caused by: java.lang.Exception: Date not found in response
	at tqs.hw1.controller.WeatherController.lambda$getWeatherHours$1(WeatherController.java:57)
	at java.base/java.util.Optional.orElseThrow(Optional.java:403)
	at tqs.hw1.controller.WeatherController.getWeatherHours(WeatherController.java:57)
	at java.base/jdk.internal.reflect.DirectMethodHandleAccessor.invoke(DirectMethodHandleAccessor.java:103)
	at java.base/java.lang.reflect.Method.invoke(Method.java:580)
	at org.springframework.web.method.support.InvocableHandlerMethod.doInvoke(InvocableHandlerMethod.java:257)
	at org.springframework.web.method.support.InvocableHandlerMethod.invokeForRequest(InvocableHandlerMethod.java:190)
	at org.springframework.web.servlet.mvc.method.annotation.ServletInvocableHandlerMethod.invokeAndHandle(ServletInvocableHandlerMethod.java:118)
	at org.springframework.web.servlet.mvc.method.annotation.RequestMappingHandlerAdapter.invokeHandlerMethod(RequestMappingHandlerAdapter.java:986)
	at org.springframework.web.servlet.mvc.method.annotation.RequestMappingHandlerAdapter.handleInternal(RequestMappingHandlerAdapter.java:891)
	at org.springframework.web.servlet.mvc.method.AbstractHandlerMethodAdapter.handle(AbstractHandlerMethodAdapter.java:87)
	at org.springframework.web.servlet.DispatcherServlet.doDispatch(DispatcherServlet.java:1088)
	at org.springframework.web.servlet.DispatcherServlet.doService(DispatcherServlet.java:978)
	at org.springframework.web.servlet.FrameworkServlet.processRequest(FrameworkServlet.java:1014)
	... 24 more
]]></error>
    <system-out><![CDATA[2025-04-02T13:21:34.011+01:00  INFO 37709 --- [HW1] [           main] t.c.s.AnnotationConfigContextLoaderUtils : Could not detect default configuration classes for test class [tqs.hw1.controller.integration.mock.WeatherControllerMockIT]: WeatherControllerMockIT does not declare any static, non-private, non-final, nested classes annotated with @Configuration.
2025-04-02T13:21:34.038+01:00  INFO 37709 --- [HW1] [           main] .b.t.c.SpringBootTestContextBootstrapper : Found @SpringBootConfiguration tqs.hw1.Hw1Application for test class tqs.hw1.controller.integration.mock.WeatherControllerMockIT
2025-04-02T13:21:34.044+01:00  INFO 37709 --- [HW1] [           main] tc.postgres:latest                       : Creating container for image: postgres:latest
2025-04-02T13:21:34.157+01:00  INFO 37709 --- [HW1] [           main] tc.postgres:latest                       : Container postgres:latest is starting: 1e2b524c1a1331dc417d8aeacf1649096bc3a8a549ee44bd6254026d7a0ac131
2025-04-02T13:21:36.137+01:00  INFO 37709 --- [HW1] [           main] tc.postgres:latest                       : Container postgres:latest started in PT2.092632675S
2025-04-02T13:21:36.137+01:00  INFO 37709 --- [HW1] [           main] tc.postgres:latest                       : Container is started (JDBC URL: jdbc:postgresql://localhost:40343/test?loggerLevel=OFF)
]]></system-out>
  </testcase>
  <testcase name="whenGetWeatherAlerts_thenReturnAlerts" classname="tqs.hw1.controller.integration.mock.WeatherControllerMockIT" time="0.568"/>
  <testcase name="whenGetWeatherForCityAndDate_thenReturnWeather" classname="tqs.hw1.controller.integration.mock.WeatherControllerMockIT" time="0.31">
    <failure message="JSON path &quot;days[0].conditions&quot; expected:&lt;Partially cloudy&gt; but was:&lt;Rain, Partially cloudy&gt;" type="java.lang.AssertionError"><![CDATA[java.lang.AssertionError: JSON path "days[0].conditions" expected:<Partially cloudy> but was:<Rain, Partially cloudy>
	at org.springframework.test.util.AssertionErrors.fail(AssertionErrors.java:61)
	at org.springframework.test.util.AssertionErrors.assertEquals(AssertionErrors.java:128)
	at org.springframework.test.util.JsonPathExpectationsHelper.assertValue(JsonPathExpectationsHelper.java:172)
	at org.springframework.test.web.servlet.result.JsonPathResultMatchers.lambda$value$2(JsonPathResultMatchers.java:112)
	at org.springframework.test.web.servlet.MockMvc$1.andExpect(MockMvc.java:214)
	at tqs.hw1.controller.integration.mock.WeatherControllerMockIT.whenGetWeatherForCityAndDate_thenReturnWeather(WeatherControllerMockIT.java:42)
	at java.base/java.lang.reflect.Method.invoke(Method.java:580)
	at java.base/java.util.ArrayList.forEach(ArrayList.java:1596)
	at java.base/java.util.ArrayList.forEach(ArrayList.java:1596)
]]></failure>
    <system-out><![CDATA[
MockHttpServletRequest:
      HTTP Method = GET
      Request URI = /weather/Aveiro/2025-03-31
       Parameters = {}
          Headers = []
             Body = null
    Session Attrs = {}

Handler:
             Type = tqs.hw1.controller.WeatherController
           Method = tqs.hw1.controller.WeatherController#getWeatherForDate(String, String)

Async:
    Async started = false
     Async result = null

Resolved Exception:
             Type = null

ModelAndView:
        View name = null
             View = null
            Model = null

FlashMap:
       Attributes = null

MockHttpServletResponse:
           Status = 200
    Error message = null
          Headers = [Content-Type:"application/json"]
     Content type = application/json
             Body = {"days":[{"datetime":"2025-04-02","temp":"13.7","conditions":"Rain, Partially cloudy","hours":[{"datetime":"00:00:00","temp":"13.0","conditions":"Partially cloudy"},{"datetime":"01:00:00","temp":"12.0","conditions":"Partially cloudy"},{"datetime":"02:00:00","temp":"12.0","conditions":"Partially cloudy"},{"datetime":"03:00:00","temp":"11.0","conditions":"Partially cloudy"},{"datetime":"04:00:00","temp":"10.0","conditions":"Partially cloudy"},{"datetime":"05:00:00","temp":"11.0","conditions":"Overcast"},{"datetime":"06:00:00","temp":"12.0","conditions":"Partially cloudy"},{"datetime":"07:00:00","temp":"11.3","conditions":"Partially cloudy"},{"datetime":"08:00:00","temp":"11.4","conditions":"Partially cloudy"},{"datetime":"09:00:00","temp":"14.1","conditions":"Partially cloudy"},{"datetime":"10:00:00","temp":"17.6","conditions":"Partially cloudy"},{"datetime":"11:00:00","temp":"19.8","conditions":"Partially cloudy"},{"datetime":"12:00:00","temp":"19.3","conditions":"Partially cloudy"},{"datetime":"13:00:00","temp":"19.6","conditions":"Overcast"},{"datetime":"14:00:00","temp":"14.3","conditions":"Rain, Overcast"},{"datetime":"15:00:00","temp":"13.5","conditions":"Rain, Overcast"},{"datetime":"16:00:00","temp":"14.0","conditions":"Rain, Overcast"},{"datetime":"17:00:00","temp":"14.8","conditions":"Rain, Overcast"},{"datetime":"18:00:00","temp":"14.5","conditions":"Rain, Partially cloudy"},{"datetime":"19:00:00","temp":"14.3","conditions":"Rain, Partially cloudy"},{"datetime":"20:00:00","temp":"13.2","conditions":"Rain, Partially cloudy"},{"datetime":"21:00:00","temp":"12.3","conditions":"Rain"},{"datetime":"22:00:00","temp":"11.6","conditions":"Rain"},{"datetime":"23:00:00","temp":"11.1","conditions":"Rain"}]},{"datetime":"2025-04-03","temp":"14.1","conditions":"Rain, Partially cloudy","hours":[{"datetime":"00:00:00","temp":"11.0","conditions":"Rain"},{"datetime":"01:00:00","temp":"11.0","conditions":"Rain"},{"datetime":"02:00:00","temp":"10.7","conditions":"Clear"},{"datetime":"03:00:00","temp":"10.4","conditions":"Partially cloudy"},{"datetime":"04:00:00","temp":"10.3","conditions":"Overcast"},{"datetime":"05:00:00","temp":"10.3","conditions":"Overcast"},{"datetime":"06:00:00","temp":"10.4","conditions":"Overcast"},{"datetime":"07:00:00","temp":"10.5","conditions":"Overcast"},{"datetime":"08:00:00","temp":"10.7","conditions":"Rain, Overcast"},{"datetime":"09:00:00","temp":"11.7","conditions":"Rain, Overcast"},{"datetime":"10:00:00","temp":"13.4","conditions":"Rain, Overcast"},{"datetime":"11:00:00","temp":"15.3","conditions":"Rain, Partially cloudy"},{"datetime":"12:00:00","temp":"16.8","conditions":"Rain, Overcast"},{"datetime":"13:00:00","temp":"17.5","conditions":"Rain, Overcast"},{"datetime":"14:00:00","temp":"18.3","conditions":"Rain, Overcast"},{"datetime":"15:00:00","temp":"18.7","conditions":"Rain, Overcast"},{"datetime":"16:00:00","temp":"19.0","conditions":"Rain, Overcast"},{"datetime":"17:00:00","temp":"18.3","conditions":"Rain, Overcast"},{"datetime":"18:00:00","temp":"17.6","conditions":"Rain, Overcast"},{"datetime":"19:00:00","temp":"16.3","conditions":"Rain, Overcast"},{"datetime":"20:00:00","temp":"15.4","conditions":"Rain, Overcast"},{"datetime":"21:00:00","temp":"15.1","conditions":"Rain, Overcast"},{"datetime":"22:00:00","temp":"15.0","conditions":"Rain, Overcast"},{"datetime":"23:00:00","temp":"15.0","conditions":"Rain, Overcast"}]},{"datetime":"2025-04-04","temp":"14.2","conditions":"Rain, Overcast","hours":[{"datetime":"00:00:00","temp":"14.9","conditions":"Rain, Overcast"},{"datetime":"01:00:00","temp":"14.1","conditions":"Rain, Overcast"},{"datetime":"02:00:00","temp":"13.8","conditions":"Rain, Overcast"},{"datetime":"03:00:00","temp":"13.5","conditions":"Rain, Overcast"},{"datetime":"04:00:00","temp":"13.7","conditions":"Rain, Overcast"},{"datetime":"05:00:00","temp":"13.6","conditions":"Rain, Overcast"},{"datetime":"06:00:00","temp":"13.4","conditions":"Rain, Overcast"},{"datetime":"07:00:00","temp":"13.3","conditions":"Rain, Overcast"},{"datetime":"08:00:00","temp":"13.4","conditions":"Rain, Overcast"},{"datetime":"09:00:00","temp":"13.8","conditions":"Rain, Overcast"},{"datetime":"10:00:00","temp":"15.0","conditions":"Rain, Partially cloudy"},{"datetime":"11:00:00","temp":"15.0","conditions":"Rain, Overcast"},{"datetime":"12:00:00","temp":"14.9","conditions":"Rain, Overcast"},{"datetime":"13:00:00","temp":"15.2","conditions":"Rain, Overcast"},{"datetime":"14:00:00","temp":"15.2","conditions":"Rain, Overcast"},{"datetime":"15:00:00","temp":"15.3","conditions":"Rain, Overcast"},{"datetime":"16:00:00","temp":"15.2","conditions":"Rain, Overcast"},{"datetime":"17:00:00","temp":"14.9","conditions":"Rain, Overcast"},{"datetime":"18:00:00","temp":"14.3","conditions":"Rain, Overcast"},{"datetime":"19:00:00","temp":"14.0","conditions":"Rain, Overcast"},{"datetime":"20:00:00","temp":"13.8","conditions":"Rain, Overcast"},{"datetime":"21:00:00","temp":"13.7","conditions":"Rain, Overcast"},{"datetime":"22:00:00","temp":"13.6","conditions":"Rain, Overcast"},{"datetime":"23:00:00","temp":"13.5","conditions":"Rain, Partially cloudy"}]},{"datetime":"2025-04-05","temp":"15.2","conditions":"Rain, Partially cloudy","hours":[{"datetime":"00:00:00","temp":"13.3","conditions":"Rain, Partially cloudy"},{"datetime":"01:00:00","temp":"13.3","conditions":"Rain, Partially cloudy"},{"datetime":"02:00:00","temp":"13.0","conditions":"Rain, Partially cloudy"},{"datetime":"03:00:00","temp":"12.8","conditions":"Rain, Partially cloudy"},{"datetime":"04:00:00","temp":"12.6","conditions":"Rain, Partially cloudy"},{"datetime":"05:00:00","temp":"12.3","conditions":"Rain, Partially cloudy"},{"datetime":"06:00:00","temp":"12.2","conditions":"Rain, Partially cloudy"},{"datetime":"07:00:00","temp":"12.1","conditions":"Rain, Partially cloudy"},{"datetime":"08:00:00","temp":"12.9","conditions":"Rain, Partially cloudy"},{"datetime":"09:00:00","temp":"13.7","conditions":"Rain, Partially cloudy"},{"datetime":"10:00:00","temp":"14.5","conditions":"Rain, Overcast"},{"datetime":"11:00:00","temp":"15.5","conditions":"Rain, Partially cloudy"},{"datetime":"12:00:00","temp":"16.5","conditions":"Rain, Partially cloudy"},{"datetime":"13:00:00","temp":"17.5","conditions":"Rain, Partially cloudy"},{"datetime":"14:00:00","temp":"18.2","conditions":"Rain, Partially cloudy"},{"datetime":"15:00:00","temp":"19.0","conditions":"Rain, Partially cloudy"},{"datetime":"16:00:00","temp":"19.8","conditions":"Rain, Partially cloudy"},{"datetime":"17:00:00","temp":"19.1","conditions":"Rain, Partially cloudy"},{"datetime":"18:00:00","temp":"18.4","conditions":"Rain, Partially cloudy"},{"datetime":"19:00:00","temp":"17.7","conditions":"Rain, Partially cloudy"},{"datetime":"20:00:00","temp":"16.7","conditions":"Partially cloudy"},{"datetime":"21:00:00","temp":"15.7","conditions":"Clear"},{"datetime":"22:00:00","temp":"14.8","conditions":"Clear"},{"datetime":"23:00:00","temp":"14.2","conditions":"Clear"}]},{"datetime":"2025-04-06","temp":"15.3","conditions":"Rain, Partially cloudy","hours":[{"datetime":"00:00:00","temp":"13.7","conditions":"Clear"},{"datetime":"01:00:00","temp":"13.2","conditions":"Clear"},{"datetime":"02:00:00","temp":"12.9","conditions":"Clear"},{"datetime":"03:00:00","temp":"12.6","conditions":"Clear"},{"datetime":"04:00:00","temp":"12.4","conditions":"Clear"},{"datetime":"05:00:00","temp":"12.2","conditions":"Partially cloudy"},{"datetime":"06:00:00","temp":"12.0","conditions":"Partially cloudy"},{"datetime":"07:00:00","temp":"11.9","conditions":"Partially cloudy"},{"datetime":"08:00:00","temp":"13.1","conditions":"Partially cloudy"},{"datetime":"09:00:00","temp":"14.3","conditions":"Partially cloudy"},{"datetime":"10:00:00","temp":"15.5","conditions":"Overcast"},{"datetime":"11:00:00","temp":"16.6","conditions":"Overcast"},{"datetime":"12:00:00","temp":"17.7","conditions":"Overcast"},{"datetime":"13:00:00","temp":"18.8","conditions":"Overcast"},{"datetime":"14:00:00","temp":"18.6","conditions":"Rain, Overcast"},{"datetime":"15:00:00","temp":"18.4","conditions":"Rain, Overcast"},{"datetime":"16:00:00","temp":"18.3","conditions":"Rain, Overcast"},{"datetime":"17:00:00","temp":"18.0","conditions":"Rain, Overcast"},{"datetime":"18:00:00","temp":"17.7","conditions":"Rain, Overcast"},{"datetime":"19:00:00","temp":"17.5","conditions":"Rain, Overcast"},{"datetime":"20:00:00","temp":"16.6","conditions":"Partially cloudy"},{"datetime":"21:00:00","temp":"15.7","conditions":"Partially cloudy"},{"datetime":"22:00:00","temp":"14.9","conditions":"Partially cloudy"},{"datetime":"23:00:00","temp":"14.7","conditions":"Overcast"}]},{"datetime":"2025-04-07","temp":"15.8","conditions":"Overcast","hours":[{"datetime":"00:00:00","temp":"14.5","conditions":"Overcast"},{"datetime":"01:00:00","temp":"14.1","conditions":"Overcast"},{"datetime":"02:00:00","temp":"14.1","conditions":"Overcast"},{"datetime":"03:00:00","temp":"14.1","conditions":"Overcast"},{"datetime":"04:00:00","temp":"14.1","conditions":"Overcast"},{"datetime":"05:00:00","temp":"13.7","conditions":"Overcast"},{"datetime":"06:00:00","temp":"13.4","conditions":"Overcast"},{"datetime":"07:00:00","temp":"13.1","conditions":"Overcast"},{"datetime":"08:00:00","temp":"14.0","conditions":"Overcast"},{"datetime":"09:00:00","temp":"15.0","conditions":"Overcast"},{"datetime":"10:00:00","temp":"16.0","conditions":"Overcast"},{"datetime":"11:00:00","temp":"16.8","conditions":"Overcast"},{"datetime":"12:00:00","temp":"17.6","conditions":"Overcast"},{"datetime":"13:00:00","temp":"18.5","conditions":"Overcast"},{"datetime":"14:00:00","temp":"18.1","conditions":"Overcast"},{"datetime":"15:00:00","temp":"17.7","conditions":"Overcast"},{"datetime":"16:00:00","temp":"17.3","conditions":"Overcast"},{"datetime":"17:00:00","temp":"17.1","conditions":"Overcast"},{"datetime":"18:00:00","temp":"16.9","conditions":"Partially cloudy"},{"datetime":"19:00:00","temp":"16.8","conditions":"Partially cloudy"},{"datetime":"20:00:00","temp":"16.7","conditions":"Partially cloudy"},{"datetime":"21:00:00","temp":"16.6","conditions":"Overcast"},{"datetime":"22:00:00","temp":"16.5","conditions":"Overcast"},{"datetime":"23:00:00","temp":"16.1","conditions":"Overcast"}]},{"datetime":"2025-04-08","temp":"16.9","conditions":"Partially cloudy","hours":[{"datetime":"00:00:00","temp":"15.8","conditions":"Overcast"},{"datetime":"01:00:00","temp":"15.5","conditions":"Overcast"},{"datetime":"02:00:00","temp":"15.3","conditions":"Overcast"},{"datetime":"03:00:00","temp":"15.1","conditions":"Overcast"},{"datetime":"04:00:00","temp":"14.9","conditions":"Overcast"},{"datetime":"05:00:00","temp":"14.8","conditions":"Overcast"},{"datetime":"06:00:00","temp":"14.8","conditions":"Overcast"},{"datetime":"07:00:00","temp":"14.8","conditions":"Overcast"},{"datetime":"08:00:00","temp":"15.6","conditions":"Overcast"},{"datetime":"09:00:00","temp":"16.4","conditions":"Overcast"},{"datetime":"10:00:00","temp":"17.2","conditions":"Overcast"},{"datetime":"11:00:00","temp":"17.6","conditions":"Overcast"},{"datetime":"12:00:00","temp":"18.0","conditions":"Overcast"},{"datetime":"13:00:00","temp":"18.5","conditions":"Overcast"},{"datetime":"14:00:00","temp":"18.6","conditions":"Partially cloudy"},{"datetime":"15:00:00","temp":"18.8","conditions":"Partially cloudy"},{"datetime":"16:00:00","temp":"19.0","conditions":"Partially cloudy"},{"datetime":"17:00:00","temp":"18.6","conditions":"Partially cloudy"},{"datetime":"18:00:00","temp":"18.2","conditions":"Partially cloudy"},{"datetime":"19:00:00","temp":"17.9","conditions":"Partially cloudy"},{"datetime":"20:00:00","temp":"17.7","conditions":"Clear"},{"datetime":"21:00:00","temp":"17.5","conditions":"Clear"},{"datetime":"22:00:00","temp":"17.4","conditions":"Clear"},{"datetime":"23:00:00","temp":"17.2","conditions":"Clear"}]},{"datetime":"2025-04-09","temp":"18.0","conditions":"Partially cloudy","hours":[{"datetime":"00:00:00","temp":"17.1","conditions":"Clear"},{"datetime":"01:00:00","temp":"17.0","conditions":"Partially cloudy"},{"datetime":"02:00:00","temp":"16.8","conditions":"Partially cloudy"},{"datetime":"03:00:00","temp":"16.6","conditions":"Clear"},{"datetime":"04:00:00","temp":"16.4","conditions":"Clear"},{"datetime":"05:00:00","temp":"16.3","conditions":"Partially cloudy"},{"datetime":"06:00:00","temp":"16.2","conditions":"Partially cloudy"},{"datetime":"07:00:00","temp":"16.2","conditions":"Overcast"},{"datetime":"08:00:00","temp":"16.7","conditions":"Overcast"},{"datetime":"09:00:00","temp":"17.3","conditions":"Overcast"},{"datetime":"10:00:00","temp":"17.9","conditions":"Overcast"},{"datetime":"11:00:00","temp":"18.3","conditions":"Overcast"},{"datetime":"12:00:00","temp":"18.7","conditions":"Overcast"},{"datetime":"13:00:00","temp":"19.2","conditions":"Overcast"},{"datetime":"14:00:00","temp":"19.3","conditions":"Overcast"},{"datetime":"15:00:00","temp":"19.5","conditions":"Overcast"},{"datetime":"16:00:00","temp":"19.7","conditions":"Overcast"},{"datetime":"17:00:00","temp":"19.4","conditions":"Overcast"},{"datetime":"18:00:00","temp":"19.2","conditions":"Overcast"},{"datetime":"19:00:00","temp":"19.0","conditions":"Overcast"},{"datetime":"20:00:00","temp":"19.0","conditions":"Overcast"},{"datetime":"21:00:00","temp":"19.0","conditions":"Overcast"},{"datetime":"22:00:00","temp":"19.1","conditions":"Overcast"},{"datetime":"23:00:00","temp":"18.7","conditions":"Partially cloudy"}]},{"datetime":"2025-04-10","temp":"17.4","conditions":"Rain, Partially cloudy","hours":[{"datetime":"00:00:00","temp":"18.3","conditions":"Partially cloudy"},{"datetime":"01:00:00","temp":"17.9","conditions":"Clear"},{"datetime":"02:00:00","temp":"17.6","conditions":"Partially cloudy"},{"datetime":"03:00:00","temp":"17.4","conditions":"Partially cloudy"},{"datetime":"04:00:00","temp":"17.2","conditions":"Partially cloudy"},{"datetime":"05:00:00","temp":"16.7","conditions":"Partially cloudy"},{"datetime":"06:00:00","temp":"16.2","conditions":"Overcast"},{"datetime":"07:00:00","temp":"15.8","conditions":"Overcast"},{"datetime":"08:00:00","temp":"16.8","conditions":"Overcast"},{"datetime":"09:00:00","temp":"17.8","conditions":"Overcast"},{"datetime":"10:00:00","temp":"18.8","conditions":"Overcast"},{"datetime":"11:00:00","temp":"18.6","conditions":"Partially cloudy"},{"datetime":"12:00:00","temp":"18.4","conditions":"Partially cloudy"},{"datetime":"13:00:00","temp":"18.2","conditions":"Clear"},{"datetime":"14:00:00","temp":"18.1","conditions":"Rain"},{"datetime":"15:00:00","temp":"18.1","conditions":"Rain"},{"datetime":"16:00:00","temp":"18.1","conditions":"Rain"},{"datetime":"17:00:00","temp":"17.6","conditions":"Rain"},{"datetime":"18:00:00","temp":"17.1","conditions":"Rain"},{"datetime":"19:00:00","temp":"16.7","conditions":"Rain"},{"datetime":"20:00:00","temp":"16.5","conditions":"Rain"},{"datetime":"21:00:00","temp":"16.4","conditions":"Rain"},{"datetime":"22:00:00","temp":"16.3","conditions":"Rain"},{"datetime":"23:00:00","temp":"16.2","conditions":"Rain"}]},{"datetime":"2025-04-11","temp":"18.2","conditions":"Rain","hours":[{"datetime":"00:00:00","temp":"16.2","conditions":"Rain"},{"datetime":"01:00:00","temp":"16.2","conditions":"Rain"},{"datetime":"02:00:00","temp":"16.4","conditions":"Clear"},{"datetime":"03:00:00","temp":"16.6","conditions":"Clear"},{"datetime":"04:00:00","temp":"16.9","conditions":"Clear"},{"datetime":"05:00:00","temp":"16.7","conditions":"Clear"},{"datetime":"06:00:00","temp":"16.5","conditions":"Clear"},{"datetime":"07:00:00","temp":"16.4","conditions":"Clear"},{"datetime":"08:00:00","temp":"17.5","conditions":"Clear"},{"datetime":"09:00:00","temp":"18.6","conditions":"Clear"},{"datetime":"10:00:00","temp":"19.8","conditions":"Clear"},{"datetime":"11:00:00","temp":"20.3","conditions":"Clear"},{"datetime":"12:00:00","temp":"20.8","conditions":"Clear"},{"datetime":"13:00:00","temp":"21.3","conditions":"Clear"},{"datetime":"14:00:00","temp":"20.6","conditions":"Rain"},{"datetime":"15:00:00","temp":"20.0","conditions":"Rain"},{"datetime":"16:00:00","temp":"19.4","conditions":"Rain"},{"datetime":"17:00:00","temp":"19.1","conditions":"Rain"},{"datetime":"18:00:00","temp":"18.8","conditions":"Rain"},{"datetime":"19:00:00","temp":"18.5","conditions":"Rain"},{"datetime":"20:00:00","temp":"18.2","conditions":"Rain, Partially cloudy"},{"datetime":"21:00:00","temp":"17.9","conditions":"Rain, Partially cloudy"},{"datetime":"22:00:00","temp":"17.6","conditions":"Rain, Partially cloudy"},{"datetime":"23:00:00","temp":"17.5","conditions":"Rain, Partially cloudy"}]},{"datetime":"2025-04-12","temp":"18.4","conditions":"Rain, Partially cloudy","hours":[{"datetime":"00:00:00","temp":"17.4","conditions":"Rain, Overcast"},{"datetime":"01:00:00","temp":"17.4","conditions":"Rain, Overcast"},{"datetime":"02:00:00","temp":"17.4","conditions":"Rain, Overcast"},{"datetime":"03:00:00","temp":"17.4","conditions":"Rain, Overcast"},{"datetime":"04:00:00","temp":"17.5","conditions":"Rain, Overcast"},{"datetime":"05:00:00","temp":"17.4","conditions":"Rain, Overcast"},{"datetime":"06:00:00","temp":"17.3","conditions":"Rain, Overcast"},{"datetime":"07:00:00","temp":"17.2","conditions":"Rain, Overcast"},{"datetime":"08:00:00","temp":"17.2","conditions":"Rain, Partially cloudy"},{"datetime":"09:00:00","temp":"17.3","conditions":"Rain, Partially cloudy"},{"datetime":"10:00:00","temp":"17.4","conditions":"Rain"},{"datetime":"11:00:00","temp":"17.5","conditions":"Rain, Partially cloudy"},{"datetime":"12:00:00","temp":"17.7","conditions":"Rain, Partially cloudy"},{"datetime":"13:00:00","temp":"17.9","conditions":"Rain, Overcast"},{"datetime":"14:00:00","temp":"19.3","conditions":"Rain, Overcast"},{"datetime":"15:00:00","temp":"20.7","conditions":"Rain, Overcast"},{"datetime":"16:00:00","temp":"22.2","conditions":"Rain, Overcast"},{"datetime":"17:00:00","temp":"21.7","conditions":"Rain, Overcast"},{"datetime":"18:00:00","temp":"21.2","conditions":"Rain, Overcast"},{"datetime":"19:00:00","temp":"20.8","conditions":"Rain, Overcast"},{"datetime":"20:00:00","temp":"19.6","conditions":"Rain, Partially cloudy"},{"datetime":"21:00:00","temp":"18.5","conditions":"Rain, Partially cloudy"},{"datetime":"22:00:00","temp":"17.4","conditions":"Rain"},{"datetime":"23:00:00","temp":"17.3","conditions":"Rain"}]},{"datetime":"2025-04-13","temp":"16.5","conditions":"Rain, Partially cloudy","hours":[{"datetime":"00:00:00","temp":"17.3","conditions":"Rain"},{"datetime":"01:00:00","temp":"17.3","conditions":"Rain"},{"datetime":"02:00:00","temp":"16.9","conditions":"Clear"},{"datetime":"03:00:00","temp":"16.7","conditions":"Clear"},{"datetime":"04:00:00","temp":"16.4","conditions":"Clear"},{"datetime":"05:00:00","temp":"16.2","conditions":"Partially cloudy"},{"datetime":"06:00:00","temp":"16.1","conditions":"Partially cloudy"},{"datetime":"07:00:00","temp":"16.0","conditions":"Overcast"},{"datetime":"08:00:00","temp":"16.2","conditions":"Rain, Overcast"},{"datetime":"09:00:00","temp":"16.5","conditions":"Rain, Overcast"},{"datetime":"10:00:00","temp":"16.8","conditions":"Rain, Overcast"},{"datetime":"11:00:00","temp":"16.8","conditions":"Rain, Overcast"},{"datetime":"12:00:00","temp":"16.8","conditions":"Rain, Overcast"},{"datetime":"13:00:00","temp":"16.9","conditions":"Rain, Overcast"},{"datetime":"14:00:00","temp":"17.0","conditions":"Rain, Overcast"},{"datetime":"15:00:00","temp":"17.1","conditions":"Rain, Overcast"},{"datetime":"16:00:00","temp":"17.2","conditions":"Rain, Overcast"},{"datetime":"17:00:00","temp":"16.8","conditions":"Rain, Overcast"},{"datetime":"18:00:00","temp":"16.4","conditions":"Rain, Overcast"},{"datetime":"19:00:00","temp":"16.1","conditions":"Rain, Overcast"},{"datetime":"20:00:00","temp":"15.8","conditions":"Rain, Overcast"},{"datetime":"21:00:00","temp":"15.5","conditions":"Rain, Overcast"},{"datetime":"22:00:00","temp":"15.2","conditions":"Rain, Overcast"},{"datetime":"23:00:00","temp":"14.9","conditions":"Rain, Overcast"}]},{"datetime":"2025-04-14","temp":"14.8","conditions":"Rain, Partially cloudy","hours":[{"datetime":"00:00:00","temp":"14.7","conditions":"Rain, Overcast"},{"datetime":"01:00:00","temp":"14.5","conditions":"Rain, Overcast"},{"datetime":"02:00:00","temp":"14.4","conditions":"Partially cloudy"},{"datetime":"03:00:00","temp":"14.3","conditions":"Partially cloudy"},{"datetime":"04:00:00","temp":"14.2","conditions":"Partially cloudy"},{"datetime":"05:00:00","temp":"14.0","conditions":"Partially cloudy"},{"datetime":"06:00:00","temp":"13.8","conditions":"Partially cloudy"},{"datetime":"07:00:00","temp":"13.7","conditions":"Clear"},{"datetime":"08:00:00","temp":"14.1","conditions":"Partially cloudy"},{"datetime":"09:00:00","temp":"14.6","conditions":"Partially cloudy"},{"datetime":"10:00:00","temp":"15.1","conditions":"Partially cloudy"},{"datetime":"11:00:00","temp":"15.4","conditions":"Partially cloudy"},{"datetime":"12:00:00","temp":"15.7","conditions":"Partially cloudy"},{"datetime":"13:00:00","temp":"16.0","conditions":"Partially cloudy"},{"datetime":"14:00:00","temp":"15.9","conditions":"Rain, Partially cloudy"},{"datetime":"15:00:00","temp":"15.8","conditions":"Rain, Partially cloudy"},{"datetime":"16:00:00","temp":"15.7","conditions":"Rain, Partially cloudy"},{"datetime":"17:00:00","temp":"15.4","conditions":"Rain, Partially cloudy"},{"datetime":"18:00:00","temp":"15.2","conditions":"Rain, Partially cloudy"},{"datetime":"19:00:00","temp":"15.0","conditions":"Rain, Partially cloudy"},{"datetime":"20:00:00","temp":"14.8","conditions":"Partially cloudy"},{"datetime":"21:00:00","temp":"14.6","conditions":"Partially cloudy"},{"datetime":"22:00:00","temp":"14.5","conditions":"Overcast"},{"datetime":"23:00:00","temp":"14.4","conditions":"Overcast"}]},{"datetime":"2025-04-15","temp":"14.0","conditions":"Partially cloudy","hours":[{"datetime":"00:00:00","temp":"14.3","conditions":"Overcast"},{"datetime":"01:00:00","temp":"14.3","conditions":"Overcast"},{"datetime":"02:00:00","temp":"13.9","conditions":"Overcast"},{"datetime":"03:00:00","temp":"13.7","conditions":"Overcast"},{"datetime":"04:00:00","temp":"13.4","conditions":"Overcast"},{"datetime":"05:00:00","temp":"13.4","conditions":"Overcast"},{"datetime":"06:00:00","temp":"13.5","conditions":"Overcast"},{"datetime":"07:00:00","temp":"13.6","conditions":"Overcast"},{"datetime":"08:00:00","temp":"13.7","conditions":"Overcast"},{"datetime":"09:00:00","temp":"13.8","conditions":"Overcast"},{"datetime":"10:00:00","temp":"14.0","conditions":"Overcast"},{"datetime":"11:00:00","temp":"14.3","conditions":"Overcast"},{"datetime":"12:00:00","temp":"14.7","conditions":"Overcast"},{"datetime":"13:00:00","temp":"15.1","conditions":"Overcast"},{"datetime":"14:00:00","temp":"14.8","conditions":"Partially cloudy"},{"datetime":"15:00:00","temp":"14.6","conditions":"Partially cloudy"},{"datetime":"16:00:00","temp":"14.4","conditions":"Partially cloudy"},{"datetime":"17:00:00","temp":"14.2","conditions":"Partially cloudy"},{"datetime":"18:00:00","temp":"14.0","conditions":"Partially cloudy"},{"datetime":"19:00:00","temp":"13.9","conditions":"Partially cloudy"},{"datetime":"20:00:00","temp":"13.8","conditions":"Partially cloudy"},{"datetime":"21:00:00","temp":"13.7","conditions":"Partially cloudy"},{"datetime":"22:00:00","temp":"13.7","conditions":"Overcast"},{"datetime":"23:00:00","temp":"13.6","conditions":"Overcast"}]},{"datetime":"2025-04-16","temp":"14.5","conditions":"Overcast","hours":[{"datetime":"00:00:00","temp":"13.6","conditions":"Overcast"},{"datetime":"01:00:00","temp":"13.6","conditions":"Overcast"},{"datetime":"02:00:00","temp":"13.5","conditions":"Overcast"},{"datetime":"03:00:00","temp":"13.4","conditions":"Overcast"},{"datetime":"04:00:00","temp":"13.4","conditions":"Overcast"},{"datetime":"05:00:00","temp":"13.4","conditions":"Overcast"},{"datetime":"06:00:00","temp":"13.4","conditions":"Overcast"},{"datetime":"07:00:00","temp":"13.4","conditions":"Overcast"},{"datetime":"08:00:00","temp":"13.7","conditions":"Overcast"},{"datetime":"09:00:00","temp":"14.1","conditions":"Overcast"},{"datetime":"10:00:00","temp":"14.5","conditions":"Overcast"},{"datetime":"11:00:00","temp":"14.8","conditions":"Overcast"},{"datetime":"12:00:00","temp":"15.1","conditions":"Overcast"},{"datetime":"13:00:00","temp":"15.4","conditions":"Overcast"},{"datetime":"14:00:00","temp":"15.4","conditions":"Overcast"},{"datetime":"15:00:00","temp":"15.4","conditions":"Overcast"},{"datetime":"16:00:00","temp":"15.5","conditions":"Overcast"},{"datetime":"17:00:00","temp":"15.4","conditions":"Partially cloudy"},{"datetime":"18:00:00","temp":"15.3","conditions":"Partially cloudy"},{"datetime":"19:00:00","temp":"15.3","conditions":"Partially cloudy"},{"datetime":"20:00:00","temp":"15.1","conditions":"Partially cloudy"},{"datetime":"21:00:00","temp":"15.0","conditions":"Partially cloudy"},{"datetime":"22:00:00","temp":"14.9","conditions":"Partially cloudy"},{"datetime":"23:00:00","temp":"15.0","conditions":"Partially cloudy"}]}],"currentConditions":{"temp":"20.4","conditions":"Partially cloudy","humidity":"64.7"},"alerts":[]}
    Forwarded URL = null
   Redirected URL = null
          Cookies = []
]]></system-out>
  </testcase>
  <testcase name="whenGetWeatherDaysAndCurrent_thenReturnCorrectData" classname="tqs.hw1.controller.integration.mock.WeatherControllerMockIT" time="0.385"/>
</testsuite>