<?xml version="1.0" encoding="UTF-8"?>
<testsuite xmlns:xsi="http://www.w3.org/2001/XMLSchema-instance" xsi:noNamespaceSchemaLocation="https://maven.apache.org/surefire/maven-surefire-plugin/xsd/surefire-test-report.xsd" version="3.0.2" name="tqs.hw1.controller.containers.WeatherControllerTest" time="6.611" tests="1" errors="0" skipped="0" failures="1">
  <properties>
    <property name="java.specification.version" value="21"/>
    <property name="sun.jnu.encoding" value="UTF-8"/>
    <property name="java.class.path" value="/home/carolina/UA/3ANO/2SEMESTRE/TQS/Labs/TQS/HW1/backend/target/test-classes:/home/carolina/UA/3ANO/2SEMESTRE/TQS/Labs/TQS/HW1/backend/target/classes:/home/carolina/.m2/repository/org/jsoup/jsoup/1.18.1/jsoup-1.18.1.jar:/home/carolina/.m2/repository/io/rest-assured/spring-mock-mvc/5.5.1/spring-mock-mvc-5.5.1.jar:/home/carolina/.m2/repository/io/rest-assured/spring-commons/5.5.1/spring-commons-5.5.1.jar:/home/carolina/.m2/repository/org/springframework/spring-test/6.2.3/spring-test-6.2.3.jar:/home/carolina/.m2/repository/org/springframework/spring-webmvc/6.2.3/spring-webmvc-6.2.3.jar:/home/carolina/.m2/repository/org/springframework/spring-aop/6.2.3/spring-aop-6.2.3.jar:/home/carolina/.m2/repository/org/springframework/spring-beans/6.2.3/spring-beans-6.2.3.jar:/home/carolina/.m2/repository/org/springframework/spring-context/6.2.3/spring-context-6.2.3.jar:/home/carolina/.m2/repository/org/springframework/spring-expression/6.2.3/spring-expression-6.2.3.jar:/home/carolina/.m2/repository/org/springframework/boot/spring-boot-test-autoconfigure/3.4.3/spring-boot-test-autoconfigure-3.4.3.jar:/home/carolina/.m2/repository/org/springframework/boot/spring-boot/3.4.3/spring-boot-3.4.3.jar:/home/carolina/.m2/repository/org/springframework/boot/spring-boot-test/3.4.3/spring-boot-test-3.4.3.jar:/home/carolina/.m2/repository/org/springframework/boot/spring-boot-autoconfigure/3.4.3/spring-boot-autoconfigure-3.4.3.jar:/home/carolina/.m2/repository/org/springframework/boot/spring-boot-starter-data-jpa/3.4.3/spring-boot-starter-data-jpa-3.4.3.jar:/home/carolina/.m2/repository/org/springframework/boot/spring-boot-starter/3.4.3/spring-boot-starter-3.4.3.jar:/home/carolina/.m2/repository/org/springframework/boot/spring-boot-starter-logging/3.4.3/spring-boot-starter-logging-3.4.3.jar:/home/carolina/.m2/repository/ch/qos/logback/logback-classic/1.5.16/logback-classic-1.5.16.jar:/home/carolina/.m2/repository/ch/qos/logback/logback-core/1.5.16/logback-core-1.5.16.jar:/home/carolina/.m2/repository/org/apache/logging/log4j/log4j-to-slf4j/2.24.3/log4j-to-slf4j-2.24.3.jar:/home/carolina/.m2/repository/org/apache/logging/log4j/log4j-api/2.24.3/log4j-api-2.24.3.jar:/home/carolina/.m2/repository/org/slf4j/jul-to-slf4j/2.0.16/jul-to-slf4j-2.0.16.jar:/home/carolina/.m2/repository/jakarta/annotation/jakarta.annotation-api/2.1.1/jakarta.annotation-api-2.1.1.jar:/home/carolina/.m2/repository/org/yaml/snakeyaml/2.3/snakeyaml-2.3.jar:/home/carolina/.m2/repository/org/springframework/boot/spring-boot-starter-jdbc/3.4.3/spring-boot-starter-jdbc-3.4.3.jar:/home/carolina/.m2/repository/com/zaxxer/HikariCP/5.1.0/HikariCP-5.1.0.jar:/home/carolina/.m2/repository/org/springframework/spring-jdbc/6.2.3/spring-jdbc-6.2.3.jar:/home/carolina/.m2/repository/org/hibernate/orm/hibernate-core/6.6.8.Final/hibernate-core-6.6.8.Final.jar:/home/carolina/.m2/repository/jakarta/persistence/jakarta.persistence-api/3.1.0/jakarta.persistence-api-3.1.0.jar:/home/carolina/.m2/repository/jakarta/transaction/jakarta.transaction-api/2.0.1/jakarta.transaction-api-2.0.1.jar:/home/carolina/.m2/repository/org/jboss/logging/jboss-logging/3.6.1.Final/jboss-logging-3.6.1.Final.jar:/home/carolina/.m2/repository/org/hibernate/common/hibernate-commons-annotations/7.0.3.Final/hibernate-commons-annotations-7.0.3.Final.jar:/home/carolina/.m2/repository/io/smallrye/jandex/3.2.0/jandex-3.2.0.jar:/home/carolina/.m2/repository/com/fasterxml/classmate/1.7.0/classmate-1.7.0.jar:/home/carolina/.m2/repository/org/glassfish/jaxb/jaxb-runtime/4.0.5/jaxb-runtime-4.0.5.jar:/home/carolina/.m2/repository/org/glassfish/jaxb/jaxb-core/4.0.5/jaxb-core-4.0.5.jar:/home/carolina/.m2/repository/org/eclipse/angus/angus-activation/2.0.2/angus-activation-2.0.2.jar:/home/carolina/.m2/repository/org/glassfish/jaxb/txw2/4.0.5/txw2-4.0.5.jar:/home/carolina/.m2/repository/com/sun/istack/istack-commons-runtime/4.1.2/istack-commons-runtime-4.1.2.jar:/home/carolina/.m2/repository/jakarta/inject/jakarta.inject-api/2.0.1/jakarta.inject-api-2.0.1.jar:/home/carolina/.m2/repository/org/antlr/antlr4-runtime/4.13.0/antlr4-runtime-4.13.0.jar:/home/carolina/.m2/repository/org/springframework/data/spring-data-jpa/3.4.3/spring-data-jpa-3.4.3.jar:/home/carolina/.m2/repository/org/springframework/data/spring-data-commons/3.4.3/spring-data-commons-3.4.3.jar:/home/carolina/.m2/repository/org/springframework/spring-orm/6.2.3/spring-orm-6.2.3.jar:/home/carolina/.m2/repository/org/springframework/spring-tx/6.2.3/spring-tx-6.2.3.jar:/home/carolina/.m2/repository/org/slf4j/slf4j-api/2.0.16/slf4j-api-2.0.16.jar:/home/carolina/.m2/repository/org/springframework/spring-aspects/6.2.3/spring-aspects-6.2.3.jar:/home/carolina/.m2/repository/org/aspectj/aspectjweaver/1.9.22.1/aspectjweaver-1.9.22.1.jar:/home/carolina/.m2/repository/com/h2database/h2/2.3.232/h2-2.3.232.jar:/home/carolina/.m2/repository/org/flywaydb/flyway-core/10.20.1/flyway-core-10.20.1.jar:/home/carolina/.m2/repository/com/fasterxml/jackson/dataformat/jackson-dataformat-toml/2.18.2/jackson-dataformat-toml-2.18.2.jar:/home/carolina/.m2/repository/com/fasterxml/jackson/core/jackson-databind/2.18.2/jackson-databind-2.18.2.jar:/home/carolina/.m2/repository/com/fasterxml/jackson/core/jackson-core/2.18.2/jackson-core-2.18.2.jar:/home/carolina/.m2/repository/com/fasterxml/jackson/datatype/jackson-datatype-jsr310/2.18.2/jackson-datatype-jsr310-2.18.2.jar:/home/carolina/.m2/repository/com/fasterxml/jackson/core/jackson-annotations/2.18.2/jackson-annotations-2.18.2.jar:/home/carolina/.m2/repository/org/flywaydb/flyway-database-postgresql/10.20.1/flyway-database-postgresql-10.20.1.jar:/home/carolina/.m2/repository/org/springframework/boot/spring-boot-devtools/3.4.3/spring-boot-devtools-3.4.3.jar:/home/carolina/.m2/repository/org/postgresql/postgresql/42.7.5/postgresql-42.7.5.jar:/home/carolina/.m2/repository/org/checkerframework/checker-qual/3.48.3/checker-qual-3.48.3.jar:/home/carolina/.m2/repository/org/springframework/boot/spring-boot-testcontainers/3.4.3/spring-boot-testcontainers-3.4.3.jar:/home/carolina/.m2/repository/org/testcontainers/testcontainers/1.20.5/testcontainers-1.20.5.jar:/home/carolina/.m2/repository/junit/junit/4.13.2/junit-4.13.2.jar:/home/carolina/.m2/repository/org/hamcrest/hamcrest-core/2.2/hamcrest-core-2.2.jar:/home/carolina/.m2/repository/org/apache/commons/commons-compress/1.24.0/commons-compress-1.24.0.jar:/home/carolina/.m2/repository/org/rnorth/duct-tape/duct-tape/1.0.8/duct-tape-1.0.8.jar:/home/carolina/.m2/repository/org/jetbrains/annotations/17.0.0/annotations-17.0.0.jar:/home/carolina/.m2/repository/com/github/docker-java/docker-java-api/3.4.1/docker-java-api-3.4.1.jar:/home/carolina/.m2/repository/com/github/docker-java/docker-java-transport-zerodep/3.4.1/docker-java-transport-zerodep-3.4.1.jar:/home/carolina/.m2/repository/com/github/docker-java/docker-java-transport/3.4.1/docker-java-transport-3.4.1.jar:/home/carolina/.m2/repository/net/java/dev/jna/jna/5.13.0/jna-5.13.0.jar:/home/carolina/.m2/repository/org/testcontainers/junit-jupiter/1.20.5/junit-jupiter-1.20.5.jar:/home/carolina/.m2/repository/io/rest-assured/rest-assured/5.5.1/rest-assured-5.5.1.jar:/home/carolina/.m2/repository/org/apache/groovy/groovy/4.0.25/groovy-4.0.25.jar:/home/carolina/.m2/repository/org/apache/groovy/groovy-xml/4.0.25/groovy-xml-4.0.25.jar:/home/carolina/.m2/repository/org/apache/httpcomponents/httpclient/4.5.13/httpclient-4.5.13.jar:/home/carolina/.m2/repository/org/apache/httpcomponents/httpcore/4.4.16/httpcore-4.4.16.jar:/home/carolina/.m2/repository/commons-logging/commons-logging/1.2/commons-logging-1.2.jar:/home/carolina/.m2/repository/commons-codec/commons-codec/1.17.2/commons-codec-1.17.2.jar:/home/carolina/.m2/repository/org/apache/httpcomponents/httpmime/4.5.13/httpmime-4.5.13.jar:/home/carolina/.m2/repository/org/hamcrest/hamcrest/2.2/hamcrest-2.2.jar:/home/carolina/.m2/repository/org/ccil/cowan/tagsoup/tagsoup/1.2.1/tagsoup-1.2.1.jar:/home/carolina/.m2/repository/io/rest-assured/json-path/5.5.1/json-path-5.5.1.jar:/home/carolina/.m2/repository/org/apache/groovy/groovy-json/4.0.25/groovy-json-4.0.25.jar:/home/carolina/.m2/repository/io/rest-assured/rest-assured-common/5.5.1/rest-assured-common-5.5.1.jar:/home/carolina/.m2/repository/io/rest-assured/xml-path/5.5.1/xml-path-5.5.1.jar:/home/carolina/.m2/repository/org/apache/commons/commons-lang3/3.17.0/commons-lang3-3.17.0.jar:/home/carolina/.m2/repository/org/testcontainers/postgresql/1.20.5/postgresql-1.20.5.jar:/home/carolina/.m2/repository/org/testcontainers/jdbc/1.20.5/jdbc-1.20.5.jar:/home/carolina/.m2/repository/org/testcontainers/database-commons/1.20.5/database-commons-1.20.5.jar:/home/carolina/.m2/repository/org/springframework/boot/spring-boot-starter-web/3.4.3/spring-boot-starter-web-3.4.3.jar:/home/carolina/.m2/repository/org/springframework/boot/spring-boot-starter-json/3.4.3/spring-boot-starter-json-3.4.3.jar:/home/carolina/.m2/repository/com/fasterxml/jackson/datatype/jackson-datatype-jdk8/2.18.2/jackson-datatype-jdk8-2.18.2.jar:/home/carolina/.m2/repository/com/fasterxml/jackson/module/jackson-module-parameter-names/2.18.2/jackson-module-parameter-names-2.18.2.jar:/home/carolina/.m2/repository/org/springframework/boot/spring-boot-starter-tomcat/3.4.3/spring-boot-starter-tomcat-3.4.3.jar:/home/carolina/.m2/repository/org/apache/tomcat/embed/tomcat-embed-core/10.1.36/tomcat-embed-core-10.1.36.jar:/home/carolina/.m2/repository/org/apache/tomcat/embed/tomcat-embed-el/10.1.36/tomcat-embed-el-10.1.36.jar:/home/carolina/.m2/repository/org/apache/tomcat/embed/tomcat-embed-websocket/10.1.36/tomcat-embed-websocket-10.1.36.jar:/home/carolina/.m2/repository/org/springframework/spring-web/6.2.3/spring-web-6.2.3.jar:/home/carolina/.m2/repository/io/micrometer/micrometer-observation/1.14.4/micrometer-observation-1.14.4.jar:/home/carolina/.m2/repository/io/micrometer/micrometer-commons/1.14.4/micrometer-commons-1.14.4.jar:/home/carolina/.m2/repository/org/springframework/boot/spring-boot-starter-test/3.4.3/spring-boot-starter-test-3.4.3.jar:/home/carolina/.m2/repository/com/jayway/jsonpath/json-path/2.9.0/json-path-2.9.0.jar:/home/carolina/.m2/repository/jakarta/xml/bind/jakarta.xml.bind-api/4.0.2/jakarta.xml.bind-api-4.0.2.jar:/home/carolina/.m2/repository/jakarta/activation/jakarta.activation-api/2.1.3/jakarta.activation-api-2.1.3.jar:/home/carolina/.m2/repository/net/minidev/json-smart/2.5.2/json-smart-2.5.2.jar:/home/carolina/.m2/repository/net/minidev/accessors-smart/2.5.2/accessors-smart-2.5.2.jar:/home/carolina/.m2/repository/org/ow2/asm/asm/9.7.1/asm-9.7.1.jar:/home/carolina/.m2/repository/org/assertj/assertj-core/3.26.3/assertj-core-3.26.3.jar:/home/carolina/.m2/repository/org/awaitility/awaitility/4.2.2/awaitility-4.2.2.jar:/home/carolina/.m2/repository/org/junit/jupiter/junit-jupiter/5.11.4/junit-jupiter-5.11.4.jar:/home/carolina/.m2/repository/org/junit/jupiter/junit-jupiter-api/5.11.4/junit-jupiter-api-5.11.4.jar:/home/carolina/.m2/repository/org/opentest4j/opentest4j/1.3.0/opentest4j-1.3.0.jar:/home/carolina/.m2/repository/org/junit/platform/junit-platform-commons/1.11.4/junit-platform-commons-1.11.4.jar:/home/carolina/.m2/repository/org/apiguardian/apiguardian-api/1.1.2/apiguardian-api-1.1.2.jar:/home/carolina/.m2/repository/org/junit/jupiter/junit-jupiter-params/5.11.4/junit-jupiter-params-5.11.4.jar:/home/carolina/.m2/repository/org/junit/jupiter/junit-jupiter-engine/5.11.4/junit-jupiter-engine-5.11.4.jar:/home/carolina/.m2/repository/org/junit/platform/junit-platform-engine/1.11.4/junit-platform-engine-1.11.4.jar:/home/carolina/.m2/repository/org/mockito/mockito-junit-jupiter/5.14.2/mockito-junit-jupiter-5.14.2.jar:/home/carolina/.m2/repository/org/skyscreamer/jsonassert/1.5.3/jsonassert-1.5.3.jar:/home/carolina/.m2/repository/com/vaadin/external/google/android-json/0.0.20131108.vaadin1/android-json-0.0.20131108.vaadin1.jar:/home/carolina/.m2/repository/org/springframework/spring-core/6.2.3/spring-core-6.2.3.jar:/home/carolina/.m2/repository/org/springframework/spring-jcl/6.2.3/spring-jcl-6.2.3.jar:/home/carolina/.m2/repository/org/xmlunit/xmlunit-core/2.10.0/xmlunit-core-2.10.0.jar:/home/carolina/.m2/repository/org/mockito/mockito-core/5.14.2/mockito-core-5.14.2.jar:/home/carolina/.m2/repository/net/bytebuddy/byte-buddy/1.15.11/byte-buddy-1.15.11.jar:/home/carolina/.m2/repository/net/bytebuddy/byte-buddy-agent/1.15.11/byte-buddy-agent-1.15.11.jar:/home/carolina/.m2/repository/org/objenesis/objenesis/3.3/objenesis-3.3.jar:"/>
    <property name="java.vm.vendor" value="Ubuntu"/>
    <property name="sun.arch.data.model" value="64"/>
    <property name="catalina.useNaming" value="false"/>
    <property name="java.vendor.url" value="https://ubuntu.com/"/>
    <property name="user.timezone" value="Europe/Lisbon"/>
    <property name="org.jboss.logging.provider" value="slf4j"/>
    <property name="os.name" value="Linux"/>
    <property name="java.vm.specification.version" value="21"/>
    <property name="APPLICATION_NAME" value="HW1"/>
    <property name="sun.java.launcher" value="SUN_STANDARD"/>
    <property name="user.country" value="BR"/>
    <property name="sun.boot.library.path" value="/usr/lib/jvm/java-21-openjdk-amd64/lib"/>
    <property name="sun.java.command" value="/home/carolina/UA/3ANO/2SEMESTRE/TQS/Labs/TQS/HW1/backend/target/surefire/surefirebooter-20250325120407081_3.jar /home/carolina/UA/3ANO/2SEMESTRE/TQS/Labs/TQS/HW1/backend/target/surefire 2025-03-25T12-04-06_959-jvmRun1 surefire-20250325120407081_1tmp surefire_0-20250325120407081_2tmp"/>
    <property name="jdk.debug" value="release"/>
    <property name="surefire.test.class.path" value="/home/carolina/UA/3ANO/2SEMESTRE/TQS/Labs/TQS/HW1/backend/target/test-classes:/home/carolina/UA/3ANO/2SEMESTRE/TQS/Labs/TQS/HW1/backend/target/classes:/home/carolina/.m2/repository/org/jsoup/jsoup/1.18.1/jsoup-1.18.1.jar:/home/carolina/.m2/repository/io/rest-assured/spring-mock-mvc/5.5.1/spring-mock-mvc-5.5.1.jar:/home/carolina/.m2/repository/io/rest-assured/spring-commons/5.5.1/spring-commons-5.5.1.jar:/home/carolina/.m2/repository/org/springframework/spring-test/6.2.3/spring-test-6.2.3.jar:/home/carolina/.m2/repository/org/springframework/spring-webmvc/6.2.3/spring-webmvc-6.2.3.jar:/home/carolina/.m2/repository/org/springframework/spring-aop/6.2.3/spring-aop-6.2.3.jar:/home/carolina/.m2/repository/org/springframework/spring-beans/6.2.3/spring-beans-6.2.3.jar:/home/carolina/.m2/repository/org/springframework/spring-context/6.2.3/spring-context-6.2.3.jar:/home/carolina/.m2/repository/org/springframework/spring-expression/6.2.3/spring-expression-6.2.3.jar:/home/carolina/.m2/repository/org/springframework/boot/spring-boot-test-autoconfigure/3.4.3/spring-boot-test-autoconfigure-3.4.3.jar:/home/carolina/.m2/repository/org/springframework/boot/spring-boot/3.4.3/spring-boot-3.4.3.jar:/home/carolina/.m2/repository/org/springframework/boot/spring-boot-test/3.4.3/spring-boot-test-3.4.3.jar:/home/carolina/.m2/repository/org/springframework/boot/spring-boot-autoconfigure/3.4.3/spring-boot-autoconfigure-3.4.3.jar:/home/carolina/.m2/repository/org/springframework/boot/spring-boot-starter-data-jpa/3.4.3/spring-boot-starter-data-jpa-3.4.3.jar:/home/carolina/.m2/repository/org/springframework/boot/spring-boot-starter/3.4.3/spring-boot-starter-3.4.3.jar:/home/carolina/.m2/repository/org/springframework/boot/spring-boot-starter-logging/3.4.3/spring-boot-starter-logging-3.4.3.jar:/home/carolina/.m2/repository/ch/qos/logback/logback-classic/1.5.16/logback-classic-1.5.16.jar:/home/carolina/.m2/repository/ch/qos/logback/logback-core/1.5.16/logback-core-1.5.16.jar:/home/carolina/.m2/repository/org/apache/logging/log4j/log4j-to-slf4j/2.24.3/log4j-to-slf4j-2.24.3.jar:/home/carolina/.m2/repository/org/apache/logging/log4j/log4j-api/2.24.3/log4j-api-2.24.3.jar:/home/carolina/.m2/repository/org/slf4j/jul-to-slf4j/2.0.16/jul-to-slf4j-2.0.16.jar:/home/carolina/.m2/repository/jakarta/annotation/jakarta.annotation-api/2.1.1/jakarta.annotation-api-2.1.1.jar:/home/carolina/.m2/repository/org/yaml/snakeyaml/2.3/snakeyaml-2.3.jar:/home/carolina/.m2/repository/org/springframework/boot/spring-boot-starter-jdbc/3.4.3/spring-boot-starter-jdbc-3.4.3.jar:/home/carolina/.m2/repository/com/zaxxer/HikariCP/5.1.0/HikariCP-5.1.0.jar:/home/carolina/.m2/repository/org/springframework/spring-jdbc/6.2.3/spring-jdbc-6.2.3.jar:/home/carolina/.m2/repository/org/hibernate/orm/hibernate-core/6.6.8.Final/hibernate-core-6.6.8.Final.jar:/home/carolina/.m2/repository/jakarta/persistence/jakarta.persistence-api/3.1.0/jakarta.persistence-api-3.1.0.jar:/home/carolina/.m2/repository/jakarta/transaction/jakarta.transaction-api/2.0.1/jakarta.transaction-api-2.0.1.jar:/home/carolina/.m2/repository/org/jboss/logging/jboss-logging/3.6.1.Final/jboss-logging-3.6.1.Final.jar:/home/carolina/.m2/repository/org/hibernate/common/hibernate-commons-annotations/7.0.3.Final/hibernate-commons-annotations-7.0.3.Final.jar:/home/carolina/.m2/repository/io/smallrye/jandex/3.2.0/jandex-3.2.0.jar:/home/carolina/.m2/repository/com/fasterxml/classmate/1.7.0/classmate-1.7.0.jar:/home/carolina/.m2/repository/org/glassfish/jaxb/jaxb-runtime/4.0.5/jaxb-runtime-4.0.5.jar:/home/carolina/.m2/repository/org/glassfish/jaxb/jaxb-core/4.0.5/jaxb-core-4.0.5.jar:/home/carolina/.m2/repository/org/eclipse/angus/angus-activation/2.0.2/angus-activation-2.0.2.jar:/home/carolina/.m2/repository/org/glassfish/jaxb/txw2/4.0.5/txw2-4.0.5.jar:/home/carolina/.m2/repository/com/sun/istack/istack-commons-runtime/4.1.2/istack-commons-runtime-4.1.2.jar:/home/carolina/.m2/repository/jakarta/inject/jakarta.inject-api/2.0.1/jakarta.inject-api-2.0.1.jar:/home/carolina/.m2/repository/org/antlr/antlr4-runtime/4.13.0/antlr4-runtime-4.13.0.jar:/home/carolina/.m2/repository/org/springframework/data/spring-data-jpa/3.4.3/spring-data-jpa-3.4.3.jar:/home/carolina/.m2/repository/org/springframework/data/spring-data-commons/3.4.3/spring-data-commons-3.4.3.jar:/home/carolina/.m2/repository/org/springframework/spring-orm/6.2.3/spring-orm-6.2.3.jar:/home/carolina/.m2/repository/org/springframework/spring-tx/6.2.3/spring-tx-6.2.3.jar:/home/carolina/.m2/repository/org/slf4j/slf4j-api/2.0.16/slf4j-api-2.0.16.jar:/home/carolina/.m2/repository/org/springframework/spring-aspects/6.2.3/spring-aspects-6.2.3.jar:/home/carolina/.m2/repository/org/aspectj/aspectjweaver/1.9.22.1/aspectjweaver-1.9.22.1.jar:/home/carolina/.m2/repository/com/h2database/h2/2.3.232/h2-2.3.232.jar:/home/carolina/.m2/repository/org/flywaydb/flyway-core/10.20.1/flyway-core-10.20.1.jar:/home/carolina/.m2/repository/com/fasterxml/jackson/dataformat/jackson-dataformat-toml/2.18.2/jackson-dataformat-toml-2.18.2.jar:/home/carolina/.m2/repository/com/fasterxml/jackson/core/jackson-databind/2.18.2/jackson-databind-2.18.2.jar:/home/carolina/.m2/repository/com/fasterxml/jackson/core/jackson-core/2.18.2/jackson-core-2.18.2.jar:/home/carolina/.m2/repository/com/fasterxml/jackson/datatype/jackson-datatype-jsr310/2.18.2/jackson-datatype-jsr310-2.18.2.jar:/home/carolina/.m2/repository/com/fasterxml/jackson/core/jackson-annotations/2.18.2/jackson-annotations-2.18.2.jar:/home/carolina/.m2/repository/org/flywaydb/flyway-database-postgresql/10.20.1/flyway-database-postgresql-10.20.1.jar:/home/carolina/.m2/repository/org/springframework/boot/spring-boot-devtools/3.4.3/spring-boot-devtools-3.4.3.jar:/home/carolina/.m2/repository/org/postgresql/postgresql/42.7.5/postgresql-42.7.5.jar:/home/carolina/.m2/repository/org/checkerframework/checker-qual/3.48.3/checker-qual-3.48.3.jar:/home/carolina/.m2/repository/org/springframework/boot/spring-boot-testcontainers/3.4.3/spring-boot-testcontainers-3.4.3.jar:/home/carolina/.m2/repository/org/testcontainers/testcontainers/1.20.5/testcontainers-1.20.5.jar:/home/carolina/.m2/repository/junit/junit/4.13.2/junit-4.13.2.jar:/home/carolina/.m2/repository/org/hamcrest/hamcrest-core/2.2/hamcrest-core-2.2.jar:/home/carolina/.m2/repository/org/apache/commons/commons-compress/1.24.0/commons-compress-1.24.0.jar:/home/carolina/.m2/repository/org/rnorth/duct-tape/duct-tape/1.0.8/duct-tape-1.0.8.jar:/home/carolina/.m2/repository/org/jetbrains/annotations/17.0.0/annotations-17.0.0.jar:/home/carolina/.m2/repository/com/github/docker-java/docker-java-api/3.4.1/docker-java-api-3.4.1.jar:/home/carolina/.m2/repository/com/github/docker-java/docker-java-transport-zerodep/3.4.1/docker-java-transport-zerodep-3.4.1.jar:/home/carolina/.m2/repository/com/github/docker-java/docker-java-transport/3.4.1/docker-java-transport-3.4.1.jar:/home/carolina/.m2/repository/net/java/dev/jna/jna/5.13.0/jna-5.13.0.jar:/home/carolina/.m2/repository/org/testcontainers/junit-jupiter/1.20.5/junit-jupiter-1.20.5.jar:/home/carolina/.m2/repository/io/rest-assured/rest-assured/5.5.1/rest-assured-5.5.1.jar:/home/carolina/.m2/repository/org/apache/groovy/groovy/4.0.25/groovy-4.0.25.jar:/home/carolina/.m2/repository/org/apache/groovy/groovy-xml/4.0.25/groovy-xml-4.0.25.jar:/home/carolina/.m2/repository/org/apache/httpcomponents/httpclient/4.5.13/httpclient-4.5.13.jar:/home/carolina/.m2/repository/org/apache/httpcomponents/httpcore/4.4.16/httpcore-4.4.16.jar:/home/carolina/.m2/repository/commons-logging/commons-logging/1.2/commons-logging-1.2.jar:/home/carolina/.m2/repository/commons-codec/commons-codec/1.17.2/commons-codec-1.17.2.jar:/home/carolina/.m2/repository/org/apache/httpcomponents/httpmime/4.5.13/httpmime-4.5.13.jar:/home/carolina/.m2/repository/org/hamcrest/hamcrest/2.2/hamcrest-2.2.jar:/home/carolina/.m2/repository/org/ccil/cowan/tagsoup/tagsoup/1.2.1/tagsoup-1.2.1.jar:/home/carolina/.m2/repository/io/rest-assured/json-path/5.5.1/json-path-5.5.1.jar:/home/carolina/.m2/repository/org/apache/groovy/groovy-json/4.0.25/groovy-json-4.0.25.jar:/home/carolina/.m2/repository/io/rest-assured/rest-assured-common/5.5.1/rest-assured-common-5.5.1.jar:/home/carolina/.m2/repository/io/rest-assured/xml-path/5.5.1/xml-path-5.5.1.jar:/home/carolina/.m2/repository/org/apache/commons/commons-lang3/3.17.0/commons-lang3-3.17.0.jar:/home/carolina/.m2/repository/org/testcontainers/postgresql/1.20.5/postgresql-1.20.5.jar:/home/carolina/.m2/repository/org/testcontainers/jdbc/1.20.5/jdbc-1.20.5.jar:/home/carolina/.m2/repository/org/testcontainers/database-commons/1.20.5/database-commons-1.20.5.jar:/home/carolina/.m2/repository/org/springframework/boot/spring-boot-starter-web/3.4.3/spring-boot-starter-web-3.4.3.jar:/home/carolina/.m2/repository/org/springframework/boot/spring-boot-starter-json/3.4.3/spring-boot-starter-json-3.4.3.jar:/home/carolina/.m2/repository/com/fasterxml/jackson/datatype/jackson-datatype-jdk8/2.18.2/jackson-datatype-jdk8-2.18.2.jar:/home/carolina/.m2/repository/com/fasterxml/jackson/module/jackson-module-parameter-names/2.18.2/jackson-module-parameter-names-2.18.2.jar:/home/carolina/.m2/repository/org/springframework/boot/spring-boot-starter-tomcat/3.4.3/spring-boot-starter-tomcat-3.4.3.jar:/home/carolina/.m2/repository/org/apache/tomcat/embed/tomcat-embed-core/10.1.36/tomcat-embed-core-10.1.36.jar:/home/carolina/.m2/repository/org/apache/tomcat/embed/tomcat-embed-el/10.1.36/tomcat-embed-el-10.1.36.jar:/home/carolina/.m2/repository/org/apache/tomcat/embed/tomcat-embed-websocket/10.1.36/tomcat-embed-websocket-10.1.36.jar:/home/carolina/.m2/repository/org/springframework/spring-web/6.2.3/spring-web-6.2.3.jar:/home/carolina/.m2/repository/io/micrometer/micrometer-observation/1.14.4/micrometer-observation-1.14.4.jar:/home/carolina/.m2/repository/io/micrometer/micrometer-commons/1.14.4/micrometer-commons-1.14.4.jar:/home/carolina/.m2/repository/org/springframework/boot/spring-boot-starter-test/3.4.3/spring-boot-starter-test-3.4.3.jar:/home/carolina/.m2/repository/com/jayway/jsonpath/json-path/2.9.0/json-path-2.9.0.jar:/home/carolina/.m2/repository/jakarta/xml/bind/jakarta.xml.bind-api/4.0.2/jakarta.xml.bind-api-4.0.2.jar:/home/carolina/.m2/repository/jakarta/activation/jakarta.activation-api/2.1.3/jakarta.activation-api-2.1.3.jar:/home/carolina/.m2/repository/net/minidev/json-smart/2.5.2/json-smart-2.5.2.jar:/home/carolina/.m2/repository/net/minidev/accessors-smart/2.5.2/accessors-smart-2.5.2.jar:/home/carolina/.m2/repository/org/ow2/asm/asm/9.7.1/asm-9.7.1.jar:/home/carolina/.m2/repository/org/assertj/assertj-core/3.26.3/assertj-core-3.26.3.jar:/home/carolina/.m2/repository/org/awaitility/awaitility/4.2.2/awaitility-4.2.2.jar:/home/carolina/.m2/repository/org/junit/jupiter/junit-jupiter/5.11.4/junit-jupiter-5.11.4.jar:/home/carolina/.m2/repository/org/junit/jupiter/junit-jupiter-api/5.11.4/junit-jupiter-api-5.11.4.jar:/home/carolina/.m2/repository/org/opentest4j/opentest4j/1.3.0/opentest4j-1.3.0.jar:/home/carolina/.m2/repository/org/junit/platform/junit-platform-commons/1.11.4/junit-platform-commons-1.11.4.jar:/home/carolina/.m2/repository/org/apiguardian/apiguardian-api/1.1.2/apiguardian-api-1.1.2.jar:/home/carolina/.m2/repository/org/junit/jupiter/junit-jupiter-params/5.11.4/junit-jupiter-params-5.11.4.jar:/home/carolina/.m2/repository/org/junit/jupiter/junit-jupiter-engine/5.11.4/junit-jupiter-engine-5.11.4.jar:/home/carolina/.m2/repository/org/junit/platform/junit-platform-engine/1.11.4/junit-platform-engine-1.11.4.jar:/home/carolina/.m2/repository/org/mockito/mockito-junit-jupiter/5.14.2/mockito-junit-jupiter-5.14.2.jar:/home/carolina/.m2/repository/org/skyscreamer/jsonassert/1.5.3/jsonassert-1.5.3.jar:/home/carolina/.m2/repository/com/vaadin/external/google/android-json/0.0.20131108.vaadin1/android-json-0.0.20131108.vaadin1.jar:/home/carolina/.m2/repository/org/springframework/spring-core/6.2.3/spring-core-6.2.3.jar:/home/carolina/.m2/repository/org/springframework/spring-jcl/6.2.3/spring-jcl-6.2.3.jar:/home/carolina/.m2/repository/org/xmlunit/xmlunit-core/2.10.0/xmlunit-core-2.10.0.jar:/home/carolina/.m2/repository/org/mockito/mockito-core/5.14.2/mockito-core-5.14.2.jar:/home/carolina/.m2/repository/net/bytebuddy/byte-buddy/1.15.11/byte-buddy-1.15.11.jar:/home/carolina/.m2/repository/net/bytebuddy/byte-buddy-agent/1.15.11/byte-buddy-agent-1.15.11.jar:/home/carolina/.m2/repository/org/objenesis/objenesis/3.3/objenesis-3.3.jar:"/>
    <property name="sun.cpu.endian" value="little"/>
    <property name="user.home" value="/home/carolina"/>
    <property name="user.language" value="pt"/>
    <property name="java.specification.vendor" value="Oracle Corporation"/>
    <property name="java.version.date" value="2025-01-21"/>
    <property name="java.home" value="/usr/lib/jvm/java-21-openjdk-amd64"/>
    <property name="file.separator" value="/"/>
    <property name="basedir" value="/home/carolina/UA/3ANO/2SEMESTRE/TQS/Labs/TQS/HW1/backend"/>
    <property name="java.vm.compressedOopsMode" value="Zero based"/>
    <property name="line.separator" value="&#10;"/>
    <property name="java.vm.specification.vendor" value="Oracle Corporation"/>
    <property name="java.specification.name" value="Java Platform API Specification"/>
    <property name="FILE_LOG_CHARSET" value="UTF-8"/>
    <property name="java.awt.headless" value="true"/>
    <property name="surefire.real.class.path" value="/home/carolina/UA/3ANO/2SEMESTRE/TQS/Labs/TQS/HW1/backend/target/surefire/surefirebooter-20250325120407081_3.jar"/>
    <property name="polyglot.engine.WarnInterpreterOnly" value="false"/>
    <property name="sun.management.compiler" value="HotSpot 64-Bit Tiered Compilers"/>
    <property name="java.runtime.version" value="21.0.6+7-Ubuntu-122.04.1"/>
    <property name="user.name" value="carolina"/>
    <property name="stdout.encoding" value="UTF-8"/>
    <property name="path.separator" value=":"/>
    <property name="os.version" value="6.8.0-52-generic"/>
    <property name="java.runtime.name" value="OpenJDK Runtime Environment"/>
    <property name="file.encoding" value="UTF-8"/>
    <property name="jnidispatch.path" value="/home/carolina/.cache/JNA/temp/jna4101391567559156249.tmp"/>
    <property name="java.vm.name" value="OpenJDK 64-Bit Server VM"/>
    <property name="jna.platform.library.path" value="/usr/lib/x86_64-linux-gnu:/lib/x86_64-linux-gnu:/usr/lib64:/lib64:/usr/lib:/lib:/lib32:/usr/lib/x86_64-linux-gnu/libfakeroot"/>
    <property name="localRepository" value="/home/carolina/.m2/repository"/>
    <property name="jna.loaded" value="true"/>
    <property name="java.vendor.url.bug" value="https://bugs.launchpad.net/ubuntu/+source/openjdk-21"/>
    <property name="java.io.tmpdir" value="/tmp"/>
    <property name="catalina.home" value="/tmp/tomcat.0.7095635008049213415"/>
    <property name="com.zaxxer.hikari.pool_number" value="1"/>
    <property name="java.version" value="21.0.6"/>
    <property name="user.dir" value="/home/carolina/UA/3ANO/2SEMESTRE/TQS/Labs/TQS/HW1/backend"/>
    <property name="os.arch" value="amd64"/>
    <property name="java.vm.specification.name" value="Java Virtual Machine Specification"/>
    <property name="PID" value="18462"/>
    <property name="CONSOLE_LOG_CHARSET" value="UTF-8"/>
    <property name="catalina.base" value="/tmp/tomcat.0.7095635008049213415"/>
    <property name="native.encoding" value="UTF-8"/>
    <property name="java.library.path" value="/usr/java/packages/lib:/usr/lib/x86_64-linux-gnu/jni:/lib/x86_64-linux-gnu:/usr/lib/x86_64-linux-gnu:/usr/lib/jni:/lib:/usr/lib"/>
    <property name="java.vm.info" value="mixed mode, sharing"/>
    <property name="stderr.encoding" value="UTF-8"/>
    <property name="java.vendor" value="Ubuntu"/>
    <property name="java.vm.version" value="21.0.6+7-Ubuntu-122.04.1"/>
    <property name="sun.io.unicode.encoding" value="UnicodeLittle"/>
    <property name="java.class.version" value="65.0"/>
    <property name="LOGGED_APPLICATION_NAME" value="[HW1] "/>
  </properties>
  <testcase name="whenGetWeatherForCityAndDate_thenReturnWeather" classname="tqs.hw1.controller.containers.WeatherControllerTest" time="2.458">
    <failure message="1 expectation failed.&#10;Response body doesn&apos;t match expectation.&#10;Expected: &quot;Sunny&quot;&#10;  Actual: {&quot;queryCost&quot;:1,&quot;latitude&quot;:38.7264,&quot;longitude&quot;:-9.14949,&quot;resolvedAddress&quot;:&quot;Lisboa, Portugal&quot;,&quot;address&quot;:&quot;Lisbon&quot;,&quot;timezone&quot;:&quot;Europe/Lisbon&quot;,&quot;tzoffset&quot;:0.0,&quot;days&quot;:[{&quot;datetime&quot;:&quot;2025-03-25&quot;,&quot;datetimeEpoch&quot;:1742860800,&quot;tempmax&quot;:19.1,&quot;tempmin&quot;:10.7,&quot;temp&quot;:14.5,&quot;feelslikemax&quot;:19.1,&quot;feelslikemin&quot;:10.7,&quot;feelslike&quot;:14.5,&quot;dew&quot;:9.0,&quot;humidity&quot;:70.9,&quot;precip&quot;:0.0,&quot;precipprob&quot;:0.0,&quot;precipcover&quot;:0.0,&quot;preciptype&quot;:null,&quot;snow&quot;:0.0,&quot;snowdepth&quot;:0.0,&quot;windgust&quot;:21.2,&quot;windspeed&quot;:19.4,&quot;winddir&quot;:344.8,&quot;pressure&quot;:1022.6,&quot;cloudcover&quot;:16.4,&quot;visibility&quot;:17.1,&quot;solarradiation&quot;:256.7,&quot;solarenergy&quot;:22.2,&quot;uvindex&quot;:8.0,&quot;severerisk&quot;:10.0,&quot;sunrise&quot;:&quot;06:32:02&quot;,&quot;sunriseEpoch&quot;:1742884322,&quot;sunset&quot;:&quot;18:53:39&quot;,&quot;sunsetEpoch&quot;:1742928819,&quot;moonphase&quot;:0.87,&quot;conditions&quot;:&quot;Clear&quot;,&quot;description&quot;:&quot;Clear conditions throughout the day.&quot;,&quot;icon&quot;:&quot;clear-day&quot;,&quot;stations&quot;:[&quot;LPST&quot;,&quot;LPAR&quot;,&quot;LPMT&quot;,&quot;LPPT&quot;],&quot;source&quot;:&quot;comb&quot;,&quot;hours&quot;:[{&quot;datetime&quot;:&quot;00:00:00&quot;,&quot;datetimeEpoch&quot;:1742860800,&quot;temp&quot;:11.0,&quot;feelslike&quot;:11.0,&quot;humidity&quot;:87.47,&quot;dew&quot;:9.0,&quot;precip&quot;:0.0,&quot;precipprob&quot;:0.0,&quot;snow&quot;:0.0,&quot;snowdepth&quot;:0.0,&quot;preciptype&quot;:null,&quot;windgust&quot;:15.1,&quot;windspeed&quot;:13.6,&quot;winddir&quot;:320.0,&quot;pressure&quot;:1023.0,&quot;visibility&quot;:10.0,&quot;cloudcover&quot;:25.0,&quot;solarradiation&quot;:0.0,&quot;solarenergy&quot;:0.0,&quot;uvindex&quot;:0.0,&quot;severerisk&quot;:10.0,&quot;conditions&quot;:&quot;Partially cloudy&quot;,&quot;icon&quot;:&quot;partly-cloudy-night&quot;,&quot;stations&quot;:[&quot;LPMT&quot;,&quot;LPPT&quot;],&quot;source&quot;:&quot;obs&quot;},{&quot;datetime&quot;:&quot;01:00:00&quot;,&quot;datetimeEpoch&quot;:1742864400,&quot;temp&quot;:11.0,&quot;feelslike&quot;:11.0,&quot;humidity&quot;:87.47,&quot;dew&quot;:9.0,&quot;precip&quot;:0.0,&quot;precipprob&quot;:0.0,&quot;snow&quot;:0.0,&quot;snowdepth&quot;:0.0,&quot;preciptype&quot;:null,&quot;windgust&quot;:15.1,&quot;windspeed&quot;:12.2,&quot;winddir&quot;:330.0,&quot;pressure&quot;:1022.0,&quot;visibility&quot;:10.0,&quot;cloudcover&quot;:25.0,&quot;solarradiation&quot;:0.0,&quot;solarenergy&quot;:0.0,&quot;uvindex&quot;:0.0,&quot;severerisk&quot;:10.0,&quot;conditions&quot;:&quot;Partially cloudy&quot;,&quot;icon&quot;:&quot;partly-cloudy-night&quot;,&quot;stations&quot;:[&quot;LPMT&quot;,&quot;LPPT&quot;],&quot;source&quot;:&quot;obs&quot;},{&quot;datetime&quot;:&quot;02:00:00&quot;,&quot;datetimeEpoch&quot;:1742868000,&quot;temp&quot;:11.2,&quot;feelslike&quot;:11.2,&quot;humidity&quot;:86.2,&quot;dew&quot;:9.0,&quot;precip&quot;:0.0,&quot;precipprob&quot;:0.0,&quot;snow&quot;:0.0,&quot;snowdepth&quot;:0.0,&quot;preciptype&quot;:null,&quot;windgust&quot;:14.8,&quot;windspeed&quot;:14.0,&quot;winddir&quot;:320.0,&quot;pressure&quot;:1022.0,&quot;visibility&quot;:10.0,&quot;cloudcover&quot;:25.0,&quot;solarradiation&quot;:0.0,&quot;solarenergy&quot;:0.0,&quot;uvindex&quot;:0.0,&quot;severerisk&quot;:10.0,&quot;conditions&quot;:&quot;Partially cloudy&quot;,&quot;icon&quot;:&quot;partly-cloudy-night&quot;,&quot;stations&quot;:[&quot;LPMT&quot;,&quot;LPPT&quot;],&quot;source&quot;:&quot;obs&quot;},{&quot;datetime&quot;:&quot;03:00:00&quot;,&quot;datetimeEpoch&quot;:1742871600,&quot;temp&quot;:11.0,&quot;feelslike&quot;:11.0,&quot;humidity&quot;:87.47,&quot;dew&quot;:9.0,&quot;precip&quot;:0.0,&quot;precipprob&quot;:0.0,&quot;snow&quot;:0.0,&quot;snowdepth&quot;:0.0,&quot;preciptype&quot;:null,&quot;windgust&quot;:13.3,&quot;windspeed&quot;:10.4,&quot;winddir&quot;:320.0,&quot;pressure&quot;:1021.8,&quot;visibility&quot;:10.0,&quot;cloudcover&quot;:39.8,&quot;solarradiation&quot;:0.0,&quot;solarenergy&quot;:0.0,&quot;uvindex&quot;:0.0,&quot;severerisk&quot;:10.0,&quot;conditions&quot;:&quot;Partially cloudy&quot;,&quot;icon&quot;:&quot;partly-cloudy-night&quot;,&quot;stations&quot;:[&quot;LPMT&quot;,&quot;LPPT&quot;],&quot;source&quot;:&quot;obs&quot;},{&quot;datetime&quot;:&quot;04:00:00&quot;,&quot;datetimeEpoch&quot;:1742875200,&quot;temp&quot;:10.7,&quot;feelslike&quot;:10.7,&quot;humidity&quot;:87.45,&quot;dew&quot;:8.7,&quot;precip&quot;:0.0,&quot;precipprob&quot;:0.0,&quot;snow&quot;:0.0,&quot;snowdepth&quot;:0.0,&quot;preciptype&quot;:null,&quot;windgust&quot;:11.9,&quot;windspeed&quot;:19.4,&quot;winddir&quot;:328.0,&quot;pressure&quot;:1021.0,&quot;visibility&quot;:10.0,&quot;cloudcover&quot;:36.3,&quot;solarradiation&quot;:0.0,&quot;solarenergy&quot;:0.0,&quot;uvindex&quot;:0.0,&quot;severerisk&quot;:10.0,&quot;conditions&quot;:&quot;Partially cloudy&quot;,&quot;icon&quot;:&quot;partly-cloudy-night&quot;,&quot;stations&quot;:[&quot;LPMT&quot;,&quot;LPPT&quot;],&quot;source&quot;:&quot;obs&quot;},{&quot;datetime&quot;:&quot;05:00:00&quot;,&quot;datetimeEpoch&quot;:1742878800,&quot;temp&quot;:11.0,&quot;feelslike&quot;:11.0,&quot;humidity&quot;:87.47,&quot;dew&quot;:9.0,&quot;precip&quot;:0.0,&quot;precipprob&quot;:0.0,&quot;snow&quot;:0.0,&quot;snowdepth&quot;:0.0,&quot;preciptype&quot;:null,&quot;windgust&quot;:13.3,&quot;windspeed&quot;:19.4,&quot;winddir&quot;:322.0,&quot;pressure&quot;:1021.0,&quot;visibility&quot;:10.0,&quot;cloudcover&quot;:35.8,&quot;solarradiation&quot;:0.0,&quot;solarenergy&quot;:0.0,&quot;uvindex&quot;:0.0,&quot;severerisk&quot;:10.0,&quot;conditions&quot;:&quot;Partially cloudy&quot;,&quot;icon&quot;:&quot;partly-cloudy-night&quot;,&quot;stations&quot;:[&quot;LPMT&quot;,&quot;LPPT&quot;],&quot;source&quot;:&quot;obs&quot;},{&quot;datetime&quot;:&quot;06:00:00&quot;,&quot;datetimeEpoch&quot;:1742882400,&quot;temp&quot;:11.7,&quot;feelslike&quot;:11.7,&quot;humidity&quot;:83.08,&quot;dew&quot;:9.0,&quot;precip&quot;:0.0,&quot;precipprob&quot;:0.0,&quot;snow&quot;:0.0,&quot;snowdepth&quot;:0.0,&quot;preciptype&quot;:null,&quot;windgust&quot;:13.3,&quot;windspeed&quot;:16.4,&quot;winddir&quot;:337.0,&quot;pressure&quot;:1021.8,&quot;visibility&quot;:10.0,&quot;cloudcover&quot;:25.0,&quot;solarradiation&quot;:0.0,&quot;solarenergy&quot;:0.0,&quot;uvindex&quot;:0.0,&quot;severerisk&quot;:10.0,&quot;conditions&quot;:&quot;Partially cloudy&quot;,&quot;icon&quot;:&quot;partly-cloudy-night&quot;,&quot;stations&quot;:[&quot;LPMT&quot;,&quot;LPPT&quot;],&quot;source&quot;:&quot;obs&quot;},{&quot;datetime&quot;:&quot;07:00:00&quot;,&quot;datetimeEpoch&quot;:1742886000,&quot;temp&quot;:11.7,&quot;feelslike&quot;:11.7,&quot;humidity&quot;:83.08,&quot;dew&quot;:9.0,&quot;precip&quot;:0.0,&quot;precipprob&quot;:0.0,&quot;snow&quot;:0.0,&quot;snowdepth&quot;:0.0,&quot;preciptype&quot;:null,&quot;windgust&quot;:11.5,&quot;windspeed&quot;:11.9,&quot;winddir&quot;:320.0,&quot;pressure&quot;:1022.0,&quot;visibility&quot;:10.0,&quot;cloudcover&quot;:25.0,&quot;solarradiation&quot;:6.0,&quot;solarenergy&quot;:0.0,&quot;uvindex&quot;:0.0,&quot;severerisk&quot;:10.0,&quot;conditions&quot;:&quot;Partially cloudy&quot;,&quot;icon&quot;:&quot;partly-cloudy-day&quot;,&quot;stations&quot;:[&quot;LPMT&quot;,&quot;LPPT&quot;],&quot;source&quot;:&quot;obs&quot;},{&quot;datetime&quot;:&quot;08:00:00&quot;,&quot;datetimeEpoch&quot;:1742889600,&quot;temp&quot;:12.0,&quot;feelslike&quot;:12.0,&quot;humidity&quot;:88.77,&quot;dew&quot;:10.2,&quot;precip&quot;:0.0,&quot;precipprob&quot;:0.0,&quot;snow&quot;:0.0,&quot;snowdepth&quot;:0.0,&quot;preciptype&quot;:null,&quot;windgust&quot;:9.0,&quot;windspeed&quot;:12.3,&quot;winddir&quot;:331.0,&quot;pressure&quot;:1022.8,&quot;visibility&quot;:10.0,&quot;cloudcover&quot;:26.9,&quot;solarradiation&quot;:128.0,&quot;solarenergy&quot;:0.5,&quot;uvindex&quot;:1.0,&quot;severerisk&quot;:10.0,&quot;conditions&quot;:&quot;Partially cloudy&quot;,&quot;icon&quot;:&quot;partly-cloudy-day&quot;,&quot;stations&quot;:[&quot;LPST&quot;,&quot;LPMT&quot;,&quot;LPPT&quot;],&quot;source&quot;:&quot;obs&quot;},{&quot;datetime&quot;:&quot;09:00:00&quot;,&quot;datetimeEpoch&quot;:1742893200,&quot;temp&quot;:13.9,&quot;feelslike&quot;:13.9,&quot;humidity&quot;:80.42,&quot;dew&quot;:10.6,&quot;precip&quot;:0.0,&quot;precipprob&quot;:0.0,&quot;snow&quot;:0.0,&quot;snowdepth&quot;:0.0,&quot;preciptype&quot;:null,&quot;windgust&quot;:12.2,&quot;windspeed&quot;:17.6,&quot;winddir&quot;:352.0,&quot;pressure&quot;:1023.0,&quot;visibility&quot;:10.0,&quot;cloudcover&quot;:26.8,&quot;solarradiation&quot;:333.0,&quot;solarenergy&quot;:1.2,&quot;uvindex&quot;:3.0,&quot;severerisk&quot;:10.0,&quot;conditions&quot;:&quot;Partially cloudy&quot;,&quot;icon&quot;:&quot;partly-cloudy-day&quot;,&quot;stations&quot;:[&quot;LPST&quot;,&quot;LPAR&quot;,&quot;LPMT&quot;,&quot;LPPT&quot;],&quot;source&quot;:&quot;obs&quot;},{&quot;datetime&quot;:&quot;10:00:00&quot;,&quot;datetimeEpoch&quot;:1742896800,&quot;temp&quot;:15.0,&quot;feelslike&quot;:15.0,&quot;humidity&quot;:76.37,&quot;dew&quot;:10.9,&quot;precip&quot;:0.0,&quot;precipprob&quot;:0.0,&quot;snow&quot;:0.0,&quot;snowdepth&quot;:0.0,&quot;preciptype&quot;:null,&quot;windgust&quot;:14.0,&quot;windspeed&quot;:15.1,&quot;winddir&quot;:359.0,&quot;pressure&quot;:1023.7,&quot;visibility&quot;:10.0,&quot;cloudcover&quot;:26.8,&quot;solarradiation&quot;:528.0,&quot;solarenergy&quot;:1.9,&quot;uvindex&quot;:5.0,&quot;severerisk&quot;:10.0,&quot;conditions&quot;:&quot;Partially cloudy&quot;,&quot;icon&quot;:&quot;partly-cloudy-day&quot;,&quot;stations&quot;:[&quot;LPST&quot;,&quot;LPAR&quot;,&quot;LPMT&quot;,&quot;LPPT&quot;],&quot;source&quot;:&quot;obs&quot;},{&quot;datetime&quot;:&quot;11:00:00&quot;,&quot;datetimeEpoch&quot;:1742900400,&quot;temp&quot;:16.0,&quot;feelslike&quot;:16.0,&quot;humidity&quot;:68.26,&quot;dew&quot;:10.2,&quot;precip&quot;:0.0,&quot;precipprob&quot;:0.0,&quot;snow&quot;:0.0,&quot;snowdepth&quot;:0.0,&quot;preciptype&quot;:null,&quot;windgust&quot;:13.7,&quot;windspeed&quot;:14.3,&quot;winddir&quot;:19.0,&quot;pressure&quot;:1023.1,&quot;visibility&quot;:10.0,&quot;cloudcover&quot;:43.7,&quot;solarradiation&quot;:688.0,&quot;solarenergy&quot;:2.5,&quot;uvindex&quot;:7.0,&quot;severerisk&quot;:10.0,&quot;conditions&quot;:&quot;Partially cloudy&quot;,&quot;icon&quot;:&quot;partly-cloudy-day&quot;,&quot;stations&quot;:[&quot;LPST&quot;,&quot;LPAR&quot;,&quot;LPMT&quot;,&quot;LPPT&quot;],&quot;source&quot;:&quot;obs&quot;},{&quot;datetime&quot;:&quot;12:00:00&quot;,&quot;datetimeEpoch&quot;:1742904000,&quot;temp&quot;:16.7,&quot;feelslike&quot;:16.7,&quot;humidity&quot;:61.64,&quot;dew&quot;:9.3,&quot;precip&quot;:0.0,&quot;precipprob&quot;:0.0,&quot;snow&quot;:0.0,&quot;snowdepth&quot;:0.0,&quot;preciptype&quot;:null,&quot;windgust&quot;:14.0,&quot;windspeed&quot;:7.6,&quot;winddir&quot;:45.7,&quot;pressure&quot;:1023.0,&quot;visibility&quot;:24.1,&quot;cloudcover&quot;:0.0,&quot;solarradiation&quot;:795.0,&quot;solarenergy&quot;:2.9,&quot;uvindex&quot;:8.0,&quot;severerisk&quot;:10.0,&quot;conditions&quot;:&quot;Clear&quot;,&quot;icon&quot;:&quot;clear-day&quot;,&quot;stations&quot;:null,&quot;source&quot;:&quot;fcst&quot;},{&quot;datetime&quot;:&quot;13:00:00&quot;,&quot;datetimeEpoch&quot;:1742907600,&quot;temp&quot;:17.7,&quot;feelslike&quot;:17.7,&quot;humidity&quot;:54.82,&quot;dew&quot;:8.5,&quot;precip&quot;:0.0,&quot;precipprob&quot;:0.0,&quot;snow&quot;:0.0,&quot;snowdepth&quot;:0.0,&quot;preciptype&quot;:null,&quot;windgust&quot;:15.1,&quot;windspeed&quot;:8.3,&quot;winddir&quot;:45.7,&quot;pressure&quot;:1023.0,&quot;visibility&quot;:24.1,&quot;cloudcover&quot;:0.0,&quot;solarradiation&quot;:842.0,&quot;solarenergy&quot;:3.0,&quot;uvindex&quot;:8.0,&quot;severerisk&quot;:10.0,&quot;conditions&quot;:&quot;Clear&quot;,&quot;icon&quot;:&quot;clear-day&quot;,&quot;stations&quot;:null,&quot;source&quot;:&quot;fcst&quot;},{&quot;datetime&quot;:&quot;14:00:00&quot;,&quot;datetimeEpoch&quot;:1742911200,&quot;temp&quot;:18.3,&quot;feelslike&quot;:18.3,&quot;humidity&quot;:50.68,&quot;dew&quot;:7.9,&quot;precip&quot;:0.0,&quot;precipprob&quot;:0.0,&quot;snow&quot;:0.0,&quot;snowdepth&quot;:0.0,&quot;preciptype&quot;:null,&quot;windgust&quot;:15.5,&quot;windspeed&quot;:8.3,&quot;winddir&quot;:48.1,&quot;pressure&quot;:1023.0,&quot;visibility&quot;:24.1,&quot;cloudcover&quot;:21.7,&quot;solarradiation&quot;:825.0,&quot;solarenergy&quot;:3.0,&quot;uvindex&quot;:8.0,&quot;severerisk&quot;:10.0,&quot;conditions&quot;:&quot;Partially cloudy&quot;,&quot;icon&quot;:&quot;partly-cloudy-day&quot;,&quot;stations&quot;:null,&quot;source&quot;:&quot;fcst&quot;},{&quot;datetime&quot;:&quot;15:00:00&quot;,&quot;datetimeEpoch&quot;:1742914800,&quot;temp&quot;:18.8,&quot;feelslike&quot;:18.8,&quot;humidity&quot;:48.79,&quot;dew&quot;:7.8,&quot;precip&quot;:0.0,&quot;precipprob&quot;:0.0,&quot;snow&quot;:0.0,&quot;snowdepth&quot;:0.0,&quot;preciptype&quot;:null,&quot;windgust&quot;:15.1,&quot;windspeed&quot;:8.6,&quot;winddir&quot;:49.9,&quot;pressure&quot;:1023.0,&quot;visibility&quot;:24.1,&quot;cloudcover&quot;:0.0,&quot;solarradiation&quot;:742.0,&quot;solarenergy&quot;:2.7,&quot;uvindex&quot;:7.0,&quot;severerisk&quot;:10.0,&quot;conditions&quot;:&quot;Clear&quot;,&quot;icon&quot;:&quot;clear-day&quot;,&quot;stations&quot;:null,&quot;source&quot;:&quot;fcst&quot;},{&quot;datetime&quot;:&quot;16:00:00&quot;,&quot;datetimeEpoch&quot;:1742918400,&quot;temp&quot;:19.0,&quot;feelslike&quot;:19.0,&quot;humidity&quot;:48.18,&quot;dew&quot;:7.8,&quot;precip&quot;:0.0,&quot;precipprob&quot;:0.0,&quot;snow&quot;:0.0,&quot;snowdepth&quot;:0.0,&quot;preciptype&quot;:null,&quot;windgust&quot;:15.1,&quot;windspeed&quot;:8.3,&quot;winddir&quot;:53.0,&quot;pressure&quot;:1022.0,&quot;visibility&quot;:24.1,&quot;cloudcover&quot;:11.0,&quot;solarradiation&quot;:596.0,&quot;solarenergy&quot;:2.1,&quot;uvindex&quot;:6.0,&quot;severerisk&quot;:10.0,&quot;conditions&quot;:&quot;Clear&quot;,&quot;icon&quot;:&quot;clear-day&quot;,&quot;stations&quot;:null,&quot;source&quot;:&quot;fcst&quot;},{&quot;datetime&quot;:&quot;17:00:00&quot;,&quot;datetimeEpoch&quot;:1742922000,&quot;temp&quot;:19.1,&quot;feelslike&quot;:19.1,&quot;humidity&quot;:48.21,&quot;dew&quot;:7.9,&quot;precip&quot;:0.0,&quot;precipprob&quot;:0.0,&quot;snow&quot;:0.0,&quot;snowdepth&quot;:0.0,&quot;preciptype&quot;:null,&quot;windgust&quot;:14.8,&quot;windspeed&quot;:5.0,&quot;winddir&quot;:51.8,&quot;pressure&quot;:1022.0,&quot;visibility&quot;:24.1,&quot;cloudcover&quot;:0.0,&quot;solarradiation&quot;:419.0,&quot;solarenergy&quot;:1.5,&quot;uvindex&quot;:4.0,&quot;severerisk&quot;:10.0,&quot;conditions&quot;:&quot;Clear&quot;,&quot;icon&quot;:&quot;clear-day&quot;,&quot;stations&quot;:null,&quot;source&quot;:&quot;fcst&quot;},{&quot;datetime&quot;:&quot;18:00:00&quot;,&quot;datetimeEpoch&quot;:1742925600,&quot;temp&quot;:18.7,&quot;feelslike&quot;:18.7,&quot;humidity&quot;:52.54,&quot;dew&quot;:8.8,&quot;precip&quot;:0.0,&quot;precipprob&quot;:0.0,&quot;snow&quot;:0.0,&quot;snowdepth&quot;:0.0,&quot;preciptype&quot;:null,&quot;windgust&quot;:9.4,&quot;windspeed&quot;:4.0,&quot;winddir&quot;:322.4,&quot;pressure&quot;:1022.0,&quot;visibility&quot;:24.1,&quot;cloudcover&quot;:0.0,&quot;solarradiation&quot;:219.0,&quot;solarenergy&quot;:0.8,&quot;uvindex&quot;:2.0,&quot;severerisk&quot;:10.0,&quot;conditions&quot;:&quot;Clear&quot;,&quot;icon&quot;:&quot;clear-day&quot;,&quot;stations&quot;:null,&quot;source&quot;:&quot;fcst&quot;},{&quot;datetime&quot;:&quot;19:00:00&quot;,&quot;datetimeEpoch&quot;:1742929200,&quot;temp&quot;:16.5,&quot;feelslike&quot;:16.5,&quot;humidity&quot;:66.32,&quot;dew&quot;:10.2,&quot;precip&quot;:0.0,&quot;precipprob&quot;:0.0,&quot;snow&quot;:0.0,&quot;snowdepth&quot;:0.0,&quot;preciptype&quot;:null,&quot;windgust&quot;:21.2,&quot;windspeed&quot;:11.9,&quot;winddir&quot;:328.9,&quot;pressure&quot;:1023.0,&quot;visibility&quot;:24.1,&quot;cloudcover&quot;:0.0,&quot;solarradiation&quot;:39.0,&quot;solarenergy&quot;:0.1,&quot;uvindex&quot;:0.0,&quot;severerisk&quot;:10.0,&quot;conditions&quot;:&quot;Clear&quot;,&quot;icon&quot;:&quot;clear-night&quot;,&quot;stations&quot;:null,&quot;source&quot;:&quot;fcst&quot;},{&quot;datetime&quot;:&quot;20:00:00&quot;,&quot;datetimeEpoch&quot;:1742932800,&quot;temp&quot;:15.3,&quot;feelslike&quot;:15.3,&quot;humidity&quot;:66.96,&quot;dew&quot;:9.2,&quot;precip&quot;:0.0,&quot;precipprob&quot;:0.0,&quot;snow&quot;:0.0,&quot;snowdepth&quot;:0.0,&quot;preciptype&quot;:null,&quot;windgust&quot;:20.2,&quot;windspeed&quot;:7.6,&quot;winddir&quot;:323.9,&quot;pressure&quot;:1023.0,&quot;visibility&quot;:24.1,&quot;cloudcover&quot;:0.0,&quot;solarradiation&quot;:0.0,&quot;solarenergy&quot;:0.0,&quot;uvindex&quot;:0.0,&quot;severerisk&quot;:10.0,&quot;conditions&quot;:&quot;Clear&quot;,&quot;icon&quot;:&quot;clear-night&quot;,&quot;stations&quot;:null,&quot;source&quot;:&quot;fcst&quot;},{&quot;datetime&quot;:&quot;21:00:00&quot;,&quot;datetimeEpoch&quot;:1742936400,&quot;temp&quot;:14.7,&quot;feelslike&quot;:14.7,&quot;humidity&quot;:64.6,&quot;dew&quot;:8.1,&quot;precip&quot;:0.0,&quot;precipprob&quot;:0.0,&quot;snow&quot;:0.0,&quot;snowdepth&quot;:0.0,&quot;preciptype&quot;:null,&quot;windgust&quot;:13.3,&quot;windspeed&quot;:5.8,&quot;winddir&quot;:323.4,&quot;pressure&quot;:1024.0,&quot;visibility&quot;:24.1,&quot;cloudcover&quot;:0.0,&quot;solarradiation&quot;:0.0,&quot;solarenergy&quot;:0.0,&quot;uvindex&quot;:0.0,&quot;severerisk&quot;:10.0,&quot;conditions&quot;:&quot;Clear&quot;,&quot;icon&quot;:&quot;clear-night&quot;,&quot;stations&quot;:null,&quot;source&quot;:&quot;fcst&quot;},{&quot;datetime&quot;:&quot;22:00:00&quot;,&quot;datetimeEpoch&quot;:1742940000,&quot;temp&quot;:14.2,&quot;feelslike&quot;:14.2,&quot;humidity&quot;:66.72,&quot;dew&quot;:8.1,&quot;precip&quot;:0.0,&quot;precipprob&quot;:0.0,&quot;snow&quot;:0.0,&quot;snowdepth&quot;:0.0,&quot;preciptype&quot;:null,&quot;windgust&quot;:10.8,&quot;windspeed&quot;:4.7,&quot;winddir&quot;:329.9,&quot;pressure&quot;:1024.0,&quot;visibility&quot;:24.1,&quot;cloudcover&quot;:0.0,&quot;solarradiation&quot;:0.0,&quot;solarenergy&quot;:0.0,&quot;uvindex&quot;:0.0,&quot;severerisk&quot;:10.0,&quot;conditions&quot;:&quot;Clear&quot;,&quot;icon&quot;:&quot;clear-night&quot;,&quot;stations&quot;:null,&quot;source&quot;:&quot;fcst&quot;},{&quot;datetime&quot;:&quot;23:00:00&quot;,&quot;datetimeEpoch&quot;:1742943600,&quot;temp&quot;:13.9,&quot;feelslike&quot;:13.9,&quot;humidity&quot;:68.03,&quot;dew&quot;:8.1,&quot;precip&quot;:0.0,&quot;precipprob&quot;:0.0,&quot;snow&quot;:0.0,&quot;snowdepth&quot;:0.0,&quot;preciptype&quot;:null,&quot;windgust&quot;:8.6,&quot;windspeed&quot;:4.0,&quot;winddir&quot;:308.9,&quot;pressure&quot;:1024.0,&quot;visibility&quot;:24.1,&quot;cloudcover&quot;:0.0,&quot;solarradiation&quot;:0.0,&quot;solarenergy&quot;:0.0,&quot;uvindex&quot;:0.0,&quot;severerisk&quot;:10.0,&quot;conditions&quot;:&quot;Clear&quot;,&quot;icon&quot;:&quot;clear-night&quot;,&quot;stations&quot;:null,&quot;source&quot;:&quot;fcst&quot;}]},{&quot;datetime&quot;:&quot;2025-03-26&quot;,&quot;datetimeEpoch&quot;:1742947200,&quot;tempmax&quot;:20.3,&quot;tempmin&quot;:12.2,&quot;temp&quot;:15.1,&quot;feelslikemax&quot;:20.3,&quot;feelslikemin&quot;:12.2,&quot;feelslike&quot;:15.1,&quot;dew&quot;:8.4,&quot;humidity&quot;:65.4,&quot;precip&quot;:0.0,&quot;precipprob&quot;:0.0,&quot;precipcover&quot;:0.0,&quot;preciptype&quot;:null,&quot;snow&quot;:0.0,&quot;snowdepth&quot;:0.0,&quot;windgust&quot;:23.8,&quot;windspeed&quot;:14.0,&quot;winddir&quot;:325.3,&quot;pressure&quot;:1022.8,&quot;cloudcover&quot;:12.1,&quot;visibility&quot;:24.1,&quot;solarradiation&quot;:262.6,&quot;solarenergy&quot;:22.7,&quot;uvindex&quot;:9.0,&quot;severerisk&quot;:10.0,&quot;sunrise&quot;:&quot;06:30:28&quot;,&quot;sunriseEpoch&quot;:1742970628,&quot;sunset&quot;:&quot;18:54:36&quot;,&quot;sunsetEpoch&quot;:1743015276,&quot;moonphase&quot;:0.9,&quot;conditions&quot;:&quot;Clear&quot;,&quot;description&quot;:&quot;Clear conditions throughout the day.&quot;,&quot;icon&quot;:&quot;clear-day&quot;,&quot;stations&quot;:null,&quot;source&quot;:&quot;fcst&quot;,&quot;hours&quot;:[{&quot;datetime&quot;:&quot;00:00:00&quot;,&quot;datetimeEpoch&quot;:1742947200,&quot;temp&quot;:13.7,&quot;feelslike&quot;:13.7,&quot;humidity&quot;:67.99,&quot;dew&quot;:7.9,&quot;precip&quot;:0.0,&quot;precipprob&quot;:0.0,&quot;snow&quot;:0.0,&quot;snowdepth&quot;:0.0,&quot;preciptype&quot;:null,&quot;windgust&quot;:7.2,&quot;windspeed&quot;:2.5,&quot;winddir&quot;:304.1,&quot;pressure&quot;:1024.0,&quot;visibility&quot;:24.1,&quot;cloudcover&quot;:0.0,&quot;solarradiation&quot;:0.0,&quot;solarenergy&quot;:0.0,&quot;uvindex&quot;:0.0,&quot;severerisk&quot;:10.0,&quot;conditions&quot;:&quot;Clear&quot;,&quot;icon&quot;:&quot;clear-night&quot;,&quot;stations&quot;:null,&quot;source&quot;:&quot;fcst&quot;},{&quot;datetime&quot;:&quot;01:00:00&quot;,&quot;datetimeEpoch&quot;:1742950800,&quot;temp&quot;:13.5,&quot;feelslike&quot;:13.5,&quot;humidity&quot;:67.95,&quot;dew&quot;:7.7,&quot;precip&quot;:0.0,&quot;precipprob&quot;:0.0,&quot;snow&quot;:0.0,&quot;snowdepth&quot;:0.0,&quot;preciptype&quot;:null,&quot;windgust&quot;:4.3,&quot;windspeed&quot;:2.2,&quot;winddir&quot;:311.3,&quot;pressure&quot;:1024.0,&quot;visibility&quot;:24.1,&quot;cloudcover&quot;:0.0,&quot;solarradiation&quot;:0.0,&quot;solarenergy&quot;:0.0,&quot;uvindex&quot;:0.0,&quot;severerisk&quot;:10.0,&quot;conditions&quot;:&quot;Clear&quot;,&quot;icon&quot;:&quot;clear-night&quot;,&quot;stations&quot;:null,&quot;source&quot;:&quot;fcst&quot;},{&quot;datetime&quot;:&quot;02:00:00&quot;,&quot;datetimeEpoch&quot;:1742954400,&quot;temp&quot;:13.1,&quot;feelslike&quot;:13.1,&quot;humidity&quot;:69.27,&quot;dew&quot;:7.6,&quot;precip&quot;:0.0,&quot;precipprob&quot;:0.0,&quot;snow&quot;:0.0,&quot;snowdepth&quot;:0.0,&quot;preciptype&quot;:null,&quot;windgust&quot;:4.7,&quot;windspeed&quot;:2.9,&quot;winddir&quot;:311.4,&quot;pressure&quot;:1024.0,&quot;visibility&quot;:24.1,&quot;cloudcover&quot;:0.0,&quot;solarradiation&quot;:0.0,&quot;solarenergy&quot;:0.0,&quot;uvindex&quot;:0.0,&quot;severerisk&quot;:10.0,&quot;conditions&quot;:&quot;Clear&quot;,&quot;icon&quot;:&quot;clear-night&quot;,&quot;stations&quot;:null,&quot;source&quot;:&quot;fcst&quot;},{&quot;datetime&quot;:&quot;03:00:00&quot;,&quot;datetimeEpoch&quot;:1742958000,&quot;temp&quot;:12.9,&quot;feelslike&quot;:12.9,&quot;humidity&quot;:70.18,&quot;dew&quot;:7.6,&quot;precip&quot;:0.0,&quot;precipprob&quot;:0.0,&quot;snow&quot;:0.0,&quot;snowdepth&quot;:0.0,&quot;preciptype&quot;:null,&quot;windgust&quot;:4.7,&quot;windspeed&quot;:2.2,&quot;winddir&quot;:311.4,&quot;pressure&quot;:1023.0,&quot;visibility&quot;:24.1,&quot;cloudcover&quot;:0.0,&quot;solarradiation&quot;:0.0,&quot;solarenergy&quot;:0.0,&quot;uvindex&quot;:0.0,&quot;severerisk&quot;:10.0,&quot;conditions&quot;:&quot;Clear&quot;,&quot;icon&quot;:&quot;clear-night&quot;,&quot;stations&quot;:null,&quot;source&quot;:&quot;fcst&quot;},{&quot;datetime&quot;:&quot;04:00:00&quot;,&quot;datetimeEpoch&quot;:1742961600,&quot;temp&quot;:12.7,&quot;feelslike&quot;:12.7,&quot;humidity&quot;:70.14,&quot;dew&quot;:7.4,&quot;precip&quot;:0.0,&quot;precipprob&quot;:0.0,&quot;snow&quot;:0.0,&quot;snowdepth&quot;:0.0,&quot;preciptype&quot;:null,&quot;windgust&quot;:3.2,&quot;windspeed&quot;:1.1,&quot;winddir&quot;:262.7,&quot;pressure&quot;:1023.0,&quot;visibility&quot;:24.1,&quot;cloudcover&quot;:0.2,&quot;solarradiation&quot;:0.0,&quot;solarenergy&quot;:0.0,&quot;uvindex&quot;:0.0,&quot;severerisk&quot;:10.0,&quot;conditions&quot;:&quot;Clear&quot;,&quot;icon&quot;:&quot;clear-night&quot;,&quot;stations&quot;:null,&quot;source&quot;:&quot;fcst&quot;},{&quot;datetime&quot;:&quot;05:00:00&quot;,&quot;datetimeEpoch&quot;:1742965200,&quot;temp&quot;:12.5,&quot;feelslike&quot;:12.5,&quot;humidity&quot;:71.07,&quot;dew&quot;:7.4,&quot;precip&quot;:0.0,&quot;precipprob&quot;:0.0,&quot;snow&quot;:0.0,&quot;snowdepth&quot;:0.0,&quot;preciptype&quot;:null,&quot;windgust&quot;:2.2,&quot;windspeed&quot;:0.4,&quot;winddir&quot;:256.3,&quot;pressure&quot;:1023.0,&quot;visibility&quot;:24.1,&quot;cloudcover&quot;:0.1,&quot;solarradiation&quot;:0.0,&quot;solarenergy&quot;:0.0,&quot;uvindex&quot;:0.0,&quot;severerisk&quot;:10.0,&quot;conditions&quot;:&quot;Clear&quot;,&quot;icon&quot;:&quot;clear-night&quot;,&quot;stations&quot;:null,&quot;source&quot;:&quot;fcst&quot;},{&quot;datetime&quot;:&quot;06:00:00&quot;,&quot;datetimeEpoch&quot;:1742968800,&quot;temp&quot;:12.4,&quot;feelslike&quot;:12.4,&quot;humidity&quot;:72.03,&quot;dew&quot;:7.5,&quot;precip&quot;:0.0,&quot;precipprob&quot;:0.0,&quot;snow&quot;:0.0,&quot;snowdepth&quot;:0.0,&quot;preciptype&quot;:null,&quot;windgust&quot;:1.8,&quot;windspeed&quot;:1.1,&quot;winddir&quot;:17.9,&quot;pressure&quot;:1023.0,&quot;visibility&quot;:24.1,&quot;cloudcover&quot;:0.8,&quot;solarradiation&quot;:0.0,&quot;solarenergy&quot;:0.0,&quot;uvindex&quot;:0.0,&quot;severerisk&quot;:10.0,&quot;conditions&quot;:&quot;Clear&quot;,&quot;icon&quot;:&quot;clear-night&quot;,&quot;stations&quot;:null,&quot;source&quot;:&quot;fcst&quot;},{&quot;datetime&quot;:&quot;07:00:00&quot;,&quot;datetimeEpoch&quot;:1742972400,&quot;temp&quot;:12.3,&quot;feelslike&quot;:12.3,&quot;humidity&quot;:73.0,&quot;dew&quot;:7.6,&quot;precip&quot;:0.0,&quot;precipprob&quot;:0.0,&quot;snow&quot;:0.0,&quot;snowdepth&quot;:0.0,&quot;preciptype&quot;:null,&quot;windgust&quot;:2.5,&quot;windspeed&quot;:2.2,&quot;winddir&quot;:292.1,&quot;pressure&quot;:1023.0,&quot;visibility&quot;:24.1,&quot;cloudcover&quot;:7.5,&quot;solarradiation&quot;:8.0,&quot;solarenergy&quot;:0.0,&quot;uvindex&quot;:0.0,&quot;severerisk&quot;:10.0,&quot;conditions&quot;:&quot;Clear&quot;,&quot;icon&quot;:&quot;clear-day&quot;,&quot;stations&quot;:null,&quot;source&quot;:&quot;fcst&quot;},{&quot;datetime&quot;:&quot;08:00:00&quot;,&quot;datetimeEpoch&quot;:1742976000,&quot;temp&quot;:12.2,&quot;feelslike&quot;:12.2,&quot;humidity&quot;:75.51,&quot;dew&quot;:8.0,&quot;precip&quot;:0.0,&quot;precipprob&quot;:0.0,&quot;snow&quot;:0.0,&quot;snowdepth&quot;:0.0,&quot;preciptype&quot;:null,&quot;windgust&quot;:4.0,&quot;windspeed&quot;:2.5,&quot;winddir&quot;:253.2,&quot;pressure&quot;:1023.0,&quot;visibility&quot;:24.1,&quot;cloudcover&quot;:0.0,&quot;solarradiation&quot;:140.0,&quot;solarenergy&quot;:0.5,&quot;uvindex&quot;:1.0,&quot;severerisk&quot;:10.0,&quot;conditions&quot;:&quot;Clear&quot;,&quot;icon&quot;:&quot;clear-day&quot;,&quot;stations&quot;:null,&quot;source&quot;:&quot;fcst&quot;},{&quot;datetime&quot;:&quot;09:00:00&quot;,&quot;datetimeEpoch&quot;:1742979600,&quot;temp&quot;:14.2,&quot;feelslike&quot;:14.2,&quot;humidity&quot;:69.02,&quot;dew&quot;:8.6,&quot;precip&quot;:0.0,&quot;precipprob&quot;:0.0,&quot;snow&quot;:0.0,&quot;snowdepth&quot;:0.0,&quot;preciptype&quot;:null,&quot;windgust&quot;:3.6,&quot;windspeed&quot;:1.4,&quot;winddir&quot;:222.4,&quot;pressure&quot;:1024.0,&quot;visibility&quot;:24.1,&quot;cloudcover&quot;:0.0,&quot;solarradiation&quot;:345.0,&quot;solarenergy&quot;:1.2,&quot;uvindex&quot;:3.0,&quot;severerisk&quot;:10.0,&quot;conditions&quot;:&quot;Clear&quot;,&quot;icon&quot;:&quot;clear-day&quot;,&quot;stations&quot;:null,&quot;source&quot;:&quot;fcst&quot;},{&quot;datetime&quot;:&quot;10:00:00&quot;,&quot;datetimeEpoch&quot;:1742983200,&quot;temp&quot;:16.1,&quot;feelslike&quot;:16.1,&quot;humidity&quot;:55.92,&quot;dew&quot;:7.3,&quot;precip&quot;:0.0,&quot;precipprob&quot;:0.0,&quot;snow&quot;:0.0,&quot;snowdepth&quot;:0.0,&quot;preciptype&quot;:null,&quot;windgust&quot;:4.0,&quot;windspeed&quot;:1.1,&quot;winddir&quot;:292.6,&quot;pressure&quot;:1024.0,&quot;visibility&quot;:24.1,&quot;cloudcover&quot;:0.0,&quot;solarradiation&quot;:544.0,&quot;solarenergy&quot;:2.0,&quot;uvindex&quot;:5.0,&quot;severerisk&quot;:10.0,&quot;conditions&quot;:&quot;Clear&quot;,&quot;icon&quot;:&quot;clear-day&quot;,&quot;stations&quot;:null,&quot;source&quot;:&quot;fcst&quot;},{&quot;datetime&quot;:&quot;11:00:00&quot;,&quot;datetimeEpoch&quot;:1742986800,&quot;temp&quot;:17.6,&quot;feelslike&quot;:17.6,&quot;humidity&quot;:52.25,&quot;dew&quot;:7.7,&quot;precip&quot;:0.0,&quot;precipprob&quot;:0.0,&quot;snow&quot;:0.0,&quot;snowdepth&quot;:0.0,&quot;preciptype&quot;:null,&quot;windgust&quot;:6.8,&quot;windspeed&quot;:3.2,&quot;winddir&quot;:354.5,&quot;pressure&quot;:1024.0,&quot;visibility&quot;:24.1,&quot;cloudcover&quot;:0.0,&quot;solarradiation&quot;:702.0,&quot;solarenergy&quot;:2.5,&quot;uvindex&quot;:7.0,&quot;severerisk&quot;:10.0,&quot;conditions&quot;:&quot;Clear&quot;,&quot;icon&quot;:&quot;clear-day&quot;,&quot;stations&quot;:null,&quot;source&quot;:&quot;fcst&quot;},{&quot;datetime&quot;:&quot;12:00:00&quot;,&quot;datetimeEpoch&quot;:1742990400,&quot;temp&quot;:18.7,&quot;feelslike&quot;:18.7,&quot;humidity&quot;:52.54,&quot;dew&quot;:8.8,&quot;precip&quot;:0.0,&quot;precipprob&quot;:0.0,&quot;snow&quot;:0.0,&quot;snowdepth&quot;:0.0,&quot;preciptype&quot;:null,&quot;windgust&quot;:7.9,&quot;windspeed&quot;:3.6,&quot;winddir&quot;:10.1,&quot;pressure&quot;:1023.0,&quot;visibility&quot;:24.1,&quot;cloudcover&quot;:0.0,&quot;solarradiation&quot;:808.0,&quot;solarenergy&quot;:2.9,&quot;uvindex&quot;:8.0,&quot;severerisk&quot;:10.0,&quot;conditions&quot;:&quot;Clear&quot;,&quot;icon&quot;:&quot;clear-day&quot;,&quot;stations&quot;:null,&quot;source&quot;:&quot;fcst&quot;},{&quot;datetime&quot;:&quot;13:00:00&quot;,&quot;datetimeEpoch&quot;:1742994000,&quot;temp&quot;:19.7,&quot;feelslike&quot;:19.7,&quot;humidity&quot;:46.44,&quot;dew&quot;:7.9,&quot;precip&quot;:0.0,&quot;precipprob&quot;:0.0,&quot;snow&quot;:0.0,&quot;snowdepth&quot;:0.0,&quot;preciptype&quot;:null,&quot;windgust&quot;:7.9,&quot;windspeed&quot;:1.8,&quot;winddir&quot;:9.1,&quot;pressure&quot;:1023.0,&quot;visibility&quot;:24.1,&quot;cloudcover&quot;:63.7,&quot;solarradiation&quot;:852.0,&quot;solarenergy&quot;:3.1,&quot;uvindex&quot;:9.0,&quot;severerisk&quot;:10.0,&quot;conditions&quot;:&quot;Partially cloudy&quot;,&quot;icon&quot;:&quot;partly-cloudy-day&quot;,&quot;stations&quot;:null,&quot;source&quot;:&quot;fcst&quot;},{&quot;datetime&quot;:&quot;14:00:00&quot;,&quot;datetimeEpoch&quot;:1742997600,&quot;temp&quot;:20.3,&quot;feelslike&quot;:20.3,&quot;humidity&quot;:44.45,&quot;dew&quot;:7.8,&quot;precip&quot;:0.0,&quot;precipprob&quot;:0.0,&quot;snow&quot;:0.0,&quot;snowdepth&quot;:0.0,&quot;preciptype&quot;:null,&quot;windgust&quot;:11.5,&quot;windspeed&quot;:6.1,&quot;winddir&quot;:297.2,&quot;pressure&quot;:1022.0,&quot;visibility&quot;:24.1,&quot;cloudcover&quot;:84.4,&quot;solarradiation&quot;:831.0,&quot;solarenergy&quot;:3.0,&quot;uvindex&quot;:8.0,&quot;severerisk&quot;:10.0,&quot;conditions&quot;:&quot;Partially cloudy&quot;,&quot;icon&quot;:&quot;partly-cloudy-day&quot;,&quot;stations&quot;:null,&quot;source&quot;:&quot;fcst&quot;},{&quot;datetime&quot;:&quot;15:00:00&quot;,&quot;datetimeEpoch&quot;:1743001200,&quot;temp&quot;:19.7,&quot;feelslike&quot;:19.7,&quot;humidity&quot;:49.03,&quot;dew&quot;:8.7,&quot;precip&quot;:0.0,&quot;precipprob&quot;:0.0,&quot;snow&quot;:0.0,&quot;snowdepth&quot;:0.0,&quot;preciptype&quot;:null,&quot;windgust&quot;:22.0,&quot;windspeed&quot;:12.6,&quot;winddir&quot;:312.0,&quot;pressure&quot;:1021.0,&quot;visibility&quot;:24.1,&quot;cloudcover&quot;:57.9,&quot;solarradiation&quot;:749.0,&quot;solarenergy&quot;:2.7,&quot;uvindex&quot;:7.0,&quot;severerisk&quot;:10.0,&quot;conditions&quot;:&quot;Partially cloudy&quot;,&quot;icon&quot;:&quot;partly-cloudy-day&quot;,&quot;stations&quot;:null,&quot;source&quot;:&quot;fcst&quot;},{&quot;datetime&quot;:&quot;16:00:00&quot;,&quot;datetimeEpoch&quot;:1743004800,&quot;temp&quot;:19.4,&quot;feelslike&quot;:19.4,&quot;humidity&quot;:47.0,&quot;dew&quot;:7.8,&quot;precip&quot;:0.0,&quot;precipprob&quot;:0.0,&quot;snow&quot;:0.0,&quot;snowdepth&quot;:0.0,&quot;preciptype&quot;:null,&quot;windgust&quot;:22.7,&quot;windspeed&quot;:13.0,&quot;winddir&quot;:322.2,&quot;pressure&quot;:1021.0,&quot;visibility&quot;:24.1,&quot;cloudcover&quot;:6.2,&quot;solarradiation&quot;:614.0,&quot;solarenergy&quot;:2.2,&quot;uvindex&quot;:6.0,&quot;severerisk&quot;:10.0,&quot;conditions&quot;:&quot;Clear&quot;,&quot;icon&quot;:&quot;clear-day&quot;,&quot;stations&quot;:null,&quot;source&quot;:&quot;fcst&quot;},{&quot;datetime&quot;:&quot;17:00:00&quot;,&quot;datetimeEpoch&quot;:1743008400,&quot;temp&quot;:18.2,&quot;feelslike&quot;:18.2,&quot;humidity&quot;:53.48,&quot;dew&quot;:8.6,&quot;precip&quot;:0.0,&quot;precipprob&quot;:0.0,&quot;snow&quot;:0.0,&quot;snowdepth&quot;:0.0,&quot;preciptype&quot;:null,&quot;windgust&quot;:23.8,&quot;windspeed&quot;:14.0,&quot;winddir&quot;:328.0,&quot;pressure&quot;:1021.0,&quot;visibility&quot;:24.1,&quot;cloudcover&quot;:0.0,&quot;solarradiation&quot;:436.0,&quot;solarenergy&quot;:1.6,&quot;uvindex&quot;:4.0,&quot;severerisk&quot;:10.0,&quot;conditions&quot;:&quot;Clear&quot;,&quot;icon&quot;:&quot;clear-day&quot;,&quot;stations&quot;:null,&quot;source&quot;:&quot;fcst&quot;},{&quot;datetime&quot;:&quot;18:00:00&quot;,&quot;datetimeEpoch&quot;:1743012000,&quot;temp&quot;:16.7,&quot;feelslike&quot;:16.7,&quot;humidity&quot;:62.06,&quot;dew&quot;:9.4,&quot;precip&quot;:0.0,&quot;precipprob&quot;:0.0,&quot;snow&quot;:0.0,&quot;snowdepth&quot;:0.0,&quot;preciptype&quot;:null,&quot;windgust&quot;:23.8,&quot;windspeed&quot;:13.7,&quot;winddir&quot;:332.7,&quot;pressure&quot;:1022.0,&quot;visibility&quot;:24.1,&quot;cloudcover&quot;:0.0,&quot;solarradiation&quot;:230.0,&quot;solarenergy&quot;:0.8,&quot;uvindex&quot;:2.0,&quot;severerisk&quot;:10.0,&quot;conditions&quot;:&quot;Clear&quot;,&quot;icon&quot;:&quot;clear-day&quot;,&quot;stations&quot;:null,&quot;source&quot;:&quot;fcst&quot;},{&quot;datetime&quot;:&quot;19:00:00&quot;,&quot;datetimeEpoch&quot;:1743015600,&quot;temp&quot;:14.9,&quot;feelslike&quot;:14.9,&quot;humidity&quot;:70.57,&quot;dew&quot;:9.6,&quot;precip&quot;:0.0,&quot;precipprob&quot;:0.0,&quot;snow&quot;:0.0,&quot;snowdepth&quot;:0.0,&quot;preciptype&quot;:null,&quot;windgust&quot;:23.0,&quot;windspeed&quot;:12.6,&quot;winddir&quot;:333.6,&quot;pressure&quot;:1022.0,&quot;visibility&quot;:24.1,&quot;cloudcover&quot;:0.0,&quot;solarradiation&quot;:43.0,&quot;solarenergy&quot;:0.2,&quot;uvindex&quot;:0.0,&quot;severerisk&quot;:10.0,&quot;conditions&quot;:&quot;Clear&quot;,&quot;icon&quot;:&quot;clear-night&quot;,&quot;stations&quot;:null,&quot;source&quot;:&quot;fcst&quot;},{&quot;datetime&quot;:&quot;20:00:00&quot;,&quot;datetimeEpoch&quot;:1743019200,&quot;temp&quot;:13.5,&quot;feelslike&quot;:13.5,&quot;humidity&quot;:79.9,&quot;dew&quot;:10.1,&quot;precip&quot;:0.0,&quot;precipprob&quot;:0.0,&quot;snow&quot;:0.0,&quot;snowdepth&quot;:0.0,&quot;preciptype&quot;:null,&quot;windgust&quot;:22.0,&quot;windspeed&quot;:12.2,&quot;winddir&quot;:336.8,&quot;pressure&quot;:1023.0,&quot;visibility&quot;:24.1,&quot;cloudcover&quot;:5.2,&quot;solarradiation&quot;:0.0,&quot;solarenergy&quot;:0.0,&quot;uvindex&quot;:0.0,&quot;severerisk&quot;:10.0,&quot;conditions&quot;:&quot;Clear&quot;,&quot;icon&quot;:&quot;clear-night&quot;,&quot;stations&quot;:null,&quot;source&quot;:&quot;fcst&quot;},{&quot;datetime&quot;:&quot;21:00:00&quot;,&quot;datetimeEpoch&quot;:1743022800,&quot;temp&quot;:12.9,&quot;feelslike&quot;:12.9,&quot;humidity&quot;:82.54,&quot;dew&quot;:10.0,&quot;precip&quot;:0.0,&quot;precipprob&quot;:0.0,&quot;snow&quot;:0.0,&quot;snowdepth&quot;:0.0,&quot;preciptype&quot;:null,&quot;windgust&quot;:20.5,&quot;windspeed&quot;:9.7,&quot;winddir&quot;:332.3,&quot;pressure&quot;:1023.0,&quot;visibility&quot;:24.1,&quot;cloudcover&quot;:21.7,&quot;solarradiation&quot;:0.0,&quot;solarenergy&quot;:0.0,&quot;uvindex&quot;:0.0,&quot;severerisk&quot;:10.0,&quot;conditions&quot;:&quot;Partially cloudy&quot;,&quot;icon&quot;:&quot;partly-cloudy-night&quot;,&quot;stations&quot;:null,&quot;source&quot;:&quot;fcst&quot;},{&quot;datetime&quot;:&quot;22:00:00&quot;,&quot;datetimeEpoch&quot;:1743026400,&quot;temp&quot;:12.5,&quot;feelslike&quot;:12.5,&quot;humidity&quot;:84.17,&quot;dew&quot;:9.9,&quot;precip&quot;:0.0,&quot;precipprob&quot;:0.0,&quot;snow&quot;:0.0,&quot;snowdepth&quot;:0.0,&quot;preciptype&quot;:null,&quot;windgust&quot;:16.6,&quot;windspeed&quot;:7.6,&quot;winddir&quot;:332.0,&quot;pressure&quot;:1023.0,&quot;visibility&quot;:24.1,&quot;cloudcover&quot;:21.0,&quot;solarradiation&quot;:0.0,&quot;solarenergy&quot;:0.0,&quot;uvindex&quot;:0.0,&quot;severerisk&quot;:10.0,&quot;conditions&quot;:&quot;Partially cloudy&quot;,&quot;icon&quot;:&quot;partly-cloudy-night&quot;,&quot;stations&quot;:null,&quot;source&quot;:&quot;fcst&quot;},{&quot;datetime&quot;:&quot;23:00:00&quot;,&quot;datetimeEpoch&quot;:1743030000,&quot;temp&quot;:12.2,&quot;feelslike&quot;:12.2,&quot;humidity&quot;:83.57,&quot;dew&quot;:9.5,&quot;precip&quot;:0.0,&quot;precipprob&quot;:0.0,&quot;snow&quot;:0.0,&quot;snowdepth&quot;:0.0,&quot;preciptype&quot;:null,&quot;windgust&quot;:13.0,&quot;windspeed&quot;:6.5,&quot;winddir&quot;:334.2,&quot;pressure&quot;:1022.0,&quot;visibility&quot;:24.1,&quot;cloudcover&quot;:22.5,&quot;solarradiation&quot;:0.0,&quot;solarenergy&quot;:0.0,&quot;uvindex&quot;:0.0,&quot;severerisk&quot;:10.0,&quot;conditions&quot;:&quot;Partially cloudy&quot;,&quot;icon&quot;:&quot;partly-cloudy-night&quot;,&quot;stations&quot;:null,&quot;source&quot;:&quot;fcst&quot;}]},{&quot;datetime&quot;:&quot;2025-03-27&quot;,&quot;datetimeEpoch&quot;:1743033600,&quot;tempmax&quot;:18.4,&quot;tempmin&quot;:11.2,&quot;temp&quot;:14.2,&quot;feelslikemax&quot;:18.4,&quot;feelslikemin&quot;:11.2,&quot;feelslike&quot;:14.2,&quot;dew&quot;:9.0,&quot;humidity&quot;:72.4,&quot;precip&quot;:0.0,&quot;precipprob&quot;:6.5,&quot;precipcover&quot;:0.0,&quot;preciptype&quot;:null,&quot;snow&quot;:0.0,&quot;snowdepth&quot;:0.0,&quot;windgust&quot;:25.6,&quot;windspeed&quot;:15.1,&quot;winddir&quot;:337.9,&quot;pressure&quot;:1020.4,&quot;cloudcover&quot;:32.3,&quot;visibility&quot;:24.1,&quot;solarradiation&quot;:264.8,&quot;solarenergy&quot;:22.9,&quot;uvindex&quot;:9.0,&quot;severerisk&quot;:10.0,&quot;sunrise&quot;:&quot;06:28:54&quot;,&quot;sunriseEpoch&quot;:1743056934,&quot;sunset&quot;:&quot;18:55:34&quot;,&quot;sunsetEpoch&quot;:1743101734,&quot;moonphase&quot;:0.94,&quot;conditions&quot;:&quot;Partially cloudy&quot;,&quot;description&quot;:&quot;Partly cloudy throughout the day.&quot;,&quot;icon&quot;:&quot;partly-cloudy-day&quot;,&quot;stations&quot;:null,&quot;source&quot;:&quot;fcst&quot;,&quot;hours&quot;:[{&quot;datetime&quot;:&quot;00:00:00&quot;,&quot;datetimeEpoch&quot;:1743033600,&quot;temp&quot;:12.0,&quot;feelslike&quot;:12.0,&quot;humidity&quot;:84.68,&quot;dew&quot;:9.5,&quot;precip&quot;:0.0,&quot;precipprob&quot;:0.0,&quot;snow&quot;:0.0,&quot;snowdepth&quot;:0.0,&quot;preciptype&quot;:null,&quot;windgust&quot;:11.5,&quot;windspeed&quot;:5.4,&quot;winddir&quot;:335.5,&quot;pressure&quot;:1022.0,&quot;visibility&quot;:24.1,&quot;cloudcover&quot;:33.3,&quot;solarradiation&quot;:0.0,&quot;solarenergy&quot;:0.0,&quot;uvindex&quot;:0.0,&quot;severerisk&quot;:10.0,&quot;conditions&quot;:&quot;Partially cloudy&quot;,&quot;icon&quot;:&quot;partly-cloudy-night&quot;,&quot;stations&quot;:null,&quot;source&quot;:&quot;fcst&quot;},{&quot;datetime&quot;:&quot;01:00:00&quot;,&quot;datetimeEpoch&quot;:1743037200,&quot;temp&quot;:11.8,&quot;feelslike&quot;:11.8,&quot;humidity&quot;:85.8,&quot;dew&quot;:9.5,&quot;precip&quot;:0.0,&quot;precipprob&quot;:0.0,&quot;snow&quot;:0.0,&quot;snowdepth&quot;:0.0,&quot;preciptype&quot;:null,&quot;windgust&quot;:9.4,&quot;windspeed&quot;:5.0,&quot;winddir&quot;:330.1,&quot;pressure&quot;:1022.0,&quot;visibility&quot;:24.1,&quot;cloudcover&quot;:32.8,&quot;solarradiation&quot;:0.0,&quot;solarenergy&quot;:0.0,&quot;uvindex&quot;:0.0,&quot;severerisk&quot;:10.0,&quot;conditions&quot;:&quot;Partially cloudy&quot;,&quot;icon&quot;:&quot;partly-cloudy-night&quot;,&quot;stations&quot;:null,&quot;source&quot;:&quot;fcst&quot;},{&quot;datetime&quot;:&quot;02:00:00&quot;,&quot;datetimeEpoch&quot;:1743040800,&quot;temp&quot;:11.6,&quot;feelslike&quot;:11.6,&quot;humidity&quot;:85.78,&quot;dew&quot;:9.3,&quot;precip&quot;:0.0,&quot;precipprob&quot;:0.0,&quot;snow&quot;:0.0,&quot;snowdepth&quot;:0.0,&quot;preciptype&quot;:null,&quot;windgust&quot;:10.1,&quot;windspeed&quot;:5.4,&quot;winddir&quot;:328.0,&quot;pressure&quot;:1021.0,&quot;visibility&quot;:24.1,&quot;cloudcover&quot;:27.4,&quot;solarradiation&quot;:0.0,&quot;solarenergy&quot;:0.0,&quot;uvindex&quot;:0.0,&quot;severerisk&quot;:10.0,&quot;conditions&quot;:&quot;Partially cloudy&quot;,&quot;icon&quot;:&quot;partly-cloudy-night&quot;,&quot;stations&quot;:null,&quot;source&quot;:&quot;fcst&quot;},{&quot;datetime&quot;:&quot;03:00:00&quot;,&quot;datetimeEpoch&quot;:1743044400,&quot;temp&quot;:11.4,&quot;feelslike&quot;:11.4,&quot;humidity&quot;:86.34,&quot;dew&quot;:9.2,&quot;precip&quot;:0.0,&quot;precipprob&quot;:0.0,&quot;snow&quot;:0.0,&quot;snowdepth&quot;:0.0,&quot;preciptype&quot;:null,&quot;windgust&quot;:10.1,&quot;windspeed&quot;:5.4,&quot;winddir&quot;:310.7,&quot;pressure&quot;:1021.0,&quot;visibility&quot;:24.1,&quot;cloudcover&quot;:25.1,&quot;solarradiation&quot;:0.0,&quot;solarenergy&quot;:0.0,&quot;uvindex&quot;:0.0,&quot;severerisk&quot;:10.0,&quot;conditions&quot;:&quot;Partially cloudy&quot;,&quot;icon&quot;:&quot;partly-cloudy-night&quot;,&quot;stations&quot;:null,&quot;source&quot;:&quot;fcst&quot;},{&quot;datetime&quot;:&quot;04:00:00&quot;,&quot;datetimeEpoch&quot;:1743048000,&quot;temp&quot;:11.3,&quot;feelslike&quot;:11.3,&quot;humidity&quot;:86.91,&quot;dew&quot;:9.2,&quot;precip&quot;:0.0,&quot;precipprob&quot;:0.0,&quot;snow&quot;:0.0,&quot;snowdepth&quot;:0.0,&quot;preciptype&quot;:null,&quot;windgust&quot;:9.7,&quot;windspeed&quot;:4.7,&quot;winddir&quot;:302.0,&quot;pressure&quot;:1021.0,&quot;visibility&quot;:24.1,&quot;cloudcover&quot;:32.4,&quot;solarradiation&quot;:0.0,&quot;solarenergy&quot;:0.0,&quot;uvindex&quot;:0.0,&quot;severerisk&quot;:10.0,&quot;conditions&quot;:&quot;Partially cloudy&quot;,&quot;icon&quot;:&quot;partly-cloudy-night&quot;,&quot;stations&quot;:null,&quot;source&quot;:&quot;fcst&quot;},{&quot;datetime&quot;:&quot;05:00:00&quot;,&quot;datetimeEpoch&quot;:1743051600,&quot;temp&quot;:11.3,&quot;feelslike&quot;:11.3,&quot;humidity&quot;:86.91,&quot;dew&quot;:9.2,&quot;precip&quot;:0.0,&quot;precipprob&quot;:0.0,&quot;snow&quot;:0.0,&quot;snowdepth&quot;:0.0,&quot;preciptype&quot;:null,&quot;windgust&quot;:8.6,&quot;windspeed&quot;:4.3,&quot;winddir&quot;:305.0,&quot;pressure&quot;:1021.0,&quot;visibility&quot;:24.1,&quot;cloudcover&quot;:42.5,&quot;solarradiation&quot;:0.0,&quot;solarenergy&quot;:0.0,&quot;uvindex&quot;:0.0,&quot;severerisk&quot;:10.0,&quot;conditions&quot;:&quot;Partially cloudy&quot;,&quot;icon&quot;:&quot;partly-cloudy-night&quot;,&quot;stations&quot;:null,&quot;source&quot;:&quot;fcst&quot;},{&quot;datetime&quot;:&quot;06:00:00&quot;,&quot;datetimeEpoch&quot;:1743055200,&quot;temp&quot;:11.2,&quot;feelslike&quot;:11.2,&quot;humidity&quot;:88.08,&quot;dew&quot;:9.3,&quot;precip&quot;:0.0,&quot;precipprob&quot;:0.0,&quot;snow&quot;:0.0,&quot;snowdepth&quot;:0.0,&quot;preciptype&quot;:null,&quot;windgust&quot;:8.6,&quot;windspeed&quot;:4.7,&quot;winddir&quot;:318.8,&quot;pressure&quot;:1020.0,&quot;visibility&quot;:24.1,&quot;cloudcover&quot;:32.5,&quot;solarradiation&quot;:0.0,&quot;solarenergy&quot;:0.0,&quot;uvindex&quot;:0.0,&quot;severerisk&quot;:10.0,&quot;conditions&quot;:&quot;Partially cloudy&quot;,&quot;icon&quot;:&quot;partly-cloudy-night&quot;,&quot;stations&quot;:null,&quot;source&quot;:&quot;fcst&quot;},{&quot;datetime&quot;:&quot;07:00:00&quot;,&quot;datetimeEpoch&quot;:1743058800,&quot;temp&quot;:11.2,&quot;feelslike&quot;:11.2,&quot;humidity&quot;:86.9,&quot;dew&quot;:9.1,&quot;precip&quot;:0.0,&quot;precipprob&quot;:0.0,&quot;snow&quot;:0.0,&quot;snowdepth&quot;:0.0,&quot;preciptype&quot;:null,&quot;windgust&quot;:8.3,&quot;windspeed&quot;:4.3,&quot;winddir&quot;:312.7,&quot;pressure&quot;:1021.0,&quot;visibility&quot;:24.1,&quot;cloudcover&quot;:17.6,&quot;solarradiation&quot;:9.0,&quot;solarenergy&quot;:0.0,&quot;uvindex&quot;:0.0,&quot;severerisk&quot;:10.0,&quot;conditions&quot;:&quot;Clear&quot;,&quot;icon&quot;:&quot;clear-day&quot;,&quot;stations&quot;:null,&quot;source&quot;:&quot;fcst&quot;},{&quot;datetime&quot;:&quot;08:00:00&quot;,&quot;datetimeEpoch&quot;:1743062400,&quot;temp&quot;:11.9,&quot;feelslike&quot;:11.9,&quot;humidity&quot;:84.1,&quot;dew&quot;:9.3,&quot;precip&quot;:0.0,&quot;precipprob&quot;:0.0,&quot;snow&quot;:0.0,&quot;snowdepth&quot;:0.0,&quot;preciptype&quot;:null,&quot;windgust&quot;:8.6,&quot;windspeed&quot;:5.0,&quot;winddir&quot;:290.5,&quot;pressure&quot;:1021.0,&quot;visibility&quot;:24.1,&quot;cloudcover&quot;:48.9,&quot;solarradiation&quot;:143.0,&quot;solarenergy&quot;:0.5,&quot;uvindex&quot;:1.0,&quot;severerisk&quot;:10.0,&quot;conditions&quot;:&quot;Partially cloudy&quot;,&quot;icon&quot;:&quot;partly-cloudy-day&quot;,&quot;stations&quot;:null,&quot;source&quot;:&quot;fcst&quot;},{&quot;datetime&quot;:&quot;09:00:00&quot;,&quot;datetimeEpoch&quot;:1743066000,&quot;temp&quot;:13.4,&quot;feelslike&quot;:13.4,&quot;humidity&quot;:76.74,&quot;dew&quot;:9.4,&quot;precip&quot;:0.0,&quot;precipprob&quot;:0.0,&quot;snow&quot;:0.0,&quot;snowdepth&quot;:0.0,&quot;preciptype&quot;:null,&quot;windgust&quot;:10.1,&quot;windspeed&quot;:5.4,&quot;winddir&quot;:311.7,&quot;pressure&quot;:1021.0,&quot;visibility&quot;:24.1,&quot;cloudcover&quot;:51.0,&quot;solarradiation&quot;:353.0,&quot;solarenergy&quot;:1.3,&quot;uvindex&quot;:4.0,&quot;severerisk&quot;:10.0,&quot;conditions&quot;:&quot;Partially cloudy&quot;,&quot;icon&quot;:&quot;partly-cloudy-day&quot;,&quot;stations&quot;:null,&quot;source&quot;:&quot;fcst&quot;},{&quot;datetime&quot;:&quot;10:00:00&quot;,&quot;datetimeEpoch&quot;:1743069600,&quot;temp&quot;:15.2,&quot;feelslike&quot;:15.2,&quot;humidity&quot;:64.71,&quot;dew&quot;:8.6,&quot;precip&quot;:0.0,&quot;precipprob&quot;:0.0,&quot;snow&quot;:0.0,&quot;snowdepth&quot;:0.0,&quot;preciptype&quot;:null,&quot;windgust&quot;:16.2,&quot;windspeed&quot;:9.4,&quot;winddir&quot;:345.4,&quot;pressure&quot;:1021.0,&quot;visibility&quot;:24.1,&quot;cloudcover&quot;:38.2,&quot;solarradiation&quot;:550.0,&quot;solarenergy&quot;:2.0,&quot;uvindex&quot;:6.0,&quot;severerisk&quot;:10.0,&quot;conditions&quot;:&quot;Partially cloudy&quot;,&quot;icon&quot;:&quot;partly-cloudy-day&quot;,&quot;stations&quot;:null,&quot;source&quot;:&quot;fcst&quot;},{&quot;datetime&quot;:&quot;11:00:00&quot;,&quot;datetimeEpoch&quot;:1743073200,&quot;temp&quot;:16.4,&quot;feelslike&quot;:16.4,&quot;humidity&quot;:57.15,&quot;dew&quot;:7.9,&quot;precip&quot;:0.0,&quot;precipprob&quot;:0.0,&quot;snow&quot;:0.0,&quot;snowdepth&quot;:0.0,&quot;preciptype&quot;:null,&quot;windgust&quot;:19.4,&quot;windspeed&quot;:11.2,&quot;winddir&quot;:349.3,&quot;pressure&quot;:1021.0,&quot;visibility&quot;:24.1,&quot;cloudcover&quot;:61.5,&quot;solarradiation&quot;:711.0,&quot;solarenergy&quot;:2.6,&quot;uvindex&quot;:7.0,&quot;severerisk&quot;:10.0,&quot;conditions&quot;:&quot;Partially cloudy&quot;,&quot;icon&quot;:&quot;partly-cloudy-day&quot;,&quot;stations&quot;:null,&quot;source&quot;:&quot;fcst&quot;},{&quot;datetime&quot;:&quot;12:00:00&quot;,&quot;datetimeEpoch&quot;:1743076800,&quot;temp&quot;:17.3,&quot;feelslike&quot;:17.3,&quot;humidity&quot;:54.72,&quot;dew&quot;:8.1,&quot;precip&quot;:0.0,&quot;precipprob&quot;:0.0,&quot;snow&quot;:0.0,&quot;snowdepth&quot;:0.0,&quot;preciptype&quot;:null,&quot;windgust&quot;:19.4,&quot;windspeed&quot;:10.1,&quot;winddir&quot;:354.2,&quot;pressure&quot;:1020.0,&quot;visibility&quot;:24.1,&quot;cloudcover&quot;:59.9,&quot;solarradiation&quot;:817.0,&quot;solarenergy&quot;:2.9,&quot;uvindex&quot;:8.0,&quot;severerisk&quot;:10.0,&quot;conditions&quot;:&quot;Partially cloudy&quot;,&quot;icon&quot;:&quot;partly-cloudy-day&quot;,&quot;stations&quot;:null,&quot;source&quot;:&quot;fcst&quot;},{&quot;datetime&quot;:&quot;13:00:00&quot;,&quot;datetimeEpoch&quot;:1743080400,&quot;temp&quot;:18.1,&quot;feelslike&quot;:18.1,&quot;humidity&quot;:51.32,&quot;dew&quot;:7.9,&quot;precip&quot;:0.0,&quot;precipprob&quot;:6.5,&quot;snow&quot;:0.0,&quot;snowdepth&quot;:0.0,&quot;preciptype&quot;:null,&quot;windgust&quot;:19.1,&quot;windspeed&quot;:10.4,&quot;winddir&quot;:355.1,&quot;pressure&quot;:1020.0,&quot;visibility&quot;:24.1,&quot;cloudcover&quot;:71.4,&quot;solarradiation&quot;:861.0,&quot;solarenergy&quot;:3.1,&quot;uvindex&quot;:9.0,&quot;severerisk&quot;:10.0,&quot;conditions&quot;:&quot;Partially cloudy&quot;,&quot;icon&quot;:&quot;partly-cloudy-day&quot;,&quot;stations&quot;:null,&quot;source&quot;:&quot;fcst&quot;},{&quot;datetime&quot;:&quot;14:00:00&quot;,&quot;datetimeEpoch&quot;:1743084000,&quot;temp&quot;:18.4,&quot;feelslike&quot;:18.4,&quot;humidity&quot;:51.06,&quot;dew&quot;:8.1,&quot;precip&quot;:0.0,&quot;precipprob&quot;:6.5,&quot;snow&quot;:0.0,&quot;snowdepth&quot;:0.0,&quot;preciptype&quot;:null,&quot;windgust&quot;:20.9,&quot;windspeed&quot;:11.9,&quot;winddir&quot;:353.8,&quot;pressure&quot;:1019.0,&quot;visibility&quot;:24.1,&quot;cloudcover&quot;:90.8,&quot;solarradiation&quot;:840.0,&quot;solarenergy&quot;:3.0,&quot;uvindex&quot;:8.0,&quot;severerisk&quot;:10.0,&quot;conditions&quot;:&quot;Overcast&quot;,&quot;icon&quot;:&quot;cloudy&quot;,&quot;stations&quot;:null,&quot;source&quot;:&quot;fcst&quot;},{&quot;datetime&quot;:&quot;15:00:00&quot;,&quot;datetimeEpoch&quot;:1743087600,&quot;temp&quot;:18.4,&quot;feelslike&quot;:18.4,&quot;humidity&quot;:52.82,&quot;dew&quot;:8.6,&quot;precip&quot;:0.0,&quot;precipprob&quot;:6.5,&quot;snow&quot;:0.0,&quot;snowdepth&quot;:0.0,&quot;preciptype&quot;:null,&quot;windgust&quot;:22.7,&quot;windspeed&quot;:13.0,&quot;winddir&quot;:350.2,&quot;pressure&quot;:1019.0,&quot;visibility&quot;:24.1,&quot;cloudcover&quot;:56.9,&quot;solarradiation&quot;:756.0,&quot;solarenergy&quot;:2.7,&quot;uvindex&quot;:8.0,&quot;severerisk&quot;:10.0,&quot;conditions&quot;:&quot;Partially cloudy&quot;,&quot;icon&quot;:&quot;partly-cloudy-day&quot;,&quot;stations&quot;:null,&quot;source&quot;:&quot;fcst&quot;},{&quot;datetime&quot;:&quot;16:00:00&quot;,&quot;datetimeEpoch&quot;:1743091200,&quot;temp&quot;:17.8,&quot;feelslike&quot;:17.8,&quot;humidity&quot;:57.5,&quot;dew&quot;:9.3,&quot;precip&quot;:0.0,&quot;precipprob&quot;:6.5,&quot;snow&quot;:0.0,&quot;snowdepth&quot;:0.0,&quot;preciptype&quot;:null,&quot;windgust&quot;:24.5,&quot;windspeed&quot;:14.4,&quot;winddir&quot;:343.2,&quot;pressure&quot;:1019.0,&quot;visibility&quot;:24.1,&quot;cloudcover&quot;:30.3,&quot;solarradiation&quot;:616.0,&quot;solarenergy&quot;:2.2,&quot;uvindex&quot;:6.0,&quot;severerisk&quot;:10.0,&quot;conditions&quot;:&quot;Partially cloudy&quot;,&quot;icon&quot;:&quot;partly-cloudy-day&quot;,&quot;stations&quot;:null,&quot;source&quot;:&quot;fcst&quot;},{&quot;datetime&quot;:&quot;17:00:00&quot;,&quot;datetimeEpoch&quot;:1743094800,&quot;temp&quot;:17.1,&quot;feelslike&quot;:17.1,&quot;humidity&quot;:60.1,&quot;dew&quot;:9.3,&quot;precip&quot;:0.0,&quot;precipprob&quot;:6.5,&quot;snow&quot;:0.0,&quot;snowdepth&quot;:0.0,&quot;preciptype&quot;:null,&quot;windgust&quot;:25.6,&quot;windspeed&quot;:15.1,&quot;winddir&quot;:339.2,&quot;pressure&quot;:1019.0,&quot;visibility&quot;:24.1,&quot;cloudcover&quot;:21.5,&quot;solarradiation&quot;:432.0,&quot;solarenergy&quot;:1.6,&quot;uvindex&quot;:4.0,&quot;severerisk&quot;:10.0,&quot;conditions&quot;:&quot;Partially cloudy&quot;,&quot;icon&quot;:&quot;partly-cloudy-day&quot;,&quot;stations&quot;:null,&quot;source&quot;:&quot;fcst&quot;},{&quot;datetime&quot;:&quot;18:00:00&quot;,&quot;datetimeEpoch&quot;:1743098400,&quot;temp&quot;:16.1,&quot;feelslike&quot;:16.1,&quot;humidity&quot;:61.92,&quot;dew&quot;:8.8,&quot;precip&quot;:0.0,&quot;precipprob&quot;:6.5,&quot;snow&quot;:0.0,&quot;snowdepth&quot;:0.0,&quot;preciptype&quot;:null,&quot;windgust&quot;:25.6,&quot;windspeed&quot;:13.7,&quot;winddir&quot;:337.7,&quot;pressure&quot;:1019.0,&quot;visibility&quot;:24.1,&quot;cloudcover&quot;:0.0,&quot;solarradiation&quot;:226.0,&quot;solarenergy&quot;:0.8,&quot;uvindex&quot;:2.0,&quot;severerisk&quot;:10.0,&quot;conditions&quot;:&quot;Clear&quot;,&quot;icon&quot;:&quot;clear-day&quot;,&quot;stations&quot;:null,&quot;source&quot;:&quot;fcst&quot;},{&quot;datetime&quot;:&quot;19:00:00&quot;,&quot;datetimeEpoch&quot;:1743102000,&quot;temp&quot;:15.0,&quot;feelslike&quot;:15.0,&quot;humidity&quot;:68.26,&quot;dew&quot;:9.2,&quot;precip&quot;:0.0,&quot;precipprob&quot;:0.0,&quot;snow&quot;:0.0,&quot;snowdepth&quot;:0.0,&quot;preciptype&quot;:null,&quot;windgust&quot;:23.4,&quot;windspeed&quot;:10.4,&quot;winddir&quot;:336.4,&quot;pressure&quot;:1019.0,&quot;visibility&quot;:24.1,&quot;cloudcover&quot;:0.0,&quot;solarradiation&quot;:42.0,&quot;solarenergy&quot;:0.2,&quot;uvindex&quot;:0.0,&quot;severerisk&quot;:10.0,&quot;conditions&quot;:&quot;Clear&quot;,&quot;icon&quot;:&quot;clear-night&quot;,&quot;stations&quot;:null,&quot;source&quot;:&quot;fcst&quot;},{&quot;datetime&quot;:&quot;20:00:00&quot;,&quot;datetimeEpoch&quot;:1743105600,&quot;temp&quot;:14.0,&quot;feelslike&quot;:14.0,&quot;humidity&quot;:73.8,&quot;dew&quot;:9.4,&quot;precip&quot;:0.0,&quot;precipprob&quot;:0.0,&quot;snow&quot;:0.0,&quot;snowdepth&quot;:0.0,&quot;preciptype&quot;:null,&quot;windgust&quot;:18.7,&quot;windspeed&quot;:11.5,&quot;winddir&quot;:340.9,&quot;pressure&quot;:1020.0,&quot;visibility&quot;:24.1,&quot;cloudcover&quot;:0.0,&quot;solarradiation&quot;:0.0,&quot;solarenergy&quot;:0.0,&quot;uvindex&quot;:0.0,&quot;severerisk&quot;:10.0,&quot;conditions&quot;:&quot;Clear&quot;,&quot;icon&quot;:&quot;clear-night&quot;,&quot;stations&quot;:null,&quot;source&quot;:&quot;fcst&quot;},{&quot;datetime&quot;:&quot;21:00:00&quot;,&quot;datetimeEpoch&quot;:1743109200,&quot;temp&quot;:13.3,&quot;feelslike&quot;:13.3,&quot;humidity&quot;:77.76,&quot;dew&quot;:9.5,&quot;precip&quot;:0.0,&quot;precipprob&quot;:0.0,&quot;snow&quot;:0.0,&quot;snowdepth&quot;:0.0,&quot;preciptype&quot;:null,&quot;windgust&quot;:19.4,&quot;windspeed&quot;:6.5,&quot;winddir&quot;:350.8,&quot;pressure&quot;:1021.0,&quot;visibility&quot;:24.1,&quot;cloudcover&quot;:0.0,&quot;solarradiation&quot;:0.0,&quot;solarenergy&quot;:0.0,&quot;uvindex&quot;:0.0,&quot;severerisk&quot;:10.0,&quot;conditions&quot;:&quot;Clear&quot;,&quot;icon&quot;:&quot;clear-night&quot;,&quot;stations&quot;:null,&quot;source&quot;:&quot;fcst&quot;},{&quot;datetime&quot;:&quot;22:00:00&quot;,&quot;datetimeEpoch&quot;:1743112800,&quot;temp&quot;:12.9,&quot;feelslike&quot;:12.9,&quot;humidity&quot;:76.66,&quot;dew&quot;:8.9,&quot;precip&quot;:0.0,&quot;precipprob&quot;:0.0,&quot;snow&quot;:0.0,&quot;snowdepth&quot;:0.0,&quot;preciptype&quot;:null,&quot;windgust&quot;:11.2,&quot;windspeed&quot;:5.4,&quot;winddir&quot;:340.3,&quot;pressure&quot;:1021.0,&quot;visibility&quot;:24.1,&quot;cloudcover&quot;:0.0,&quot;solarradiation&quot;:0.0,&quot;solarenergy&quot;:0.0,&quot;uvindex&quot;:0.0,&quot;severerisk&quot;:10.0,&quot;conditions&quot;:&quot;Clear&quot;,&quot;icon&quot;:&quot;clear-night&quot;,&quot;stations&quot;:null,&quot;source&quot;:&quot;fcst&quot;},{&quot;datetime&quot;:&quot;23:00:00&quot;,&quot;datetimeEpoch&quot;:1743116400,&quot;temp&quot;:12.5,&quot;feelslike&quot;:12.5,&quot;humidity&quot;:78.69,&quot;dew&quot;:8.9,&quot;precip&quot;:0.0,&quot;precipprob&quot;:0.0,&quot;snow&quot;:0.0,&quot;snowdepth&quot;:0.0,&quot;preciptype&quot;:null,&quot;windgust&quot;:9.4,&quot;windspeed&quot;:4.3,&quot;winddir&quot;:335.9,&quot;pressure&quot;:1021.0,&quot;visibility&quot;:24.1,&quot;cloudcover&quot;:0.0,&quot;solarradiation&quot;:0.0,&quot;solarenergy&quot;:0.0,&quot;uvindex&quot;:0.0,&quot;severerisk&quot;:10.0,&quot;conditions&quot;:&quot;Clear&quot;,&quot;icon&quot;:&quot;clear-night&quot;,&quot;stations&quot;:null,&quot;source&quot;:&quot;fcst&quot;}]},{&quot;datetime&quot;:&quot;2025-03-28&quot;,&quot;datetimeEpoch&quot;:1743120000,&quot;tempmax&quot;:20.5,&quot;tempmin&quot;:11.5,&quot;temp&quot;:14.9,&quot;feelslikemax&quot;:20.5,&quot;feelslikemin&quot;:11.5,&quot;feelslike&quot;:14.9,&quot;dew&quot;:9.9,&quot;humidity&quot;:72.9,&quot;precip&quot;:0.0,&quot;precipprob&quot;:0.0,&quot;precipcover&quot;:0.0,&quot;preciptype&quot;:null,&quot;snow&quot;:0.0,&quot;snowdepth&quot;:0.0,&quot;windgust&quot;:33.5,&quot;windspeed&quot;:17.3,&quot;winddir&quot;:350.0,&quot;pressure&quot;:1021.9,&quot;cloudcover&quot;:13.4,&quot;visibility&quot;:24.1,&quot;solarradiation&quot;:269.4,&quot;solarenergy&quot;:23.3,&quot;uvindex&quot;:9.0,&quot;severerisk&quot;:10.0,&quot;sunrise&quot;:&quot;06:27:20&quot;,&quot;sunriseEpoch&quot;:1743143240,&quot;sunset&quot;:&quot;18:56:32&quot;,&quot;sunsetEpoch&quot;:1743188192,&quot;moonphase&quot;:0.97,&quot;conditions&quot;:&quot;Clear&quot;,&quot;description&quot;:&quot;Clear conditions throughout the day.&quot;,&quot;icon&quot;:&quot;clear-day&quot;,&quot;stations&quot;:null,&quot;source&quot;:&quot;fcst&quot;,&quot;hours&quot;:[{&quot;datetime&quot;:&quot;00:00:00&quot;,&quot;datetimeEpoch&quot;:1743120000,&quot;temp&quot;:12.2,&quot;feelslike&quot;:12.2,&quot;humidity&quot;:79.72,&quot;dew&quot;:8.8,&quot;precip&quot;:0.0,&quot;precipprob&quot;:0.0,&quot;snow&quot;:0.0,&quot;snowdepth&quot;:0.0,&quot;preciptype&quot;:null,&quot;windgust&quot;:7.9,&quot;windspeed&quot;:4.3,&quot;winddir&quot;:331.1,&quot;pressure&quot;:1021.0,&quot;visibility&quot;:24.1,&quot;cloudcover&quot;:0.0,&quot;solarradiation&quot;:0.0,&quot;solarenergy&quot;:0.0,&quot;uvindex&quot;:0.0,&quot;severerisk&quot;:10.0,&quot;conditions&quot;:&quot;Clear&quot;,&quot;icon&quot;:&quot;clear-night&quot;,&quot;stations&quot;:null,&quot;source&quot;:&quot;fcst&quot;},{&quot;datetime&quot;:&quot;01:00:00&quot;,&quot;datetimeEpoch&quot;:1743123600,&quot;temp&quot;:12.0,&quot;feelslike&quot;:12.0,&quot;humidity&quot;:80.23,&quot;dew&quot;:8.7,&quot;precip&quot;:0.0,&quot;precipprob&quot;:0.0,&quot;snow&quot;:0.0,&quot;snowdepth&quot;:0.0,&quot;preciptype&quot;:null,&quot;windgust&quot;:7.9,&quot;windspeed&quot;:4.3,&quot;winddir&quot;:337.0,&quot;pressure&quot;:1021.0,&quot;visibility&quot;:24.1,&quot;cloudcover&quot;:0.0,&quot;solarradiation&quot;:0.0,&quot;solarenergy&quot;:0.0,&quot;uvindex&quot;:0.0,&quot;severerisk&quot;:10.0,&quot;conditions&quot;:&quot;Clear&quot;,&quot;icon&quot;:&quot;clear-night&quot;,&quot;stations&quot;:null,&quot;source&quot;:&quot;fcst&quot;},{&quot;datetime&quot;:&quot;02:00:00&quot;,&quot;datetimeEpoch&quot;:1743127200,&quot;temp&quot;:11.8,&quot;feelslike&quot;:11.8,&quot;humidity&quot;:80.75,&quot;dew&quot;:8.6,&quot;precip&quot;:0.0,&quot;precipprob&quot;:0.0,&quot;snow&quot;:0.0,&quot;snowdepth&quot;:0.0,&quot;preciptype&quot;:null,&quot;windgust&quot;:7.6,&quot;windspeed&quot;:3.2,&quot;winddir&quot;:334.1,&quot;pressure&quot;:1020.0,&quot;visibility&quot;:24.1,&quot;cloudcover&quot;:0.0,&quot;solarradiation&quot;:0.0,&quot;solarenergy&quot;:0.0,&quot;uvindex&quot;:0.0,&quot;severerisk&quot;:10.0,&quot;conditions&quot;:&quot;Clear&quot;,&quot;icon&quot;:&quot;clear-night&quot;,&quot;stations&quot;:null,&quot;source&quot;:&quot;fcst&quot;},{&quot;datetime&quot;:&quot;03:00:00&quot;,&quot;datetimeEpoch&quot;:1743130800,&quot;temp&quot;:11.5,&quot;feelslike&quot;:11.5,&quot;humidity&quot;:82.36,&quot;dew&quot;:8.6,&quot;precip&quot;:0.0,&quot;precipprob&quot;:0.0,&quot;snow&quot;:0.0,&quot;snowdepth&quot;:0.0,&quot;preciptype&quot;:null,&quot;windgust&quot;:8.6,&quot;windspeed&quot;:4.7,&quot;winddir&quot;:308.9,&quot;pressure&quot;:1020.0,&quot;visibility&quot;:24.1,&quot;cloudcover&quot;:0.0,&quot;solarradiation&quot;:0.0,&quot;solarenergy&quot;:0.0,&quot;uvindex&quot;:0.0,&quot;severerisk&quot;:10.0,&quot;conditions&quot;:&quot;Clear&quot;,&quot;icon&quot;:&quot;clear-night&quot;,&quot;stations&quot;:null,&quot;source&quot;:&quot;fcst&quot;},{&quot;datetime&quot;:&quot;04:00:00&quot;,&quot;datetimeEpoch&quot;:1743134400,&quot;temp&quot;:11.5,&quot;feelslike&quot;:11.5,&quot;humidity&quot;:82.92,&quot;dew&quot;:8.7,&quot;precip&quot;:0.0,&quot;precipprob&quot;:0.0,&quot;snow&quot;:0.0,&quot;snowdepth&quot;:0.0,&quot;preciptype&quot;:null,&quot;windgust&quot;:8.6,&quot;windspeed&quot;:3.6,&quot;winddir&quot;:322.6,&quot;pressure&quot;:1020.0,&quot;visibility&quot;:24.1,&quot;cloudcover&quot;:0.0,&quot;solarradiation&quot;:0.0,&quot;solarenergy&quot;:0.0,&quot;uvindex&quot;:0.0,&quot;severerisk&quot;:10.0,&quot;conditions&quot;:&quot;Clear&quot;,&quot;icon&quot;:&quot;clear-night&quot;,&quot;stations&quot;:null,&quot;source&quot;:&quot;fcst&quot;},{&quot;datetime&quot;:&quot;05:00:00&quot;,&quot;datetimeEpoch&quot;:1743138000,&quot;temp&quot;:11.7,&quot;feelslike&quot;:11.7,&quot;humidity&quot;:84.07,&quot;dew&quot;:9.1,&quot;precip&quot;:0.0,&quot;precipprob&quot;:0.0,&quot;snow&quot;:0.0,&quot;snowdepth&quot;:0.0,&quot;preciptype&quot;:null,&quot;windgust&quot;:6.8,&quot;windspeed&quot;:3.6,&quot;winddir&quot;:344.4,&quot;pressure&quot;:1020.0,&quot;visibility&quot;:24.1,&quot;cloudcover&quot;:0.0,&quot;solarradiation&quot;:0.0,&quot;solarenergy&quot;:0.0,&quot;uvindex&quot;:0.0,&quot;severerisk&quot;:10.0,&quot;conditions&quot;:&quot;Clear&quot;,&quot;icon&quot;:&quot;clear-night&quot;,&quot;stations&quot;:null,&quot;source&quot;:&quot;fcst&quot;},{&quot;datetime&quot;:&quot;06:00:00&quot;,&quot;datetimeEpoch&quot;:1743141600,&quot;temp&quot;:11.9,&quot;feelslike&quot;:11.9,&quot;humidity&quot;:83.53,&quot;dew&quot;:9.2,&quot;precip&quot;:0.0,&quot;precipprob&quot;:0.0,&quot;snow&quot;:0.0,&quot;snowdepth&quot;:0.0,&quot;preciptype&quot;:null,&quot;windgust&quot;:6.1,&quot;windspeed&quot;:3.6,&quot;winddir&quot;:353.3,&quot;pressure&quot;:1021.0,&quot;visibility&quot;:24.1,&quot;cloudcover&quot;:0.0,&quot;solarradiation&quot;:0.0,&quot;solarenergy&quot;:0.0,&quot;uvindex&quot;:0.0,&quot;severerisk&quot;:10.0,&quot;conditions&quot;:&quot;Clear&quot;,&quot;icon&quot;:&quot;clear-night&quot;,&quot;stations&quot;:null,&quot;source&quot;:&quot;fcst&quot;},{&quot;datetime&quot;:&quot;07:00:00&quot;,&quot;datetimeEpoch&quot;:1743145200,&quot;temp&quot;:12.5,&quot;feelslike&quot;:12.5,&quot;humidity&quot;:81.4,&quot;dew&quot;:9.4,&quot;precip&quot;:0.0,&quot;precipprob&quot;:0.0,&quot;snow&quot;:0.0,&quot;snowdepth&quot;:0.0,&quot;preciptype&quot;:null,&quot;windgust&quot;:5.9,&quot;windspeed&quot;:3.4,&quot;winddir&quot;:237.7,&quot;pressure&quot;:1021.7,&quot;visibility&quot;:24.1,&quot;cloudcover&quot;:0.0,&quot;solarradiation&quot;:10.0,&quot;solarenergy&quot;:0.0,&quot;uvindex&quot;:0.0,&quot;severerisk&quot;:10.0,&quot;conditions&quot;:&quot;Clear&quot;,&quot;icon&quot;:&quot;clear-day&quot;,&quot;stations&quot;:null,&quot;source&quot;:&quot;fcst&quot;},{&quot;datetime&quot;:&quot;08:00:00&quot;,&quot;datetimeEpoch&quot;:1743148800,&quot;temp&quot;:13.2,&quot;feelslike&quot;:13.2,&quot;humidity&quot;:79.33,&quot;dew&quot;:9.7,&quot;precip&quot;:0.0,&quot;precipprob&quot;:0.0,&quot;snow&quot;:0.0,&quot;snowdepth&quot;:0.0,&quot;preciptype&quot;:null,&quot;windgust&quot;:5.6,&quot;windspeed&quot;:3.1,&quot;winddir&quot;:122.0,&quot;pressure&quot;:1022.3,&quot;visibility&quot;:24.1,&quot;cloudcover&quot;:0.0,&quot;solarradiation&quot;:152.0,&quot;solarenergy&quot;:0.5,&quot;uvindex&quot;:2.0,&quot;severerisk&quot;:10.0,&quot;conditions&quot;:&quot;Clear&quot;,&quot;icon&quot;:&quot;clear-day&quot;,&quot;stations&quot;:null,&quot;source&quot;:&quot;fcst&quot;},{&quot;datetime&quot;:&quot;09:00:00&quot;,&quot;datetimeEpoch&quot;:1743152400,&quot;temp&quot;:13.9,&quot;feelslike&quot;:13.9,&quot;humidity&quot;:77.33,&quot;dew&quot;:10.0,&quot;precip&quot;:0.0,&quot;precipprob&quot;:0.0,&quot;snow&quot;:0.0,&quot;snowdepth&quot;:0.0,&quot;preciptype&quot;:null,&quot;windgust&quot;:5.4,&quot;windspeed&quot;:2.9,&quot;winddir&quot;:6.4,&quot;pressure&quot;:1023.0,&quot;visibility&quot;:24.1,&quot;cloudcover&quot;:0.0,&quot;solarradiation&quot;:364.0,&quot;solarenergy&quot;:1.3,&quot;uvindex&quot;:4.0,&quot;severerisk&quot;:10.0,&quot;conditions&quot;:&quot;Clear&quot;,&quot;icon&quot;:&quot;clear-day&quot;,&quot;stations&quot;:null,&quot;source&quot;:&quot;fcst&quot;},{&quot;datetime&quot;:&quot;10:00:00&quot;,&quot;datetimeEpoch&quot;:1743156000,&quot;temp&quot;:15.7,&quot;feelslike&quot;:15.7,&quot;humidity&quot;:71.36,&quot;dew&quot;:10.5,&quot;precip&quot;:0.0,&quot;precipprob&quot;:0.0,&quot;snow&quot;:0.0,&quot;snowdepth&quot;:0.0,&quot;preciptype&quot;:null,&quot;windgust&quot;:8.4,&quot;windspeed&quot;:4.6,&quot;winddir&quot;:5.7,&quot;pressure&quot;:1023.0,&quot;visibility&quot;:24.1,&quot;cloudcover&quot;:12.6,&quot;solarradiation&quot;:560.0,&quot;solarenergy&quot;:2.0,&quot;uvindex&quot;:6.0,&quot;severerisk&quot;:10.0,&quot;conditions&quot;:&quot;Clear&quot;,&quot;icon&quot;:&quot;clear-day&quot;,&quot;stations&quot;:null,&quot;source&quot;:&quot;fcst&quot;},{&quot;datetime&quot;:&quot;11:00:00&quot;,&quot;datetimeEpoch&quot;:1743159600,&quot;temp&quot;:17.5,&quot;feelslike&quot;:17.5,&quot;humidity&quot;:65.96,&quot;dew&quot;:11.1,&quot;precip&quot;:0.0,&quot;precipprob&quot;:0.0,&quot;snow&quot;:0.0,&quot;snowdepth&quot;:0.0,&quot;preciptype&quot;:null,&quot;windgust&quot;:11.4,&quot;windspeed&quot;:6.2,&quot;winddir&quot;:5.0,&quot;pressure&quot;:1023.0,&quot;visibility&quot;:24.1,&quot;cloudcover&quot;:25.1,&quot;solarradiation&quot;:720.0,&quot;solarenergy&quot;:2.6,&quot;uvindex&quot;:7.0,&quot;severerisk&quot;:10.0,&quot;conditions&quot;:&quot;Partially cloudy&quot;,&quot;icon&quot;:&quot;partly-cloudy-day&quot;,&quot;stations&quot;:null,&quot;source&quot;:&quot;fcst&quot;},{&quot;datetime&quot;:&quot;12:00:00&quot;,&quot;datetimeEpoch&quot;:1743163200,&quot;temp&quot;:19.4,&quot;feelslike&quot;:19.4,&quot;humidity&quot;:61.05,&quot;dew&quot;:11.7,&quot;precip&quot;:0.0,&quot;precipprob&quot;:0.0,&quot;snow&quot;:0.0,&quot;snowdepth&quot;:0.0,&quot;preciptype&quot;:null,&quot;windgust&quot;:14.4,&quot;windspeed&quot;:7.9,&quot;winddir&quot;:4.3,&quot;pressure&quot;:1023.0,&quot;visibility&quot;:24.1,&quot;cloudcover&quot;:37.7,&quot;solarradiation&quot;:827.0,&quot;solarenergy&quot;:3.0,&quot;uvindex&quot;:8.0,&quot;severerisk&quot;:10.0,&quot;conditions&quot;:&quot;Partially cloudy&quot;,&quot;icon&quot;:&quot;partly-cloudy-day&quot;,&quot;stations&quot;:null,&quot;source&quot;:&quot;fcst&quot;},{&quot;datetime&quot;:&quot;13:00:00&quot;,&quot;datetimeEpoch&quot;:1743166800,&quot;temp&quot;:19.7,&quot;feelslike&quot;:19.7,&quot;humidity&quot;:57.86,&quot;dew&quot;:11.2,&quot;precip&quot;:0.0,&quot;precipprob&quot;:0.0,&quot;snow&quot;:0.0,&quot;snowdepth&quot;:0.0,&quot;preciptype&quot;:null,&quot;windgust&quot;:17.2,&quot;windspeed&quot;:9.6,&quot;winddir&quot;:120.0,&quot;pressure&quot;:1022.3,&quot;visibility&quot;:24.1,&quot;cloudcover&quot;:28.2,&quot;solarradiation&quot;:872.0,&quot;solarenergy&quot;:3.1,&quot;uvindex&quot;:9.0,&quot;severerisk&quot;:10.0,&quot;conditions&quot;:&quot;Partially cloudy&quot;,&quot;icon&quot;:&quot;partly-cloudy-day&quot;,&quot;stations&quot;:null,&quot;source&quot;:&quot;fcst&quot;},{&quot;datetime&quot;:&quot;14:00:00&quot;,&quot;datetimeEpoch&quot;:1743170400,&quot;temp&quot;:20.1,&quot;feelslike&quot;:20.1,&quot;humidity&quot;:54.83,&quot;dew&quot;:10.7,&quot;precip&quot;:0.0,&quot;precipprob&quot;:0.0,&quot;snow&quot;:0.0,&quot;snowdepth&quot;:0.0,&quot;preciptype&quot;:null,&quot;windgust&quot;:19.9,&quot;windspeed&quot;:11.3,&quot;winddir&quot;:235.7,&quot;pressure&quot;:1021.7,&quot;visibility&quot;:24.1,&quot;cloudcover&quot;:18.7,&quot;solarradiation&quot;:851.0,&quot;solarenergy&quot;:3.1,&quot;uvindex&quot;:9.0,&quot;severerisk&quot;:10.0,&quot;conditions&quot;:&quot;Clear&quot;,&quot;icon&quot;:&quot;clear-day&quot;,&quot;stations&quot;:null,&quot;source&quot;:&quot;fcst&quot;},{&quot;datetime&quot;:&quot;15:00:00&quot;,&quot;datetimeEpoch&quot;:1743174000,&quot;temp&quot;:20.5,&quot;feelslike&quot;:20.5,&quot;humidity&quot;:51.96,&quot;dew&quot;:10.3,&quot;precip&quot;:0.0,&quot;precipprob&quot;:0.0,&quot;snow&quot;:0.0,&quot;snowdepth&quot;:0.0,&quot;preciptype&quot;:null,&quot;windgust&quot;:22.7,&quot;windspeed&quot;:13.0,&quot;winddir&quot;:351.4,&quot;pressure&quot;:1021.0,&quot;visibility&quot;:24.1,&quot;cloudcover&quot;:9.2,&quot;solarradiation&quot;:766.0,&quot;solarenergy&quot;:2.8,&quot;uvindex&quot;:8.0,&quot;severerisk&quot;:10.0,&quot;conditions&quot;:&quot;Clear&quot;,&quot;icon&quot;:&quot;clear-day&quot;,&quot;stations&quot;:null,&quot;source&quot;:&quot;fcst&quot;},{&quot;datetime&quot;:&quot;16:00:00&quot;,&quot;datetimeEpoch&quot;:1743177600,&quot;temp&quot;:19.2,&quot;feelslike&quot;:19.2,&quot;humidity&quot;:56.45,&quot;dew&quot;:10.3,&quot;precip&quot;:0.0,&quot;precipprob&quot;:0.0,&quot;snow&quot;:0.0,&quot;snowdepth&quot;:0.0,&quot;preciptype&quot;:null,&quot;windgust&quot;:26.3,&quot;windspeed&quot;:14.4,&quot;winddir&quot;:351.3,&quot;pressure&quot;:1021.3,&quot;visibility&quot;:24.1,&quot;cloudcover&quot;:10.1,&quot;solarradiation&quot;:625.0,&quot;solarenergy&quot;:2.3,&quot;uvindex&quot;:6.0,&quot;severerisk&quot;:10.0,&quot;conditions&quot;:&quot;Clear&quot;,&quot;icon&quot;:&quot;clear-day&quot;,&quot;stations&quot;:null,&quot;source&quot;:&quot;fcst&quot;},{&quot;datetime&quot;:&quot;17:00:00&quot;,&quot;datetimeEpoch&quot;:1743181200,&quot;temp&quot;:17.9,&quot;feelslike&quot;:17.9,&quot;humidity&quot;:61.37,&quot;dew&quot;:10.3,&quot;precip&quot;:0.0,&quot;precipprob&quot;:0.0,&quot;snow&quot;:0.0,&quot;snowdepth&quot;:0.0,&quot;preciptype&quot;:null,&quot;windgust&quot;:29.9,&quot;windspeed&quot;:15.8,&quot;winddir&quot;:351.3,&quot;pressure&quot;:1021.7,&quot;visibility&quot;:24.1,&quot;cloudcover&quot;:11.0,&quot;solarradiation&quot;:441.0,&quot;solarenergy&quot;:1.6,&quot;uvindex&quot;:4.0,&quot;severerisk&quot;:10.0,&quot;conditions&quot;:&quot;Clear&quot;,&quot;icon&quot;:&quot;clear-day&quot;,&quot;stations&quot;:null,&quot;source&quot;:&quot;fcst&quot;},{&quot;datetime&quot;:&quot;18:00:00&quot;,&quot;datetimeEpoch&quot;:1743184800,&quot;temp&quot;:16.6,&quot;feelslike&quot;:16.6,&quot;humidity&quot;:66.78,&quot;dew&quot;:10.4,&quot;precip&quot;:0.0,&quot;precipprob&quot;:0.0,&quot;snow&quot;:0.0,&quot;snowdepth&quot;:0.0,&quot;preciptype&quot;:null,&quot;windgust&quot;:33.5,&quot;windspeed&quot;:17.3,&quot;winddir&quot;:351.2,&quot;pressure&quot;:1022.0,&quot;visibility&quot;:24.1,&quot;cloudcover&quot;:11.9,&quot;solarradiation&quot;:233.0,&quot;solarenergy&quot;:0.8,&quot;uvindex&quot;:2.0,&quot;severerisk&quot;:10.0,&quot;conditions&quot;:&quot;Clear&quot;,&quot;icon&quot;:&quot;clear-day&quot;,&quot;stations&quot;:null,&quot;source&quot;:&quot;fcst&quot;},{&quot;datetime&quot;:&quot;19:00:00&quot;,&quot;datetimeEpoch&quot;:1743188400,&quot;temp&quot;:15.4,&quot;feelslike&quot;:15.4,&quot;humidity&quot;:71.48,&quot;dew&quot;:10.3,&quot;precip&quot;:0.0,&quot;precipprob&quot;:0.0,&quot;snow&quot;:0.0,&quot;snowdepth&quot;:0.0,&quot;preciptype&quot;:null,&quot;windgust&quot;:30.1,&quot;windspeed&quot;:15.8,&quot;winddir&quot;:353.4,&quot;pressure&quot;:1022.7,&quot;visibility&quot;:24.1,&quot;cloudcover&quot;:20.1,&quot;solarradiation&quot;:45.0,&quot;solarenergy&quot;:0.2,&quot;uvindex&quot;:0.0,&quot;severerisk&quot;:10.0,&quot;conditions&quot;:&quot;Partially cloudy&quot;,&quot;icon&quot;:&quot;partly-cloudy-night&quot;,&quot;stations&quot;:null,&quot;source&quot;:&quot;fcst&quot;},{&quot;datetime&quot;:&quot;20:00:00&quot;,&quot;datetimeEpoch&quot;:1743192000,&quot;temp&quot;:14.4,&quot;feelslike&quot;:14.4,&quot;humidity&quot;:76.55,&quot;dew&quot;:10.3,&quot;precip&quot;:0.0,&quot;precipprob&quot;:0.0,&quot;snow&quot;:0.0,&quot;snowdepth&quot;:0.0,&quot;preciptype&quot;:null,&quot;windgust&quot;:26.8,&quot;windspeed&quot;:14.4,&quot;winddir&quot;:355.5,&quot;pressure&quot;:1023.3,&quot;visibility&quot;:24.1,&quot;cloudcover&quot;:28.2,&quot;solarradiation&quot;:0.0,&quot;solarenergy&quot;:0.0,&quot;uvindex&quot;:0.0,&quot;severerisk&quot;:10.0,&quot;conditions&quot;:&quot;Partially cloudy&quot;,&quot;icon&quot;:&quot;partly-cloudy-night&quot;,&quot;stations&quot;:null,&quot;source&quot;:&quot;fcst&quot;},{&quot;datetime&quot;:&quot;21:00:00&quot;,&quot;datetimeEpoch&quot;:1743195600,&quot;temp&quot;:13.3,&quot;feelslike&quot;:13.3,&quot;humidity&quot;:82.04,&quot;dew&quot;:10.3,&quot;precip&quot;:0.0,&quot;precipprob&quot;:0.0,&quot;snow&quot;:0.0,&quot;snowdepth&quot;:0.0,&quot;preciptype&quot;:null,&quot;windgust&quot;:23.4,&quot;windspeed&quot;:13.0,&quot;winddir&quot;:357.7,&quot;pressure&quot;:1024.0,&quot;visibility&quot;:24.1,&quot;cloudcover&quot;:36.4,&quot;solarradiation&quot;:0.0,&quot;solarenergy&quot;:0.0,&quot;uvindex&quot;:0.0,&quot;severerisk&quot;:10.0,&quot;conditions&quot;:&quot;Partially cloudy&quot;,&quot;icon&quot;:&quot;partly-cloudy-night&quot;,&quot;stations&quot;:null,&quot;source&quot;:&quot;fcst&quot;},{&quot;datetime&quot;:&quot;22:00:00&quot;,&quot;datetimeEpoch&quot;:1743199200,&quot;temp&quot;:13.2,&quot;feelslike&quot;:13.2,&quot;humidity&quot;:81.13,&quot;dew&quot;:10.1,&quot;precip&quot;:0.0,&quot;precipprob&quot;:0.0,&quot;snow&quot;:0.0,&quot;snowdepth&quot;:0.0,&quot;preciptype&quot;:null,&quot;windgust&quot;:24.5,&quot;windspeed&quot;:12.6,&quot;winddir&quot;:353.8,&quot;pressure&quot;:1023.7,&quot;visibility&quot;:24.1,&quot;cloudcover&quot;:36.3,&quot;solarradiation&quot;:0.0,&quot;solarenergy&quot;:0.0,&quot;uvindex&quot;:0.0,&quot;severerisk&quot;:10.0,&quot;conditions&quot;:&quot;Partially cloudy&quot;,&quot;icon&quot;:&quot;partly-cloudy-night&quot;,&quot;stations&quot;:null,&quot;source&quot;:&quot;fcst&quot;},{&quot;datetime&quot;:&quot;23:00:00&quot;,&quot;datetimeEpoch&quot;:1743202800,&quot;temp&quot;:13.2,&quot;feelslike&quot;:13.2,&quot;humidity&quot;:80.22,&quot;dew&quot;:9.9,&quot;precip&quot;:0.0,&quot;precipprob&quot;:0.0,&quot;snow&quot;:0.0,&quot;snowdepth&quot;:0.0,&quot;preciptype&quot;:null,&quot;windgust&quot;:25.6,&quot;windspeed&quot;:12.2,&quot;winddir&quot;:350.0,&quot;pressure&quot;:1023.3,&quot;visibility&quot;:24.1,&quot;cloudcover&quot;:36.3,&quot;solarradiation&quot;:0.0,&quot;solarenergy&quot;:0.0,&quot;uvindex&quot;:0.0,&quot;severerisk&quot;:10.0,&quot;conditions&quot;:&quot;Partially cloudy&quot;,&quot;icon&quot;:&quot;partly-cloudy-night&quot;,&quot;stations&quot;:null,&quot;source&quot;:&quot;fcst&quot;}]},{&quot;datetime&quot;:&quot;2025-03-29&quot;,&quot;datetimeEpoch&quot;:1743206400,&quot;tempmax&quot;:18.9,&quot;tempmin&quot;:12.3,&quot;temp&quot;:15.3,&quot;feelslikemax&quot;:18.9,&quot;feelslikemin&quot;:12.3,&quot;feelslike&quot;:15.3,&quot;dew&quot;:9.4,&quot;humidity&quot;:69.0,&quot;precip&quot;:0.0,&quot;precipprob&quot;:0.0,&quot;precipcover&quot;:0.0,&quot;preciptype&quot;:null,&quot;snow&quot;:0.0,&quot;snowdepth&quot;:0.0,&quot;windgust&quot;:40.3,&quot;windspeed&quot;:20.5,&quot;winddir&quot;:351.1,&quot;pressure&quot;:1021.6,&quot;cloudcover&quot;:22.6,&quot;visibility&quot;:24.1,&quot;solarradiation&quot;:265.5,&quot;solarenergy&quot;:22.7,&quot;uvindex&quot;:9.0,&quot;severerisk&quot;:10.0,&quot;sunrise&quot;:&quot;06:25:47&quot;,&quot;sunriseEpoch&quot;:1743229547,&quot;sunset&quot;:&quot;18:57:29&quot;,&quot;sunsetEpoch&quot;:1743274649,&quot;moonphase&quot;:0.0,&quot;conditions&quot;:&quot;Partially cloudy&quot;,&quot;description&quot;:&quot;Partly cloudy throughout the day.&quot;,&quot;icon&quot;:&quot;partly-cloudy-day&quot;,&quot;stations&quot;:null,&quot;source&quot;:&quot;fcst&quot;,&quot;hours&quot;:[{&quot;datetime&quot;:&quot;00:00:00&quot;,&quot;datetimeEpoch&quot;:1743206400,&quot;temp&quot;:13.2,&quot;feelslike&quot;:13.2,&quot;humidity&quot;:79.33,&quot;dew&quot;:9.7,&quot;precip&quot;:0.0,&quot;precipprob&quot;:0.0,&quot;snow&quot;:0.0,&quot;snowdepth&quot;:0.0,&quot;preciptype&quot;:null,&quot;windgust&quot;:26.6,&quot;windspeed&quot;:11.9,&quot;winddir&quot;:346.1,&quot;pressure&quot;:1023.0,&quot;visibility&quot;:24.1,&quot;cloudcover&quot;:36.2,&quot;solarradiation&quot;:0.0,&quot;solarenergy&quot;:0.0,&quot;uvindex&quot;:0.0,&quot;severerisk&quot;:10.0,&quot;conditions&quot;:&quot;Partially cloudy&quot;,&quot;icon&quot;:&quot;partly-cloudy-night&quot;,&quot;stations&quot;:null,&quot;source&quot;:&quot;fcst&quot;},{&quot;datetime&quot;:&quot;01:00:00&quot;,&quot;datetimeEpoch&quot;:1743210000,&quot;temp&quot;:13.0,&quot;feelslike&quot;:13.0,&quot;humidity&quot;:80.91,&quot;dew&quot;:9.8,&quot;precip&quot;:0.0,&quot;precipprob&quot;:0.0,&quot;snow&quot;:0.0,&quot;snowdepth&quot;:0.0,&quot;preciptype&quot;:null,&quot;windgust&quot;:23.3,&quot;windspeed&quot;:11.3,&quot;winddir&quot;:341.2,&quot;pressure&quot;:1022.7,&quot;visibility&quot;:24.1,&quot;cloudcover&quot;:51.3,&quot;solarradiation&quot;:0.0,&quot;solarenergy&quot;:0.0,&quot;uvindex&quot;:0.0,&quot;severerisk&quot;:10.0,&quot;conditions&quot;:&quot;Partially cloudy&quot;,&quot;icon&quot;:&quot;partly-cloudy-night&quot;,&quot;stations&quot;:null,&quot;source&quot;:&quot;fcst&quot;},{&quot;datetime&quot;:&quot;02:00:00&quot;,&quot;datetimeEpoch&quot;:1743213600,&quot;temp&quot;:12.8,&quot;feelslike&quot;:12.8,&quot;humidity&quot;:82.53,&quot;dew&quot;:9.9,&quot;precip&quot;:0.0,&quot;precipprob&quot;:0.0,&quot;snow&quot;:0.0,&quot;snowdepth&quot;:0.0,&quot;preciptype&quot;:null,&quot;windgust&quot;:19.9,&quot;windspeed&quot;:10.7,&quot;winddir&quot;:336.4,&quot;pressure&quot;:1022.3,&quot;visibility&quot;:24.1,&quot;cloudcover&quot;:66.3,&quot;solarradiation&quot;:0.0,&quot;solarenergy&quot;:0.0,&quot;uvindex&quot;:0.0,&quot;severerisk&quot;:10.0,&quot;conditions&quot;:&quot;Partially cloudy&quot;,&quot;icon&quot;:&quot;partly-cloudy-night&quot;,&quot;stations&quot;:null,&quot;source&quot;:&quot;fcst&quot;},{&quot;datetime&quot;:&quot;03:00:00&quot;,&quot;datetimeEpoch&quot;:1743217200,&quot;temp&quot;:12.6,&quot;feelslike&quot;:12.6,&quot;humidity&quot;:84.18,&quot;dew&quot;:10.0,&quot;precip&quot;:0.0,&quot;precipprob&quot;:0.0,&quot;snow&quot;:0.0,&quot;snowdepth&quot;:0.0,&quot;preciptype&quot;:null,&quot;windgust&quot;:16.6,&quot;windspeed&quot;:10.1,&quot;winddir&quot;:331.5,&quot;pressure&quot;:1022.0,&quot;visibility&quot;:24.1,&quot;cloudcover&quot;:81.4,&quot;solarradiation&quot;:0.0,&quot;solarenergy&quot;:0.0,&quot;uvindex&quot;:0.0,&quot;severerisk&quot;:10.0,&quot;conditions&quot;:&quot;Partially cloudy&quot;,&quot;icon&quot;:&quot;partly-cloudy-night&quot;,&quot;stations&quot;:null,&quot;source&quot;:&quot;fcst&quot;},{&quot;datetime&quot;:&quot;04:00:00&quot;,&quot;datetimeEpoch&quot;:1743220800,&quot;temp&quot;:12.4,&quot;feelslike&quot;:12.4,&quot;humidity&quot;:82.49,&quot;dew&quot;:9.6,&quot;precip&quot;:0.0,&quot;precipprob&quot;:0.0,&quot;snow&quot;:0.0,&quot;snowdepth&quot;:0.0,&quot;preciptype&quot;:null,&quot;windgust&quot;:17.9,&quot;windspeed&quot;:10.7,&quot;winddir&quot;:339.8,&quot;pressure&quot;:1022.0,&quot;visibility&quot;:24.1,&quot;cloudcover&quot;:62.4,&quot;solarradiation&quot;:0.0,&quot;solarenergy&quot;:0.0,&quot;uvindex&quot;:0.0,&quot;severerisk&quot;:10.0,&quot;conditions&quot;:&quot;Partially cloudy&quot;,&quot;icon&quot;:&quot;partly-cloudy-night&quot;,&quot;stations&quot;:null,&quot;source&quot;:&quot;fcst&quot;},{&quot;datetime&quot;:&quot;05:00:00&quot;,&quot;datetimeEpoch&quot;:1743224400,&quot;temp&quot;:12.4,&quot;feelslike&quot;:12.4,&quot;humidity&quot;:80.83,&quot;dew&quot;:9.2,&quot;precip&quot;:0.0,&quot;precipprob&quot;:0.0,&quot;snow&quot;:0.0,&quot;snowdepth&quot;:0.0,&quot;preciptype&quot;:null,&quot;windgust&quot;:19.2,&quot;windspeed&quot;:11.3,&quot;winddir&quot;:348.0,&quot;pressure&quot;:1022.0,&quot;visibility&quot;:24.1,&quot;cloudcover&quot;:43.3,&quot;solarradiation&quot;:0.0,&quot;solarenergy&quot;:0.0,&quot;uvindex&quot;:0.0,&quot;severerisk&quot;:10.0,&quot;conditions&quot;:&quot;Partially cloudy&quot;,&quot;icon&quot;:&quot;partly-cloudy-night&quot;,&quot;stations&quot;:null,&quot;source&quot;:&quot;fcst&quot;},{&quot;datetime&quot;:&quot;06:00:00&quot;,&quot;datetimeEpoch&quot;:1743228000,&quot;temp&quot;:12.3,&quot;feelslike&quot;:12.3,&quot;humidity&quot;:79.2,&quot;dew&quot;:8.8,&quot;precip&quot;:0.0,&quot;precipprob&quot;:0.0,&quot;snow&quot;:0.0,&quot;snowdepth&quot;:0.0,&quot;preciptype&quot;:null,&quot;windgust&quot;:20.5,&quot;windspeed&quot;:11.9,&quot;winddir&quot;:356.3,&quot;pressure&quot;:1022.0,&quot;visibility&quot;:24.1,&quot;cloudcover&quot;:24.3,&quot;solarradiation&quot;:0.0,&quot;solarenergy&quot;:0.0,&quot;uvindex&quot;:0.0,&quot;severerisk&quot;:10.0,&quot;conditions&quot;:&quot;Partially cloudy&quot;,&quot;icon&quot;:&quot;partly-cloudy-night&quot;,&quot;stations&quot;:null,&quot;source&quot;:&quot;fcst&quot;},{&quot;datetime&quot;:&quot;07:00:00&quot;,&quot;datetimeEpoch&quot;:1743231600,&quot;temp&quot;:13.0,&quot;feelslike&quot;:13.0,&quot;humidity&quot;:75.65,&quot;dew&quot;:8.8,&quot;precip&quot;:0.0,&quot;precipprob&quot;:0.0,&quot;snow&quot;:0.0,&quot;snowdepth&quot;:0.0,&quot;preciptype&quot;:null,&quot;windgust&quot;:21.8,&quot;windspeed&quot;:12.7,&quot;winddir&quot;:237.6,&quot;pressure&quot;:1022.3,&quot;visibility&quot;:24.1,&quot;cloudcover&quot;:19.7,&quot;solarradiation&quot;:12.0,&quot;solarenergy&quot;:0.0,&quot;uvindex&quot;:0.0,&quot;severerisk&quot;:10.0,&quot;conditions&quot;:&quot;Clear&quot;,&quot;icon&quot;:&quot;clear-day&quot;,&quot;stations&quot;:null,&quot;source&quot;:&quot;fcst&quot;},{&quot;datetime&quot;:&quot;08:00:00&quot;,&quot;datetimeEpoch&quot;:1743235200,&quot;temp&quot;:13.7,&quot;feelslike&quot;:13.7,&quot;humidity&quot;:72.28,&quot;dew&quot;:8.8,&quot;precip&quot;:0.0,&quot;precipprob&quot;:0.0,&quot;snow&quot;:0.0,&quot;snowdepth&quot;:0.0,&quot;preciptype&quot;:null,&quot;windgust&quot;:23.2,&quot;windspeed&quot;:13.6,&quot;winddir&quot;:118.8,&quot;pressure&quot;:1022.7,&quot;visibility&quot;:24.1,&quot;cloudcover&quot;:15.0,&quot;solarradiation&quot;:157.0,&quot;solarenergy&quot;:0.6,&quot;uvindex&quot;:2.0,&quot;severerisk&quot;:10.0,&quot;conditions&quot;:&quot;Clear&quot;,&quot;icon&quot;:&quot;clear-day&quot;,&quot;stations&quot;:null,&quot;source&quot;:&quot;fcst&quot;},{&quot;datetime&quot;:&quot;09:00:00&quot;,&quot;datetimeEpoch&quot;:1743238800,&quot;temp&quot;:14.5,&quot;feelslike&quot;:14.5,&quot;humidity&quot;:69.08,&quot;dew&quot;:8.9,&quot;precip&quot;:0.0,&quot;precipprob&quot;:0.0,&quot;snow&quot;:0.0,&quot;snowdepth&quot;:0.0,&quot;preciptype&quot;:null,&quot;windgust&quot;:24.5,&quot;windspeed&quot;:14.4,&quot;winddir&quot;:0.1,&quot;pressure&quot;:1023.0,&quot;visibility&quot;:24.1,&quot;cloudcover&quot;:10.4,&quot;solarradiation&quot;:367.0,&quot;solarenergy&quot;:1.3,&quot;uvindex&quot;:4.0,&quot;severerisk&quot;:10.0,&quot;conditions&quot;:&quot;Clear&quot;,&quot;icon&quot;:&quot;clear-day&quot;,&quot;stations&quot;:null,&quot;source&quot;:&quot;fcst&quot;},{&quot;datetime&quot;:&quot;10:00:00&quot;,&quot;datetimeEpoch&quot;:1743242400,&quot;temp&quot;:15.7,&quot;feelslike&quot;:15.7,&quot;humidity&quot;:62.39,&quot;dew&quot;:8.5,&quot;precip&quot;:0.0,&quot;precipprob&quot;:0.0,&quot;snow&quot;:0.0,&quot;snowdepth&quot;:0.0,&quot;preciptype&quot;:null,&quot;windgust&quot;:26.6,&quot;windspeed&quot;:15.7,&quot;winddir&quot;:118.1,&quot;pressure&quot;:1023.0,&quot;visibility&quot;:24.1,&quot;cloudcover&quot;:6.9,&quot;solarradiation&quot;:564.0,&quot;solarenergy&quot;:2.0,&quot;uvindex&quot;:6.0,&quot;severerisk&quot;:10.0,&quot;conditions&quot;:&quot;Clear&quot;,&quot;icon&quot;:&quot;clear-day&quot;,&quot;stations&quot;:null,&quot;source&quot;:&quot;fcst&quot;},{&quot;datetime&quot;:&quot;11:00:00&quot;,&quot;datetimeEpoch&quot;:1743246000,&quot;temp&quot;:16.9,&quot;feelslike&quot;:16.9,&quot;humidity&quot;:56.39,&quot;dew&quot;:8.2,&quot;precip&quot;:0.0,&quot;precipprob&quot;:0.0,&quot;snow&quot;:0.0,&quot;snowdepth&quot;:0.0,&quot;preciptype&quot;:null,&quot;windgust&quot;:28.8,&quot;windspeed&quot;:17.0,&quot;winddir&quot;:236.1,&quot;pressure&quot;:1023.0,&quot;visibility&quot;:24.1,&quot;cloudcover&quot;:3.5,&quot;solarradiation&quot;:722.0,&quot;solarenergy&quot;:2.6,&quot;uvindex&quot;:7.0,&quot;severerisk&quot;:10.0,&quot;conditions&quot;:&quot;Clear&quot;,&quot;icon&quot;:&quot;clear-day&quot;,&quot;stations&quot;:null,&quot;source&quot;:&quot;fcst&quot;},{&quot;datetime&quot;:&quot;12:00:00&quot;,&quot;datetimeEpoch&quot;:1743249600,&quot;temp&quot;:18.2,&quot;feelslike&quot;:18.2,&quot;humidity&quot;:51.0,&quot;dew&quot;:7.9,&quot;precip&quot;:0.0,&quot;precipprob&quot;:0.0,&quot;snow&quot;:0.0,&quot;snowdepth&quot;:0.0,&quot;preciptype&quot;:null,&quot;windgust&quot;:31.0,&quot;windspeed&quot;:18.4,&quot;winddir&quot;:354.1,&quot;pressure&quot;:1023.0,&quot;visibility&quot;:24.1,&quot;cloudcover&quot;:0.0,&quot;solarradiation&quot;:828.0,&quot;solarenergy&quot;:3.0,&quot;uvindex&quot;:8.0,&quot;severerisk&quot;:10.0,&quot;conditions&quot;:&quot;Clear&quot;,&quot;icon&quot;:&quot;clear-day&quot;,&quot;stations&quot;:null,&quot;source&quot;:&quot;fcst&quot;},{&quot;datetime&quot;:&quot;13:00:00&quot;,&quot;datetimeEpoch&quot;:1743253200,&quot;temp&quot;:18.4,&quot;feelslike&quot;:18.4,&quot;humidity&quot;:52.35,&quot;dew&quot;:8.5,&quot;precip&quot;:0.0,&quot;precipprob&quot;:0.0,&quot;snow&quot;:0.0,&quot;snowdepth&quot;:0.0,&quot;preciptype&quot;:null,&quot;windgust&quot;:32.2,&quot;windspeed&quot;:19.1,&quot;winddir&quot;:352.2,&quot;pressure&quot;:1022.3,&quot;visibility&quot;:24.1,&quot;cloudcover&quot;:0.0,&quot;solarradiation&quot;:871.0,&quot;solarenergy&quot;:3.1,&quot;uvindex&quot;:9.0,&quot;severerisk&quot;:10.0,&quot;conditions&quot;:&quot;Clear&quot;,&quot;icon&quot;:&quot;clear-day&quot;,&quot;stations&quot;:null,&quot;source&quot;:&quot;fcst&quot;},{&quot;datetime&quot;:&quot;14:00:00&quot;,&quot;datetimeEpoch&quot;:1743256800,&quot;temp&quot;:18.6,&quot;feelslike&quot;:18.6,&quot;humidity&quot;:53.73,&quot;dew&quot;:9.1,&quot;precip&quot;:0.0,&quot;precipprob&quot;:0.0,&quot;snow&quot;:0.0,&quot;snowdepth&quot;:0.0,&quot;preciptype&quot;:null,&quot;windgust&quot;:33.4,&quot;windspeed&quot;:19.8,&quot;winddir&quot;:350.3,&quot;pressure&quot;:1021.7,&quot;visibility&quot;:24.1,&quot;cloudcover&quot;:0.0,&quot;solarradiation&quot;:847.0,&quot;solarenergy&quot;:3.0,&quot;uvindex&quot;:8.0,&quot;severerisk&quot;:10.0,&quot;conditions&quot;:&quot;Clear&quot;,&quot;icon&quot;:&quot;clear-day&quot;,&quot;stations&quot;:null,&quot;source&quot;:&quot;fcst&quot;},{&quot;datetime&quot;:&quot;15:00:00&quot;,&quot;datetimeEpoch&quot;:1743260400,&quot;temp&quot;:18.9,&quot;feelslike&quot;:18.9,&quot;humidity&quot;:55.13,&quot;dew&quot;:9.7,&quot;precip&quot;:0.0,&quot;precipprob&quot;:0.0,&quot;snow&quot;:0.0,&quot;snowdepth&quot;:0.0,&quot;preciptype&quot;:null,&quot;windgust&quot;:34.6,&quot;windspeed&quot;:20.5,&quot;winddir&quot;:348.4,&quot;pressure&quot;:1021.0,&quot;visibility&quot;:24.1,&quot;cloudcover&quot;:0.0,&quot;solarradiation&quot;:762.0,&quot;solarenergy&quot;:2.7,&quot;uvindex&quot;:8.0,&quot;severerisk&quot;:10.0,&quot;conditions&quot;:&quot;Clear&quot;,&quot;icon&quot;:&quot;clear-day&quot;,&quot;stations&quot;:null,&quot;source&quot;:&quot;fcst&quot;},{&quot;datetime&quot;:&quot;16:00:00&quot;,&quot;datetimeEpoch&quot;:1743264000,&quot;temp&quot;:18.1,&quot;feelslike&quot;:18.1,&quot;humidity&quot;:58.62,&quot;dew&quot;:9.9,&quot;precip&quot;:0.0,&quot;precipprob&quot;:0.0,&quot;snow&quot;:0.0,&quot;snowdepth&quot;:0.0,&quot;preciptype&quot;:null,&quot;windgust&quot;:34.6,&quot;windspeed&quot;:19.9,&quot;winddir&quot;:350.2,&quot;pressure&quot;:1020.7,&quot;visibility&quot;:24.1,&quot;cloudcover&quot;:0.0,&quot;solarradiation&quot;:621.0,&quot;solarenergy&quot;:2.2,&quot;uvindex&quot;:6.0,&quot;severerisk&quot;:10.0,&quot;conditions&quot;:&quot;Clear&quot;,&quot;icon&quot;:&quot;clear-day&quot;,&quot;stations&quot;:null,&quot;source&quot;:&quot;fcst&quot;},{&quot;datetime&quot;:&quot;17:00:00&quot;,&quot;datetimeEpoch&quot;:1743267600,&quot;temp&quot;:17.3,&quot;feelslike&quot;:17.3,&quot;humidity&quot;:62.35,&quot;dew&quot;:10.1,&quot;precip&quot;:0.0,&quot;precipprob&quot;:0.0,&quot;snow&quot;:0.0,&quot;snowdepth&quot;:0.0,&quot;preciptype&quot;:null,&quot;windgust&quot;:34.6,&quot;windspeed&quot;:19.3,&quot;winddir&quot;:351.9,&quot;pressure&quot;:1020.3,&quot;visibility&quot;:24.1,&quot;cloudcover&quot;:0.0,&quot;solarradiation&quot;:414.0,&quot;solarenergy&quot;:1.5,&quot;uvindex&quot;:4.0,&quot;severerisk&quot;:10.0,&quot;conditions&quot;:&quot;Clear&quot;,&quot;icon&quot;:&quot;clear-day&quot;,&quot;stations&quot;:null,&quot;source&quot;:&quot;fcst&quot;},{&quot;datetime&quot;:&quot;18:00:00&quot;,&quot;datetimeEpoch&quot;:1743271200,&quot;temp&quot;:16.6,&quot;feelslike&quot;:16.6,&quot;humidity&quot;:66.34,&quot;dew&quot;:10.3,&quot;precip&quot;:0.0,&quot;precipprob&quot;:0.0,&quot;snow&quot;:0.0,&quot;snowdepth&quot;:0.0,&quot;preciptype&quot;:null,&quot;windgust&quot;:34.6,&quot;windspeed&quot;:18.7,&quot;winddir&quot;:353.7,&quot;pressure&quot;:1020.0,&quot;visibility&quot;:24.1,&quot;cloudcover&quot;:0.0,&quot;solarradiation&quot;:170.0,&quot;solarenergy&quot;:0.6,&quot;uvindex&quot;:2.0,&quot;severerisk&quot;:10.0,&quot;conditions&quot;:&quot;Clear&quot;,&quot;icon&quot;:&quot;clear-day&quot;,&quot;stations&quot;:null,&quot;source&quot;:&quot;fcst&quot;},{&quot;datetime&quot;:&quot;19:00:00&quot;,&quot;datetimeEpoch&quot;:1743274800,&quot;temp&quot;:15.8,&quot;feelslike&quot;:15.8,&quot;humidity&quot;:70.6,&quot;dew&quot;:10.5,&quot;precip&quot;:0.0,&quot;precipprob&quot;:0.0,&quot;snow&quot;:0.0,&quot;snowdepth&quot;:0.0,&quot;preciptype&quot;:null,&quot;windgust&quot;:31.2,&quot;windspeed&quot;:16.1,&quot;winddir&quot;:236.8,&quot;pressure&quot;:1020.3,&quot;visibility&quot;:24.1,&quot;cloudcover&quot;:0.0,&quot;solarradiation&quot;:37.0,&quot;solarenergy&quot;:0.1,&quot;uvindex&quot;:0.0,&quot;severerisk&quot;:10.0,&quot;conditions&quot;:&quot;Clear&quot;,&quot;icon&quot;:&quot;clear-night&quot;,&quot;stations&quot;:null,&quot;source&quot;:&quot;fcst&quot;},{&quot;datetime&quot;:&quot;20:00:00&quot;,&quot;datetimeEpoch&quot;:1743278400,&quot;temp&quot;:15.1,&quot;feelslike&quot;:15.1,&quot;humidity&quot;:75.16,&quot;dew&quot;:10.7,&quot;precip&quot;:0.0,&quot;precipprob&quot;:0.0,&quot;snow&quot;:0.0,&quot;snowdepth&quot;:0.0,&quot;preciptype&quot;:null,&quot;windgust&quot;:27.8,&quot;windspeed&quot;:13.4,&quot;winddir&quot;:119.9,&quot;pressure&quot;:1020.7,&quot;visibility&quot;:24.1,&quot;cloudcover&quot;:0.0,&quot;solarradiation&quot;:0.0,&quot;solarenergy&quot;:0.0,&quot;uvindex&quot;:0.0,&quot;severerisk&quot;:10.0,&quot;conditions&quot;:&quot;Clear&quot;,&quot;icon&quot;:&quot;clear-night&quot;,&quot;stations&quot;:null,&quot;source&quot;:&quot;fcst&quot;},{&quot;datetime&quot;:&quot;21:00:00&quot;,&quot;datetimeEpoch&quot;:1743282000,&quot;temp&quot;:14.4,&quot;feelslike&quot;:14.4,&quot;humidity&quot;:80.03,&quot;dew&quot;:11.0,&quot;precip&quot;:0.0,&quot;precipprob&quot;:0.0,&quot;snow&quot;:0.0,&quot;snowdepth&quot;:0.0,&quot;preciptype&quot;:null,&quot;windgust&quot;:24.5,&quot;windspeed&quot;:10.8,&quot;winddir&quot;:3.0,&quot;pressure&quot;:1021.0,&quot;visibility&quot;:24.1,&quot;cloudcover&quot;:0.0,&quot;solarradiation&quot;:0.0,&quot;solarenergy&quot;:0.0,&quot;uvindex&quot;:0.0,&quot;severerisk&quot;:10.0,&quot;conditions&quot;:&quot;Clear&quot;,&quot;icon&quot;:&quot;clear-night&quot;,&quot;stations&quot;:null,&quot;source&quot;:&quot;fcst&quot;},{&quot;datetime&quot;:&quot;22:00:00&quot;,&quot;datetimeEpoch&quot;:1743285600,&quot;temp&quot;:16.6,&quot;feelslike&quot;:16.6,&quot;humidity&quot;:63.3,&quot;dew&quot;:9.6,&quot;precip&quot;:0.0,&quot;precipprob&quot;:0.0,&quot;snow&quot;:0.0,&quot;snowdepth&quot;:0.0,&quot;preciptype&quot;:null,&quot;windgust&quot;:20.5,&quot;windspeed&quot;:8.6,&quot;winddir&quot;:44.0,&quot;pressure&quot;:1019.0,&quot;visibility&quot;:24.1,&quot;cloudcover&quot;:51.0,&quot;solarradiation&quot;:0.0,&quot;solarenergy&quot;:0.0,&quot;uvindex&quot;:0.0,&quot;severerisk&quot;:10.0,&quot;conditions&quot;:&quot;Partially cloudy&quot;,&quot;icon&quot;:&quot;partly-cloudy-night&quot;,&quot;stations&quot;:null,&quot;source&quot;:&quot;fcst&quot;},{&quot;datetime&quot;:&quot;23:00:00&quot;,&quot;datetimeEpoch&quot;:1743289200,&quot;temp&quot;:16.3,&quot;feelslike&quot;:16.3,&quot;humidity&quot;:62.81,&quot;dew&quot;:9.2,&quot;precip&quot;:0.0,&quot;precipprob&quot;:0.0,&quot;snow&quot;:0.0,&quot;snowdepth&quot;:0.0,&quot;preciptype&quot;:null,&quot;windgust&quot;:40.3,&quot;windspeed&quot;:8.3,&quot;winddir&quot;:43.4,&quot;pressure&quot;:1019.0,&quot;visibility&quot;:24.1,&quot;cloudcover&quot;:71.2,&quot;solarradiation&quot;:0.0,&quot;solarenergy&quot;:0.0,&quot;uvindex&quot;:0.0,&quot;severerisk&quot;:10.0,&quot;conditions&quot;:&quot;Partially cloudy&quot;,&quot;icon&quot;:&quot;partly-cloudy-night&quot;,&quot;stations&quot;:null,&quot;source&quot;:&quot;fcst&quot;}]},{&quot;datetime&quot;:&quot;2025-03-30&quot;,&quot;datetimeEpoch&quot;:1743292800,&quot;tempmax&quot;:22.7,&quot;tempmin&quot;:13.3,&quot;temp&quot;:17.5,&quot;feelslikemax&quot;:22.7,&quot;feelslikemin&quot;:13.3,&quot;feelslike&quot;:17.5,&quot;dew&quot;:8.2,&quot;humidity&quot;:54.9,&quot;precip&quot;:0.0,&quot;precipprob&quot;:0.0,&quot;precipcover&quot;:0.0,&quot;preciptype&quot;:null,&quot;snow&quot;:0.0,&quot;snowdepth&quot;:0.0,&quot;windgust&quot;:49.0,&quot;windspeed&quot;:20.9,&quot;winddir&quot;:78.3,&quot;pressure&quot;:1017.8,&quot;cloudcover&quot;:18.1,&quot;visibility&quot;:24.1,&quot;solarradiation&quot;:276.7,&quot;solarenergy&quot;:23.0,&quot;uvindex&quot;:8.0,&quot;severerisk&quot;:10.0,&quot;sunrise&quot;:&quot;07:24:14&quot;,&quot;sunriseEpoch&quot;:1743315854,&quot;sunset&quot;:&quot;19:58:27&quot;,&quot;sunsetEpoch&quot;:1743361107,&quot;moonphase&quot;:0.04,&quot;conditions&quot;:&quot;Clear&quot;,&quot;description&quot;:&quot;Clear conditions throughout the day.&quot;,&quot;icon&quot;:&quot;clear-day&quot;,&quot;stations&quot;:null,&quot;source&quot;:&quot;fcst&quot;,&quot;hours&quot;:[{&quot;datetime&quot;:&quot;00:00:00&quot;,&quot;datetimeEpoch&quot;:1743292800,&quot;temp&quot;:16.8,&quot;feelslike&quot;:16.8,&quot;humidity&quot;:54.96,&quot;dew&quot;:7.7,&quot;precip&quot;:0.0,&quot;precipprob&quot;:0.0,&quot;snow&quot;:0.0,&quot;snowdepth&quot;:0.0,&quot;preciptype&quot;:null,&quot;windgust&quot;:46.8,&quot;windspeed&quot;:12.2,&quot;winddir&quot;:61.7,&quot;pressure&quot;:1019.0,&quot;visibility&quot;:24.1,&quot;cloudcover&quot;:80.8,&quot;solarradiation&quot;:0.0,&quot;solarenergy&quot;:0.0,&quot;uvindex&quot;:0.0,&quot;severerisk&quot;:10.0,&quot;conditions&quot;:&quot;Partially cloudy&quot;,&quot;icon&quot;:&quot;partly-cloudy-night&quot;,&quot;stations&quot;:null,&quot;source&quot;:&quot;fcst&quot;},{&quot;datetime&quot;:&quot;02:00:00&quot;,&quot;datetimeEpoch&quot;:1743296400,&quot;tzoffset&quot;:1.0,&quot;temp&quot;:16.2,&quot;feelslike&quot;:16.2,&quot;humidity&quot;:56.22,&quot;dew&quot;:7.5,&quot;precip&quot;:0.0,&quot;precipprob&quot;:0.0,&quot;snow&quot;:0.0,&quot;snowdepth&quot;:0.0,&quot;preciptype&quot;:null,&quot;windgust&quot;:47.5,&quot;windspeed&quot;:13.6,&quot;winddir&quot;:60.6,&quot;pressure&quot;:1018.7,&quot;visibility&quot;:24.1,&quot;cloudcover&quot;:78.9,&quot;solarradiation&quot;:0.0,&quot;solarenergy&quot;:0.0,&quot;uvindex&quot;:0.0,&quot;severerisk&quot;:10.0,&quot;conditions&quot;:&quot;Partially cloudy&quot;,&quot;icon&quot;:&quot;partly-cloudy-night&quot;,&quot;stations&quot;:null,&quot;source&quot;:&quot;fcst&quot;},{&quot;datetime&quot;:&quot;03:00:00&quot;,&quot;datetimeEpoch&quot;:1743300000,&quot;tzoffset&quot;:1.0,&quot;temp&quot;:15.7,&quot;feelslike&quot;:15.7,&quot;humidity&quot;:57.5,&quot;dew&quot;:7.3,&quot;precip&quot;:0.0,&quot;precipprob&quot;:0.0,&quot;snow&quot;:0.0,&quot;snowdepth&quot;:0.0,&quot;preciptype&quot;:null,&quot;windgust&quot;:48.2,&quot;windspeed&quot;:14.9,&quot;winddir&quot;:59.4,&quot;pressure&quot;:1018.3,&quot;visibility&quot;:24.1,&quot;cloudcover&quot;:76.9,&quot;solarradiation&quot;:0.0,&quot;solarenergy&quot;:0.0,&quot;uvindex&quot;:0.0,&quot;severerisk&quot;:10.0,&quot;conditions&quot;:&quot;Partially cloudy&quot;,&quot;icon&quot;:&quot;partly-cloudy-night&quot;,&quot;stations&quot;:null,&quot;source&quot;:&quot;fcst&quot;},{&quot;datetime&quot;:&quot;04:00:00&quot;,&quot;datetimeEpoch&quot;:1743303600,&quot;tzoffset&quot;:1.0,&quot;temp&quot;:15.2,&quot;feelslike&quot;:15.2,&quot;humidity&quot;:58.83,&quot;dew&quot;:7.2,&quot;precip&quot;:0.0,&quot;precipprob&quot;:0.0,&quot;snow&quot;:0.0,&quot;snowdepth&quot;:0.0,&quot;preciptype&quot;:null,&quot;windgust&quot;:49.0,&quot;windspeed&quot;:16.2,&quot;winddir&quot;:58.3,&quot;pressure&quot;:1018.0,&quot;visibility&quot;:24.1,&quot;cloudcover&quot;:75.0,&quot;solarradiation&quot;:0.0,&quot;solarenergy&quot;:0.0,&quot;uvindex&quot;:0.0,&quot;severerisk&quot;:10.0,&quot;conditions&quot;:&quot;Partially cloudy&quot;,&quot;icon&quot;:&quot;partly-cloudy-night&quot;,&quot;stations&quot;:null,&quot;source&quot;:&quot;fcst&quot;},{&quot;datetime&quot;:&quot;05:00:00&quot;,&quot;datetimeEpoch&quot;:1743307200,&quot;tzoffset&quot;:1.0,&quot;temp&quot;:14.5,&quot;feelslike&quot;:14.5,&quot;humidity&quot;:60.17,&quot;dew&quot;:6.9,&quot;precip&quot;:0.0,&quot;precipprob&quot;:0.0,&quot;snow&quot;:0.0,&quot;snowdepth&quot;:0.0,&quot;preciptype&quot;:null,&quot;windgust&quot;:46.0,&quot;windspeed&quot;:15.8,&quot;winddir&quot;:62.7,&quot;pressure&quot;:1018.0,&quot;visibility&quot;:24.1,&quot;cloudcover&quot;:51.7,&quot;solarradiation&quot;:0.0,&quot;solarenergy&quot;:0.0,&quot;uvindex&quot;:0.0,&quot;severerisk&quot;:10.0,&quot;conditions&quot;:&quot;Partially cloudy&quot;,&quot;icon&quot;:&quot;partly-cloudy-night&quot;,&quot;stations&quot;:null,&quot;source&quot;:&quot;fcst&quot;},{&quot;datetime&quot;:&quot;06:00:00&quot;,&quot;datetimeEpoch&quot;:1743310800,&quot;tzoffset&quot;:1.0,&quot;temp&quot;:13.9,&quot;feelslike&quot;:13.9,&quot;humidity&quot;:61.55,&quot;dew&quot;:6.6,&quot;precip&quot;:0.0,&quot;precipprob&quot;:0.0,&quot;snow&quot;:0.0,&quot;snowdepth&quot;:0.0,&quot;preciptype&quot;:null,&quot;windgust&quot;:43.0,&quot;windspeed&quot;:15.5,&quot;winddir&quot;:67.1,&quot;pressure&quot;:1018.0,&quot;visibility&quot;:24.1,&quot;cloudcover&quot;:28.3,&quot;solarradiation&quot;:0.0,&quot;solarenergy&quot;:0.0,&quot;uvindex&quot;:0.0,&quot;severerisk&quot;:10.0,&quot;conditions&quot;:&quot;Partially cloudy&quot;,&quot;icon&quot;:&quot;partly-cloudy-night&quot;,&quot;stations&quot;:null,&quot;source&quot;:&quot;fcst&quot;},{&quot;datetime&quot;:&quot;07:00:00&quot;,&quot;datetimeEpoch&quot;:1743314400,&quot;tzoffset&quot;:1.0,&quot;temp&quot;:13.3,&quot;feelslike&quot;:13.3,&quot;humidity&quot;:62.98,&quot;dew&quot;:6.4,&quot;precip&quot;:0.0,&quot;precipprob&quot;:0.0,&quot;snow&quot;:0.0,&quot;snowdepth&quot;:0.0,&quot;preciptype&quot;:null,&quot;windgust&quot;:40.0,&quot;windspeed&quot;:15.1,&quot;winddir&quot;:71.5,&quot;pressure&quot;:1018.0,&quot;visibility&quot;:24.1,&quot;cloudcover&quot;:5.0,&quot;solarradiation&quot;:0.0,&quot;solarenergy&quot;:0.0,&quot;uvindex&quot;:0.0,&quot;severerisk&quot;:10.0,&quot;conditions&quot;:&quot;Clear&quot;,&quot;icon&quot;:&quot;clear-night&quot;,&quot;stations&quot;:null,&quot;source&quot;:&quot;fcst&quot;},{&quot;datetime&quot;:&quot;08:00:00&quot;,&quot;datetimeEpoch&quot;:1743318000,&quot;tzoffset&quot;:1.0,&quot;temp&quot;:13.9,&quot;feelslike&quot;:13.9,&quot;humidity&quot;:61.84,&quot;dew&quot;:6.7,&quot;precip&quot;:0.0,&quot;precipprob&quot;:0.0,&quot;snow&quot;:0.0,&quot;snowdepth&quot;:0.0,&quot;preciptype&quot;:null,&quot;windgust&quot;:39.5,&quot;windspeed&quot;:17.0,&quot;winddir&quot;:75.0,&quot;pressure&quot;:1018.3,&quot;visibility&quot;:24.1,&quot;cloudcover&quot;:5.0,&quot;solarradiation&quot;:59.0,&quot;solarenergy&quot;:0.3,&quot;uvindex&quot;:1.0,&quot;severerisk&quot;:10.0,&quot;conditions&quot;:&quot;Clear&quot;,&quot;icon&quot;:&quot;clear-day&quot;,&quot;stations&quot;:null,&quot;source&quot;:&quot;fcst&quot;},{&quot;datetime&quot;:&quot;09:00:00&quot;,&quot;datetimeEpoch&quot;:1743321600,&quot;tzoffset&quot;:1.0,&quot;temp&quot;:14.6,&quot;feelslike&quot;:14.6,&quot;humidity&quot;:60.74,&quot;dew&quot;:7.1,&quot;precip&quot;:0.0,&quot;precipprob&quot;:0.0,&quot;snow&quot;:0.0,&quot;snowdepth&quot;:0.0,&quot;preciptype&quot;:null,&quot;windgust&quot;:39.0,&quot;windspeed&quot;:19.0,&quot;winddir&quot;:78.6,&quot;pressure&quot;:1018.7,&quot;visibility&quot;:24.1,&quot;cloudcover&quot;:5.0,&quot;solarradiation&quot;:118.0,&quot;solarenergy&quot;:0.5,&quot;uvindex&quot;:1.0,&quot;severerisk&quot;:10.0,&quot;conditions&quot;:&quot;Clear&quot;,&quot;icon&quot;:&quot;clear-day&quot;,&quot;stations&quot;:null,&quot;source&quot;:&quot;fcst&quot;},{&quot;datetime&quot;:&quot;10:00:00&quot;,&quot;datetimeEpoch&quot;:1743325200,&quot;tzoffset&quot;:1.0,&quot;temp&quot;:15.3,&quot;feelslike&quot;:15.3,&quot;humidity&quot;:59.67,&quot;dew&quot;:7.5,&quot;precip&quot;:0.0,&quot;precipprob&quot;:0.0,&quot;snow&quot;:0.0,&quot;snowdepth&quot;:0.0,&quot;preciptype&quot;:null,&quot;windgust&quot;:38.5,&quot;windspeed&quot;:20.9,&quot;winddir&quot;:82.1,&quot;pressure&quot;:1019.0,&quot;visibility&quot;:24.1,&quot;cloudcover&quot;:5.0,&quot;solarradiation&quot;:177.0,&quot;solarenergy&quot;:0.6,&quot;uvindex&quot;:2.0,&quot;severerisk&quot;:10.0,&quot;conditions&quot;:&quot;Clear&quot;,&quot;icon&quot;:&quot;clear-day&quot;,&quot;stations&quot;:null,&quot;source&quot;:&quot;fcst&quot;},{&quot;datetime&quot;:&quot;11:00:00&quot;,&quot;datetimeEpoch&quot;:1743328800,&quot;tzoffset&quot;:1.0,&quot;temp&quot;:16.8,&quot;feelslike&quot;:16.8,&quot;humidity&quot;:55.47,&quot;dew&quot;:7.8,&quot;precip&quot;:0.0,&quot;precipprob&quot;:0.0,&quot;snow&quot;:0.0,&quot;snowdepth&quot;:0.0,&quot;preciptype&quot;:null,&quot;windgust&quot;:34.4,&quot;windspeed&quot;:20.4,&quot;winddir&quot;:81.6,&quot;pressure&quot;:1018.7,&quot;visibility&quot;:24.1,&quot;cloudcover&quot;:3.3,&quot;solarradiation&quot;:349.7,&quot;solarenergy&quot;:1.2,&quot;uvindex&quot;:3.0,&quot;severerisk&quot;:10.0,&quot;conditions&quot;:&quot;Clear&quot;,&quot;icon&quot;:&quot;clear-day&quot;,&quot;stations&quot;:null,&quot;source&quot;:&quot;fcst&quot;},{&quot;datetime&quot;:&quot;12:00:00&quot;,&quot;datetimeEpoch&quot;:1743332400,&quot;tzoffset&quot;:1.0,&quot;temp&quot;:18.3,&quot;feelslike&quot;:18.3,&quot;humidity&quot;:51.63,&quot;dew&quot;:8.2,&quot;precip&quot;:0.0,&quot;precipprob&quot;:0.0,&quot;snow&quot;:0.0,&quot;snowdepth&quot;:0.0,&quot;preciptype&quot;:null,&quot;windgust&quot;:30.4,&quot;windspeed&quot;:19.9,&quot;winddir&quot;:81.2,&quot;pressure&quot;:1018.3,&quot;visibility&quot;:24.1,&quot;cloudcover&quot;:1.7,&quot;solarradiation&quot;:522.3,&quot;solarenergy&quot;:1.9,&quot;uvindex&quot;:5.0,&quot;severerisk&quot;:10.0,&quot;conditions&quot;:&quot;Clear&quot;,&quot;icon&quot;:&quot;clear-day&quot;,&quot;stations&quot;:null,&quot;source&quot;:&quot;fcst&quot;},{&quot;datetime&quot;:&quot;13:00:00&quot;,&quot;datetimeEpoch&quot;:1743336000,&quot;tzoffset&quot;:1.0,&quot;temp&quot;:19.9,&quot;feelslike&quot;:19.9,&quot;humidity&quot;:48.1,&quot;dew&quot;:8.6,&quot;precip&quot;:0.0,&quot;precipprob&quot;:0.0,&quot;snow&quot;:0.0,&quot;snowdepth&quot;:0.0,&quot;preciptype&quot;:null,&quot;windgust&quot;:26.3,&quot;windspeed&quot;:19.4,&quot;winddir&quot;:80.7,&quot;pressure&quot;:1018.0,&quot;visibility&quot;:24.1,&quot;cloudcover&quot;:0.0,&quot;solarradiation&quot;:695.0,&quot;solarenergy&quot;:2.5,&quot;uvindex&quot;:7.0,&quot;severerisk&quot;:10.0,&quot;conditions&quot;:&quot;Clear&quot;,&quot;icon&quot;:&quot;clear-day&quot;,&quot;stations&quot;:null,&quot;source&quot;:&quot;fcst&quot;},{&quot;datetime&quot;:&quot;14:00:00&quot;,&quot;datetimeEpoch&quot;:1743339600,&quot;tzoffset&quot;:1.0,&quot;temp&quot;:20.8,&quot;feelslike&quot;:20.8,&quot;humidity&quot;:45.82,&quot;dew&quot;:8.7,&quot;precip&quot;:0.0,&quot;precipprob&quot;:0.0,&quot;snow&quot;:0.0,&quot;snowdepth&quot;:0.0,&quot;preciptype&quot;:null,&quot;windgust&quot;:24.2,&quot;windspeed&quot;:18.6,&quot;winddir&quot;:87.2,&quot;pressure&quot;:1017.7,&quot;visibility&quot;:24.1,&quot;cloudcover&quot;:0.0,&quot;solarradiation&quot;:735.7,&quot;solarenergy&quot;:2.6,&quot;uvindex&quot;:7.0,&quot;severerisk&quot;:10.0,&quot;conditions&quot;:&quot;Clear&quot;,&quot;icon&quot;:&quot;clear-day&quot;,&quot;stations&quot;:null,&quot;source&quot;:&quot;fcst&quot;},{&quot;datetime&quot;:&quot;15:00:00&quot;,&quot;datetimeEpoch&quot;:1743343200,&quot;tzoffset&quot;:1.0,&quot;temp&quot;:21.7,&quot;feelslike&quot;:21.7,&quot;humidity&quot;:43.66,&quot;dew&quot;:8.8,&quot;precip&quot;:0.0,&quot;precipprob&quot;:0.0,&quot;snow&quot;:0.0,&quot;snowdepth&quot;:0.0,&quot;preciptype&quot;:null,&quot;windgust&quot;:22.2,&quot;windspeed&quot;:17.8,&quot;winddir&quot;:93.8,&quot;pressure&quot;:1017.3,&quot;visibility&quot;:24.1,&quot;cloudcover&quot;:0.0,&quot;solarradiation&quot;:776.3,&quot;solarenergy&quot;:2.8,&quot;uvindex&quot;:8.0,&quot;severerisk&quot;:10.0,&quot;conditions&quot;:&quot;Clear&quot;,&quot;icon&quot;:&quot;clear-day&quot;,&quot;stations&quot;:null,&quot;source&quot;:&quot;fcst&quot;},{&quot;datetime&quot;:&quot;16:00:00&quot;,&quot;datetimeEpoch&quot;:1743346800,&quot;tzoffset&quot;:1.0,&quot;temp&quot;:22.7,&quot;feelslike&quot;:22.7,&quot;humidity&quot;:41.62,&quot;dew&quot;:9.0,&quot;precip&quot;:0.0,&quot;precipprob&quot;:0.0,&quot;snow&quot;:0.0,&quot;snowdepth&quot;:0.0,&quot;preciptype&quot;:null,&quot;windgust&quot;:20.2,&quot;windspeed&quot;:16.9,&quot;winddir&quot;:100.3,&quot;pressure&quot;:1017.0,&quot;visibility&quot;:24.1,&quot;cloudcover&quot;:0.0,&quot;solarradiation&quot;:817.0,&quot;solarenergy&quot;:2.9,&quot;uvindex&quot;:8.0,&quot;severerisk&quot;:10.0,&quot;conditions&quot;:&quot;Clear&quot;,&quot;icon&quot;:&quot;clear-day&quot;,&quot;stations&quot;:null,&quot;source&quot;:&quot;fcst&quot;},{&quot;datetime&quot;:&quot;17:00:00&quot;,&quot;datetimeEpoch&quot;:1743350400,&quot;tzoffset&quot;:1.0,&quot;temp&quot;:21.9,&quot;feelslike&quot;:21.9,&quot;humidity&quot;:44.7,&quot;dew&quot;:9.3,&quot;precip&quot;:0.0,&quot;precipprob&quot;:0.0,&quot;snow&quot;:0.0,&quot;snowdepth&quot;:0.0,&quot;preciptype&quot;:null,&quot;windgust&quot;:20.8,&quot;windspeed&quot;:16.0,&quot;winddir&quot;:94.4,&quot;pressure&quot;:1017.0,&quot;visibility&quot;:24.1,&quot;cloudcover&quot;:0.0,&quot;solarradiation&quot;:688.7,&quot;solarenergy&quot;:2.5,&quot;uvindex&quot;:7.0,&quot;severerisk&quot;:10.0,&quot;conditions&quot;:&quot;Clear&quot;,&quot;icon&quot;:&quot;clear-day&quot;,&quot;stations&quot;:null,&quot;source&quot;:&quot;fcst&quot;},{&quot;datetime&quot;:&quot;18:00:00&quot;,&quot;datetimeEpoch&quot;:1743354000,&quot;tzoffset&quot;:1.0,&quot;temp&quot;:21.1,&quot;feelslike&quot;:21.1,&quot;humidity&quot;:48.02,&quot;dew&quot;:9.7,&quot;precip&quot;:0.0,&quot;precipprob&quot;:0.0,&quot;snow&quot;:0.0,&quot;snowdepth&quot;:0.0,&quot;preciptype&quot;:null,&quot;windgust&quot;:21.4,&quot;windspeed&quot;:15.0,&quot;winddir&quot;:88.6,&quot;pressure&quot;:1017.0,&quot;visibility&quot;:24.1,&quot;cloudcover&quot;:0.0,&quot;solarradiation&quot;:560.3,&quot;solarenergy&quot;:2.0,&quot;uvindex&quot;:6.0,&quot;severerisk&quot;:10.0,&quot;conditions&quot;:&quot;Clear&quot;,&quot;icon&quot;:&quot;clear-day&quot;,&quot;stations&quot;:null,&quot;source&quot;:&quot;fcst&quot;},{&quot;datetime&quot;:&quot;19:00:00&quot;,&quot;datetimeEpoch&quot;:1743357600,&quot;tzoffset&quot;:1.0,&quot;temp&quot;:20.4,&quot;feelslike&quot;:20.4,&quot;humidity&quot;:51.59,&quot;dew&quot;:10.1,&quot;precip&quot;:0.0,&quot;precipprob&quot;:0.0,&quot;snow&quot;:0.0,&quot;snowdepth&quot;:0.0,&quot;preciptype&quot;:null,&quot;windgust&quot;:22.0,&quot;windspeed&quot;:14.0,&quot;winddir&quot;:82.7,&quot;pressure&quot;:1017.0,&quot;visibility&quot;:24.1,&quot;cloudcover&quot;:0.0,&quot;solarradiation&quot;:432.0,&quot;solarenergy&quot;:1.6,&quot;uvindex&quot;:4.0,&quot;severerisk&quot;:10.0,&quot;conditions&quot;:&quot;Clear&quot;,&quot;icon&quot;:&quot;clear-day&quot;,&quot;stations&quot;:null,&quot;source&quot;:&quot;fcst&quot;},{&quot;datetime&quot;:&quot;20:00:00&quot;,&quot;datetimeEpoch&quot;:1743361200,&quot;tzoffset&quot;:1.0,&quot;temp&quot;:19.2,&quot;feelslike&quot;:19.2,&quot;humidity&quot;:54.6,&quot;dew&quot;:9.8,&quot;precip&quot;:0.0,&quot;precipprob&quot;:0.0,&quot;snow&quot;:0.0,&quot;snowdepth&quot;:0.0,&quot;preciptype&quot;:null,&quot;windgust&quot;:27.0,&quot;windspeed&quot;:13.4,&quot;winddir&quot;:81.3,&quot;pressure&quot;:1017.0,&quot;visibility&quot;:24.1,&quot;cloudcover&quot;:0.0,&quot;solarradiation&quot;:288.0,&quot;solarenergy&quot;:1.1,&quot;uvindex&quot;:0.0,&quot;severerisk&quot;:10.0,&quot;conditions&quot;:&quot;Clear&quot;,&quot;icon&quot;:&quot;clear-night&quot;,&quot;stations&quot;:null,&quot;source&quot;:&quot;fcst&quot;},{&quot;datetime&quot;:&quot;21:00:00&quot;,&quot;datetimeEpoch&quot;:1743364800,&quot;tzoffset&quot;:1.0,&quot;temp&quot;:18.0,&quot;feelslike&quot;:18.0,&quot;humidity&quot;:57.82,&quot;dew&quot;:9.6,&quot;precip&quot;:0.0,&quot;precipprob&quot;:0.0,&quot;snow&quot;:0.0,&quot;snowdepth&quot;:0.0,&quot;preciptype&quot;:null,&quot;windgust&quot;:32.0,&quot;windspeed&quot;:12.8,&quot;winddir&quot;:79.8,&quot;pressure&quot;:1017.0,&quot;visibility&quot;:24.1,&quot;cloudcover&quot;:0.0,&quot;solarradiation&quot;:144.0,&quot;solarenergy&quot;:0.5,&quot;uvindex&quot;:0.0,&quot;severerisk&quot;:10.0,&quot;conditions&quot;:&quot;Clear&quot;,&quot;icon&quot;:&quot;clear-night&quot;,&quot;stations&quot;:null,&quot;source&quot;:&quot;fcst&quot;},{&quot;datetime&quot;:&quot;22:00:00&quot;,&quot;datetimeEpoch&quot;:1743368400,&quot;tzoffset&quot;:1.0,&quot;temp&quot;:16.9,&quot;feelslike&quot;:16.9,&quot;humidity&quot;:61.28,&quot;dew&quot;:9.4,&quot;precip&quot;:0.0,&quot;precipprob&quot;:0.0,&quot;snow&quot;:0.0,&quot;snowdepth&quot;:0.0,&quot;preciptype&quot;:null,&quot;windgust&quot;:37.1,&quot;windspeed&quot;:12.2,&quot;winddir&quot;:78.4,&quot;pressure&quot;:1017.0,&quot;visibility&quot;:24.1,&quot;cloudcover&quot;:0.0,&quot;solarradiation&quot;:0.0,&quot;solarenergy&quot;:0.0,&quot;uvindex&quot;:0.0,&quot;severerisk&quot;:10.0,&quot;conditions&quot;:&quot;Clear&quot;,&quot;icon&quot;:&quot;clear-night&quot;,&quot;stations&quot;:null,&quot;source&quot;:&quot;fcst&quot;},{&quot;datetime&quot;:&quot;23:00:00&quot;,&quot;datetimeEpoch&quot;:1743372000,&quot;tzoffset&quot;:1.0,&quot;temp&quot;:16.1,&quot;feelslike&quot;:16.1,&quot;humidity&quot;:63.76,&quot;dew&quot;:9.2,&quot;precip&quot;:0.0,&quot;precipprob&quot;:0.0,&quot;snow&quot;:0.0,&quot;snowdepth&quot;:0.0,&quot;preciptype&quot;:null,&quot;windgust&quot;:36.0,&quot;windspeed&quot;:11.6,&quot;winddir&quot;:81.2,&quot;pressure&quot;:1017.0,&quot;visibility&quot;:24.1,&quot;cloudcover&quot;:0.0,&quot;solarradiation&quot;:0.0,&quot;solarenergy&quot;:0.0,&quot;uvindex&quot;:0.0,&quot;severerisk&quot;:10.0,&quot;conditions&quot;:&quot;Clear&quot;,&quot;icon&quot;:&quot;clear-night&quot;,&quot;stations&quot;:null,&quot;source&quot;:&quot;fcst&quot;}]},{&quot;datetime&quot;:&quot;2025-03-31&quot;,&quot;datetimeEpoch&quot;:1743375600,&quot;tzoffset&quot;:1.0,&quot;tempmax&quot;:21.2,&quot;tempmin&quot;:11.6,&quot;temp&quot;:15.9,&quot;feelslikemax&quot;:21.2,&quot;feelslikemin&quot;:11.6,&quot;feelslike&quot;:15.9,&quot;dew&quot;:7.6,&quot;humidity&quot;:59.2,&quot;precip&quot;:0.0,&quot;precipprob&quot;:0.0,&quot;precipcover&quot;:0.0,&quot;preciptype&quot;:null,&quot;snow&quot;:0.0,&quot;snowdepth&quot;:0.0,&quot;windgust&quot;:36.7,&quot;windspeed&quot;:22.0,&quot;winddir&quot;:112.3,&quot;pressure&quot;:1016.3,&quot;cloudcover&quot;:54.5,&quot;visibility&quot;:24.1,&quot;solarradiation&quot;:234.9,&quot;solarenergy&quot;:20.6,&quot;uvindex&quot;:7.0,&quot;severerisk&quot;:10.0,&quot;sunrise&quot;:&quot;07:22:40&quot;,&quot;sunriseEpoch&quot;:1743402160,&quot;sunset&quot;:&quot;19:59:24&quot;,&quot;sunsetEpoch&quot;:1743447564,&quot;moonphase&quot;:0.07,&quot;conditions&quot;:&quot;Partially cloudy&quot;,&quot;description&quot;:&quot;Partly cloudy throughout the day.&quot;,&quot;icon&quot;:&quot;partly-cloudy-day&quot;,&quot;stations&quot;:null,&quot;source&quot;:&quot;fcst&quot;,&quot;hours&quot;:[{&quot;datetime&quot;:&quot;00:00:00&quot;,&quot;datetimeEpoch&quot;:1743375600,&quot;tzoffset&quot;:1.0,&quot;temp&quot;:15.3,&quot;feelslike&quot;:15.3,&quot;humidity&quot;:66.37,&quot;dew&quot;:9.1,&quot;precip&quot;:0.0,&quot;precipprob&quot;:0.0,&quot;snow&quot;:0.0,&quot;snowdepth&quot;:0.0,&quot;preciptype&quot;:null,&quot;windgust&quot;:34.9,&quot;windspeed&quot;:11.0,&quot;winddir&quot;:84.0,&quot;pressure&quot;:1017.0,&quot;visibility&quot;:24.1,&quot;cloudcover&quot;:0.0,&quot;solarradiation&quot;:0.0,&quot;solarenergy&quot;:0.0,&quot;uvindex&quot;:0.0,&quot;severerisk&quot;:10.0,&quot;conditions&quot;:&quot;Clear&quot;,&quot;icon&quot;:&quot;clear-night&quot;,&quot;stations&quot;:null,&quot;source&quot;:&quot;fcst&quot;},{&quot;datetime&quot;:&quot;01:00:00&quot;,&quot;datetimeEpoch&quot;:1743379200,&quot;tzoffset&quot;:1.0,&quot;temp&quot;:14.6,&quot;feelslike&quot;:14.6,&quot;humidity&quot;:69.1,&quot;dew&quot;:9.0,&quot;precip&quot;:0.0,&quot;precipprob&quot;:0.0,&quot;snow&quot;:0.0,&quot;snowdepth&quot;:0.0,&quot;preciptype&quot;:null,&quot;windgust&quot;:33.8,&quot;windspeed&quot;:10.4,&quot;winddir&quot;:86.8,&quot;pressure&quot;:1017.0,&quot;visibility&quot;:24.1,&quot;cloudcover&quot;:0.0,&quot;solarradiation&quot;:0.0,&quot;solarenergy&quot;:0.0,&quot;uvindex&quot;:0.0,&quot;severerisk&quot;:10.0,&quot;conditions&quot;:&quot;Clear&quot;,&quot;icon&quot;:&quot;clear-night&quot;,&quot;stations&quot;:null,&quot;source&quot;:&quot;fcst&quot;},{&quot;datetime&quot;:&quot;02:00:00&quot;,&quot;datetimeEpoch&quot;:1743382800,&quot;tzoffset&quot;:1.0,&quot;temp&quot;:13.9,&quot;feelslike&quot;:13.9,&quot;humidity&quot;:70.55,&quot;dew&quot;:8.7,&quot;precip&quot;:0.0,&quot;precipprob&quot;:0.0,&quot;snow&quot;:0.0,&quot;snowdepth&quot;:0.0,&quot;preciptype&quot;:null,&quot;windgust&quot;:30.4,&quot;windspeed&quot;:10.2,&quot;winddir&quot;:84.6,&quot;pressure&quot;:1016.7,&quot;visibility&quot;:24.1,&quot;cloudcover&quot;:0.0,&quot;solarradiation&quot;:0.0,&quot;solarenergy&quot;:0.0,&quot;uvindex&quot;:0.0,&quot;severerisk&quot;:10.0,&quot;conditions&quot;:&quot;Clear&quot;,&quot;icon&quot;:&quot;clear-night&quot;,&quot;stations&quot;:null,&quot;source&quot;:&quot;fcst&quot;},{&quot;datetime&quot;:&quot;03:00:00&quot;,&quot;datetimeEpoch&quot;:1743386400,&quot;tzoffset&quot;:1.0,&quot;temp&quot;:13.3,&quot;feelslike&quot;:13.3,&quot;humidity&quot;:72.04,&quot;dew&quot;:8.4,&quot;precip&quot;:0.0,&quot;precipprob&quot;:0.0,&quot;snow&quot;:0.0,&quot;snowdepth&quot;:0.0,&quot;preciptype&quot;:null,&quot;windgust&quot;:26.9,&quot;windspeed&quot;:10.0,&quot;winddir&quot;:82.3,&quot;pressure&quot;:1016.3,&quot;visibility&quot;:24.1,&quot;cloudcover&quot;:0.0,&quot;solarradiation&quot;:0.0,&quot;solarenergy&quot;:0.0,&quot;uvindex&quot;:0.0,&quot;severerisk&quot;:10.0,&quot;conditions&quot;:&quot;Clear&quot;,&quot;icon&quot;:&quot;clear-night&quot;,&quot;stations&quot;:null,&quot;source&quot;:&quot;fcst&quot;},{&quot;datetime&quot;:&quot;04:00:00&quot;,&quot;datetimeEpoch&quot;:1743390000,&quot;tzoffset&quot;:1.0,&quot;temp&quot;:12.7,&quot;feelslike&quot;:12.7,&quot;humidity&quot;:73.57,&quot;dew&quot;:8.1,&quot;precip&quot;:0.0,&quot;precipprob&quot;:0.0,&quot;snow&quot;:0.0,&quot;snowdepth&quot;:0.0,&quot;preciptype&quot;:null,&quot;windgust&quot;:23.4,&quot;windspeed&quot;:9.7,&quot;winddir&quot;:80.1,&quot;pressure&quot;:1016.0,&quot;visibility&quot;:24.1,&quot;cloudcover&quot;:0.0,&quot;solarradiation&quot;:0.0,&quot;solarenergy&quot;:0.0,&quot;uvindex&quot;:0.0,&quot;severerisk&quot;:10.0,&quot;conditions&quot;:&quot;Clear&quot;,&quot;icon&quot;:&quot;clear-night&quot;,&quot;stations&quot;:null,&quot;source&quot;:&quot;fcst&quot;},{&quot;datetime&quot;:&quot;05:00:00&quot;,&quot;datetimeEpoch&quot;:1743393600,&quot;tzoffset&quot;:1.0,&quot;temp&quot;:12.3,&quot;feelslike&quot;:12.3,&quot;humidity&quot;:73.34,&quot;dew&quot;:7.7,&quot;precip&quot;:0.0,&quot;precipprob&quot;:0.0,&quot;snow&quot;:0.0,&quot;snowdepth&quot;:0.0,&quot;preciptype&quot;:null,&quot;windgust&quot;:25.2,&quot;windspeed&quot;:10.3,&quot;winddir&quot;:81.3,&quot;pressure&quot;:1016.0,&quot;visibility&quot;:24.1,&quot;cloudcover&quot;:33.3,&quot;solarradiation&quot;:0.0,&quot;solarenergy&quot;:0.0,&quot;uvindex&quot;:0.0,&quot;severerisk&quot;:10.0,&quot;conditions&quot;:&quot;Partially cloudy&quot;,&quot;icon&quot;:&quot;partly-cloudy-night&quot;,&quot;stations&quot;:null,&quot;source&quot;:&quot;fcst&quot;},{&quot;datetime&quot;:&quot;06:00:00&quot;,&quot;datetimeEpoch&quot;:1743397200,&quot;tzoffset&quot;:1.0,&quot;temp&quot;:11.9,&quot;feelslike&quot;:11.9,&quot;humidity&quot;:73.11,&quot;dew&quot;:7.3,&quot;precip&quot;:0.0,&quot;precipprob&quot;:0.0,&quot;snow&quot;:0.0,&quot;snowdepth&quot;:0.0,&quot;preciptype&quot;:null,&quot;windgust&quot;:27.0,&quot;windspeed&quot;:10.9,&quot;winddir&quot;:82.5,&quot;pressure&quot;:1016.0,&quot;visibility&quot;:24.1,&quot;cloudcover&quot;:66.7,&quot;solarradiation&quot;:0.0,&quot;solarenergy&quot;:0.0,&quot;uvindex&quot;:0.0,&quot;severerisk&quot;:10.0,&quot;conditions&quot;:&quot;Partially cloudy&quot;,&quot;icon&quot;:&quot;partly-cloudy-night&quot;,&quot;stations&quot;:null,&quot;source&quot;:&quot;fcst&quot;},{&quot;datetime&quot;:&quot;07:00:00&quot;,&quot;datetimeEpoch&quot;:1743400800,&quot;tzoffset&quot;:1.0,&quot;temp&quot;:11.6,&quot;feelslike&quot;:11.6,&quot;humidity&quot;:72.87,&quot;dew&quot;:6.9,&quot;precip&quot;:0.0,&quot;precipprob&quot;:0.0,&quot;snow&quot;:0.0,&quot;snowdepth&quot;:0.0,&quot;preciptype&quot;:null,&quot;windgust&quot;:28.8,&quot;windspeed&quot;:11.5,&quot;winddir&quot;:83.7,&quot;pressure&quot;:1016.0,&quot;visibility&quot;:24.1,&quot;cloudcover&quot;:100.0,&quot;solarradiation&quot;:0.0,&quot;solarenergy&quot;:0.0,&quot;uvindex&quot;:0.0,&quot;severerisk&quot;:10.0,&quot;conditions&quot;:&quot;Overcast&quot;,&quot;icon&quot;:&quot;cloudy&quot;,&quot;stations&quot;:null,&quot;source&quot;:&quot;fcst&quot;},{&quot;datetime&quot;:&quot;08:00:00&quot;,&quot;datetimeEpoch&quot;:1743404400,&quot;tzoffset&quot;:1.0,&quot;temp&quot;:12.4,&quot;feelslike&quot;:12.4,&quot;humidity&quot;:67.43,&quot;dew&quot;:6.6,&quot;precip&quot;:0.0,&quot;precipprob&quot;:0.0,&quot;snow&quot;:0.0,&quot;snowdepth&quot;:0.0,&quot;preciptype&quot;:null,&quot;windgust&quot;:31.4,&quot;windspeed&quot;:13.8,&quot;winddir&quot;:90.7,&quot;pressure&quot;:1016.3,&quot;visibility&quot;:24.1,&quot;cloudcover&quot;:100.0,&quot;solarradiation&quot;:52.3,&quot;solarenergy&quot;:0.3,&quot;uvindex&quot;:1.0,&quot;severerisk&quot;:10.0,&quot;conditions&quot;:&quot;Overcast&quot;,&quot;icon&quot;:&quot;cloudy&quot;,&quot;stations&quot;:null,&quot;source&quot;:&quot;fcst&quot;},{&quot;datetime&quot;:&quot;09:00:00&quot;,&quot;datetimeEpoch&quot;:1743408000,&quot;tzoffset&quot;:1.0,&quot;temp&quot;:13.4,&quot;feelslike&quot;:13.4,&quot;humidity&quot;:62.42,&quot;dew&quot;:6.3,&quot;precip&quot;:0.0,&quot;precipprob&quot;:0.0,&quot;snow&quot;:0.0,&quot;snowdepth&quot;:0.0,&quot;preciptype&quot;:null,&quot;windgust&quot;:34.1,&quot;windspeed&quot;:16.1,&quot;winddir&quot;:97.8,&quot;pressure&quot;:1016.7,&quot;visibility&quot;:24.1,&quot;cloudcover&quot;:100.0,&quot;solarradiation&quot;:104.7,&quot;solarenergy&quot;:0.5,&quot;uvindex&quot;:1.0,&quot;severerisk&quot;:10.0,&quot;conditions&quot;:&quot;Overcast&quot;,&quot;icon&quot;:&quot;cloudy&quot;,&quot;stations&quot;:null,&quot;source&quot;:&quot;fcst&quot;},{&quot;datetime&quot;:&quot;10:00:00&quot;,&quot;datetimeEpoch&quot;:1743411600,&quot;tzoffset&quot;:1.0,&quot;temp&quot;:14.3,&quot;feelslike&quot;:14.3,&quot;humidity&quot;:57.81,&quot;dew&quot;:6.1,&quot;precip&quot;:0.0,&quot;precipprob&quot;:0.0,&quot;snow&quot;:0.0,&quot;snowdepth&quot;:0.0,&quot;preciptype&quot;:null,&quot;windgust&quot;:36.7,&quot;windspeed&quot;:18.4,&quot;winddir&quot;:104.8,&quot;pressure&quot;:1017.0,&quot;visibility&quot;:24.1,&quot;cloudcover&quot;:100.0,&quot;solarradiation&quot;:157.0,&quot;solarenergy&quot;:0.6,&quot;uvindex&quot;:2.0,&quot;severerisk&quot;:10.0,&quot;conditions&quot;:&quot;Overcast&quot;,&quot;icon&quot;:&quot;cloudy&quot;,&quot;stations&quot;:null,&quot;source&quot;:&quot;fcst&quot;},{&quot;datetime&quot;:&quot;11:00:00&quot;,&quot;datetimeEpoch&quot;:1743415200,&quot;tzoffset&quot;:1.0,&quot;temp&quot;:15.8,&quot;feelslike&quot;:15.8,&quot;humidity&quot;:50.96,&quot;dew&quot;:5.7,&quot;precip&quot;:0.0,&quot;precipprob&quot;:0.0,&quot;snow&quot;:0.0,&quot;snowdepth&quot;:0.0,&quot;preciptype&quot;:null,&quot;windgust&quot;:34.4,&quot;windspeed&quot;:19.6,&quot;winddir&quot;:111.6,&quot;pressure&quot;:1016.7,&quot;visibility&quot;:24.1,&quot;cloudcover&quot;:100.0,&quot;solarradiation&quot;:308.0,&quot;solarenergy&quot;:1.1,&quot;uvindex&quot;:3.0,&quot;severerisk&quot;:10.0,&quot;conditions&quot;:&quot;Overcast&quot;,&quot;icon&quot;:&quot;cloudy&quot;,&quot;stations&quot;:null,&quot;source&quot;:&quot;fcst&quot;},{&quot;datetime&quot;:&quot;12:00:00&quot;,&quot;datetimeEpoch&quot;:1743418800,&quot;tzoffset&quot;:1.0,&quot;temp&quot;:17.4,&quot;feelslike&quot;:17.4,&quot;humidity&quot;:44.97,&quot;dew&quot;:5.3,&quot;precip&quot;:0.0,&quot;precipprob&quot;:0.0,&quot;snow&quot;:0.0,&quot;snowdepth&quot;:0.0,&quot;preciptype&quot;:null,&quot;windgust&quot;:32.2,&quot;windspeed&quot;:20.8,&quot;winddir&quot;:118.5,&quot;pressure&quot;:1016.3,&quot;visibility&quot;:24.1,&quot;cloudcover&quot;:100.0,&quot;solarradiation&quot;:459.0,&quot;solarenergy&quot;:1.7,&quot;uvindex&quot;:5.0,&quot;severerisk&quot;:10.0,&quot;conditions&quot;:&quot;Overcast&quot;,&quot;icon&quot;:&quot;cloudy&quot;,&quot;stations&quot;:null,&quot;source&quot;:&quot;fcst&quot;},{&quot;datetime&quot;:&quot;13:00:00&quot;,&quot;datetimeEpoch&quot;:1743422400,&quot;tzoffset&quot;:1.0,&quot;temp&quot;:19.0,&quot;feelslike&quot;:19.0,&quot;humidity&quot;:39.73,&quot;dew&quot;:5.0,&quot;precip&quot;:0.0,&quot;precipprob&quot;:0.0,&quot;snow&quot;:0.0,&quot;snowdepth&quot;:0.0,&quot;preciptype&quot;:null,&quot;windgust&quot;:29.9,&quot;windspeed&quot;:22.0,&quot;winddir&quot;:125.3,&quot;pressure&quot;:1016.0,&quot;visibility&quot;:24.1,&quot;cloudcover&quot;:100.0,&quot;solarradiation&quot;:610.0,&quot;solarenergy&quot;:2.2,&quot;uvindex&quot;:6.0,&quot;severerisk&quot;:10.0,&quot;conditions&quot;:&quot;Overcast&quot;,&quot;icon&quot;:&quot;cloudy&quot;,&quot;stations&quot;:null,&quot;source&quot;:&quot;fcst&quot;},{&quot;datetime&quot;:&quot;14:00:00&quot;,&quot;datetimeEpoch&quot;:1743426000,&quot;tzoffset&quot;:1.0,&quot;temp&quot;:19.7,&quot;feelslike&quot;:19.7,&quot;humidity&quot;:40.03,&quot;dew&quot;:5.7,&quot;precip&quot;:0.0,&quot;precipprob&quot;:0.0,&quot;snow&quot;:0.0,&quot;snowdepth&quot;:0.0,&quot;preciptype&quot;:null,&quot;windgust&quot;:27.5,&quot;windspeed&quot;:20.6,&quot;winddir&quot;:127.2,&quot;pressure&quot;:1015.7,&quot;visibility&quot;:24.1,&quot;cloudcover&quot;:68.5,&quot;solarradiation&quot;:646.0,&quot;solarenergy&quot;:2.3,&quot;uvindex&quot;:6.0,&quot;severerisk&quot;:10.0,&quot;conditions&quot;:&quot;Partially cloudy&quot;,&quot;icon&quot;:&quot;partly-cloudy-day&quot;,&quot;stations&quot;:null,&quot;source&quot;:&quot;fcst&quot;},{&quot;datetime&quot;:&quot;15:00:00&quot;,&quot;datetimeEpoch&quot;:1743429600,&quot;tzoffset&quot;:1.0,&quot;temp&quot;:20.4,&quot;feelslike&quot;:20.4,&quot;humidity&quot;:40.34,&quot;dew&quot;:6.5,&quot;precip&quot;:0.0,&quot;precipprob&quot;:0.0,&quot;snow&quot;:0.0,&quot;snowdepth&quot;:0.0,&quot;preciptype&quot;:null,&quot;windgust&quot;:25.1,&quot;windspeed&quot;:19.3,&quot;winddir&quot;:129.0,&quot;pressure&quot;:1015.3,&quot;visibility&quot;:24.1,&quot;cloudcover&quot;:36.9,&quot;solarradiation&quot;:682.0,&quot;solarenergy&quot;:2.5,&quot;uvindex&quot;:7.0,&quot;severerisk&quot;:10.0,&quot;conditions&quot;:&quot;Partially cloudy&quot;,&quot;icon&quot;:&quot;partly-cloudy-day&quot;,&quot;stations&quot;:null,&quot;source&quot;:&quot;fcst&quot;},{&quot;datetime&quot;:&quot;16:00:00&quot;,&quot;datetimeEpoch&quot;:1743433200,&quot;tzoffset&quot;:1.0,&quot;temp&quot;:21.2,&quot;feelslike&quot;:21.2,&quot;humidity&quot;:40.64,&quot;dew&quot;:7.3,&quot;precip&quot;:0.0,&quot;precipprob&quot;:0.0,&quot;snow&quot;:0.0,&quot;snowdepth&quot;:0.0,&quot;preciptype&quot;:null,&quot;windgust&quot;:22.7,&quot;windspeed&quot;:18.0,&quot;winddir&quot;:130.9,&quot;pressure&quot;:1015.0,&quot;visibility&quot;:24.1,&quot;cloudcover&quot;:5.4,&quot;solarradiation&quot;:718.0,&quot;solarenergy&quot;:2.6,&quot;uvindex&quot;:7.0,&quot;severerisk&quot;:10.0,&quot;conditions&quot;:&quot;Clear&quot;,&quot;icon&quot;:&quot;clear-day&quot;,&quot;stations&quot;:null,&quot;source&quot;:&quot;fcst&quot;},{&quot;datetime&quot;:&quot;17:00:00&quot;,&quot;datetimeEpoch&quot;:1743436800,&quot;tzoffset&quot;:1.0,&quot;temp&quot;:20.4,&quot;feelslike&quot;:20.4,&quot;humidity&quot;:44.49,&quot;dew&quot;:7.9,&quot;precip&quot;:0.0,&quot;precipprob&quot;:0.0,&quot;snow&quot;:0.0,&quot;snowdepth&quot;:0.0,&quot;preciptype&quot;:null,&quot;windgust&quot;:23.2,&quot;windspeed&quot;:14.9,&quot;winddir&quot;:136.4,&quot;pressure&quot;:1015.3,&quot;visibility&quot;:24.1,&quot;cloudcover&quot;:36.9,&quot;solarradiation&quot;:610.0,&quot;solarenergy&quot;:2.2,&quot;uvindex&quot;:6.0,&quot;severerisk&quot;:10.0,&quot;conditions&quot;:&quot;Partially cloudy&quot;,&quot;icon&quot;:&quot;partly-cloudy-day&quot;,&quot;stations&quot;:null,&quot;source&quot;:&quot;fcst&quot;},{&quot;datetime&quot;:&quot;18:00:00&quot;,&quot;datetimeEpoch&quot;:1743440400,&quot;tzoffset&quot;:1.0,&quot;temp&quot;:19.7,&quot;feelslike&quot;:19.7,&quot;humidity&quot;:48.71,&quot;dew&quot;:8.6,&quot;precip&quot;:0.0,&quot;precipprob&quot;:0.0,&quot;snow&quot;:0.0,&quot;snowdepth&quot;:0.0,&quot;preciptype&quot;:null,&quot;windgust&quot;:23.6,&quot;windspeed&quot;:11.8,&quot;winddir&quot;:141.9,&quot;pressure&quot;:1015.7,&quot;visibility&quot;:24.1,&quot;cloudcover&quot;:68.5,&quot;solarradiation&quot;:502.0,&quot;solarenergy&quot;:1.8,&quot;uvindex&quot;:5.0,&quot;severerisk&quot;:10.0,&quot;conditions&quot;:&quot;Partially cloudy&quot;,&quot;icon&quot;:&quot;partly-cloudy-day&quot;,&quot;stations&quot;:null,&quot;source&quot;:&quot;fcst&quot;},{&quot;datetime&quot;:&quot;19:00:00&quot;,&quot;datetimeEpoch&quot;:1743444000,&quot;tzoffset&quot;:1.0,&quot;temp&quot;:19.0,&quot;feelslike&quot;:19.0,&quot;humidity&quot;:53.33,&quot;dew&quot;:9.3,&quot;precip&quot;:0.0,&quot;precipprob&quot;:0.0,&quot;snow&quot;:0.0,&quot;snowdepth&quot;:0.0,&quot;preciptype&quot;:null,&quot;windgust&quot;:24.1,&quot;windspeed&quot;:8.6,&quot;winddir&quot;:147.4,&quot;pressure&quot;:1016.0,&quot;visibility&quot;:24.1,&quot;cloudcover&quot;:100.0,&quot;solarradiation&quot;:394.0,&quot;solarenergy&quot;:1.4,&quot;uvindex&quot;:4.0,&quot;severerisk&quot;:10.0,&quot;conditions&quot;:&quot;Overcast&quot;,&quot;icon&quot;:&quot;cloudy&quot;,&quot;stations&quot;:null,&quot;source&quot;:&quot;fcst&quot;},{&quot;datetime&quot;:&quot;20:00:00&quot;,&quot;datetimeEpoch&quot;:1743447600,&quot;tzoffset&quot;:1.0,&quot;temp&quot;:17.7,&quot;feelslike&quot;:17.7,&quot;humidity&quot;:58.01,&quot;dew&quot;:9.4,&quot;precip&quot;:0.0,&quot;precipprob&quot;:0.0,&quot;snow&quot;:0.0,&quot;snowdepth&quot;:0.0,&quot;preciptype&quot;:null,&quot;windgust&quot;:16.9,&quot;windspeed&quot;:6.5,&quot;winddir&quot;:152.4,&quot;pressure&quot;:1016.3,&quot;visibility&quot;:24.1,&quot;cloudcover&quot;:75.2,&quot;solarradiation&quot;:262.7,&quot;solarenergy&quot;:0.9,&quot;uvindex&quot;:0.0,&quot;severerisk&quot;:10.0,&quot;conditions&quot;:&quot;Partially cloudy&quot;,&quot;icon&quot;:&quot;partly-cloudy-night&quot;,&quot;stations&quot;:null,&quot;source&quot;:&quot;fcst&quot;},{&quot;datetime&quot;:&quot;21:00:00&quot;,&quot;datetimeEpoch&quot;:1743451200,&quot;tzoffset&quot;:1.0,&quot;temp&quot;:16.5,&quot;feelslike&quot;:16.5,&quot;humidity&quot;:63.14,&quot;dew&quot;:9.4,&quot;precip&quot;:0.0,&quot;precipprob&quot;:0.0,&quot;snow&quot;:0.0,&quot;snowdepth&quot;:0.0,&quot;preciptype&quot;:null,&quot;windgust&quot;:9.7,&quot;windspeed&quot;:4.3,&quot;winddir&quot;:157.3,&quot;pressure&quot;:1016.7,&quot;visibility&quot;:24.1,&quot;cloudcover&quot;:50.3,&quot;solarradiation&quot;:131.3,&quot;solarenergy&quot;:0.5,&quot;uvindex&quot;:0.0,&quot;severerisk&quot;:10.0,&quot;conditions&quot;:&quot;Partially cloudy&quot;,&quot;icon&quot;:&quot;partly-cloudy-night&quot;,&quot;stations&quot;:null,&quot;source&quot;:&quot;fcst&quot;},{&quot;datetime&quot;:&quot;22:00:00&quot;,&quot;datetimeEpoch&quot;:1743454800,&quot;tzoffset&quot;:1.0,&quot;temp&quot;:15.3,&quot;feelslike&quot;:15.3,&quot;humidity&quot;:68.78,&quot;dew&quot;:9.6,&quot;precip&quot;:0.0,&quot;precipprob&quot;:0.0,&quot;snow&quot;:0.0,&quot;snowdepth&quot;:0.0,&quot;preciptype&quot;:null,&quot;windgust&quot;:2.5,&quot;windspeed&quot;:2.2,&quot;winddir&quot;:162.3,&quot;pressure&quot;:1017.0,&quot;visibility&quot;:24.1,&quot;cloudcover&quot;:25.5,&quot;solarradiation&quot;:0.0,&quot;solarenergy&quot;:0.0,&quot;uvindex&quot;:0.0,&quot;severerisk&quot;:10.0,&quot;conditions&quot;:&quot;Partially cloudy&quot;,&quot;icon&quot;:&quot;partly-cloudy-night&quot;,&quot;stations&quot;:null,&quot;source&quot;:&quot;fcst&quot;},{&quot;datetime&quot;:&quot;23:00:00&quot;,&quot;datetimeEpoch&quot;:1743458400,&quot;tzoffset&quot;:1.0,&quot;temp&quot;:14.8,&quot;feelslike&quot;:14.8,&quot;humidity&quot;:69.46,&quot;dew&quot;:9.3,&quot;precip&quot;:0.0,&quot;precipprob&quot;:0.0,&quot;snow&quot;:0.0,&quot;snowdepth&quot;:0.0,&quot;preciptype&quot;:null,&quot;windgust&quot;:8.3,&quot;windspeed&quot;:4.1,&quot;winddir&quot;:156.1,&quot;pressure&quot;:1017.0,&quot;visibility&quot;:24.1,&quot;cloudcover&quot;:41.3,&quot;solarradiation&quot;:0.0,&quot;solarenergy&quot;:0.0,&quot;uvindex&quot;:0.0,&quot;severerisk&quot;:10.0,&quot;conditions&quot;:&quot;Partially cloudy&quot;,&quot;icon&quot;:&quot;partly-cloudy-night&quot;,&quot;stations&quot;:null,&quot;source&quot;:&quot;fcst&quot;}]},{&quot;datetime&quot;:&quot;2025-04-01&quot;,&quot;datetimeEpoch&quot;:1743462000,&quot;tzoffset&quot;:1.0,&quot;tempmax&quot;:19.2,&quot;tempmin&quot;:11.4,&quot;temp&quot;:15.3,&quot;feelslikemax&quot;:19.2,&quot;feelslikemin&quot;:11.4,&quot;feelslike&quot;:15.3,&quot;dew&quot;:9.9,&quot;humidity&quot;:70.2,&quot;precip&quot;:0.0,&quot;precipprob&quot;:16.1,&quot;precipcover&quot;:0.0,&quot;preciptype&quot;:null,&quot;snow&quot;:0.0,&quot;snowdepth&quot;:0.0,&quot;windgust&quot;:19.8,&quot;windspeed&quot;:11.2,&quot;winddir&quot;:191.0,&quot;pressure&quot;:1016.5,&quot;cloudcover&quot;:54.6,&quot;visibility&quot;:24.1,&quot;solarradiation&quot;:257.8,&quot;solarenergy&quot;:22.5,&quot;uvindex&quot;:8.0,&quot;severerisk&quot;:10.0,&quot;sunrise&quot;:&quot;07:21:08&quot;,&quot;sunriseEpoch&quot;:1743488468,&quot;sunset&quot;:&quot;20:00:21&quot;,&quot;sunsetEpoch&quot;:1743534021,&quot;moonphase&quot;:0.1,&quot;conditions&quot;:&quot;Partially cloudy&quot;,&quot;description&quot;:&quot;Becoming cloudy in the afternoon.&quot;,&quot;icon&quot;:&quot;partly-cloudy-day&quot;,&quot;stations&quot;:null,&quot;source&quot;:&quot;fcst&quot;,&quot;hours&quot;:[{&quot;datetime&quot;:&quot;00:00:00&quot;,&quot;datetimeEpoch&quot;:1743462000,&quot;tzoffset&quot;:1.0,&quot;temp&quot;:14.3,&quot;feelslike&quot;:14.3,&quot;humidity&quot;:70.15,&quot;dew&quot;:9.0,&quot;precip&quot;:0.0,&quot;precipprob&quot;:0.0,&quot;snow&quot;:0.0,&quot;snowdepth&quot;:0.0,&quot;preciptype&quot;:null,&quot;windgust&quot;:14.0,&quot;windspeed&quot;:6.0,&quot;winddir&quot;:150.0,&quot;pressure&quot;:1017.0,&quot;visibility&quot;:24.1,&quot;cloudcover&quot;:57.0,&quot;solarradiation&quot;:0.0,&quot;solarenergy&quot;:0.0,&quot;uvindex&quot;:0.0,&quot;severerisk&quot;:10.0,&quot;conditions&quot;:&quot;Partially cloudy&quot;,&quot;icon&quot;:&quot;partly-cloudy-night&quot;,&quot;stations&quot;:null,&quot;source&quot;:&quot;fcst&quot;},{&quot;datetime&quot;:&quot;01:00:00&quot;,&quot;datetimeEpoch&quot;:1743465600,&quot;tzoffset&quot;:1.0,&quot;temp&quot;:13.9,&quot;feelslike&quot;:13.9,&quot;humidity&quot;:70.86,&quot;dew&quot;:8.7,&quot;precip&quot;:0.0,&quot;precipprob&quot;:0.0,&quot;snow&quot;:0.0,&quot;snowdepth&quot;:0.0,&quot;preciptype&quot;:null,&quot;windgust&quot;:19.8,&quot;windspeed&quot;:7.9,&quot;winddir&quot;:143.8,&quot;pressure&quot;:1017.0,&quot;visibility&quot;:24.1,&quot;cloudcover&quot;:72.8,&quot;solarradiation&quot;:0.0,&quot;solarenergy&quot;:0.0,&quot;uvindex&quot;:0.0,&quot;severerisk&quot;:10.0,&quot;conditions&quot;:&quot;Partially cloudy&quot;,&quot;icon&quot;:&quot;partly-cloudy-night&quot;,&quot;stations&quot;:null,&quot;source&quot;:&quot;fcst&quot;},{&quot;datetime&quot;:&quot;02:00:00&quot;,&quot;datetimeEpoch&quot;:1743469200,&quot;tzoffset&quot;:1.0,&quot;temp&quot;:13.4,&quot;feelslike&quot;:13.4,&quot;humidity&quot;:71.24,&quot;dew&quot;:8.3,&quot;precip&quot;:0.0,&quot;precipprob&quot;:6.5,&quot;snow&quot;:0.0,&quot;snowdepth&quot;:0.0,&quot;preciptype&quot;:null,&quot;windgust&quot;:15.4,&quot;windspeed&quot;:7.3,&quot;winddir&quot;:129.6,&quot;pressure&quot;:1016.7,&quot;visibility&quot;:24.1,&quot;cloudcover&quot;:50.5,&quot;solarradiation&quot;:0.0,&quot;solarenergy&quot;:0.0,&quot;uvindex&quot;:0.0,&quot;severerisk&quot;:10.0,&quot;conditions&quot;:&quot;Partially cloudy&quot;,&quot;icon&quot;:&quot;partly-cloudy-night&quot;,&quot;stations&quot;:null,&quot;source&quot;:&quot;fcst&quot;},{&quot;datetime&quot;:&quot;03:00:00&quot;,&quot;datetimeEpoch&quot;:1743472800,&quot;tzoffset&quot;:1.0,&quot;temp&quot;:12.9,&quot;feelslike&quot;:12.9,&quot;humidity&quot;:71.63,&quot;dew&quot;:7.9,&quot;precip&quot;:0.0,&quot;precipprob&quot;:6.5,&quot;snow&quot;:0.0,&quot;snowdepth&quot;:0.0,&quot;preciptype&quot;:null,&quot;windgust&quot;:10.9,&quot;windspeed&quot;:6.7,&quot;winddir&quot;:115.4,&quot;pressure&quot;:1016.3,&quot;visibility&quot;:24.1,&quot;cloudcover&quot;:28.3,&quot;solarradiation&quot;:0.0,&quot;solarenergy&quot;:0.0,&quot;uvindex&quot;:0.0,&quot;severerisk&quot;:10.0,&quot;conditions&quot;:&quot;Partially cloudy&quot;,&quot;icon&quot;:&quot;partly-cloudy-night&quot;,&quot;stations&quot;:null,&quot;source&quot;:&quot;fcst&quot;},{&quot;datetime&quot;:&quot;04:00:00&quot;,&quot;datetimeEpoch&quot;:1743476400,&quot;tzoffset&quot;:1.0,&quot;temp&quot;:12.4,&quot;feelslike&quot;:12.4,&quot;humidity&quot;:72.03,&quot;dew&quot;:7.5,&quot;precip&quot;:0.0,&quot;precipprob&quot;:6.5,&quot;snow&quot;:0.0,&quot;snowdepth&quot;:0.0,&quot;preciptype&quot;:null,&quot;windgust&quot;:6.5,&quot;windspeed&quot;:6.1,&quot;winddir&quot;:101.2,&quot;pressure&quot;:1016.0,&quot;visibility&quot;:24.1,&quot;cloudcover&quot;:6.0,&quot;solarradiation&quot;:0.0,&quot;solarenergy&quot;:0.0,&quot;uvindex&quot;:0.0,&quot;severerisk&quot;:10.0,&quot;conditions&quot;:&quot;Clear&quot;,&quot;icon&quot;:&quot;clear-night&quot;,&quot;stations&quot;:null,&quot;source&quot;:&quot;fcst&quot;},{&quot;datetime&quot;:&quot;05:00:00&quot;,&quot;datetimeEpoch&quot;:1743480000,&quot;tzoffset&quot;:1.0,&quot;temp&quot;:12.0,&quot;feelslike&quot;:12.0,&quot;humidity&quot;:73.46,&quot;dew&quot;:7.4,&quot;precip&quot;:0.0,&quot;precipprob&quot;:6.5,&quot;snow&quot;:0.0,&quot;snowdepth&quot;:0.0,&quot;preciptype&quot;:null,&quot;windgust&quot;:6.6,&quot;windspeed&quot;:6.2,&quot;winddir&quot;:96.5,&quot;pressure&quot;:1016.3,&quot;visibility&quot;:24.1,&quot;cloudcover&quot;:5.7,&quot;solarradiation&quot;:0.0,&quot;solarenergy&quot;:0.0,&quot;uvindex&quot;:0.0,&quot;severerisk&quot;:10.0,&quot;conditions&quot;:&quot;Clear&quot;,&quot;icon&quot;:&quot;clear-night&quot;,&quot;stations&quot;:null,&quot;source&quot;:&quot;fcst&quot;},{&quot;datetime&quot;:&quot;06:00:00&quot;,&quot;datetimeEpoch&quot;:1743483600,&quot;tzoffset&quot;:1.0,&quot;temp&quot;:11.7,&quot;feelslike&quot;:11.7,&quot;humidity&quot;:74.92,&quot;dew&quot;:7.4,&quot;precip&quot;:0.0,&quot;precipprob&quot;:6.5,&quot;snow&quot;:0.0,&quot;snowdepth&quot;:0.0,&quot;preciptype&quot;:null,&quot;windgust&quot;:6.7,&quot;windspeed&quot;:6.4,&quot;winddir&quot;:91.9,&quot;pressure&quot;:1016.7,&quot;visibility&quot;:24.1,&quot;cloudcover&quot;:5.3,&quot;solarradiation&quot;:0.0,&quot;solarenergy&quot;:0.0,&quot;uvindex&quot;:0.0,&quot;severerisk&quot;:10.0,&quot;conditions&quot;:&quot;Clear&quot;,&quot;icon&quot;:&quot;clear-night&quot;,&quot;stations&quot;:null,&quot;source&quot;:&quot;fcst&quot;},{&quot;datetime&quot;:&quot;07:00:00&quot;,&quot;datetimeEpoch&quot;:1743487200,&quot;tzoffset&quot;:1.0,&quot;temp&quot;:11.4,&quot;feelslike&quot;:11.4,&quot;humidity&quot;:76.41,&quot;dew&quot;:7.4,&quot;precip&quot;:0.0,&quot;precipprob&quot;:6.5,&quot;snow&quot;:0.0,&quot;snowdepth&quot;:0.0,&quot;preciptype&quot;:null,&quot;windgust&quot;:6.8,&quot;windspeed&quot;:6.5,&quot;winddir&quot;:87.2,&quot;pressure&quot;:1017.0,&quot;visibility&quot;:24.1,&quot;cloudcover&quot;:5.0,&quot;solarradiation&quot;:0.0,&quot;solarenergy&quot;:0.0,&quot;uvindex&quot;:0.0,&quot;severerisk&quot;:10.0,&quot;conditions&quot;:&quot;Clear&quot;,&quot;icon&quot;:&quot;clear-night&quot;,&quot;stations&quot;:null,&quot;source&quot;:&quot;fcst&quot;},{&quot;datetime&quot;:&quot;08:00:00&quot;,&quot;datetimeEpoch&quot;:1743490800,&quot;tzoffset&quot;:1.0,&quot;temp&quot;:12.7,&quot;feelslike&quot;:12.7,&quot;humidity&quot;:74.24,&quot;dew&quot;:8.2,&quot;precip&quot;:0.0,&quot;precipprob&quot;:16.1,&quot;snow&quot;:0.0,&quot;snowdepth&quot;:0.0,&quot;preciptype&quot;:null,&quot;windgust&quot;:7.7,&quot;windspeed&quot;:6.4,&quot;winddir&quot;:104.4,&quot;pressure&quot;:1017.0,&quot;visibility&quot;:24.1,&quot;cloudcover&quot;:5.0,&quot;solarradiation&quot;:61.7,&quot;solarenergy&quot;:0.2,&quot;uvindex&quot;:1.0,&quot;severerisk&quot;:10.0,&quot;conditions&quot;:&quot;Clear&quot;,&quot;icon&quot;:&quot;clear-day&quot;,&quot;stations&quot;:null,&quot;source&quot;:&quot;fcst&quot;},{&quot;datetime&quot;:&quot;09:00:00&quot;,&quot;datetimeEpoch&quot;:1743494400,&quot;tzoffset&quot;:1.0,&quot;temp&quot;:13.9,&quot;feelslike&quot;:13.9,&quot;humidity&quot;:72.16,&quot;dew&quot;:9.0,&quot;precip&quot;:0.0,&quot;precipprob&quot;:16.1,&quot;snow&quot;:0.0,&quot;snowdepth&quot;:0.0,&quot;preciptype&quot;:null,&quot;windgust&quot;:8.5,&quot;windspeed&quot;:6.2,&quot;winddir&quot;:121.7,&quot;pressure&quot;:1017.0,&quot;visibility&quot;:24.1,&quot;cloudcover&quot;:5.0,&quot;solarradiation&quot;:123.3,&quot;solarenergy&quot;:0.5,&quot;uvindex&quot;:1.0,&quot;severerisk&quot;:10.0,&quot;conditions&quot;:&quot;Clear&quot;,&quot;icon&quot;:&quot;clear-day&quot;,&quot;stations&quot;:null,&quot;source&quot;:&quot;fcst&quot;},{&quot;datetime&quot;:&quot;10:00:00&quot;,&quot;datetimeEpoch&quot;:1743498000,&quot;tzoffset&quot;:1.0,&quot;temp&quot;:15.3,&quot;feelslike&quot;:15.3,&quot;humidity&quot;:70.18,&quot;dew&quot;:9.9,&quot;precip&quot;:0.0,&quot;precipprob&quot;:16.1,&quot;snow&quot;:0.0,&quot;snowdepth&quot;:0.0,&quot;preciptype&quot;:null,&quot;windgust&quot;:9.4,&quot;windspeed&quot;:6.1,&quot;winddir&quot;:138.9,&quot;pressure&quot;:1017.0,&quot;visibility&quot;:24.1,&quot;cloudcover&quot;:5.0,&quot;solarradiation&quot;:185.0,&quot;solarenergy&quot;:0.7,&quot;uvindex&quot;:2.0,&quot;severerisk&quot;:10.0,&quot;conditions&quot;:&quot;Clear&quot;,&quot;icon&quot;:&quot;clear-day&quot;,&quot;stations&quot;:null,&quot;source&quot;:&quot;fcst&quot;},{&quot;datetime&quot;:&quot;11:00:00&quot;,&quot;datetimeEpoch&quot;:1743501600,&quot;tzoffset&quot;:1.0,&quot;temp&quot;:16.4,&quot;feelslike&quot;:16.4,&quot;humidity&quot;:66.46,&quot;dew&quot;:10.2,&quot;precip&quot;:0.0,&quot;precipprob&quot;:16.1,&quot;snow&quot;:0.0,&quot;snowdepth&quot;:0.0,&quot;preciptype&quot;:null,&quot;windgust&quot;:9.6,&quot;windspeed&quot;:7.7,&quot;winddir&quot;:161.5,&quot;pressure&quot;:1017.0,&quot;visibility&quot;:24.1,&quot;cloudcover&quot;:36.7,&quot;solarradiation&quot;:350.3,&quot;solarenergy&quot;:1.3,&quot;uvindex&quot;:4.0,&quot;severerisk&quot;:10.0,&quot;conditions&quot;:&quot;Partially cloudy&quot;,&quot;icon&quot;:&quot;partly-cloudy-day&quot;,&quot;stations&quot;:null,&quot;source&quot;:&quot;fcst&quot;},{&quot;datetime&quot;:&quot;12:00:00&quot;,&quot;datetimeEpoch&quot;:1743505200,&quot;tzoffset&quot;:1.0,&quot;temp&quot;:17.6,&quot;feelslike&quot;:17.6,&quot;humidity&quot;:62.97,&quot;dew&quot;:10.4,&quot;precip&quot;:0.0,&quot;precipprob&quot;:16.1,&quot;snow&quot;:0.0,&quot;snowdepth&quot;:0.0,&quot;preciptype&quot;:null,&quot;windgust&quot;:9.8,&quot;windspeed&quot;:9.2,&quot;winddir&quot;:184.2,&quot;pressure&quot;:1017.0,&quot;visibility&quot;:24.1,&quot;cloudcover&quot;:68.3,&quot;solarradiation&quot;:515.7,&quot;solarenergy&quot;:1.9,&quot;uvindex&quot;:5.0,&quot;severerisk&quot;:10.0,&quot;conditions&quot;:&quot;Partially cloudy&quot;,&quot;icon&quot;:&quot;partly-cloudy-day&quot;,&quot;stations&quot;:null,&quot;source&quot;:&quot;fcst&quot;},{&quot;datetime&quot;:&quot;13:00:00&quot;,&quot;datetimeEpoch&quot;:1743508800,&quot;tzoffset&quot;:1.0,&quot;temp&quot;:18.8,&quot;feelslike&quot;:18.8,&quot;humidity&quot;:59.7,&quot;dew&quot;:10.8,&quot;precip&quot;:0.0,&quot;precipprob&quot;:16.1,&quot;snow&quot;:0.0,&quot;snowdepth&quot;:0.0,&quot;preciptype&quot;:null,&quot;windgust&quot;:10.1,&quot;windspeed&quot;:10.8,&quot;winddir&quot;:206.8,&quot;pressure&quot;:1017.0,&quot;visibility&quot;:24.1,&quot;cloudcover&quot;:100.0,&quot;solarradiation&quot;:681.0,&quot;solarenergy&quot;:2.5,&quot;uvindex&quot;:7.0,&quot;severerisk&quot;:10.0,&quot;conditions&quot;:&quot;Overcast&quot;,&quot;icon&quot;:&quot;cloudy&quot;,&quot;stations&quot;:null,&quot;source&quot;:&quot;fcst&quot;},{&quot;datetime&quot;:&quot;14:00:00&quot;,&quot;datetimeEpoch&quot;:1743512400,&quot;tzoffset&quot;:1.0,&quot;temp&quot;:18.9,&quot;feelslike&quot;:18.9,&quot;humidity&quot;:59.34,&quot;dew&quot;:10.8,&quot;precip&quot;:0.0,&quot;precipprob&quot;:6.5,&quot;snow&quot;:0.0,&quot;snowdepth&quot;:0.0,&quot;preciptype&quot;:null,&quot;windgust&quot;:9.4,&quot;windspeed&quot;:10.9,&quot;winddir&quot;:215.1,&quot;pressure&quot;:1016.7,&quot;visibility&quot;:24.1,&quot;cloudcover&quot;:96.0,&quot;solarradiation&quot;:712.0,&quot;solarenergy&quot;:2.6,&quot;uvindex&quot;:7.0,&quot;severerisk&quot;:10.0,&quot;conditions&quot;:&quot;Overcast&quot;,&quot;icon&quot;:&quot;cloudy&quot;,&quot;stations&quot;:null,&quot;source&quot;:&quot;fcst&quot;},{&quot;datetime&quot;:&quot;15:00:00&quot;,&quot;datetimeEpoch&quot;:1743516000,&quot;tzoffset&quot;:1.0,&quot;temp&quot;:19.0,&quot;feelslike&quot;:19.0,&quot;humidity&quot;:58.98,&quot;dew&quot;:10.8,&quot;precip&quot;:0.0,&quot;precipprob&quot;:6.5,&quot;snow&quot;:0.0,&quot;snowdepth&quot;:0.0,&quot;preciptype&quot;:null,&quot;windgust&quot;:8.6,&quot;windspeed&quot;:11.0,&quot;winddir&quot;:223.3,&quot;pressure&quot;:1016.3,&quot;visibility&quot;:24.1,&quot;cloudcover&quot;:92.1,&quot;solarradiation&quot;:743.0,&quot;solarenergy&quot;:2.7,&quot;uvindex&quot;:7.0,&quot;severerisk&quot;:10.0,&quot;conditions&quot;:&quot;Overcast&quot;,&quot;icon&quot;:&quot;cloudy&quot;,&quot;stations&quot;:null,&quot;source&quot;:&quot;fcst&quot;},{&quot;datetime&quot;:&quot;16:00:00&quot;,&quot;datetimeEpoch&quot;:1743519600,&quot;tzoffset&quot;:1.0,&quot;temp&quot;:19.2,&quot;feelslike&quot;:19.2,&quot;humidity&quot;:58.62,&quot;dew&quot;:10.9,&quot;precip&quot;:0.0,&quot;precipprob&quot;:6.5,&quot;snow&quot;:0.0,&quot;snowdepth&quot;:0.0,&quot;preciptype&quot;:null,&quot;windgust&quot;:7.9,&quot;windspeed&quot;:11.2,&quot;winddir&quot;:231.6,&quot;pressure&quot;:1016.0,&quot;visibility&quot;:24.1,&quot;cloudcover&quot;:88.1,&quot;solarradiation&quot;:774.0,&quot;solarenergy&quot;:2.8,&quot;uvindex&quot;:8.0,&quot;severerisk&quot;:10.0,&quot;conditions&quot;:&quot;Partially cloudy&quot;,&quot;icon&quot;:&quot;partly-cloudy-day&quot;,&quot;stations&quot;:null,&quot;source&quot;:&quot;fcst&quot;},{&quot;datetime&quot;:&quot;17:00:00&quot;,&quot;datetimeEpoch&quot;:1743523200,&quot;tzoffset&quot;:1.0,&quot;temp&quot;:18.5,&quot;feelslike&quot;:18.5,&quot;humidity&quot;:62.07,&quot;dew&quot;:11.1,&quot;precip&quot;:0.0,&quot;precipprob&quot;:6.5,&quot;snow&quot;:0.0,&quot;snowdepth&quot;:0.0,&quot;preciptype&quot;:null,&quot;windgust&quot;:8.8,&quot;windspeed&quot;:10.4,&quot;winddir&quot;:242.1,&quot;pressure&quot;:1016.0,&quot;visibility&quot;:24.1,&quot;cloudcover&quot;:82.2,&quot;solarradiation&quot;:656.7,&quot;solarenergy&quot;:2.4,&quot;uvindex&quot;:7.0,&quot;severerisk&quot;:10.0,&quot;conditions&quot;:&quot;Partially cloudy&quot;,&quot;icon&quot;:&quot;partly-cloudy-day&quot;,&quot;stations&quot;:null,&quot;source&quot;:&quot;fcst&quot;},{&quot;datetime&quot;:&quot;18:00:00&quot;,&quot;datetimeEpoch&quot;:1743526800,&quot;tzoffset&quot;:1.0,&quot;temp&quot;:17.8,&quot;feelslike&quot;:17.8,&quot;humidity&quot;:65.73,&quot;dew&quot;:11.3,&quot;precip&quot;:0.0,&quot;precipprob&quot;:6.5,&quot;snow&quot;:0.0,&quot;snowdepth&quot;:0.0,&quot;preciptype&quot;:null,&quot;windgust&quot;:9.6,&quot;windspeed&quot;:9.7,&quot;winddir&quot;:252.6,&quot;pressure&quot;:1016.0,&quot;visibility&quot;:24.1,&quot;cloudcover&quot;:76.3,&quot;solarradiation&quot;:539.3,&quot;solarenergy&quot;:1.9,&quot;uvindex&quot;:5.0,&quot;severerisk&quot;:10.0,&quot;conditions&quot;:&quot;Partially cloudy&quot;,&quot;icon&quot;:&quot;partly-cloudy-day&quot;,&quot;stations&quot;:null,&quot;source&quot;:&quot;fcst&quot;},{&quot;datetime&quot;:&quot;19:00:00&quot;,&quot;datetimeEpoch&quot;:1743530400,&quot;tzoffset&quot;:1.0,&quot;temp&quot;:17.2,&quot;feelslike&quot;:17.2,&quot;humidity&quot;:69.62,&quot;dew&quot;:11.6,&quot;precip&quot;:0.0,&quot;precipprob&quot;:6.5,&quot;snow&quot;:0.0,&quot;snowdepth&quot;:0.0,&quot;preciptype&quot;:null,&quot;windgust&quot;:10.4,&quot;windspeed&quot;:9.0,&quot;winddir&quot;:263.1,&quot;pressure&quot;:1016.0,&quot;visibility&quot;:24.1,&quot;cloudcover&quot;:70.4,&quot;solarradiation&quot;:422.0,&quot;solarenergy&quot;:1.5,&quot;uvindex&quot;:4.0,&quot;severerisk&quot;:10.0,&quot;conditions&quot;:&quot;Partially cloudy&quot;,&quot;icon&quot;:&quot;partly-cloudy-day&quot;,&quot;stations&quot;:null,&quot;source&quot;:&quot;fcst&quot;},{&quot;datetime&quot;:&quot;20:00:00&quot;,&quot;datetimeEpoch&quot;:1743534000,&quot;tzoffset&quot;:1.0,&quot;temp&quot;:16.3,&quot;feelslike&quot;:16.3,&quot;humidity&quot;:74.38,&quot;dew&quot;:11.8,&quot;precip&quot;:0.0,&quot;precipprob&quot;:0.0,&quot;snow&quot;:0.0,&quot;snowdepth&quot;:0.0,&quot;preciptype&quot;:null,&quot;windgust&quot;:9.8,&quot;windspeed&quot;:7.9,&quot;winddir&quot;:279.7,&quot;pressure&quot;:1016.0,&quot;visibility&quot;:24.1,&quot;cloudcover&quot;:78.2,&quot;solarradiation&quot;:281.3,&quot;solarenergy&quot;:1.0,&quot;uvindex&quot;:3.0,&quot;severerisk&quot;:10.0,&quot;conditions&quot;:&quot;Partially cloudy&quot;,&quot;icon&quot;:&quot;partly-cloudy-day&quot;,&quot;stations&quot;:null,&quot;source&quot;:&quot;fcst&quot;},{&quot;datetime&quot;:&quot;21:00:00&quot;,&quot;datetimeEpoch&quot;:1743537600,&quot;tzoffset&quot;:1.0,&quot;temp&quot;:15.5,&quot;feelslike&quot;:15.5,&quot;humidity&quot;:79.49,&quot;dew&quot;:12.0,&quot;precip&quot;:0.0,&quot;precipprob&quot;:0.0,&quot;snow&quot;:0.0,&quot;snowdepth&quot;:0.0,&quot;preciptype&quot;:null,&quot;windgust&quot;:9.2,&quot;windspeed&quot;:6.8,&quot;winddir&quot;:296.4,&quot;pressure&quot;:1016.0,&quot;visibility&quot;:24.1,&quot;cloudcover&quot;:86.1,&quot;solarradiation&quot;:140.7,&quot;solarenergy&quot;:0.5,&quot;uvindex&quot;:0.0,&quot;severerisk&quot;:10.0,&quot;conditions&quot;:&quot;Partially cloudy&quot;,&quot;icon&quot;:&quot;partly-cloudy-night&quot;,&quot;stations&quot;:null,&quot;source&quot;:&quot;fcst&quot;},{&quot;datetime&quot;:&quot;22:00:00&quot;,&quot;datetimeEpoch&quot;:1743541200,&quot;tzoffset&quot;:1.0,&quot;temp&quot;:14.7,&quot;feelslike&quot;:14.7,&quot;humidity&quot;:84.97,&quot;dew&quot;:12.2,&quot;precip&quot;:0.0,&quot;precipprob&quot;:0.0,&quot;snow&quot;:0.0,&quot;snowdepth&quot;:0.0,&quot;preciptype&quot;:null,&quot;windgust&quot;:8.6,&quot;windspeed&quot;:5.8,&quot;winddir&quot;:313.0,&quot;pressure&quot;:1016.0,&quot;visibility&quot;:24.1,&quot;cloudcover&quot;:93.9,&quot;solarradiation&quot;:0.0,&quot;solarenergy&quot;:0.0,&quot;uvindex&quot;:0.0,&quot;severerisk&quot;:10.0,&quot;conditions&quot;:&quot;Overcast&quot;,&quot;icon&quot;:&quot;cloudy&quot;,&quot;stations&quot;:null,&quot;source&quot;:&quot;fcst&quot;},{&quot;datetime&quot;:&quot;23:00:00&quot;,&quot;datetimeEpoch&quot;:1743544800,&quot;tzoffset&quot;:1.0,&quot;temp&quot;:14.3,&quot;feelslike&quot;:14.3,&quot;humidity&quot;:86.25,&quot;dew&quot;:12.0,&quot;precip&quot;:0.0,&quot;precipprob&quot;:0.0,&quot;snow&quot;:0.0,&quot;snowdepth&quot;:0.0,&quot;preciptype&quot;:null,&quot;windgust&quot;:7.3,&quot;windspeed&quot;:5.5,&quot;winddir&quot;:320.0,&quot;pressure&quot;:1015.7,&quot;visibility&quot;:24.1,&quot;cloudcover&quot;:95.9,&quot;solarradiation&quot;:0.0,&quot;solarenergy&quot;:0.0,&quot;uvindex&quot;:0.0,&quot;severerisk&quot;:10.0,&quot;conditions&quot;:&quot;Overcast&quot;,&quot;icon&quot;:&quot;cloudy&quot;,&quot;stations&quot;:null,&quot;source&quot;:&quot;fcst&quot;}]},{&quot;datetime&quot;:&quot;2025-04-02&quot;,&quot;datetimeEpoch&quot;:1743548400,&quot;tzoffset&quot;:1.0,&quot;tempmax&quot;:21.0,&quot;tempmin&quot;:12.4,&quot;temp&quot;:16.0,&quot;feelslikemax&quot;:21.0,&quot;feelslikemin&quot;:12.4,&quot;feelslike&quot;:16.0,&quot;dew&quot;:11.1,&quot;humidity&quot;:74.0,&quot;precip&quot;:0.3,&quot;precipprob&quot;:12.9,&quot;precipcover&quot;:4.17,&quot;preciptype&quot;:[&quot;rain&quot;],&quot;snow&quot;:0.0,&quot;snowdepth&quot;:0.0,&quot;windgust&quot;:13.7,&quot;windspeed&quot;:13.3,&quot;winddir&quot;:323.9,&quot;pressure&quot;:1013.0,&quot;cloudcover&quot;:45.3,&quot;visibility&quot;:24.1,&quot;solarradiation&quot;:258.9,&quot;solarenergy&quot;:22.2,&quot;uvindex&quot;:8.0,&quot;severerisk&quot;:10.0,&quot;sunrise&quot;:&quot;07:19:35&quot;,&quot;sunriseEpoch&quot;:1743574775,&quot;sunset&quot;:&quot;20:01:19&quot;,&quot;sunsetEpoch&quot;:1743620479,&quot;moonphase&quot;:0.14,&quot;conditions&quot;:&quot;Partially cloudy&quot;,&quot;description&quot;:&quot;Partly cloudy throughout the day.&quot;,&quot;icon&quot;:&quot;partly-cloudy-day&quot;,&quot;stations&quot;:null,&quot;source&quot;:&quot;fcst&quot;,&quot;hours&quot;:[{&quot;datetime&quot;:&quot;00:00:00&quot;,&quot;datetimeEpoch&quot;:1743548400,&quot;tzoffset&quot;:1.0,&quot;temp&quot;:13.9,&quot;feelslike&quot;:13.9,&quot;humidity&quot;:87.55,&quot;dew&quot;:11.9,&quot;precip&quot;:0.0,&quot;precipprob&quot;:0.0,&quot;snow&quot;:0.0,&quot;snowdepth&quot;:0.0,&quot;preciptype&quot;:null,&quot;windgust&quot;:6.0,&quot;windspeed&quot;:5.3,&quot;winddir&quot;:327.0,&quot;pressure&quot;:1015.3,&quot;visibility&quot;:24.1,&quot;cloudcover&quot;:97.8,&quot;solarradiation&quot;:0.0,&quot;solarenergy&quot;:0.0,&quot;uvindex&quot;:0.0,&quot;severerisk&quot;:10.0,&quot;conditions&quot;:&quot;Overcast&quot;,&quot;icon&quot;:&quot;cloudy&quot;,&quot;stations&quot;:null,&quot;source&quot;:&quot;fcst&quot;},{&quot;datetime&quot;:&quot;01:00:00&quot;,&quot;datetimeEpoch&quot;:1743552000,&quot;tzoffset&quot;:1.0,&quot;temp&quot;:13.6,&quot;feelslike&quot;:13.6,&quot;humidity&quot;:88.88,&quot;dew&quot;:11.8,&quot;precip&quot;:0.0,&quot;precipprob&quot;:0.0,&quot;snow&quot;:0.0,&quot;snowdepth&quot;:0.0,&quot;preciptype&quot;:null,&quot;windgust&quot;:4.7,&quot;windspeed&quot;:5.0,&quot;winddir&quot;:334.0,&quot;pressure&quot;:1015.0,&quot;visibility&quot;:24.1,&quot;cloudcover&quot;:99.8,&quot;solarradiation&quot;:0.0,&quot;solarenergy&quot;:0.0,&quot;uvindex&quot;:0.0,&quot;severerisk&quot;:10.0,&quot;conditions&quot;:&quot;Overcast&quot;,&quot;icon&quot;:&quot;cloudy&quot;,&quot;stations&quot;:null,&quot;source&quot;:&quot;fcst&quot;},{&quot;datetime&quot;:&quot;02:00:00&quot;,&quot;datetimeEpoch&quot;:1743555600,&quot;tzoffset&quot;:1.0,&quot;temp&quot;:13.4,&quot;feelslike&quot;:13.4,&quot;humidity&quot;:89.05,&quot;dew&quot;:11.6,&quot;precip&quot;:0.0,&quot;precipprob&quot;:12.9,&quot;snow&quot;:0.0,&quot;snowdepth&quot;:0.0,&quot;preciptype&quot;:null,&quot;windgust&quot;:4.4,&quot;windspeed&quot;:4.7,&quot;winddir&quot;:341.0,&quot;pressure&quot;:1014.7,&quot;visibility&quot;:24.1,&quot;cloudcover&quot;:98.4,&quot;solarradiation&quot;:0.0,&quot;solarenergy&quot;:0.0,&quot;uvindex&quot;:0.0,&quot;severerisk&quot;:10.0,&quot;conditions&quot;:&quot;Overcast&quot;,&quot;icon&quot;:&quot;cloudy&quot;,&quot;stations&quot;:null,&quot;source&quot;:&quot;fcst&quot;},{&quot;datetime&quot;:&quot;03:00:00&quot;,&quot;datetimeEpoch&quot;:1743559200,&quot;tzoffset&quot;:1.0,&quot;temp&quot;:13.2,&quot;feelslike&quot;:13.2,&quot;humidity&quot;:89.23,&quot;dew&quot;:11.4,&quot;precip&quot;:0.0,&quot;precipprob&quot;:12.9,&quot;snow&quot;:0.0,&quot;snowdepth&quot;:0.0,&quot;preciptype&quot;:null,&quot;windgust&quot;:4.2,&quot;windspeed&quot;:4.3,&quot;winddir&quot;:348.0,&quot;pressure&quot;:1014.3,&quot;visibility&quot;:24.1,&quot;cloudcover&quot;:96.9,&quot;solarradiation&quot;:0.0,&quot;solarenergy&quot;:0.0,&quot;uvindex&quot;:0.0,&quot;severerisk&quot;:10.0,&quot;conditions&quot;:&quot;Overcast&quot;,&quot;icon&quot;:&quot;cloudy&quot;,&quot;stations&quot;:null,&quot;source&quot;:&quot;fcst&quot;},{&quot;datetime&quot;:&quot;04:00:00&quot;,&quot;datetimeEpoch&quot;:1743562800,&quot;tzoffset&quot;:1.0,&quot;temp&quot;:13.0,&quot;feelslike&quot;:13.0,&quot;humidity&quot;:89.42,&quot;dew&quot;:11.3,&quot;precip&quot;:0.0,&quot;precipprob&quot;:12.9,&quot;snow&quot;:0.0,&quot;snowdepth&quot;:0.0,&quot;preciptype&quot;:null,&quot;windgust&quot;:4.0,&quot;windspeed&quot;:4.0,&quot;winddir&quot;:355.0,&quot;pressure&quot;:1014.0,&quot;visibility&quot;:24.1,&quot;cloudcover&quot;:95.5,&quot;solarradiation&quot;:0.0,&quot;solarenergy&quot;:0.0,&quot;uvindex&quot;:0.0,&quot;severerisk&quot;:10.0,&quot;conditions&quot;:&quot;Overcast&quot;,&quot;icon&quot;:&quot;cloudy&quot;,&quot;stations&quot;:null,&quot;source&quot;:&quot;fcst&quot;},{&quot;datetime&quot;:&quot;05:00:00&quot;,&quot;datetimeEpoch&quot;:1743566400,&quot;tzoffset&quot;:1.0,&quot;temp&quot;:12.8,&quot;feelslike&quot;:12.8,&quot;humidity&quot;:89.6,&quot;dew&quot;:11.1,&quot;precip&quot;:0.0,&quot;precipprob&quot;:12.9,&quot;snow&quot;:0.0,&quot;snowdepth&quot;:0.0,&quot;preciptype&quot;:null,&quot;windgust&quot;:3.8,&quot;windspeed&quot;:3.8,&quot;winddir&quot;:353.8,&quot;pressure&quot;:1013.7,&quot;visibility&quot;:24.1,&quot;cloudcover&quot;:71.6,&quot;solarradiation&quot;:0.0,&quot;solarenergy&quot;:0.0,&quot;uvindex&quot;:0.0,&quot;severerisk&quot;:10.0,&quot;conditions&quot;:&quot;Partially cloudy&quot;,&quot;icon&quot;:&quot;partly-cloudy-night&quot;,&quot;stations&quot;:null,&quot;source&quot;:&quot;fcst&quot;},{&quot;datetime&quot;:&quot;06:00:00&quot;,&quot;datetimeEpoch&quot;:1743570000,&quot;tzoffset&quot;:1.0,&quot;temp&quot;:12.6,&quot;feelslike&quot;:12.6,&quot;humidity&quot;:89.78,&quot;dew&quot;:10.9,&quot;precip&quot;:0.0,&quot;precipprob&quot;:12.9,&quot;snow&quot;:0.0,&quot;snowdepth&quot;:0.0,&quot;preciptype&quot;:null,&quot;windgust&quot;:3.7,&quot;windspeed&quot;:3.7,&quot;winddir&quot;:352.7,&quot;pressure&quot;:1013.3,&quot;visibility&quot;:24.1,&quot;cloudcover&quot;:47.6,&quot;solarradiation&quot;:0.0,&quot;solarenergy&quot;:0.0,&quot;uvindex&quot;:0.0,&quot;severerisk&quot;:10.0,&quot;conditions&quot;:&quot;Partially cloudy&quot;,&quot;icon&quot;:&quot;partly-cloudy-night&quot;,&quot;stations&quot;:null,&quot;source&quot;:&quot;fcst&quot;},{&quot;datetime&quot;:&quot;07:00:00&quot;,&quot;datetimeEpoch&quot;:1743573600,&quot;tzoffset&quot;:1.0,&quot;temp&quot;:12.4,&quot;feelslike&quot;:12.4,&quot;humidity&quot;:89.97,&quot;dew&quot;:10.8,&quot;precip&quot;:0.0,&quot;precipprob&quot;:12.9,&quot;snow&quot;:0.0,&quot;snowdepth&quot;:0.0,&quot;preciptype&quot;:null,&quot;windgust&quot;:3.6,&quot;windspeed&quot;:3.6,&quot;winddir&quot;:351.5,&quot;pressure&quot;:1013.0,&quot;visibility&quot;:24.1,&quot;cloudcover&quot;:23.7,&quot;solarradiation&quot;:0.0,&quot;solarenergy&quot;:0.0,&quot;uvindex&quot;:0.0,&quot;severerisk&quot;:10.0,&quot;conditions&quot;:&quot;Partially cloudy&quot;,&quot;icon&quot;:&quot;partly-cloudy-night&quot;,&quot;stations&quot;:null,&quot;source&quot;:&quot;fcst&quot;},{&quot;datetime&quot;:&quot;08:00:00&quot;,&quot;datetimeEpoch&quot;:1743577200,&quot;tzoffset&quot;:1.0,&quot;temp&quot;:13.8,&quot;feelslike&quot;:13.8,&quot;humidity&quot;:81.93,&quot;dew&quot;:10.8,&quot;precip&quot;:0.0,&quot;precipprob&quot;:9.7,&quot;snow&quot;:0.0,&quot;snowdepth&quot;:0.0,&quot;preciptype&quot;:null,&quot;windgust&quot;:4.3,&quot;windspeed&quot;:3.6,&quot;winddir&quot;:342.8,&quot;pressure&quot;:1013.3,&quot;visibility&quot;:24.1,&quot;cloudcover&quot;:17.5,&quot;solarradiation&quot;:62.3,&quot;solarenergy&quot;:0.2,&quot;uvindex&quot;:1.0,&quot;severerisk&quot;:10.0,&quot;conditions&quot;:&quot;Clear&quot;,&quot;icon&quot;:&quot;clear-day&quot;,&quot;stations&quot;:null,&quot;source&quot;:&quot;fcst&quot;},{&quot;datetime&quot;:&quot;09:00:00&quot;,&quot;datetimeEpoch&quot;:1743580800,&quot;tzoffset&quot;:1.0,&quot;temp&quot;:15.3,&quot;feelslike&quot;:15.3,&quot;humidity&quot;:74.69,&quot;dew&quot;:10.8,&quot;precip&quot;:0.0,&quot;precipprob&quot;:9.7,&quot;snow&quot;:0.0,&quot;snowdepth&quot;:0.0,&quot;preciptype&quot;:null,&quot;windgust&quot;:5.0,&quot;windspeed&quot;:3.6,&quot;winddir&quot;:334.2,&quot;pressure&quot;:1013.7,&quot;visibility&quot;:24.1,&quot;cloudcover&quot;:11.2,&quot;solarradiation&quot;:124.7,&quot;solarenergy&quot;:0.5,&quot;uvindex&quot;:1.0,&quot;severerisk&quot;:10.0,&quot;conditions&quot;:&quot;Clear&quot;,&quot;icon&quot;:&quot;clear-day&quot;,&quot;stations&quot;:null,&quot;source&quot;:&quot;fcst&quot;},{&quot;datetime&quot;:&quot;10:00:00&quot;,&quot;datetimeEpoch&quot;:1743584400,&quot;tzoffset&quot;:1.0,&quot;temp&quot;:16.8,&quot;feelslike&quot;:16.8,&quot;humidity&quot;:68.17,&quot;dew&quot;:10.9,&quot;precip&quot;:0.0,&quot;precipprob&quot;:9.7,&quot;snow&quot;:0.0,&quot;snowdepth&quot;:0.0,&quot;preciptype&quot;:null,&quot;windgust&quot;:5.8,&quot;windspeed&quot;:3.6,&quot;winddir&quot;:325.5,&quot;pressure&quot;:1014.0,&quot;visibility&quot;:24.1,&quot;cloudcover&quot;:5.0,&quot;solarradiation&quot;:187.0,&quot;solarenergy&quot;:0.7,&quot;uvindex&quot;:2.0,&quot;severerisk&quot;:10.0,&quot;conditions&quot;:&quot;Clear&quot;,&quot;icon&quot;:&quot;clear-day&quot;,&quot;stations&quot;:null,&quot;source&quot;:&quot;fcst&quot;},{&quot;datetime&quot;:&quot;11:00:00&quot;,&quot;datetimeEpoch&quot;:1743588000,&quot;tzoffset&quot;:1.0,&quot;temp&quot;:18.2,&quot;feelslike&quot;:18.2,&quot;humidity&quot;:61.85,&quot;dew&quot;:10.7,&quot;precip&quot;:0.0,&quot;precipprob&quot;:9.7,&quot;snow&quot;:0.0,&quot;snowdepth&quot;:0.0,&quot;preciptype&quot;:null,&quot;windgust&quot;:5.5,&quot;windspeed&quot;:4.3,&quot;winddir&quot;:321.0,&quot;pressure&quot;:1013.3,&quot;visibility&quot;:24.1,&quot;cloudcover&quot;:3.3,&quot;solarradiation&quot;:359.0,&quot;solarenergy&quot;:1.3,&quot;uvindex&quot;:4.0,&quot;severerisk&quot;:10.0,&quot;conditions&quot;:&quot;Clear&quot;,&quot;icon&quot;:&quot;clear-day&quot;,&quot;stations&quot;:null,&quot;source&quot;:&quot;fcst&quot;},{&quot;datetime&quot;:&quot;12:00:00&quot;,&quot;datetimeEpoch&quot;:1743591600,&quot;tzoffset&quot;:1.0,&quot;temp&quot;:19.6,&quot;feelslike&quot;:19.6,&quot;humidity&quot;:56.17,&quot;dew&quot;:10.6,&quot;precip&quot;:0.0,&quot;precipprob&quot;:9.7,&quot;snow&quot;:0.0,&quot;snowdepth&quot;:0.0,&quot;preciptype&quot;:null,&quot;windgust&quot;:5.3,&quot;windspeed&quot;:5.0,&quot;winddir&quot;:316.4,&quot;pressure&quot;:1012.7,&quot;visibility&quot;:24.1,&quot;cloudcover&quot;:1.7,&quot;solarradiation&quot;:531.0,&quot;solarenergy&quot;:1.9,&quot;uvindex&quot;:5.0,&quot;severerisk&quot;:10.0,&quot;conditions&quot;:&quot;Clear&quot;,&quot;icon&quot;:&quot;clear-day&quot;,&quot;stations&quot;:null,&quot;source&quot;:&quot;fcst&quot;},{&quot;datetime&quot;:&quot;13:00:00&quot;,&quot;datetimeEpoch&quot;:1743595200,&quot;tzoffset&quot;:1.0,&quot;temp&quot;:21.0,&quot;feelslike&quot;:21.0,&quot;humidity&quot;:51.06,&quot;dew&quot;:10.5,&quot;precip&quot;:0.0,&quot;precipprob&quot;:9.7,&quot;snow&quot;:0.0,&quot;snowdepth&quot;:0.0,&quot;preciptype&quot;:null,&quot;windgust&quot;:5.0,&quot;windspeed&quot;:5.8,&quot;winddir&quot;:311.9,&quot;pressure&quot;:1012.0,&quot;visibility&quot;:24.1,&quot;cloudcover&quot;:0.0,&quot;solarradiation&quot;:703.0,&quot;solarenergy&quot;:2.5,&quot;uvindex&quot;:7.0,&quot;severerisk&quot;:10.0,&quot;conditions&quot;:&quot;Clear&quot;,&quot;icon&quot;:&quot;clear-day&quot;,&quot;stations&quot;:null,&quot;source&quot;:&quot;fcst&quot;},{&quot;datetime&quot;:&quot;14:00:00&quot;,&quot;datetimeEpoch&quot;:1743598800,&quot;tzoffset&quot;:1.0,&quot;temp&quot;:20.5,&quot;feelslike&quot;:20.5,&quot;humidity&quot;:53.61,&quot;dew&quot;:10.8,&quot;precip&quot;:0.0,&quot;precipprob&quot;:12.9,&quot;snow&quot;:0.0,&quot;snowdepth&quot;:0.0,&quot;preciptype&quot;:null,&quot;windgust&quot;:7.0,&quot;windspeed&quot;:8.3,&quot;winddir&quot;:312.2,&quot;pressure&quot;:1012.0,&quot;visibility&quot;:24.1,&quot;cloudcover&quot;:21.1,&quot;solarradiation&quot;:731.7,&quot;solarenergy&quot;:2.6,&quot;uvindex&quot;:7.0,&quot;severerisk&quot;:10.0,&quot;conditions&quot;:&quot;Partially cloudy&quot;,&quot;icon&quot;:&quot;partly-cloudy-day&quot;,&quot;stations&quot;:null,&quot;source&quot;:&quot;fcst&quot;},{&quot;datetime&quot;:&quot;15:00:00&quot;,&quot;datetimeEpoch&quot;:1743602400,&quot;tzoffset&quot;:1.0,&quot;temp&quot;:20.0,&quot;feelslike&quot;:20.0,&quot;humidity&quot;:56.29,&quot;dew&quot;:11.1,&quot;precip&quot;:0.0,&quot;precipprob&quot;:12.9,&quot;snow&quot;:0.0,&quot;snowdepth&quot;:0.0,&quot;preciptype&quot;:null,&quot;windgust&quot;:8.9,&quot;windspeed&quot;:10.8,&quot;winddir&quot;:312.4,&quot;pressure&quot;:1012.0,&quot;visibility&quot;:24.1,&quot;cloudcover&quot;:42.1,&quot;solarradiation&quot;:760.3,&quot;solarenergy&quot;:2.7,&quot;uvindex&quot;:8.0,&quot;severerisk&quot;:10.0,&quot;conditions&quot;:&quot;Partially cloudy&quot;,&quot;icon&quot;:&quot;partly-cloudy-day&quot;,&quot;stations&quot;:null,&quot;source&quot;:&quot;fcst&quot;},{&quot;datetime&quot;:&quot;16:00:00&quot;,&quot;datetimeEpoch&quot;:1743606000,&quot;tzoffset&quot;:1.0,&quot;temp&quot;:19.6,&quot;feelslike&quot;:19.6,&quot;humidity&quot;:59.11,&quot;dew&quot;:11.4,&quot;precip&quot;:0.3,&quot;precipprob&quot;:12.9,&quot;snow&quot;:0.0,&quot;snowdepth&quot;:0.0,&quot;preciptype&quot;:[&quot;rain&quot;],&quot;windgust&quot;:10.8,&quot;windspeed&quot;:13.3,&quot;winddir&quot;:312.7,&quot;pressure&quot;:1012.0,&quot;visibility&quot;:24.1,&quot;cloudcover&quot;:63.2,&quot;solarradiation&quot;:789.0,&quot;solarenergy&quot;:2.8,&quot;uvindex&quot;:8.0,&quot;severerisk&quot;:10.0,&quot;conditions&quot;:&quot;Partially cloudy&quot;,&quot;icon&quot;:&quot;partly-cloudy-day&quot;,&quot;stations&quot;:null,&quot;source&quot;:&quot;fcst&quot;},{&quot;datetime&quot;:&quot;17:00:00&quot;,&quot;datetimeEpoch&quot;:1743609600,&quot;tzoffset&quot;:1.0,&quot;temp&quot;:18.8,&quot;feelslike&quot;:18.8,&quot;humidity&quot;:61.06,&quot;dew&quot;:11.2,&quot;precip&quot;:0.0,&quot;precipprob&quot;:12.9,&quot;snow&quot;:0.0,&quot;snowdepth&quot;:0.0,&quot;preciptype&quot;:null,&quot;windgust&quot;:11.2,&quot;windspeed&quot;:12.6,&quot;winddir&quot;:311.7,&quot;pressure&quot;:1012.0,&quot;visibility&quot;:24.1,&quot;cloudcover&quot;:42.1,&quot;solarradiation&quot;:656.7,&quot;solarenergy&quot;:2.3,&quot;uvindex&quot;:7.0,&quot;severerisk&quot;:10.0,&quot;conditions&quot;:&quot;Partially cloudy&quot;,&quot;icon&quot;:&quot;partly-cloudy-day&quot;,&quot;stations&quot;:null,&quot;source&quot;:&quot;fcst&quot;},{&quot;datetime&quot;:&quot;18:00:00&quot;,&quot;datetimeEpoch&quot;:1743613200,&quot;tzoffset&quot;:1.0,&quot;temp&quot;:18.1,&quot;feelslike&quot;:18.1,&quot;humidity&quot;:63.08,&quot;dew&quot;:10.9,&quot;precip&quot;:0.0,&quot;precipprob&quot;:12.9,&quot;snow&quot;:0.0,&quot;snowdepth&quot;:0.0,&quot;preciptype&quot;:null,&quot;windgust&quot;:11.5,&quot;windspeed&quot;:11.9,&quot;winddir&quot;:310.7,&quot;pressure&quot;:1012.0,&quot;visibility&quot;:24.1,&quot;cloudcover&quot;:21.1,&quot;solarradiation&quot;:524.3,&quot;solarenergy&quot;:1.9,&quot;uvindex&quot;:5.0,&quot;severerisk&quot;:10.0,&quot;conditions&quot;:&quot;Partially cloudy&quot;,&quot;icon&quot;:&quot;partly-cloudy-day&quot;,&quot;stations&quot;:null,&quot;source&quot;:&quot;fcst&quot;},{&quot;datetime&quot;:&quot;19:00:00&quot;,&quot;datetimeEpoch&quot;:1743616800,&quot;tzoffset&quot;:1.0,&quot;temp&quot;:17.4,&quot;feelslike&quot;:17.4,&quot;humidity&quot;:65.19,&quot;dew&quot;:10.8,&quot;precip&quot;:0.0,&quot;precipprob&quot;:12.9,&quot;snow&quot;:0.0,&quot;snowdepth&quot;:0.0,&quot;preciptype&quot;:null,&quot;windgust&quot;:11.9,&quot;windspeed&quot;:11.2,&quot;winddir&quot;:309.7,&quot;pressure&quot;:1012.0,&quot;visibility&quot;:24.1,&quot;cloudcover&quot;:0.0,&quot;solarradiation&quot;:392.0,&quot;solarenergy&quot;:1.4,&quot;uvindex&quot;:4.0,&quot;severerisk&quot;:10.0,&quot;conditions&quot;:&quot;Clear&quot;,&quot;icon&quot;:&quot;clear-day&quot;,&quot;stations&quot;:null,&quot;source&quot;:&quot;fcst&quot;},{&quot;datetime&quot;:&quot;20:00:00&quot;,&quot;datetimeEpoch&quot;:1743620400,&quot;tzoffset&quot;:1.0,&quot;temp&quot;:16.4,&quot;feelslike&quot;:16.4,&quot;humidity&quot;:70.24,&quot;dew&quot;:10.9,&quot;precip&quot;:0.0,&quot;precipprob&quot;:3.2,&quot;snow&quot;:0.0,&quot;snowdepth&quot;:0.0,&quot;preciptype&quot;:null,&quot;windgust&quot;:12.5,&quot;windspeed&quot;:9.7,&quot;winddir&quot;:318.6,&quot;pressure&quot;:1012.0,&quot;visibility&quot;:24.1,&quot;cloudcover&quot;:28.2,&quot;solarradiation&quot;:261.3,&quot;solarenergy&quot;:0.9,&quot;uvindex&quot;:3.0,&quot;severerisk&quot;:10.0,&quot;conditions&quot;:&quot;Partially cloudy&quot;,&quot;icon&quot;:&quot;partly-cloudy-day&quot;,&quot;stations&quot;:null,&quot;source&quot;:&quot;fcst&quot;},{&quot;datetime&quot;:&quot;21:00:00&quot;,&quot;datetimeEpoch&quot;:1743624000,&quot;tzoffset&quot;:1.0,&quot;temp&quot;:15.4,&quot;feelslike&quot;:15.4,&quot;humidity&quot;:75.7,&quot;dew&quot;:11.1,&quot;precip&quot;:0.0,&quot;precipprob&quot;:3.2,&quot;snow&quot;:0.0,&quot;snowdepth&quot;:0.0,&quot;preciptype&quot;:null,&quot;windgust&quot;:13.1,&quot;windspeed&quot;:8.3,&quot;winddir&quot;:327.5,&quot;pressure&quot;:1012.0,&quot;visibility&quot;:24.1,&quot;cloudcover&quot;:56.3,&quot;solarradiation&quot;:130.7,&quot;solarenergy&quot;:0.5,&quot;uvindex&quot;:0.0,&quot;severerisk&quot;:10.0,&quot;conditions&quot;:&quot;Partially cloudy&quot;,&quot;icon&quot;:&quot;partly-cloudy-night&quot;,&quot;stations&quot;:null,&quot;source&quot;:&quot;fcst&quot;},{&quot;datetime&quot;:&quot;22:00:00&quot;,&quot;datetimeEpoch&quot;:1743627600,&quot;tzoffset&quot;:1.0,&quot;temp&quot;:14.4,&quot;feelslike&quot;:14.4,&quot;humidity&quot;:81.64,&quot;dew&quot;:11.3,&quot;precip&quot;:0.0,&quot;precipprob&quot;:3.2,&quot;snow&quot;:0.0,&quot;snowdepth&quot;:0.0,&quot;preciptype&quot;:null,&quot;windgust&quot;:13.7,&quot;windspeed&quot;:6.8,&quot;winddir&quot;:336.4,&quot;pressure&quot;:1012.0,&quot;visibility&quot;:24.1,&quot;cloudcover&quot;:84.5,&quot;solarradiation&quot;:0.0,&quot;solarenergy&quot;:0.0,&quot;uvindex&quot;:0.0,&quot;severerisk&quot;:10.0,&quot;conditions&quot;:&quot;Partially cloudy&quot;,&quot;icon&quot;:&quot;partly-cloudy-night&quot;,&quot;stations&quot;:null,&quot;source&quot;:&quot;fcst&quot;},{&quot;datetime&quot;:&quot;23:00:00&quot;,&quot;datetimeEpoch&quot;:1743631200,&quot;tzoffset&quot;:1.0,&quot;temp&quot;:14.0,&quot;feelslike&quot;:14.0,&quot;humidity&quot;:83.05,&quot;dew&quot;:11.2,&quot;precip&quot;:0.0,&quot;precipprob&quot;:3.2,&quot;snow&quot;:0.0,&quot;snowdepth&quot;:0.0,&quot;preciptype&quot;:null,&quot;windgust&quot;:10.3,&quot;windspeed&quot;:5.8,&quot;winddir&quot;:343.1,&quot;pressure&quot;:1012.0,&quot;visibility&quot;:24.1,&quot;cloudcover&quot;:58.0,&quot;solarradiation&quot;:0.0,&quot;solarenergy&quot;:0.0,&quot;uvindex&quot;:0.0,&quot;severerisk&quot;:10.0,&quot;conditions&quot;:&quot;Partially cloudy&quot;,&quot;icon&quot;:&quot;partly-cloudy-night&quot;,&quot;stations&quot;:null,&quot;source&quot;:&quot;fcst&quot;}]},{&quot;datetime&quot;:&quot;2025-04-03&quot;,&quot;datetimeEpoch&quot;:1743634800,&quot;tzoffset&quot;:1.0,&quot;tempmax&quot;:19.5,&quot;tempmin&quot;:12.6,&quot;temp&quot;:15.3,&quot;feelslikemax&quot;:19.5,&quot;feelslikemin&quot;:12.6,&quot;feelslike&quot;:15.3,&quot;dew&quot;:10.5,&quot;humidity&quot;:74.1,&quot;precip&quot;:0.1,&quot;precipprob&quot;:25.8,&quot;precipcover&quot;:4.17,&quot;preciptype&quot;:[&quot;rain&quot;],&quot;snow&quot;:0.0,&quot;snowdepth&quot;:0.0,&quot;windgust&quot;:7.9,&quot;windspeed&quot;:10.4,&quot;winddir&quot;:263.2,&quot;pressure&quot;:1011.0,&quot;cloudcover&quot;:76.7,&quot;visibility&quot;:24.1,&quot;solarradiation&quot;:197.3,&quot;solarenergy&quot;:17.4,&quot;uvindex&quot;:7.0,&quot;severerisk&quot;:10.0,&quot;sunrise&quot;:&quot;07:18:03&quot;,&quot;sunriseEpoch&quot;:1743661083,&quot;sunset&quot;:&quot;20:02:16&quot;,&quot;sunsetEpoch&quot;:1743706936,&quot;moonphase&quot;:0.17,&quot;conditions&quot;:&quot;Partially cloudy&quot;,&quot;description&quot;:&quot;Partly cloudy throughout the day.&quot;,&quot;icon&quot;:&quot;partly-cloudy-day&quot;,&quot;stations&quot;:null,&quot;source&quot;:&quot;fcst&quot;,&quot;hours&quot;:[{&quot;datetime&quot;:&quot;00:00:00&quot;,&quot;datetimeEpoch&quot;:1743634800,&quot;tzoffset&quot;:1.0,&quot;temp&quot;:13.7,&quot;feelslike&quot;:13.7,&quot;humidity&quot;:84.49,&quot;dew&quot;:11.1,&quot;precip&quot;:0.0,&quot;precipprob&quot;:3.2,&quot;snow&quot;:0.0,&quot;snowdepth&quot;:0.0,&quot;preciptype&quot;:null,&quot;windgust&quot;:7.0,&quot;windspeed&quot;:4.7,&quot;winddir&quot;:349.9,&quot;pressure&quot;:1012.0,&quot;visibility&quot;:24.1,&quot;cloudcover&quot;:31.5,&quot;solarradiation&quot;:0.0,&quot;solarenergy&quot;:0.0,&quot;uvindex&quot;:0.0,&quot;severerisk&quot;:10.0,&quot;conditions&quot;:&quot;Partially cloudy&quot;,&quot;icon&quot;:&quot;partly-cloudy-night&quot;,&quot;stations&quot;:null,&quot;source&quot;:&quot;fcst&quot;},{&quot;datetime&quot;:&quot;01:00:00&quot;,&quot;datetimeEpoch&quot;:1743638400,&quot;tzoffset&quot;:1.0,&quot;temp&quot;:13.4,&quot;feelslike&quot;:13.4,&quot;humidity&quot;:85.96,&quot;dew&quot;:11.1,&quot;precip&quot;:0.0,&quot;precipprob&quot;:3.2,&quot;snow&quot;:0.0,&quot;snowdepth&quot;:0.0,&quot;preciptype&quot;:null,&quot;windgust&quot;:3.6,&quot;windspeed&quot;:3.6,&quot;winddir&quot;:356.6,&quot;pressure&quot;:1012.0,&quot;visibility&quot;:24.1,&quot;cloudcover&quot;:5.0,&quot;solarradiation&quot;:0.0,&quot;solarenergy&quot;:0.0,&quot;uvindex&quot;:0.0,&quot;severerisk&quot;:10.0,&quot;conditions&quot;:&quot;Clear&quot;,&quot;icon&quot;:&quot;clear-night&quot;,&quot;stations&quot;:null,&quot;source&quot;:&quot;fcst&quot;},{&quot;datetime&quot;:&quot;02:00:00&quot;,&quot;datetimeEpoch&quot;:1743642000,&quot;tzoffset&quot;:1.0,&quot;temp&quot;:13.2,&quot;feelslike&quot;:13.2,&quot;humidity&quot;:85.75,&quot;dew&quot;:10.8,&quot;precip&quot;:0.0,&quot;precipprob&quot;:6.5,&quot;snow&quot;:0.0,&quot;snowdepth&quot;:0.0,&quot;preciptype&quot;:null,&quot;windgust&quot;:3.4,&quot;windspeed&quot;:3.4,&quot;winddir&quot;:252.0,&quot;pressure&quot;:1011.7,&quot;visibility&quot;:24.1,&quot;cloudcover&quot;:36.7,&quot;solarradiation&quot;:0.0,&quot;solarenergy&quot;:0.0,&quot;uvindex&quot;:0.0,&quot;severerisk&quot;:10.0,&quot;conditions&quot;:&quot;Partially cloudy&quot;,&quot;icon&quot;:&quot;partly-cloudy-night&quot;,&quot;stations&quot;:null,&quot;source&quot;:&quot;fcst&quot;},{&quot;datetime&quot;:&quot;03:00:00&quot;,&quot;datetimeEpoch&quot;:1743645600,&quot;tzoffset&quot;:1.0,&quot;temp&quot;:12.9,&quot;feelslike&quot;:12.9,&quot;humidity&quot;:85.54,&quot;dew&quot;:10.6,&quot;precip&quot;:0.0,&quot;precipprob&quot;:6.5,&quot;snow&quot;:0.0,&quot;snowdepth&quot;:0.0,&quot;preciptype&quot;:null,&quot;windgust&quot;:3.1,&quot;windspeed&quot;:3.1,&quot;winddir&quot;:147.4,&quot;pressure&quot;:1011.3,&quot;visibility&quot;:24.1,&quot;cloudcover&quot;:68.3,&quot;solarradiation&quot;:0.0,&quot;solarenergy&quot;:0.0,&quot;uvindex&quot;:0.0,&quot;severerisk&quot;:10.0,&quot;conditions&quot;:&quot;Partially cloudy&quot;,&quot;icon&quot;:&quot;partly-cloudy-night&quot;,&quot;stations&quot;:null,&quot;source&quot;:&quot;fcst&quot;},{&quot;datetime&quot;:&quot;04:00:00&quot;,&quot;datetimeEpoch&quot;:1743649200,&quot;tzoffset&quot;:1.0,&quot;temp&quot;:12.8,&quot;feelslike&quot;:12.8,&quot;humidity&quot;:85.33,&quot;dew&quot;:10.4,&quot;precip&quot;:0.0,&quot;precipprob&quot;:6.5,&quot;snow&quot;:0.0,&quot;snowdepth&quot;:0.0,&quot;preciptype&quot;:null,&quot;windgust&quot;:2.9,&quot;windspeed&quot;:2.9,&quot;winddir&quot;:42.8,&quot;pressure&quot;:1011.0,&quot;visibility&quot;:24.1,&quot;cloudcover&quot;:100.0,&quot;solarradiation&quot;:0.0,&quot;solarenergy&quot;:0.0,&quot;uvindex&quot;:0.0,&quot;severerisk&quot;:10.0,&quot;conditions&quot;:&quot;Overcast&quot;,&quot;icon&quot;:&quot;cloudy&quot;,&quot;stations&quot;:null,&quot;source&quot;:&quot;fcst&quot;},{&quot;datetime&quot;:&quot;05:00:00&quot;,&quot;datetimeEpoch&quot;:1743652800,&quot;tzoffset&quot;:1.0,&quot;temp&quot;:12.7,&quot;feelslike&quot;:12.7,&quot;humidity&quot;:85.14,&quot;dew&quot;:10.3,&quot;precip&quot;:0.0,&quot;precipprob&quot;:6.5,&quot;snow&quot;:0.0,&quot;snowdepth&quot;:0.0,&quot;preciptype&quot;:null,&quot;windgust&quot;:2.2,&quot;windspeed&quot;:2.0,&quot;winddir&quot;:139.9,&quot;pressure&quot;:1011.0,&quot;visibility&quot;:24.1,&quot;cloudcover&quot;:100.0,&quot;solarradiation&quot;:0.0,&quot;solarenergy&quot;:0.0,&quot;uvindex&quot;:0.0,&quot;severerisk&quot;:10.0,&quot;conditions&quot;:&quot;Overcast&quot;,&quot;icon&quot;:&quot;cloudy&quot;,&quot;stations&quot;:null,&quot;source&quot;:&quot;fcst&quot;},{&quot;datetime&quot;:&quot;06:00:00&quot;,&quot;datetimeEpoch&quot;:1743656400,&quot;tzoffset&quot;:1.0,&quot;temp&quot;:12.6,&quot;feelslike&quot;:12.6,&quot;humidity&quot;:84.94,&quot;dew&quot;:10.2,&quot;precip&quot;:0.0,&quot;precipprob&quot;:6.5,&quot;snow&quot;:0.0,&quot;snowdepth&quot;:0.0,&quot;preciptype&quot;:null,&quot;windgust&quot;:1.4,&quot;windspeed&quot;:1.2,&quot;winddir&quot;:236.9,&quot;pressure&quot;:1011.0,&quot;visibility&quot;:24.1,&quot;cloudcover&quot;:100.0,&quot;solarradiation&quot;:0.0,&quot;solarenergy&quot;:0.0,&quot;uvindex&quot;:0.0,&quot;severerisk&quot;:10.0,&quot;conditions&quot;:&quot;Overcast&quot;,&quot;icon&quot;:&quot;cloudy&quot;,&quot;stations&quot;:null,&quot;source&quot;:&quot;fcst&quot;},{&quot;datetime&quot;:&quot;07:00:00&quot;,&quot;datetimeEpoch&quot;:1743660000,&quot;tzoffset&quot;:1.0,&quot;temp&quot;:12.6,&quot;feelslike&quot;:12.6,&quot;humidity&quot;:84.74,&quot;dew&quot;:10.1,&quot;precip&quot;:0.0,&quot;precipprob&quot;:6.5,&quot;snow&quot;:0.0,&quot;snowdepth&quot;:0.0,&quot;preciptype&quot;:null,&quot;windgust&quot;:0.7,&quot;windspeed&quot;:0.4,&quot;winddir&quot;:334.0,&quot;pressure&quot;:1011.0,&quot;visibility&quot;:24.1,&quot;cloudcover&quot;:100.0,&quot;solarradiation&quot;:0.0,&quot;solarenergy&quot;:0.0,&quot;uvindex&quot;:0.0,&quot;severerisk&quot;:10.0,&quot;conditions&quot;:&quot;Overcast&quot;,&quot;icon&quot;:&quot;cloudy&quot;,&quot;stations&quot;:null,&quot;source&quot;:&quot;fcst&quot;},{&quot;datetime&quot;:&quot;08:00:00&quot;,&quot;datetimeEpoch&quot;:1743663600,&quot;tzoffset&quot;:1.0,&quot;temp&quot;:13.4,&quot;feelslike&quot;:13.4,&quot;humidity&quot;:80.61,&quot;dew&quot;:10.1,&quot;precip&quot;:0.0,&quot;precipprob&quot;:16.1,&quot;snow&quot;:0.0,&quot;snowdepth&quot;:0.0,&quot;preciptype&quot;:null,&quot;windgust&quot;:1.3,&quot;windspeed&quot;:1.0,&quot;winddir&quot;:237.2,&quot;pressure&quot;:1011.3,&quot;visibility&quot;:24.1,&quot;cloudcover&quot;:100.0,&quot;solarradiation&quot;:32.7,&quot;solarenergy&quot;:0.1,&quot;uvindex&quot;:0.0,&quot;severerisk&quot;:10.0,&quot;conditions&quot;:&quot;Overcast&quot;,&quot;icon&quot;:&quot;cloudy&quot;,&quot;stations&quot;:null,&quot;source&quot;:&quot;fcst&quot;},{&quot;datetime&quot;:&quot;09:00:00&quot;,&quot;datetimeEpoch&quot;:1743667200,&quot;tzoffset&quot;:1.0,&quot;temp&quot;:14.2,&quot;feelslike&quot;:14.2,&quot;humidity&quot;:76.7,&quot;dew&quot;:10.2,&quot;precip&quot;:0.0,&quot;precipprob&quot;:16.1,&quot;snow&quot;:0.0,&quot;snowdepth&quot;:0.0,&quot;preciptype&quot;:null,&quot;windgust&quot;:1.9,&quot;windspeed&quot;:1.6,&quot;winddir&quot;:140.3,&quot;pressure&quot;:1011.7,&quot;visibility&quot;:24.1,&quot;cloudcover&quot;:100.0,&quot;solarradiation&quot;:65.3,&quot;solarenergy&quot;:0.3,&quot;uvindex&quot;:1.0,&quot;severerisk&quot;:3.0,&quot;conditions&quot;:&quot;Overcast&quot;,&quot;icon&quot;:&quot;cloudy&quot;,&quot;stations&quot;:null,&quot;source&quot;:&quot;fcst&quot;},{&quot;datetime&quot;:&quot;10:00:00&quot;,&quot;datetimeEpoch&quot;:1743670800,&quot;tzoffset&quot;:1.0,&quot;temp&quot;:15.1,&quot;feelslike&quot;:15.1,&quot;humidity&quot;:73.01,&quot;dew&quot;:10.3,&quot;precip&quot;:0.0,&quot;precipprob&quot;:16.1,&quot;snow&quot;:0.0,&quot;snowdepth&quot;:0.0,&quot;preciptype&quot;:null,&quot;windgust&quot;:2.5,&quot;windspeed&quot;:2.2,&quot;winddir&quot;:43.5,&quot;pressure&quot;:1012.0,&quot;visibility&quot;:24.1,&quot;cloudcover&quot;:100.0,&quot;solarradiation&quot;:98.0,&quot;solarenergy&quot;:0.4,&quot;uvindex&quot;:1.0,&quot;severerisk&quot;:3.0,&quot;conditions&quot;:&quot;Overcast&quot;,&quot;icon&quot;:&quot;cloudy&quot;,&quot;stations&quot;:null,&quot;source&quot;:&quot;fcst&quot;},{&quot;datetime&quot;:&quot;11:00:00&quot;,&quot;datetimeEpoch&quot;:1743674400,&quot;tzoffset&quot;:1.0,&quot;temp&quot;:16.5,&quot;feelslike&quot;:16.5,&quot;humidity&quot;:66.33,&quot;dew&quot;:10.2,&quot;precip&quot;:0.0,&quot;precipprob&quot;:16.1,&quot;snow&quot;:0.0,&quot;snowdepth&quot;:0.0,&quot;preciptype&quot;:null,&quot;windgust&quot;:2.9,&quot;windspeed&quot;:2.6,&quot;winddir&quot;:92.8,&quot;pressure&quot;:1011.7,&quot;visibility&quot;:24.1,&quot;cloudcover&quot;:100.0,&quot;solarradiation&quot;:239.7,&quot;solarenergy&quot;:0.9,&quot;uvindex&quot;:2.0,&quot;severerisk&quot;:3.0,&quot;conditions&quot;:&quot;Overcast&quot;,&quot;icon&quot;:&quot;cloudy&quot;,&quot;stations&quot;:null,&quot;source&quot;:&quot;fcst&quot;},{&quot;datetime&quot;:&quot;12:00:00&quot;,&quot;datetimeEpoch&quot;:1743678000,&quot;tzoffset&quot;:1.0,&quot;temp&quot;:18.0,&quot;feelslike&quot;:18.0,&quot;humidity&quot;:60.32,&quot;dew&quot;:10.2,&quot;precip&quot;:0.0,&quot;precipprob&quot;:16.1,&quot;snow&quot;:0.0,&quot;snowdepth&quot;:0.0,&quot;preciptype&quot;:null,&quot;windgust&quot;:3.2,&quot;windspeed&quot;:3.1,&quot;winddir&quot;:142.0,&quot;pressure&quot;:1011.3,&quot;visibility&quot;:24.1,&quot;cloudcover&quot;:100.0,&quot;solarradiation&quot;:381.3,&quot;solarenergy&quot;:1.4,&quot;uvindex&quot;:4.0,&quot;severerisk&quot;:10.0,&quot;conditions&quot;:&quot;Overcast&quot;,&quot;icon&quot;:&quot;cloudy&quot;,&quot;stations&quot;:null,&quot;source&quot;:&quot;fcst&quot;},{&quot;datetime&quot;:&quot;13:00:00&quot;,&quot;datetimeEpoch&quot;:1743681600,&quot;tzoffset&quot;:1.0,&quot;temp&quot;:19.5,&quot;feelslike&quot;:19.5,&quot;humidity&quot;:54.91,&quot;dew&quot;:10.2,&quot;precip&quot;:0.0,&quot;precipprob&quot;:16.1,&quot;snow&quot;:0.0,&quot;snowdepth&quot;:0.0,&quot;preciptype&quot;:null,&quot;windgust&quot;:3.6,&quot;windspeed&quot;:3.6,&quot;winddir&quot;:191.3,&quot;pressure&quot;:1011.0,&quot;visibility&quot;:24.1,&quot;cloudcover&quot;:100.0,&quot;solarradiation&quot;:523.0,&quot;solarenergy&quot;:1.9,&quot;uvindex&quot;:5.0,&quot;severerisk&quot;:10.0,&quot;conditions&quot;:&quot;Overcast&quot;,&quot;icon&quot;:&quot;cloudy&quot;,&quot;stations&quot;:null,&quot;source&quot;:&quot;fcst&quot;},{&quot;datetime&quot;:&quot;14:00:00&quot;,&quot;datetimeEpoch&quot;:1743685200,&quot;tzoffset&quot;:1.0,&quot;temp&quot;:19.1,&quot;feelslike&quot;:19.1,&quot;humidity&quot;:56.56,&quot;dew&quot;:10.3,&quot;precip&quot;:0.0,&quot;precipprob&quot;:25.8,&quot;snow&quot;:0.0,&quot;snowdepth&quot;:0.0,&quot;preciptype&quot;:null,&quot;windgust&quot;:4.3,&quot;windspeed&quot;:5.9,&quot;winddir&quot;:210.4,&quot;pressure&quot;:1010.7,&quot;visibility&quot;:24.1,&quot;cloudcover&quot;:100.0,&quot;solarradiation&quot;:568.7,&quot;solarenergy&quot;:2.1,&quot;uvindex&quot;:6.0,&quot;severerisk&quot;:10.0,&quot;conditions&quot;:&quot;Overcast&quot;,&quot;icon&quot;:&quot;cloudy&quot;,&quot;stations&quot;:null,&quot;source&quot;:&quot;fcst&quot;},{&quot;datetime&quot;:&quot;15:00:00&quot;,&quot;datetimeEpoch&quot;:1743688800,&quot;tzoffset&quot;:1.0,&quot;temp&quot;:18.7,&quot;feelslike&quot;:18.7,&quot;humidity&quot;:58.25,&quot;dew&quot;:10.4,&quot;precip&quot;:0.0,&quot;precipprob&quot;:25.8,&quot;snow&quot;:0.0,&quot;snowdepth&quot;:0.0,&quot;preciptype&quot;:null,&quot;windgust&quot;:5.0,&quot;windspeed&quot;:8.2,&quot;winddir&quot;:229.4,&quot;pressure&quot;:1010.3,&quot;visibility&quot;:24.1,&quot;cloudcover&quot;:100.0,&quot;solarradiation&quot;:614.3,&quot;solarenergy&quot;:2.2,&quot;uvindex&quot;:6.0,&quot;severerisk&quot;:10.0,&quot;conditions&quot;:&quot;Overcast&quot;,&quot;icon&quot;:&quot;cloudy&quot;,&quot;stations&quot;:null,&quot;source&quot;:&quot;fcst&quot;},{&quot;datetime&quot;:&quot;16:00:00&quot;,&quot;datetimeEpoch&quot;:1743692400,&quot;tzoffset&quot;:1.0,&quot;temp&quot;:18.4,&quot;feelslike&quot;:18.4,&quot;humidity&quot;:60.01,&quot;dew&quot;:10.5,&quot;precip&quot;:0.1,&quot;precipprob&quot;:25.8,&quot;snow&quot;:0.0,&quot;snowdepth&quot;:0.0,&quot;preciptype&quot;:[&quot;rain&quot;],&quot;windgust&quot;:5.8,&quot;windspeed&quot;:10.4,&quot;winddir&quot;:248.5,&quot;pressure&quot;:1010.0,&quot;visibility&quot;:24.1,&quot;cloudcover&quot;:100.0,&quot;solarradiation&quot;:660.0,&quot;solarenergy&quot;:2.4,&quot;uvindex&quot;:7.0,&quot;severerisk&quot;:10.0,&quot;conditions&quot;:&quot;Overcast&quot;,&quot;icon&quot;:&quot;cloudy&quot;,&quot;stations&quot;:null,&quot;source&quot;:&quot;fcst&quot;},{&quot;datetime&quot;:&quot;17:00:00&quot;,&quot;datetimeEpoch&quot;:1743696000,&quot;tzoffset&quot;:1.0,&quot;temp&quot;:17.7,&quot;feelslike&quot;:17.7,&quot;humidity&quot;:62.86,&quot;dew&quot;:10.6,&quot;precip&quot;:0.0,&quot;precipprob&quot;:25.8,&quot;snow&quot;:0.0,&quot;snowdepth&quot;:0.0,&quot;preciptype&quot;:null,&quot;windgust&quot;:6.5,&quot;windspeed&quot;:9.6,&quot;winddir&quot;:261.0,&quot;pressure&quot;:1010.0,&quot;visibility&quot;:24.1,&quot;cloudcover&quot;:97.6,&quot;solarradiation&quot;:539.0,&quot;solarenergy&quot;:2.0,&quot;uvindex&quot;:5.0,&quot;severerisk&quot;:10.0,&quot;conditions&quot;:&quot;Overcast&quot;,&quot;icon&quot;:&quot;cloudy&quot;,&quot;stations&quot;:null,&quot;source&quot;:&quot;fcst&quot;},{&quot;datetime&quot;:&quot;18:00:00&quot;,&quot;datetimeEpoch&quot;:1743699600,&quot;tzoffset&quot;:1.0,&quot;temp&quot;:17.1,&quot;feelslike&quot;:17.1,&quot;humidity&quot;:65.86,&quot;dew&quot;:10.7,&quot;precip&quot;:0.0,&quot;precipprob&quot;:25.8,&quot;snow&quot;:0.0,&quot;snowdepth&quot;:0.0,&quot;preciptype&quot;:null,&quot;windgust&quot;:7.2,&quot;windspeed&quot;:8.8,&quot;winddir&quot;:273.6,&quot;pressure&quot;:1010.0,&quot;visibility&quot;:24.1,&quot;cloudcover&quot;:95.3,&quot;solarradiation&quot;:418.0,&quot;solarenergy&quot;:1.5,&quot;uvindex&quot;:4.0,&quot;severerisk&quot;:10.0,&quot;conditions&quot;:&quot;Overcast&quot;,&quot;icon&quot;:&quot;cloudy&quot;,&quot;stations&quot;:null,&quot;source&quot;:&quot;fcst&quot;},{&quot;datetime&quot;:&quot;19:00:00&quot;,&quot;datetimeEpoch&quot;:1743703200,&quot;tzoffset&quot;:1.0,&quot;temp&quot;:16.5,&quot;feelslike&quot;:16.5,&quot;humidity&quot;:69.02,&quot;dew&quot;:10.8,&quot;precip&quot;:0.0,&quot;precipprob&quot;:25.8,&quot;snow&quot;:0.0,&quot;snowdepth&quot;:0.0,&quot;preciptype&quot;:null,&quot;windgust&quot;:7.9,&quot;windspeed&quot;:7.9,&quot;winddir&quot;:286.1,&quot;pressure&quot;:1010.0,&quot;visibility&quot;:24.1,&quot;cloudcover&quot;:92.9,&quot;solarradiation&quot;:297.0,&quot;solarenergy&quot;:1.1,&quot;uvindex&quot;:3.0,&quot;severerisk&quot;:10.0,&quot;conditions&quot;:&quot;Overcast&quot;,&quot;icon&quot;:&quot;cloudy&quot;,&quot;stations&quot;:null,&quot;source&quot;:&quot;fcst&quot;},{&quot;datetime&quot;:&quot;20:00:00&quot;,&quot;datetimeEpoch&quot;:1743706800,&quot;tzoffset&quot;:1.0,&quot;temp&quot;:15.6,&quot;feelslike&quot;:15.6,&quot;humidity&quot;:72.79,&quot;dew&quot;:10.8,&quot;precip&quot;:0.0,&quot;precipprob&quot;:9.7,&quot;snow&quot;:0.0,&quot;snowdepth&quot;:0.0,&quot;preciptype&quot;:null,&quot;windgust&quot;:6.8,&quot;windspeed&quot;:6.6,&quot;winddir&quot;:300.9,&quot;pressure&quot;:1010.3,&quot;visibility&quot;:24.1,&quot;cloudcover&quot;:63.6,&quot;solarradiation&quot;:198.0,&quot;solarenergy&quot;:0.7,&quot;uvindex&quot;:2.0,&quot;severerisk&quot;:10.0,&quot;conditions&quot;:&quot;Partially cloudy&quot;,&quot;icon&quot;:&quot;partly-cloudy-day&quot;,&quot;stations&quot;:null,&quot;source&quot;:&quot;fcst&quot;},{&quot;datetime&quot;:&quot;21:00:00&quot;,&quot;datetimeEpoch&quot;:1743710400,&quot;tzoffset&quot;:1.0,&quot;temp&quot;:14.8,&quot;feelslike&quot;:14.8,&quot;humidity&quot;:76.79,&quot;dew&quot;:10.8,&quot;precip&quot;:0.0,&quot;precipprob&quot;:9.7,&quot;snow&quot;:0.0,&quot;snowdepth&quot;:0.0,&quot;preciptype&quot;:null,&quot;windgust&quot;:5.8,&quot;windspeed&quot;:5.3,&quot;winddir&quot;:315.7,&quot;pressure&quot;:1010.7,&quot;visibility&quot;:24.1,&quot;cloudcover&quot;:34.3,&quot;solarradiation&quot;:99.0,&quot;solarenergy&quot;:0.4,&quot;uvindex&quot;:0.0,&quot;severerisk&quot;:10.0,&quot;conditions&quot;:&quot;Partially cloudy&quot;,&quot;icon&quot;:&quot;partly-cloudy-night&quot;,&quot;stations&quot;:null,&quot;source&quot;:&quot;fcst&quot;},{&quot;datetime&quot;:&quot;22:00:00&quot;,&quot;datetimeEpoch&quot;:1743714000,&quot;tzoffset&quot;:1.0,&quot;temp&quot;:14.0,&quot;feelslike&quot;:14.0,&quot;humidity&quot;:81.04,&quot;dew&quot;:10.8,&quot;precip&quot;:0.0,&quot;precipprob&quot;:9.7,&quot;snow&quot;:0.0,&quot;snowdepth&quot;:0.0,&quot;preciptype&quot;:null,&quot;windgust&quot;:4.7,&quot;windspeed&quot;:4.0,&quot;winddir&quot;:330.5,&quot;pressure&quot;:1011.0,&quot;visibility&quot;:24.1,&quot;cloudcover&quot;:5.0,&quot;solarradiation&quot;:0.0,&quot;solarenergy&quot;:0.0,&quot;uvindex&quot;:0.0,&quot;severerisk&quot;:3.0,&quot;conditions&quot;:&quot;Clear&quot;,&quot;icon&quot;:&quot;clear-night&quot;,&quot;stations&quot;:null,&quot;source&quot;:&quot;fcst&quot;},{&quot;datetime&quot;:&quot;23:00:00&quot;,&quot;datetimeEpoch&quot;:1743717600,&quot;tzoffset&quot;:1.0,&quot;temp&quot;:13.7,&quot;feelslike&quot;:13.7,&quot;humidity&quot;:81.0,&quot;dew&quot;:10.4,&quot;precip&quot;:0.0,&quot;precipprob&quot;:9.7,&quot;snow&quot;:0.0,&quot;snowdepth&quot;:0.0,&quot;preciptype&quot;:null,&quot;windgust&quot;:5.2,&quot;windspeed&quot;:4.6,&quot;winddir&quot;:232.8,&quot;pressure&quot;:1010.7,&quot;visibility&quot;:24.1,&quot;cloudcover&quot;:10.3,&quot;solarradiation&quot;:0.0,&quot;solarenergy&quot;:0.0,&quot;uvindex&quot;:0.0,&quot;severerisk&quot;:10.0,&quot;conditions&quot;:&quot;Clear&quot;,&quot;icon&quot;:&quot;clear-night&quot;,&quot;stations&quot;:null,&quot;source&quot;:&quot;fcst&quot;}]},{&quot;datetime&quot;:&quot;2025-04-04&quot;,&quot;datetimeEpoch&quot;:1743721200,&quot;tzoffset&quot;:1.0,&quot;tempmax&quot;:19.1,&quot;tempmin&quot;:11.5,&quot;temp&quot;:14.9,&quot;feelslikemax&quot;:19.1,&quot;feelslikemin&quot;:11.5,&quot;feelslike&quot;:14.9,&quot;dew&quot;:10.2,&quot;humidity&quot;:74.5,&quot;precip&quot;:3.8,&quot;precipprob&quot;:29.0,&quot;precipcover&quot;:16.67,&quot;preciptype&quot;:[&quot;rain&quot;],&quot;snow&quot;:0.0,&quot;snowdepth&quot;:0.0,&quot;windgust&quot;:31.3,&quot;windspeed&quot;:19.8,&quot;winddir&quot;:72.5,&quot;pressure&quot;:1010.0,&quot;cloudcover&quot;:57.5,&quot;visibility&quot;:24.0,&quot;solarradiation&quot;:232.1,&quot;solarenergy&quot;:20.1,&quot;uvindex&quot;:7.0,&quot;severerisk&quot;:10.0,&quot;sunrise&quot;:&quot;07:16:31&quot;,&quot;sunriseEpoch&quot;:1743747391,&quot;sunset&quot;:&quot;20:03:13&quot;,&quot;sunsetEpoch&quot;:1743793393,&quot;moonphase&quot;:0.21,&quot;conditions&quot;:&quot;Partially cloudy&quot;,&quot;description&quot;:&quot;Partly cloudy throughout the day.&quot;,&quot;icon&quot;:&quot;partly-cloudy-day&quot;,&quot;stations&quot;:null,&quot;source&quot;:&quot;fcst&quot;,&quot;hours&quot;:[{&quot;datetime&quot;:&quot;00:00:00&quot;,&quot;datetimeEpoch&quot;:1743721200,&quot;tzoffset&quot;:1.0,&quot;temp&quot;:13.4,&quot;feelslike&quot;:13.4,&quot;humidity&quot;:80.96,&quot;dew&quot;:10.2,&quot;precip&quot;:0.0,&quot;precipprob&quot;:9.7,&quot;snow&quot;:0.0,&quot;snowdepth&quot;:0.0,&quot;preciptype&quot;:null,&quot;windgust&quot;:5.6,&quot;windspeed&quot;:5.2,&quot;winddir&quot;:135.1,&quot;pressure&quot;:1010.3,&quot;visibility&quot;:24.1,&quot;cloudcover&quot;:15.6,&quot;solarradiation&quot;:0.0,&quot;solarenergy&quot;:0.0,&quot;uvindex&quot;:0.0,&quot;severerisk&quot;:10.0,&quot;conditions&quot;:&quot;Clear&quot;,&quot;icon&quot;:&quot;clear-night&quot;,&quot;stations&quot;:null,&quot;source&quot;:&quot;fcst&quot;},{&quot;datetime&quot;:&quot;01:00:00&quot;,&quot;datetimeEpoch&quot;:1743724800,&quot;tzoffset&quot;:1.0,&quot;temp&quot;:13.1,&quot;feelslike&quot;:13.1,&quot;humidity&quot;:80.92,&quot;dew&quot;:9.9,&quot;precip&quot;:0.0,&quot;precipprob&quot;:9.7,&quot;snow&quot;:0.0,&quot;snowdepth&quot;:0.0,&quot;preciptype&quot;:null,&quot;windgust&quot;:6.1,&quot;windspeed&quot;:5.8,&quot;winddir&quot;:37.4,&quot;pressure&quot;:1010.0,&quot;visibility&quot;:24.1,&quot;cloudcover&quot;:20.9,&quot;solarradiation&quot;:0.0,&quot;solarenergy&quot;:0.0,&quot;uvindex&quot;:0.0,&quot;severerisk&quot;:10.0,&quot;conditions&quot;:&quot;Partially cloudy&quot;,&quot;icon&quot;:&quot;partly-cloudy-night&quot;,&quot;stations&quot;:null,&quot;source&quot;:&quot;fcst&quot;},{&quot;datetime&quot;:&quot;02:00:00&quot;,&quot;datetimeEpoch&quot;:1743728400,&quot;tzoffset&quot;:1.0,&quot;temp&quot;:12.8,&quot;feelslike&quot;:12.8,&quot;humidity&quot;:82.35,&quot;dew&quot;:9.9,&quot;precip&quot;:0.0,&quot;precipprob&quot;:12.9,&quot;snow&quot;:0.0,&quot;snowdepth&quot;:0.0,&quot;preciptype&quot;:null,&quot;windgust&quot;:5.9,&quot;windspeed&quot;:5.6,&quot;winddir&quot;:48.9,&quot;pressure&quot;:1009.7,&quot;visibility&quot;:24.1,&quot;cloudcover&quot;:30.4,&quot;solarradiation&quot;:0.0,&quot;solarenergy&quot;:0.0,&quot;uvindex&quot;:0.0,&quot;severerisk&quot;:10.0,&quot;conditions&quot;:&quot;Partially cloudy&quot;,&quot;icon&quot;:&quot;partly-cloudy-night&quot;,&quot;stations&quot;:null,&quot;source&quot;:&quot;fcst&quot;},{&quot;datetime&quot;:&quot;03:00:00&quot;,&quot;datetimeEpoch&quot;:1743732000,&quot;tzoffset&quot;:1.0,&quot;temp&quot;:12.5,&quot;feelslike&quot;:12.5,&quot;humidity&quot;:83.8,&quot;dew&quot;:9.9,&quot;precip&quot;:0.0,&quot;precipprob&quot;:12.9,&quot;snow&quot;:0.0,&quot;snowdepth&quot;:0.0,&quot;preciptype&quot;:null,&quot;windgust&quot;:5.6,&quot;windspeed&quot;:5.5,&quot;winddir&quot;:60.5,&quot;pressure&quot;:1009.3,&quot;visibility&quot;:24.1,&quot;cloudcover&quot;:40.0,&quot;solarradiation&quot;:0.0,&quot;solarenergy&quot;:0.0,&quot;uvindex&quot;:0.0,&quot;severerisk&quot;:10.0,&quot;conditions&quot;:&quot;Partially cloudy&quot;,&quot;icon&quot;:&quot;partly-cloudy-night&quot;,&quot;stations&quot;:null,&quot;source&quot;:&quot;fcst&quot;},{&quot;datetime&quot;:&quot;04:00:00&quot;,&quot;datetimeEpoch&quot;:1743735600,&quot;tzoffset&quot;:1.0,&quot;temp&quot;:12.3,&quot;feelslike&quot;:12.3,&quot;humidity&quot;:85.28,&quot;dew&quot;:9.9,&quot;precip&quot;:0.0,&quot;precipprob&quot;:12.9,&quot;snow&quot;:0.0,&quot;snowdepth&quot;:0.0,&quot;preciptype&quot;:null,&quot;windgust&quot;:5.4,&quot;windspeed&quot;:5.4,&quot;winddir&quot;:72.0,&quot;pressure&quot;:1009.0,&quot;visibility&quot;:24.1,&quot;cloudcover&quot;:49.5,&quot;solarradiation&quot;:0.0,&quot;solarenergy&quot;:0.0,&quot;uvindex&quot;:0.0,&quot;severerisk&quot;:10.0,&quot;conditions&quot;:&quot;Partially cloudy&quot;,&quot;icon&quot;:&quot;partly-cloudy-night&quot;,&quot;stations&quot;:null,&quot;source&quot;:&quot;fcst&quot;},{&quot;datetime&quot;:&quot;05:00:00&quot;,&quot;datetimeEpoch&quot;:1743739200,&quot;tzoffset&quot;:1.0,&quot;temp&quot;:12.0,&quot;feelslike&quot;:12.0,&quot;humidity&quot;:85.82,&quot;dew&quot;:9.7,&quot;precip&quot;:0.0,&quot;precipprob&quot;:12.9,&quot;snow&quot;:0.0,&quot;snowdepth&quot;:0.0,&quot;preciptype&quot;:null,&quot;windgust&quot;:8.3,&quot;windspeed&quot;:6.4,&quot;winddir&quot;:68.7,&quot;pressure&quot;:1009.0,&quot;visibility&quot;:24.1,&quot;cloudcover&quot;:53.8,&quot;solarradiation&quot;:0.0,&quot;solarenergy&quot;:0.0,&quot;uvindex&quot;:0.0,&quot;severerisk&quot;:10.0,&quot;conditions&quot;:&quot;Partially cloudy&quot;,&quot;icon&quot;:&quot;partly-cloudy-night&quot;,&quot;stations&quot;:null,&quot;source&quot;:&quot;fcst&quot;},{&quot;datetime&quot;:&quot;06:00:00&quot;,&quot;datetimeEpoch&quot;:1743742800,&quot;tzoffset&quot;:1.0,&quot;temp&quot;:11.7,&quot;feelslike&quot;:11.7,&quot;humidity&quot;:86.38,&quot;dew&quot;:9.5,&quot;precip&quot;:0.0,&quot;precipprob&quot;:12.9,&quot;snow&quot;:0.0,&quot;snowdepth&quot;:0.0,&quot;preciptype&quot;:null,&quot;windgust&quot;:11.2,&quot;windspeed&quot;:7.3,&quot;winddir&quot;:65.4,&quot;pressure&quot;:1009.0,&quot;visibility&quot;:24.1,&quot;cloudcover&quot;:58.1,&quot;solarradiation&quot;:0.0,&quot;solarenergy&quot;:0.0,&quot;uvindex&quot;:0.0,&quot;severerisk&quot;:10.0,&quot;conditions&quot;:&quot;Partially cloudy&quot;,&quot;icon&quot;:&quot;partly-cloudy-night&quot;,&quot;stations&quot;:null,&quot;source&quot;:&quot;fcst&quot;},{&quot;datetime&quot;:&quot;07:00:00&quot;,&quot;datetimeEpoch&quot;:1743746400,&quot;tzoffset&quot;:1.0,&quot;temp&quot;:11.5,&quot;feelslike&quot;:11.5,&quot;humidity&quot;:86.93,&quot;dew&quot;:9.4,&quot;precip&quot;:0.0,&quot;precipprob&quot;:12.9,&quot;snow&quot;:0.0,&quot;snowdepth&quot;:0.0,&quot;preciptype&quot;:null,&quot;windgust&quot;:14.0,&quot;windspeed&quot;:8.3,&quot;winddir&quot;:62.1,&quot;pressure&quot;:1009.0,&quot;visibility&quot;:24.1,&quot;cloudcover&quot;:62.4,&quot;solarradiation&quot;:0.0,&quot;solarenergy&quot;:0.0,&quot;uvindex&quot;:0.0,&quot;severerisk&quot;:10.0,&quot;conditions&quot;:&quot;Partially cloudy&quot;,&quot;icon&quot;:&quot;partly-cloudy-night&quot;,&quot;stations&quot;:null,&quot;source&quot;:&quot;fcst&quot;},{&quot;datetime&quot;:&quot;08:00:00&quot;,&quot;datetimeEpoch&quot;:1743750000,&quot;tzoffset&quot;:1.0,&quot;temp&quot;:12.5,&quot;feelslike&quot;:12.5,&quot;humidity&quot;:82.13,&quot;dew&quot;:9.6,&quot;precip&quot;:0.0,&quot;precipprob&quot;:9.7,&quot;snow&quot;:0.0,&quot;snowdepth&quot;:0.0,&quot;preciptype&quot;:null,&quot;windgust&quot;:18.5,&quot;windspeed&quot;:11.4,&quot;winddir&quot;:64.7,&quot;pressure&quot;:1009.3,&quot;visibility&quot;:24.1,&quot;cloudcover&quot;:63.4,&quot;solarradiation&quot;:63.3,&quot;solarenergy&quot;:0.2,&quot;uvindex&quot;:1.0,&quot;severerisk&quot;:10.0,&quot;conditions&quot;:&quot;Partially cloudy&quot;,&quot;icon&quot;:&quot;partly-cloudy-day&quot;,&quot;stations&quot;:null,&quot;source&quot;:&quot;fcst&quot;},{&quot;datetime&quot;:&quot;09:00:00&quot;,&quot;datetimeEpoch&quot;:1743753600,&quot;tzoffset&quot;:1.0,&quot;temp&quot;:13.6,&quot;feelslike&quot;:13.6,&quot;humidity&quot;:77.64,&quot;dew&quot;:9.8,&quot;precip&quot;:0.0,&quot;precipprob&quot;:9.7,&quot;snow&quot;:0.0,&quot;snowdepth&quot;:0.0,&quot;preciptype&quot;:null,&quot;windgust&quot;:22.9,&quot;windspeed&quot;:14.5,&quot;winddir&quot;:67.4,&quot;pressure&quot;:1009.7,&quot;visibility&quot;:24.1,&quot;cloudcover&quot;:64.5,&quot;solarradiation&quot;:126.7,&quot;solarenergy&quot;:0.5,&quot;uvindex&quot;:1.0,&quot;severerisk&quot;:10.0,&quot;conditions&quot;:&quot;Partially cloudy&quot;,&quot;icon&quot;:&quot;partly-cloudy-day&quot;,&quot;stations&quot;:null,&quot;source&quot;:&quot;fcst&quot;},{&quot;datetime&quot;:&quot;10:00:00&quot;,&quot;datetimeEpoch&quot;:1743757200,&quot;tzoffset&quot;:1.0,&quot;temp&quot;:14.7,&quot;feelslike&quot;:14.7,&quot;humidity&quot;:73.43,&quot;dew&quot;:10.0,&quot;precip&quot;:0.0,&quot;precipprob&quot;:9.7,&quot;snow&quot;:0.0,&quot;snowdepth&quot;:0.0,&quot;preciptype&quot;:[&quot;rain&quot;],&quot;windgust&quot;:27.4,&quot;windspeed&quot;:17.6,&quot;winddir&quot;:70.0,&quot;pressure&quot;:1010.0,&quot;visibility&quot;:24.1,&quot;cloudcover&quot;:65.5,&quot;solarradiation&quot;:190.0,&quot;solarenergy&quot;:0.7,&quot;uvindex&quot;:2.0,&quot;severerisk&quot;:10.0,&quot;conditions&quot;:&quot;Partially cloudy&quot;,&quot;icon&quot;:&quot;partly-cloudy-day&quot;,&quot;stations&quot;:null,&quot;source&quot;:&quot;fcst&quot;},{&quot;datetime&quot;:&quot;11:00:00&quot;,&quot;datetimeEpoch&quot;:1743760800,&quot;tzoffset&quot;:1.0,&quot;temp&quot;:16.1,&quot;feelslike&quot;:16.1,&quot;humidity&quot;:67.89,&quot;dew&quot;:10.2,&quot;precip&quot;:0.0,&quot;precipprob&quot;:9.7,&quot;snow&quot;:0.0,&quot;snowdepth&quot;:0.0,&quot;preciptype&quot;:null,&quot;windgust&quot;:25.3,&quot;windspeed&quot;:17.9,&quot;winddir&quot;:71.4,&quot;pressure&quot;:1009.7,&quot;visibility&quot;:24.1,&quot;cloudcover&quot;:65.8,&quot;solarradiation&quot;:319.0,&quot;solarenergy&quot;:1.2,&quot;uvindex&quot;:3.0,&quot;severerisk&quot;:10.0,&quot;conditions&quot;:&quot;Partially cloudy&quot;,&quot;icon&quot;:&quot;partly-cloudy-day&quot;,&quot;stations&quot;:null,&quot;source&quot;:&quot;fcst&quot;},{&quot;datetime&quot;:&quot;12:00:00&quot;,&quot;datetimeEpoch&quot;:1743764400,&quot;tzoffset&quot;:1.0,&quot;temp&quot;:17.6,&quot;feelslike&quot;:17.6,&quot;humidity&quot;:62.83,&quot;dew&quot;:10.4,&quot;precip&quot;:0.0,&quot;precipprob&quot;:9.7,&quot;snow&quot;:0.0,&quot;snowdepth&quot;:0.0,&quot;preciptype&quot;:null,&quot;windgust&quot;:23.3,&quot;windspeed&quot;:18.1,&quot;winddir&quot;:72.8,&quot;pressure&quot;:1009.3,&quot;visibility&quot;:24.1,&quot;cloudcover&quot;:66.0,&quot;solarradiation&quot;:448.0,&quot;solarenergy&quot;:1.6,&quot;uvindex&quot;:4.0,&quot;severerisk&quot;:10.0,&quot;conditions&quot;:&quot;Partially cloudy&quot;,&quot;icon&quot;:&quot;partly-cloudy-day&quot;,&quot;stations&quot;:null,&quot;source&quot;:&quot;fcst&quot;},{&quot;datetime&quot;:&quot;13:00:00&quot;,&quot;datetimeEpoch&quot;:1743768000,&quot;tzoffset&quot;:1.0,&quot;temp&quot;:19.1,&quot;feelslike&quot;:19.1,&quot;humidity&quot;:58.21,&quot;dew&quot;:10.7,&quot;precip&quot;:0.8,&quot;precipprob&quot;:9.7,&quot;snow&quot;:0.0,&quot;snowdepth&quot;:0.0,&quot;preciptype&quot;:[&quot;rain&quot;],&quot;windgust&quot;:21.2,&quot;windspeed&quot;:18.4,&quot;winddir&quot;:74.2,&quot;pressure&quot;:1009.0,&quot;visibility&quot;:24.1,&quot;cloudcover&quot;:66.3,&quot;solarradiation&quot;:577.0,&quot;solarenergy&quot;:2.1,&quot;uvindex&quot;:6.0,&quot;severerisk&quot;:10.0,&quot;conditions&quot;:&quot;Partially cloudy&quot;,&quot;icon&quot;:&quot;partly-cloudy-day&quot;,&quot;stations&quot;:null,&quot;source&quot;:&quot;fcst&quot;},{&quot;datetime&quot;:&quot;14:00:00&quot;,&quot;datetimeEpoch&quot;:1743771600,&quot;tzoffset&quot;:1.0,&quot;temp&quot;:18.9,&quot;feelslike&quot;:18.9,&quot;humidity&quot;:58.68,&quot;dew&quot;:10.6,&quot;precip&quot;:0.0,&quot;precipprob&quot;:29.0,&quot;snow&quot;:0.0,&quot;snowdepth&quot;:0.0,&quot;preciptype&quot;:null,&quot;windgust&quot;:22.2,&quot;windspeed&quot;:18.8,&quot;winddir&quot;:72.6,&quot;pressure&quot;:1009.0,&quot;visibility&quot;:24.1,&quot;cloudcover&quot;:74.8,&quot;solarradiation&quot;:615.7,&quot;solarenergy&quot;:2.2,&quot;uvindex&quot;:6.0,&quot;severerisk&quot;:10.0,&quot;conditions&quot;:&quot;Partially cloudy&quot;,&quot;icon&quot;:&quot;partly-cloudy-day&quot;,&quot;stations&quot;:null,&quot;source&quot;:&quot;fcst&quot;},{&quot;datetime&quot;:&quot;15:00:00&quot;,&quot;datetimeEpoch&quot;:1743775200,&quot;tzoffset&quot;:1.0,&quot;temp&quot;:18.7,&quot;feelslike&quot;:18.7,&quot;humidity&quot;:59.17,&quot;dew&quot;:10.6,&quot;precip&quot;:0.0,&quot;precipprob&quot;:29.0,&quot;snow&quot;:0.0,&quot;snowdepth&quot;:0.0,&quot;preciptype&quot;:null,&quot;windgust&quot;:23.2,&quot;windspeed&quot;:19.3,&quot;winddir&quot;:71.1,&quot;pressure&quot;:1009.0,&quot;visibility&quot;:24.1,&quot;cloudcover&quot;:83.2,&quot;solarradiation&quot;:654.3,&quot;solarenergy&quot;:2.4,&quot;uvindex&quot;:7.0,&quot;severerisk&quot;:10.0,&quot;conditions&quot;:&quot;Partially cloudy&quot;,&quot;icon&quot;:&quot;partly-cloudy-day&quot;,&quot;stations&quot;:null,&quot;source&quot;:&quot;fcst&quot;},{&quot;datetime&quot;:&quot;16:00:00&quot;,&quot;datetimeEpoch&quot;:1743778800,&quot;tzoffset&quot;:1.0,&quot;temp&quot;:18.6,&quot;feelslike&quot;:18.6,&quot;humidity&quot;:59.66,&quot;dew&quot;:10.6,&quot;precip&quot;:1.5,&quot;precipprob&quot;:29.0,&quot;snow&quot;:0.0,&quot;snowdepth&quot;:0.0,&quot;preciptype&quot;:[&quot;rain&quot;],&quot;windgust&quot;:24.1,&quot;windspeed&quot;:19.8,&quot;winddir&quot;:69.5,&quot;pressure&quot;:1009.0,&quot;visibility&quot;:24.1,&quot;cloudcover&quot;:91.7,&quot;solarradiation&quot;:693.0,&quot;solarenergy&quot;:2.5,&quot;uvindex&quot;:7.0,&quot;severerisk&quot;:10.0,&quot;conditions&quot;:&quot;Overcast&quot;,&quot;icon&quot;:&quot;cloudy&quot;,&quot;stations&quot;:null,&quot;source&quot;:&quot;fcst&quot;},{&quot;datetime&quot;:&quot;17:00:00&quot;,&quot;datetimeEpoch&quot;:1743782400,&quot;tzoffset&quot;:1.0,&quot;temp&quot;:17.9,&quot;feelslike&quot;:17.9,&quot;humidity&quot;:62.07,&quot;dew&quot;:10.5,&quot;precip&quot;:0.0,&quot;precipprob&quot;:29.0,&quot;snow&quot;:0.0,&quot;snowdepth&quot;:0.0,&quot;preciptype&quot;:null,&quot;windgust&quot;:26.5,&quot;windspeed&quot;:19.6,&quot;winddir&quot;:72.4,&quot;pressure&quot;:1009.7,&quot;visibility&quot;:23.8,&quot;cloudcover&quot;:79.3,&quot;solarradiation&quot;:594.3,&quot;solarenergy&quot;:2.1,&quot;uvindex&quot;:6.0,&quot;severerisk&quot;:10.0,&quot;conditions&quot;:&quot;Partially cloudy&quot;,&quot;icon&quot;:&quot;partly-cloudy-day&quot;,&quot;stations&quot;:null,&quot;source&quot;:&quot;fcst&quot;},{&quot;datetime&quot;:&quot;18:00:00&quot;,&quot;datetimeEpoch&quot;:1743786000,&quot;tzoffset&quot;:1.0,&quot;temp&quot;:17.2,&quot;feelslike&quot;:17.2,&quot;humidity&quot;:64.59,&quot;dew&quot;:10.5,&quot;precip&quot;:0.0,&quot;precipprob&quot;:29.0,&quot;snow&quot;:0.0,&quot;snowdepth&quot;:0.0,&quot;preciptype&quot;:null,&quot;windgust&quot;:28.9,&quot;windspeed&quot;:19.3,&quot;winddir&quot;:75.2,&quot;pressure&quot;:1010.3,&quot;visibility&quot;:23.6,&quot;cloudcover&quot;:67.0,&quot;solarradiation&quot;:495.7,&quot;solarenergy&quot;:1.8,&quot;uvindex&quot;:5.0,&quot;severerisk&quot;:10.0,&quot;conditions&quot;:&quot;Partially cloudy&quot;,&quot;icon&quot;:&quot;partly-cloudy-day&quot;,&quot;stations&quot;:null,&quot;source&quot;:&quot;fcst&quot;},{&quot;datetime&quot;:&quot;19:00:00&quot;,&quot;datetimeEpoch&quot;:1743789600,&quot;tzoffset&quot;:1.0,&quot;temp&quot;:16.6,&quot;feelslike&quot;:16.6,&quot;humidity&quot;:67.23,&quot;dew&quot;:10.5,&quot;precip&quot;:0.9,&quot;precipprob&quot;:29.0,&quot;snow&quot;:0.0,&quot;snowdepth&quot;:0.0,&quot;preciptype&quot;:[&quot;rain&quot;],&quot;windgust&quot;:31.3,&quot;windspeed&quot;:19.1,&quot;winddir&quot;:78.1,&quot;pressure&quot;:1011.0,&quot;visibility&quot;:23.3,&quot;cloudcover&quot;:54.6,&quot;solarradiation&quot;:397.0,&quot;solarenergy&quot;:1.4,&quot;uvindex&quot;:4.0,&quot;severerisk&quot;:10.0,&quot;conditions&quot;:&quot;Partially cloudy&quot;,&quot;icon&quot;:&quot;partly-cloudy-day&quot;,&quot;stations&quot;:null,&quot;source&quot;:&quot;fcst&quot;},{&quot;datetime&quot;:&quot;20:00:00&quot;,&quot;datetimeEpoch&quot;:1743793200,&quot;tzoffset&quot;:1.0,&quot;temp&quot;:15.5,&quot;feelslike&quot;:15.5,&quot;humidity&quot;:72.77,&quot;dew&quot;:10.6,&quot;precip&quot;:0.0,&quot;precipprob&quot;:6.5,&quot;snow&quot;:0.0,&quot;snowdepth&quot;:0.0,&quot;preciptype&quot;:null,&quot;windgust&quot;:28.0,&quot;windspeed&quot;:15.1,&quot;winddir&quot;:80.6,&quot;pressure&quot;:1011.7,&quot;visibility&quot;:23.6,&quot;cloudcover&quot;:55.3,&quot;solarradiation&quot;:264.7,&quot;solarenergy&quot;:0.9,&quot;uvindex&quot;:3.0,&quot;severerisk&quot;:10.0,&quot;conditions&quot;:&quot;Partially cloudy&quot;,&quot;icon&quot;:&quot;partly-cloudy-day&quot;,&quot;stations&quot;:null,&quot;source&quot;:&quot;fcst&quot;},{&quot;datetime&quot;:&quot;21:00:00&quot;,&quot;datetimeEpoch&quot;:1743796800,&quot;tzoffset&quot;:1.0,&quot;temp&quot;:14.4,&quot;feelslike&quot;:14.4,&quot;humidity&quot;:78.81,&quot;dew&quot;:10.8,&quot;precip&quot;:0.0,&quot;precipprob&quot;:6.5,&quot;snow&quot;:0.0,&quot;snowdepth&quot;:0.0,&quot;preciptype&quot;:null,&quot;windgust&quot;:24.6,&quot;windspeed&quot;:11.2,&quot;winddir&quot;:83.1,&quot;pressure&quot;:1012.3,&quot;visibility&quot;:23.8,&quot;cloudcover&quot;:56.1,&quot;solarradiation&quot;:132.3,&quot;solarenergy&quot;:0.5,&quot;uvindex&quot;:0.0,&quot;severerisk&quot;:10.0,&quot;conditions&quot;:&quot;Partially cloudy&quot;,&quot;icon&quot;:&quot;partly-cloudy-night&quot;,&quot;stations&quot;:null,&quot;source&quot;:&quot;fcst&quot;},{&quot;datetime&quot;:&quot;22:00:00&quot;,&quot;datetimeEpoch&quot;:1743800400,&quot;tzoffset&quot;:1.0,&quot;temp&quot;:13.4,&quot;feelslike&quot;:13.4,&quot;humidity&quot;:85.4,&quot;dew&quot;:11.0,&quot;precip&quot;:0.6,&quot;precipprob&quot;:6.5,&quot;snow&quot;:0.0,&quot;snowdepth&quot;:0.0,&quot;preciptype&quot;:[&quot;rain&quot;],&quot;windgust&quot;:21.2,&quot;windspeed&quot;:7.2,&quot;winddir&quot;:85.6,&quot;pressure&quot;:1013.0,&quot;visibility&quot;:24.1,&quot;cloudcover&quot;:56.8,&quot;solarradiation&quot;:0.0,&quot;solarenergy&quot;:0.0,&quot;uvindex&quot;:0.0,&quot;severerisk&quot;:10.0,&quot;conditions&quot;:&quot;Partially cloudy&quot;,&quot;icon&quot;:&quot;partly-cloudy-night&quot;,&quot;stations&quot;:null,&quot;source&quot;:&quot;fcst&quot;},{&quot;datetime&quot;:&quot;23:00:00&quot;,&quot;datetimeEpoch&quot;:1743804000,&quot;tzoffset&quot;:1.0,&quot;temp&quot;:12.8,&quot;feelslike&quot;:12.8,&quot;humidity&quot;:84.4,&quot;dew&quot;:10.3,&quot;precip&quot;:0.0,&quot;precipprob&quot;:6.5,&quot;snow&quot;:0.0,&quot;snowdepth&quot;:0.0,&quot;preciptype&quot;:null,&quot;windgust&quot;:26.3,&quot;windspeed&quot;:9.8,&quot;winddir&quot;:80.2,&quot;pressure&quot;:1013.7,&quot;visibility&quot;:24.1,&quot;cloudcover&quot;:37.9,&quot;solarradiation&quot;:0.0,&quot;solarenergy&quot;:0.0,&quot;uvindex&quot;:0.0,&quot;severerisk&quot;:10.0,&quot;conditions&quot;:&quot;Partially cloudy&quot;,&quot;icon&quot;:&quot;partly-cloudy-night&quot;,&quot;stations&quot;:null,&quot;source&quot;:&quot;fcst&quot;}]},{&quot;datetime&quot;:&quot;2025-04-05&quot;,&quot;datetimeEpoch&quot;:1743807600,&quot;tzoffset&quot;:1.0,&quot;tempmax&quot;:18.8,&quot;tempmin&quot;:9.5,&quot;temp&quot;:13.5,&quot;feelslikemax&quot;:18.8,&quot;feelslikemin&quot;:6.7,&quot;feelslike&quot;:13.1,&quot;dew&quot;:4.6,&quot;humidity&quot;:57.4,&quot;precip&quot;:0.0,&quot;precipprob&quot;:25.8,&quot;precipcover&quot;:0.0,&quot;preciptype&quot;:null,&quot;snow&quot;:0.0,&quot;snowdepth&quot;:0.0,&quot;windgust&quot;:47.5,&quot;windspeed&quot;:22.3,&quot;winddir&quot;:57.7,&quot;pressure&quot;:1016.3,&quot;cloudcover&quot;:1.1,&quot;visibility&quot;:24.1,&quot;solarradiation&quot;:285.5,&quot;solarenergy&quot;:24.9,&quot;uvindex&quot;:9.0,&quot;severerisk&quot;:10.0,&quot;sunrise&quot;:&quot;07:14:59&quot;,&quot;sunriseEpoch&quot;:1743833699,&quot;sunset&quot;:&quot;20:04:11&quot;,&quot;sunsetEpoch&quot;:1743879851,&quot;moonphase&quot;:0.25,&quot;conditions&quot;:&quot;Clear&quot;,&quot;description&quot;:&quot;Clear conditions throughout the day.&quot;,&quot;icon&quot;:&quot;clear-day&quot;,&quot;stations&quot;:null,&quot;source&quot;:&quot;fcst&quot;,&quot;hours&quot;:[{&quot;datetime&quot;:&quot;00:00:00&quot;,&quot;datetimeEpoch&quot;:1743807600,&quot;tzoffset&quot;:1.0,&quot;temp&quot;:12.3,&quot;feelslike&quot;:12.3,&quot;humidity&quot;:83.4,&quot;dew&quot;:9.6,&quot;precip&quot;:0.0,&quot;precipprob&quot;:6.5,&quot;snow&quot;:0.0,&quot;snowdepth&quot;:0.0,&quot;preciptype&quot;:null,&quot;windgust&quot;:31.3,&quot;windspeed&quot;:12.5,&quot;winddir&quot;:74.9,&quot;pressure&quot;:1014.3,&quot;visibility&quot;:24.1,&quot;cloudcover&quot;:18.9,&quot;solarradiation&quot;:0.0,&quot;solarenergy&quot;:0.0,&quot;uvindex&quot;:0.0,&quot;severerisk&quot;:10.0,&quot;conditions&quot;:&quot;Clear&quot;,&quot;icon&quot;:&quot;clear-night&quot;,&quot;stations&quot;:null,&quot;source&quot;:&quot;fcst&quot;},{&quot;datetime&quot;:&quot;01:00:00&quot;,&quot;datetimeEpoch&quot;:1743811200,&quot;tzoffset&quot;:1.0,&quot;temp&quot;:11.8,&quot;feelslike&quot;:11.8,&quot;humidity&quot;:82.4,&quot;dew&quot;:8.9,&quot;precip&quot;:0.0,&quot;precipprob&quot;:6.5,&quot;snow&quot;:0.0,&quot;snowdepth&quot;:0.0,&quot;preciptype&quot;:null,&quot;windgust&quot;:36.4,&quot;windspeed&quot;:15.1,&quot;winddir&quot;:69.5,&quot;pressure&quot;:1015.0,&quot;visibility&quot;:24.1,&quot;cloudcover&quot;:0.0,&quot;solarradiation&quot;:0.0,&quot;solarenergy&quot;:0.0,&quot;uvindex&quot;:0.0,&quot;severerisk&quot;:10.0,&quot;conditions&quot;:&quot;Clear&quot;,&quot;icon&quot;:&quot;clear-night&quot;,&quot;stations&quot;:null,&quot;source&quot;:&quot;fcst&quot;},{&quot;datetime&quot;:&quot;02:00:00&quot;,&quot;datetimeEpoch&quot;:1743814800,&quot;tzoffset&quot;:1.0,&quot;temp&quot;:11.1,&quot;feelslike&quot;:11.1,&quot;humidity&quot;:79.21,&quot;dew&quot;:7.6,&quot;precip&quot;:0.0,&quot;precipprob&quot;:16.1,&quot;snow&quot;:0.0,&quot;snowdepth&quot;:0.0,&quot;preciptype&quot;:null,&quot;windgust&quot;:40.1,&quot;windspeed&quot;:16.7,&quot;winddir&quot;:67.9,&quot;pressure&quot;:1015.0,&quot;visibility&quot;:24.1,&quot;cloudcover&quot;:0.0,&quot;solarradiation&quot;:0.0,&quot;solarenergy&quot;:0.0,&quot;uvindex&quot;:0.0,&quot;severerisk&quot;:10.0,&quot;conditions&quot;:&quot;Clear&quot;,&quot;icon&quot;:&quot;clear-night&quot;,&quot;stations&quot;:null,&quot;source&quot;:&quot;fcst&quot;},{&quot;datetime&quot;:&quot;03:00:00&quot;,&quot;datetimeEpoch&quot;:1743818400,&quot;tzoffset&quot;:1.0,&quot;temp&quot;:10.4,&quot;feelslike&quot;:10.4,&quot;humidity&quot;:76.09,&quot;dew&quot;:6.4,&quot;precip&quot;:0.0,&quot;precipprob&quot;:16.1,&quot;snow&quot;:0.0,&quot;snowdepth&quot;:0.0,&quot;preciptype&quot;:null,&quot;windgust&quot;:43.8,&quot;windspeed&quot;:18.2,&quot;winddir&quot;:66.3,&quot;pressure&quot;:1015.0,&quot;visibility&quot;:24.1,&quot;cloudcover&quot;:0.0,&quot;solarradiation&quot;:0.0,&quot;solarenergy&quot;:0.0,&quot;uvindex&quot;:0.0,&quot;severerisk&quot;:10.0,&quot;conditions&quot;:&quot;Clear&quot;,&quot;icon&quot;:&quot;clear-night&quot;,&quot;stations&quot;:null,&quot;source&quot;:&quot;fcst&quot;},{&quot;datetime&quot;:&quot;04:00:00&quot;,&quot;datetimeEpoch&quot;:1743822000,&quot;tzoffset&quot;:1.0,&quot;temp&quot;:9.8,&quot;feelslike&quot;:7.1,&quot;humidity&quot;:73.05,&quot;dew&quot;:5.2,&quot;precip&quot;:0.0,&quot;precipprob&quot;:16.1,&quot;snow&quot;:0.0,&quot;snowdepth&quot;:0.0,&quot;preciptype&quot;:null,&quot;windgust&quot;:47.5,&quot;windspeed&quot;:19.8,&quot;winddir&quot;:64.7,&quot;pressure&quot;:1015.0,&quot;visibility&quot;:24.1,&quot;cloudcover&quot;:0.0,&quot;solarradiation&quot;:0.0,&quot;solarenergy&quot;:0.0,&quot;uvindex&quot;:0.0,&quot;severerisk&quot;:10.0,&quot;conditions&quot;:&quot;Clear&quot;,&quot;icon&quot;:&quot;clear-night&quot;,&quot;stations&quot;:null,&quot;source&quot;:&quot;fcst&quot;},{&quot;datetime&quot;:&quot;05:00:00&quot;,&quot;datetimeEpoch&quot;:1743825600,&quot;tzoffset&quot;:1.0,&quot;temp&quot;:9.7,&quot;feelslike&quot;:7.0,&quot;humidity&quot;:71.52,&quot;dew&quot;:4.8,&quot;precip&quot;:0.0,&quot;precipprob&quot;:16.1,&quot;snow&quot;:0.0,&quot;snowdepth&quot;:0.0,&quot;preciptype&quot;:null,&quot;windgust&quot;:47.4,&quot;windspeed&quot;:19.9,&quot;winddir&quot;:65.0,&quot;pressure&quot;:1015.3,&quot;visibility&quot;:24.1,&quot;cloudcover&quot;:0.0,&quot;solarradiation&quot;:0.0,&quot;solarenergy&quot;:0.0,&quot;uvindex&quot;:0.0,&quot;severerisk&quot;:10.0,&quot;conditions&quot;:&quot;Clear&quot;,&quot;icon&quot;:&quot;clear-night&quot;,&quot;stations&quot;:null,&quot;source&quot;:&quot;fcst&quot;},{&quot;datetime&quot;:&quot;06:00:00&quot;,&quot;datetimeEpoch&quot;:1743829200,&quot;tzoffset&quot;:1.0,&quot;temp&quot;:9.6,&quot;feelslike&quot;:6.8,&quot;humidity&quot;:70.01,&quot;dew&quot;:4.4,&quot;precip&quot;:0.0,&quot;precipprob&quot;:16.1,&quot;snow&quot;:0.0,&quot;snowdepth&quot;:0.0,&quot;preciptype&quot;:null,&quot;windgust&quot;:47.3,&quot;windspeed&quot;:20.0,&quot;winddir&quot;:65.2,&quot;pressure&quot;:1015.7,&quot;visibility&quot;:24.1,&quot;cloudcover&quot;:0.0,&quot;solarradiation&quot;:0.0,&quot;solarenergy&quot;:0.0,&quot;uvindex&quot;:0.0,&quot;severerisk&quot;:10.0,&quot;conditions&quot;:&quot;Clear&quot;,&quot;icon&quot;:&quot;clear-night&quot;,&quot;stations&quot;:null,&quot;source&quot;:&quot;fcst&quot;},{&quot;datetime&quot;:&quot;07:00:00&quot;,&quot;datetimeEpoch&quot;:1743832800,&quot;tzoffset&quot;:1.0,&quot;temp&quot;:9.5,&quot;feelslike&quot;:6.7,&quot;humidity&quot;:68.54,&quot;dew&quot;:4.0,&quot;precip&quot;:0.0,&quot;precipprob&quot;:16.1,&quot;snow&quot;:0.0,&quot;snowdepth&quot;:0.0,&quot;preciptype&quot;:null,&quot;windgust&quot;:47.2,&quot;windspeed&quot;:20.2,&quot;winddir&quot;:65.5,&quot;pressure&quot;:1016.0,&quot;visibility&quot;:24.1,&quot;cloudcover&quot;:0.0,&quot;solarradiation&quot;:0.0,&quot;solarenergy&quot;:0.0,&quot;uvindex&quot;:0.0,&quot;severerisk&quot;:10.0,&quot;conditions&quot;:&quot;Clear&quot;,&quot;icon&quot;:&quot;clear-night&quot;,&quot;stations&quot;:null,&quot;source&quot;:&quot;fcst&quot;},{&quot;datetime&quot;:&quot;08:00:00&quot;,&quot;datetimeEpoch&quot;:1743836400,&quot;tzoffset&quot;:1.0,&quot;temp&quot;:10.4,&quot;feelslike&quot;:10.4,&quot;humidity&quot;:64.69,&quot;dew&quot;:4.0,&quot;precip&quot;:0.0,&quot;precipprob&quot;:25.8,&quot;snow&quot;:0.0,&quot;snowdepth&quot;:0.0,&quot;preciptype&quot;:null,&quot;windgust&quot;:45.0,&quot;windspeed&quot;:20.9,&quot;winddir&quot;:67.7,&quot;pressure&quot;:1016.7,&quot;visibility&quot;:24.1,&quot;cloudcover&quot;:0.0,&quot;solarradiation&quot;:70.0,&quot;solarenergy&quot;:0.3,&quot;uvindex&quot;:1.0,&quot;severerisk&quot;:10.0,&quot;conditions&quot;:&quot;Clear&quot;,&quot;icon&quot;:&quot;clear-day&quot;,&quot;stations&quot;:null,&quot;source&quot;:&quot;fcst&quot;},{&quot;datetime&quot;:&quot;09:00:00&quot;,&quot;datetimeEpoch&quot;:1743840000,&quot;tzoffset&quot;:1.0,&quot;temp&quot;:11.3,&quot;feelslike&quot;:11.3,&quot;humidity&quot;:61.08,&quot;dew&quot;:4.1,&quot;precip&quot;:0.0,&quot;precipprob&quot;:25.8,&quot;snow&quot;:0.0,&quot;snowdepth&quot;:0.0,&quot;preciptype&quot;:null,&quot;windgust&quot;:42.8,&quot;windspeed&quot;:21.6,&quot;winddir&quot;:69.9,&quot;pressure&quot;:1017.3,&quot;visibility&quot;:24.1,&quot;cloudcover&quot;:0.0,&quot;solarradiation&quot;:140.0,&quot;solarenergy&quot;:0.5,&quot;uvindex&quot;:1.0,&quot;severerisk&quot;:10.0,&quot;conditions&quot;:&quot;Clear&quot;,&quot;icon&quot;:&quot;clear-day&quot;,&quot;stations&quot;:null,&quot;source&quot;:&quot;fcst&quot;},{&quot;datetime&quot;:&quot;10:00:00&quot;,&quot;datetimeEpoch&quot;:1743843600,&quot;tzoffset&quot;:1.0,&quot;temp&quot;:12.3,&quot;feelslike&quot;:12.3,&quot;humidity&quot;:57.7,&quot;dew&quot;:4.2,&quot;precip&quot;:0.0,&quot;precipprob&quot;:25.8,&quot;snow&quot;:0.0,&quot;snowdepth&quot;:0.0,&quot;preciptype&quot;:null,&quot;windgust&quot;:40.7,&quot;windspeed&quot;:22.3,&quot;winddir&quot;:72.1,&quot;pressure&quot;:1018.0,&quot;visibility&quot;:24.1,&quot;cloudcover&quot;:0.0,&quot;solarradiation&quot;:210.0,&quot;solarenergy&quot;:0.8,&quot;uvindex&quot;:2.0,&quot;severerisk&quot;:10.0,&quot;conditions&quot;:&quot;Clear&quot;,&quot;icon&quot;:&quot;clear-day&quot;,&quot;stations&quot;:null,&quot;source&quot;:&quot;fcst&quot;},{&quot;datetime&quot;:&quot;11:00:00&quot;,&quot;datetimeEpoch&quot;:1743847200,&quot;tzoffset&quot;:1.0,&quot;temp&quot;:13.9,&quot;feelslike&quot;:13.9,&quot;humidity&quot;:49.97,&quot;dew&quot;:3.7,&quot;precip&quot;:0.0,&quot;precipprob&quot;:25.8,&quot;snow&quot;:0.0,&quot;snowdepth&quot;:0.0,&quot;preciptype&quot;:null,&quot;windgust&quot;:35.8,&quot;windspeed&quot;:21.1,&quot;winddir&quot;:71.1,&quot;pressure&quot;:1017.7,&quot;visibility&quot;:24.1,&quot;cloudcover&quot;:0.0,&quot;solarradiation&quot;:388.3,&quot;solarenergy&quot;:1.4,&quot;uvindex&quot;:4.0,&quot;severerisk&quot;:10.0,&quot;conditions&quot;:&quot;Clear&quot;,&quot;icon&quot;:&quot;clear-day&quot;,&quot;stations&quot;:null,&quot;source&quot;:&quot;fcst&quot;},{&quot;datetime&quot;:&quot;12:00:00&quot;,&quot;datetimeEpoch&quot;:1743850800,&quot;tzoffset&quot;:1.0,&quot;temp&quot;:15.6,&quot;feelslike&quot;:15.6,&quot;humidity&quot;:43.32,&quot;dew&quot;:3.2,&quot;precip&quot;:0.0,&quot;precipprob&quot;:25.8,&quot;snow&quot;:0.0,&quot;snowdepth&quot;:0.0,&quot;preciptype&quot;:null,&quot;windgust&quot;:30.8,&quot;windspeed&quot;:19.9,&quot;winddir&quot;:70.1,&quot;pressure&quot;:1017.3,&quot;visibility&quot;:24.1,&quot;cloudcover&quot;:0.0,&quot;solarradiation&quot;:566.7,&quot;solarenergy&quot;:2.1,&quot;uvindex&quot;:6.0,&quot;severerisk&quot;:10.0,&quot;conditions&quot;:&quot;Clear&quot;,&quot;icon&quot;:&quot;clear-day&quot;,&quot;stations&quot;:null,&quot;source&quot;:&quot;fcst&quot;},{&quot;datetime&quot;:&quot;13:00:00&quot;,&quot;datetimeEpoch&quot;:1743854400,&quot;tzoffset&quot;:1.0,&quot;temp&quot;:17.3,&quot;feelslike&quot;:17.3,&quot;humidity&quot;:37.61,&quot;dew&quot;:2.7,&quot;precip&quot;:0.0,&quot;precipprob&quot;:25.8,&quot;snow&quot;:0.0,&quot;snowdepth&quot;:0.0,&quot;preciptype&quot;:null,&quot;windgust&quot;:25.9,&quot;windspeed&quot;:18.7,&quot;winddir&quot;:69.1,&quot;pressure&quot;:1017.0,&quot;visibility&quot;:24.1,&quot;cloudcover&quot;:0.0,&quot;solarradiation&quot;:745.0,&quot;solarenergy&quot;:2.7,&quot;uvindex&quot;:7.0,&quot;severerisk&quot;:10.0,&quot;conditions&quot;:&quot;Clear&quot;,&quot;icon&quot;:&quot;clear-day&quot;,&quot;stations&quot;:null,&quot;source&quot;:&quot;fcst&quot;},{&quot;datetime&quot;:&quot;14:00:00&quot;,&quot;datetimeEpoch&quot;:1743858000,&quot;tzoffset&quot;:1.0,&quot;temp&quot;:17.8,&quot;feelslike&quot;:17.8,&quot;humidity&quot;:36.01,&quot;dew&quot;:2.5,&quot;precip&quot;:0.0,&quot;precipprob&quot;:19.4,&quot;snow&quot;:0.0,&quot;snowdepth&quot;:0.0,&quot;preciptype&quot;:null,&quot;windgust&quot;:23.3,&quot;windspeed&quot;:16.9,&quot;winddir&quot;:59.4,&quot;pressure&quot;:1016.7,&quot;visibility&quot;:24.1,&quot;cloudcover&quot;:0.8,&quot;solarradiation&quot;:785.0,&quot;solarenergy&quot;:2.8,&quot;uvindex&quot;:8.0,&quot;severerisk&quot;:10.0,&quot;conditions&quot;:&quot;Clear&quot;,&quot;icon&quot;:&quot;clear-day&quot;,&quot;stations&quot;:null,&quot;source&quot;:&quot;fcst&quot;},{&quot;datetime&quot;:&quot;15:00:00&quot;,&quot;datetimeEpoch&quot;:1743861600,&quot;tzoffset&quot;:1.0,&quot;temp&quot;:18.3,&quot;feelslike&quot;:18.3,&quot;humidity&quot;:34.49,&quot;dew&quot;:2.3,&quot;precip&quot;:0.0,&quot;precipprob&quot;:19.4,&quot;snow&quot;:0.0,&quot;snowdepth&quot;:0.0,&quot;preciptype&quot;:null,&quot;windgust&quot;:20.6,&quot;windspeed&quot;:15.1,&quot;winddir&quot;:49.8,&quot;pressure&quot;:1016.3,&quot;visibility&quot;:24.1,&quot;cloudcover&quot;:1.5,&quot;solarradiation&quot;:825.0,&quot;solarenergy&quot;:3.0,&quot;uvindex&quot;:8.0,&quot;severerisk&quot;:10.0,&quot;conditions&quot;:&quot;Clear&quot;,&quot;icon&quot;:&quot;clear-day&quot;,&quot;stations&quot;:null,&quot;source&quot;:&quot;fcst&quot;},{&quot;datetime&quot;:&quot;16:00:00&quot;,&quot;datetimeEpoch&quot;:1743865200,&quot;tzoffset&quot;:1.0,&quot;temp&quot;:18.8,&quot;feelslike&quot;:18.8,&quot;humidity&quot;:33.03,&quot;dew&quot;:2.2,&quot;precip&quot;:0.0,&quot;precipprob&quot;:19.4,&quot;snow&quot;:0.0,&quot;snowdepth&quot;:0.0,&quot;preciptype&quot;:null,&quot;windgust&quot;:18.0,&quot;windspeed&quot;:13.3,&quot;winddir&quot;:40.1,&quot;pressure&quot;:1016.0,&quot;visibility&quot;:24.1,&quot;cloudcover&quot;:2.3,&quot;solarradiation&quot;:865.0,&quot;solarenergy&quot;:3.1,&quot;uvindex&quot;:9.0,&quot;severerisk&quot;:10.0,&quot;conditions&quot;:&quot;Clear&quot;,&quot;icon&quot;:&quot;clear-day&quot;,&quot;stations&quot;:null,&quot;source&quot;:&quot;fcst&quot;},{&quot;datetime&quot;:&quot;17:00:00&quot;,&quot;datetimeEpoch&quot;:1743868800,&quot;tzoffset&quot;:1.0,&quot;temp&quot;:18.0,&quot;feelslike&quot;:18.0,&quot;humidity&quot;:37.04,&quot;dew&quot;:3.1,&quot;precip&quot;:0.0,&quot;precipprob&quot;:19.4,&quot;snow&quot;:0.0,&quot;snowdepth&quot;:0.0,&quot;preciptype&quot;:null,&quot;windgust&quot;:18.1,&quot;windspeed&quot;:13.8,&quot;winddir&quot;:145.0,&quot;pressure&quot;:1016.0,&quot;visibility&quot;:24.1,&quot;cloudcover&quot;:1.5,&quot;solarradiation&quot;:731.3,&quot;solarenergy&quot;:2.6,&quot;uvindex&quot;:7.0,&quot;severerisk&quot;:10.0,&quot;conditions&quot;:&quot;Clear&quot;,&quot;icon&quot;:&quot;clear-day&quot;,&quot;stations&quot;:null,&quot;source&quot;:&quot;fcst&quot;},{&quot;datetime&quot;:&quot;18:00:00&quot;,&quot;datetimeEpoch&quot;:1743872400,&quot;tzoffset&quot;:1.0,&quot;temp&quot;:17.3,&quot;feelslike&quot;:17.3,&quot;humidity&quot;:41.52,&quot;dew&quot;:4.1,&quot;precip&quot;:0.0,&quot;precipprob&quot;:19.4,&quot;snow&quot;:0.0,&quot;snowdepth&quot;:0.0,&quot;preciptype&quot;:null,&quot;windgust&quot;:18.2,&quot;windspeed&quot;:14.3,&quot;winddir&quot;:250.0,&quot;pressure&quot;:1016.0,&quot;visibility&quot;:24.1,&quot;cloudcover&quot;:0.8,&quot;solarradiation&quot;:597.7,&quot;solarenergy&quot;:2.2,&quot;uvindex&quot;:6.0,&quot;severerisk&quot;:10.0,&quot;conditions&quot;:&quot;Clear&quot;,&quot;icon&quot;:&quot;clear-day&quot;,&quot;stations&quot;:null,&quot;source&quot;:&quot;fcst&quot;},{&quot;datetime&quot;:&quot;19:00:00&quot;,&quot;datetimeEpoch&quot;:1743876000,&quot;tzoffset&quot;:1.0,&quot;temp&quot;:16.6,&quot;feelslike&quot;:16.6,&quot;humidity&quot;:46.54,&quot;dew&quot;:5.1,&quot;precip&quot;:0.0,&quot;precipprob&quot;:19.4,&quot;snow&quot;:0.0,&quot;snowdepth&quot;:0.0,&quot;preciptype&quot;:null,&quot;windgust&quot;:18.4,&quot;windspeed&quot;:14.8,&quot;winddir&quot;:354.9,&quot;pressure&quot;:1016.0,&quot;visibility&quot;:24.1,&quot;cloudcover&quot;:0.0,&quot;solarradiation&quot;:464.0,&quot;solarenergy&quot;:1.7,&quot;uvindex&quot;:5.0,&quot;severerisk&quot;:10.0,&quot;conditions&quot;:&quot;Clear&quot;,&quot;icon&quot;:&quot;clear-day&quot;,&quot;stations&quot;:null,&quot;source&quot;:&quot;fcst&quot;},{&quot;datetime&quot;:&quot;20:00:00&quot;,&quot;datetimeEpoch&quot;:1743879600,&quot;tzoffset&quot;:1.0,&quot;temp&quot;:15.1,&quot;feelslike&quot;:15.1,&quot;humidity&quot;:50.75,&quot;dew&quot;:4.9,&quot;precip&quot;:0.0,&quot;precipprob&quot;:16.1,&quot;snow&quot;:0.0,&quot;snowdepth&quot;:0.0,&quot;preciptype&quot;:null,&quot;windgust&quot;:20.0,&quot;windspeed&quot;:13.3,&quot;winddir&quot;:353.6,&quot;pressure&quot;:1016.7,&quot;visibility&quot;:24.1,&quot;cloudcover&quot;:0.0,&quot;solarradiation&quot;:309.3,&quot;solarenergy&quot;:1.1,&quot;uvindex&quot;:3.0,&quot;severerisk&quot;:10.0,&quot;conditions&quot;:&quot;Clear&quot;,&quot;icon&quot;:&quot;clear-day&quot;,&quot;stations&quot;:null,&quot;source&quot;:&quot;fcst&quot;},{&quot;datetime&quot;:&quot;21:00:00&quot;,&quot;datetimeEpoch&quot;:1743883200,&quot;tzoffset&quot;:1.0,&quot;temp&quot;:13.6,&quot;feelslike&quot;:13.6,&quot;humidity&quot;:55.4,&quot;dew&quot;:4.8,&quot;precip&quot;:0.0,&quot;precipprob&quot;:16.1,&quot;snow&quot;:0.0,&quot;snowdepth&quot;:0.0,&quot;preciptype&quot;:null,&quot;windgust&quot;:21.7,&quot;windspeed&quot;:11.9,&quot;winddir&quot;:352.3,&quot;pressure&quot;:1017.3,&quot;visibility&quot;:24.1,&quot;cloudcover&quot;:0.0,&quot;solarradiation&quot;:154.7,&quot;solarenergy&quot;:0.6,&quot;uvindex&quot;:0.0,&quot;severerisk&quot;:10.0,&quot;conditions&quot;:&quot;Clear&quot;,&quot;icon&quot;:&quot;clear-night&quot;,&quot;stations&quot;:null,&quot;source&quot;:&quot;fcst&quot;},{&quot;datetime&quot;:&quot;22:00:00&quot;,&quot;datetimeEpoch&quot;:1743886800,&quot;tzoffset&quot;:1.0,&quot;temp&quot;:12.1,&quot;feelslike&quot;:12.1,&quot;humidity&quot;:60.55,&quot;dew&quot;:4.7,&quot;precip&quot;:0.0,&quot;precipprob&quot;:16.1,&quot;snow&quot;:0.0,&quot;snowdepth&quot;:0.0,&quot;preciptype&quot;:null,&quot;windgust&quot;:23.4,&quot;windspeed&quot;:10.4,&quot;winddir&quot;:351.0,&quot;pressure&quot;:1018.0,&quot;visibility&quot;:24.1,&quot;cloudcover&quot;:0.0,&quot;solarradiation&quot;:0.0,&quot;solarenergy&quot;:0.0,&quot;uvindex&quot;:0.0,&quot;severerisk&quot;:10.0,&quot;conditions&quot;:&quot;Clear&quot;,&quot;icon&quot;:&quot;clear-night&quot;,&quot;stations&quot;:null,&quot;source&quot;:&quot;fcst&quot;},{&quot;datetime&quot;:&quot;23:00:00&quot;,&quot;datetimeEpoch&quot;:1743890400,&quot;tzoffset&quot;:1.0,&quot;temp&quot;:11.7,&quot;feelslike&quot;:11.7,&quot;humidity&quot;:63.93,&quot;dew&quot;:5.1,&quot;precip&quot;:0.0,&quot;precipprob&quot;:16.1,&quot;snow&quot;:0.0,&quot;snowdepth&quot;:0.0,&quot;preciptype&quot;:null,&quot;windgust&quot;:22.4,&quot;windspeed&quot;:9.6,&quot;winddir&quot;:349.7,&quot;pressure&quot;:1017.7,&quot;visibility&quot;:24.1,&quot;cloudcover&quot;:0.0,&quot;solarradiation&quot;:0.0,&quot;solarenergy&quot;:0.0,&quot;uvindex&quot;:0.0,&quot;severerisk&quot;:10.0,&quot;conditions&quot;:&quot;Clear&quot;,&quot;icon&quot;:&quot;clear-night&quot;,&quot;stations&quot;:null,&quot;source&quot;:&quot;fcst&quot;}]},{&quot;datetime&quot;:&quot;2025-04-06&quot;,&quot;datetimeEpoch&quot;:1743894000,&quot;tzoffset&quot;:1.0,&quot;tempmax&quot;:19.0,&quot;tempmin&quot;:9.6,&quot;temp&quot;:14.0,&quot;feelslikemax&quot;:19.0,&quot;feelslikemin&quot;:9.4,&quot;feelslike&quot;:14.0,&quot;dew&quot;:6.2,&quot;humidity&quot;:61.2,&quot;precip&quot;:0.1,&quot;precipprob&quot;:22.6,&quot;precipcover&quot;:4.17,&quot;preciptype&quot;:[&quot;rain&quot;],&quot;snow&quot;:0.0,&quot;snowdepth&quot;:0.0,&quot;windgust&quot;:21.5,&quot;windspeed&quot;:12.6,&quot;winddir&quot;:310.6,&quot;pressure&quot;:1015.3,&quot;cloudcover&quot;:9.6,&quot;visibility&quot;:24.1,&quot;solarradiation&quot;:282.5,&quot;solarenergy&quot;:24.6,&quot;uvindex&quot;:9.0,&quot;severerisk&quot;:10.0,&quot;sunrise&quot;:&quot;07:13:28&quot;,&quot;sunriseEpoch&quot;:1743920008,&quot;sunset&quot;:&quot;20:05:08&quot;,&quot;sunsetEpoch&quot;:1743966308,&quot;moonphase&quot;:0.27,&quot;conditions&quot;:&quot;Clear&quot;,&quot;description&quot;:&quot;Clear conditions throughout the day.&quot;,&quot;icon&quot;:&quot;clear-day&quot;,&quot;stations&quot;:null,&quot;source&quot;:&quot;fcst&quot;,&quot;hours&quot;:[{&quot;datetime&quot;:&quot;00:00:00&quot;,&quot;datetimeEpoch&quot;:1743894000,&quot;tzoffset&quot;:1.0,&quot;temp&quot;:11.3,&quot;feelslike&quot;:11.3,&quot;humidity&quot;:67.49,&quot;dew&quot;:5.5,&quot;precip&quot;:0.0,&quot;precipprob&quot;:16.1,&quot;snow&quot;:0.0,&quot;snowdepth&quot;:0.0,&quot;preciptype&quot;:null,&quot;windgust&quot;:21.5,&quot;windspeed&quot;:8.8,&quot;winddir&quot;:348.3,&quot;pressure&quot;:1017.3,&quot;visibility&quot;:24.1,&quot;cloudcover&quot;:0.0,&quot;solarradiation&quot;:0.0,&quot;solarenergy&quot;:0.0,&quot;uvindex&quot;:0.0,&quot;severerisk&quot;:10.0,&quot;conditions&quot;:&quot;Clear&quot;,&quot;icon&quot;:&quot;clear-night&quot;,&quot;stations&quot;:null,&quot;source&quot;:&quot;fcst&quot;},{&quot;datetime&quot;:&quot;01:00:00&quot;,&quot;datetimeEpoch&quot;:1743897600,&quot;tzoffset&quot;:1.0,&quot;temp&quot;:10.9,&quot;feelslike&quot;:10.9,&quot;humidity&quot;:71.25,&quot;dew&quot;:5.9,&quot;precip&quot;:0.0,&quot;precipprob&quot;:16.1,&quot;snow&quot;:0.0,&quot;snowdepth&quot;:0.0,&quot;preciptype&quot;:null,&quot;windgust&quot;:20.5,&quot;windspeed&quot;:7.9,&quot;winddir&quot;:347.0,&quot;pressure&quot;:1017.0,&quot;visibility&quot;:24.1,&quot;cloudcover&quot;:0.0,&quot;solarradiation&quot;:0.0,&quot;solarenergy&quot;:0.0,&quot;uvindex&quot;:0.0,&quot;severerisk&quot;:10.0,&quot;conditions&quot;:&quot;Clear&quot;,&quot;icon&quot;:&quot;clear-night&quot;,&quot;stations&quot;:null,&quot;source&quot;:&quot;fcst&quot;},{&quot;datetime&quot;:&quot;02:00:00&quot;,&quot;datetimeEpoch&quot;:1743901200,&quot;tzoffset&quot;:1.0,&quot;temp&quot;:10.6,&quot;feelslike&quot;:10.6,&quot;humidity&quot;:73.04,&quot;dew&quot;:6.0,&quot;precip&quot;:0.0,&quot;precipprob&quot;:19.4,&quot;snow&quot;:0.0,&quot;snowdepth&quot;:0.0,&quot;preciptype&quot;:null,&quot;windgust&quot;:17.6,&quot;windspeed&quot;:7.6,&quot;winddir&quot;:347.0,&quot;pressure&quot;:1016.7,&quot;visibility&quot;:24.1,&quot;cloudcover&quot;:0.0,&quot;solarradiation&quot;:0.0,&quot;solarenergy&quot;:0.0,&quot;uvindex&quot;:0.0,&quot;severerisk&quot;:10.0,&quot;conditions&quot;:&quot;Clear&quot;,&quot;icon&quot;:&quot;clear-night&quot;,&quot;stations&quot;:null,&quot;source&quot;:&quot;fcst&quot;},{&quot;datetime&quot;:&quot;03:00:00&quot;,&quot;datetimeEpoch&quot;:1743904800,&quot;tzoffset&quot;:1.0,&quot;temp&quot;:10.4,&quot;feelslike&quot;:10.4,&quot;humidity&quot;:74.87,&quot;dew&quot;:6.1,&quot;precip&quot;:0.0,&quot;precipprob&quot;:19.4,&quot;snow&quot;:0.0,&quot;snowdepth&quot;:0.0,&quot;preciptype&quot;:null,&quot;windgust&quot;:14.8,&quot;windspeed&quot;:7.2,&quot;winddir&quot;:346.9,&quot;pressure&quot;:1016.3,&quot;visibility&quot;:24.1,&quot;cloudcover&quot;:0.0,&quot;solarradiation&quot;:0.0,&quot;solarenergy&quot;:0.0,&quot;uvindex&quot;:0.0,&quot;severerisk&quot;:10.0,&quot;conditions&quot;:&quot;Clear&quot;,&quot;icon&quot;:&quot;clear-night&quot;,&quot;stations&quot;:null,&quot;source&quot;:&quot;fcst&quot;},{&quot;datetime&quot;:&quot;04:00:00&quot;,&quot;datetimeEpoch&quot;:1743908400,&quot;tzoffset&quot;:1.0,&quot;temp&quot;:10.2,&quot;feelslike&quot;:10.2,&quot;humidity&quot;:76.75,&quot;dew&quot;:6.3,&quot;precip&quot;:0.0,&quot;precipprob&quot;:19.4,&quot;snow&quot;:0.0,&quot;snowdepth&quot;:0.0,&quot;preciptype&quot;:null,&quot;windgust&quot;:11.9,&quot;windspeed&quot;:6.8,&quot;winddir&quot;:346.9,&quot;pressure&quot;:1016.0,&quot;visibility&quot;:24.1,&quot;cloudcover&quot;:0.0,&quot;solarradiation&quot;:0.0,&quot;solarenergy&quot;:0.0,&quot;uvindex&quot;:0.0,&quot;severerisk&quot;:10.0,&quot;conditions&quot;:&quot;Clear&quot;,&quot;icon&quot;:&quot;clear-night&quot;,&quot;stations&quot;:null,&quot;source&quot;:&quot;fcst&quot;},{&quot;datetime&quot;:&quot;05:00:00&quot;,&quot;datetimeEpoch&quot;:1743912000,&quot;tzoffset&quot;:1.0,&quot;temp&quot;:10.0,&quot;feelslike&quot;:9.4,&quot;humidity&quot;:76.89,&quot;dew&quot;:6.1,&quot;precip&quot;:0.0,&quot;precipprob&quot;:19.4,&quot;snow&quot;:0.0,&quot;snowdepth&quot;:0.0,&quot;preciptype&quot;:null,&quot;windgust&quot;:9.6,&quot;windspeed&quot;:6.1,&quot;winddir&quot;:231.3,&quot;pressure&quot;:1016.0,&quot;visibility&quot;:24.1,&quot;cloudcover&quot;:0.0,&quot;solarradiation&quot;:0.0,&quot;solarenergy&quot;:0.0,&quot;uvindex&quot;:0.0,&quot;severerisk&quot;:10.0,&quot;conditions&quot;:&quot;Clear&quot;,&quot;icon&quot;:&quot;clear-night&quot;,&quot;stations&quot;:null,&quot;source&quot;:&quot;fcst&quot;},{&quot;datetime&quot;:&quot;06:00:00&quot;,&quot;datetimeEpoch&quot;:1743915600,&quot;tzoffset&quot;:1.0,&quot;temp&quot;:9.8,&quot;feelslike&quot;:9.4,&quot;humidity&quot;:77.03,&quot;dew&quot;:5.9,&quot;precip&quot;:0.0,&quot;precipprob&quot;:19.4,&quot;snow&quot;:0.0,&quot;snowdepth&quot;:0.0,&quot;preciptype&quot;:null,&quot;windgust&quot;:7.3,&quot;windspeed&quot;:5.4,&quot;winddir&quot;:115.6,&quot;pressure&quot;:1016.0,&quot;visibility&quot;:24.1,&quot;cloudcover&quot;:0.0,&quot;solarradiation&quot;:0.0,&quot;solarenergy&quot;:0.0,&quot;uvindex&quot;:0.0,&quot;severerisk&quot;:10.0,&quot;conditions&quot;:&quot;Clear&quot;,&quot;icon&quot;:&quot;clear-night&quot;,&quot;stations&quot;:null,&quot;source&quot;:&quot;fcst&quot;},{&quot;datetime&quot;:&quot;07:00:00&quot;,&quot;datetimeEpoch&quot;:1743919200,&quot;tzoffset&quot;:1.0,&quot;temp&quot;:9.6,&quot;feelslike&quot;:9.6,&quot;humidity&quot;:77.18,&quot;dew&quot;:5.8,&quot;precip&quot;:0.0,&quot;precipprob&quot;:19.4,&quot;snow&quot;:0.0,&quot;snowdepth&quot;:0.0,&quot;preciptype&quot;:null,&quot;windgust&quot;:5.0,&quot;windspeed&quot;:4.7,&quot;winddir&quot;:0.0,&quot;pressure&quot;:1016.0,&quot;visibility&quot;:24.1,&quot;cloudcover&quot;:0.0,&quot;solarradiation&quot;:0.0,&quot;solarenergy&quot;:0.0,&quot;uvindex&quot;:0.0,&quot;severerisk&quot;:10.0,&quot;conditions&quot;:&quot;Clear&quot;,&quot;icon&quot;:&quot;clear-night&quot;,&quot;stations&quot;:null,&quot;source&quot;:&quot;fcst&quot;},{&quot;datetime&quot;:&quot;08:00:00&quot;,&quot;datetimeEpoch&quot;:1743922800,&quot;tzoffset&quot;:1.0,&quot;temp&quot;:11.2,&quot;feelslike&quot;:11.2,&quot;humidity&quot;:69.69,&quot;dew&quot;:5.9,&quot;precip&quot;:0.0,&quot;precipprob&quot;:12.9,&quot;snow&quot;:0.0,&quot;snowdepth&quot;:0.0,&quot;preciptype&quot;:null,&quot;windgust&quot;:5.4,&quot;windspeed&quot;:4.4,&quot;winddir&quot;:18.0,&quot;pressure&quot;:1016.0,&quot;visibility&quot;:24.1,&quot;cloudcover&quot;:0.0,&quot;solarradiation&quot;:70.0,&quot;solarenergy&quot;:0.3,&quot;uvindex&quot;:1.0,&quot;severerisk&quot;:10.0,&quot;conditions&quot;:&quot;Clear&quot;,&quot;icon&quot;:&quot;clear-day&quot;,&quot;stations&quot;:null,&quot;source&quot;:&quot;fcst&quot;},{&quot;datetime&quot;:&quot;09:00:00&quot;,&quot;datetimeEpoch&quot;:1743926400,&quot;tzoffset&quot;:1.0,&quot;temp&quot;:12.8,&quot;feelslike&quot;:12.8,&quot;humidity&quot;:63.02,&quot;dew&quot;:5.9,&quot;precip&quot;:0.0,&quot;precipprob&quot;:12.9,&quot;snow&quot;:0.0,&quot;snowdepth&quot;:0.0,&quot;preciptype&quot;:null,&quot;windgust&quot;:5.8,&quot;windspeed&quot;:4.2,&quot;winddir&quot;:36.0,&quot;pressure&quot;:1016.0,&quot;visibility&quot;:24.1,&quot;cloudcover&quot;:0.0,&quot;solarradiation&quot;:140.0,&quot;solarenergy&quot;:0.5,&quot;uvindex&quot;:1.0,&quot;severerisk&quot;:10.0,&quot;conditions&quot;:&quot;Clear&quot;,&quot;icon&quot;:&quot;clear-day&quot;,&quot;stations&quot;:null,&quot;source&quot;:&quot;fcst&quot;},{&quot;datetime&quot;:&quot;10:00:00&quot;,&quot;datetimeEpoch&quot;:1743930000,&quot;tzoffset&quot;:1.0,&quot;temp&quot;:14.5,&quot;feelslike&quot;:14.5,&quot;humidity&quot;:57.06,&quot;dew&quot;:6.1,&quot;precip&quot;:0.0,&quot;precipprob&quot;:12.9,&quot;snow&quot;:0.0,&quot;snowdepth&quot;:0.0,&quot;preciptype&quot;:null,&quot;windgust&quot;:6.1,&quot;windspeed&quot;:4.0,&quot;winddir&quot;:54.0,&quot;pressure&quot;:1016.0,&quot;visibility&quot;:24.1,&quot;cloudcover&quot;:0.0,&quot;solarradiation&quot;:210.0,&quot;solarenergy&quot;:0.8,&quot;uvindex&quot;:2.0,&quot;severerisk&quot;:10.0,&quot;conditions&quot;:&quot;Clear&quot;,&quot;icon&quot;:&quot;clear-day&quot;,&quot;stations&quot;:null,&quot;source&quot;:&quot;fcst&quot;},{&quot;datetime&quot;:&quot;11:00:00&quot;,&quot;datetimeEpoch&quot;:1743933600,&quot;tzoffset&quot;:1.0,&quot;temp&quot;:15.8,&quot;feelslike&quot;:15.8,&quot;humidity&quot;:49.91,&quot;dew&quot;:5.4,&quot;precip&quot;:0.0,&quot;precipprob&quot;:12.9,&quot;snow&quot;:0.0,&quot;snowdepth&quot;:0.0,&quot;preciptype&quot;:null,&quot;windgust&quot;:5.4,&quot;windspeed&quot;:4.0,&quot;winddir&quot;:88.8,&quot;pressure&quot;:1015.7,&quot;visibility&quot;:24.1,&quot;cloudcover&quot;:0.0,&quot;solarradiation&quot;:386.0,&quot;solarenergy&quot;:1.4,&quot;uvindex&quot;:4.0,&quot;severerisk&quot;:10.0,&quot;conditions&quot;:&quot;Clear&quot;,&quot;icon&quot;:&quot;clear-day&quot;,&quot;stations&quot;:null,&quot;source&quot;:&quot;fcst&quot;},{&quot;datetime&quot;:&quot;12:00:00&quot;,&quot;datetimeEpoch&quot;:1743937200,&quot;tzoffset&quot;:1.0,&quot;temp&quot;:17.2,&quot;feelslike&quot;:17.2,&quot;humidity&quot;:43.68,&quot;dew&quot;:4.7,&quot;precip&quot;:0.0,&quot;precipprob&quot;:12.9,&quot;snow&quot;:0.0,&quot;snowdepth&quot;:0.0,&quot;preciptype&quot;:null,&quot;windgust&quot;:4.7,&quot;windspeed&quot;:4.0,&quot;winddir&quot;:123.5,&quot;pressure&quot;:1015.3,&quot;visibility&quot;:24.1,&quot;cloudcover&quot;:0.0,&quot;solarradiation&quot;:562.0,&quot;solarenergy&quot;:2.1,&quot;uvindex&quot;:6.0,&quot;severerisk&quot;:10.0,&quot;conditions&quot;:&quot;Clear&quot;,&quot;icon&quot;:&quot;clear-day&quot;,&quot;stations&quot;:null,&quot;source&quot;:&quot;fcst&quot;},{&quot;datetime&quot;:&quot;13:00:00&quot;,&quot;datetimeEpoch&quot;:1743940800,&quot;tzoffset&quot;:1.0,&quot;temp&quot;:18.6,&quot;feelslike&quot;:18.6,&quot;humidity&quot;:38.25,&quot;dew&quot;:4.1,&quot;precip&quot;:0.0,&quot;precipprob&quot;:12.9,&quot;snow&quot;:0.0,&quot;snowdepth&quot;:0.0,&quot;preciptype&quot;:null,&quot;windgust&quot;:4.0,&quot;windspeed&quot;:4.0,&quot;winddir&quot;:158.3,&quot;pressure&quot;:1015.0,&quot;visibility&quot;:24.1,&quot;cloudcover&quot;:0.0,&quot;solarradiation&quot;:738.0,&quot;solarenergy&quot;:2.7,&quot;uvindex&quot;:7.0,&quot;severerisk&quot;:10.0,&quot;conditions&quot;:&quot;Clear&quot;,&quot;icon&quot;:&quot;clear-day&quot;,&quot;stations&quot;:null,&quot;source&quot;:&quot;fcst&quot;},{&quot;datetime&quot;:&quot;14:00:00&quot;,&quot;datetimeEpoch&quot;:1743944400,&quot;tzoffset&quot;:1.0,&quot;temp&quot;:18.7,&quot;feelslike&quot;:18.7,&quot;humidity&quot;:39.47,&quot;dew&quot;:4.6,&quot;precip&quot;:0.0,&quot;precipprob&quot;:22.6,&quot;snow&quot;:0.0,&quot;snowdepth&quot;:0.0,&quot;preciptype&quot;:null,&quot;windgust&quot;:5.5,&quot;windspeed&quot;:5.9,&quot;winddir&quot;:189.9,&quot;pressure&quot;:1014.7,&quot;visibility&quot;:24.1,&quot;cloudcover&quot;:1.3,&quot;solarradiation&quot;:777.0,&quot;solarenergy&quot;:2.8,&quot;uvindex&quot;:8.0,&quot;severerisk&quot;:10.0,&quot;conditions&quot;:&quot;Clear&quot;,&quot;icon&quot;:&quot;clear-day&quot;,&quot;stations&quot;:null,&quot;source&quot;:&quot;fcst&quot;},{&quot;datetime&quot;:&quot;15:00:00&quot;,&quot;datetimeEpoch&quot;:1743948000,&quot;tzoffset&quot;:1.0,&quot;temp&quot;:18.8,&quot;feelslike&quot;:18.8,&quot;humidity&quot;:40.72,&quot;dew&quot;:5.2,&quot;precip&quot;:0.0,&quot;precipprob&quot;:22.6,&quot;snow&quot;:0.0,&quot;snowdepth&quot;:0.0,&quot;preciptype&quot;:null,&quot;windgust&quot;:7.1,&quot;windspeed&quot;:7.8,&quot;winddir&quot;:221.6,&quot;pressure&quot;:1014.3,&quot;visibility&quot;:24.1,&quot;cloudcover&quot;:2.7,&quot;solarradiation&quot;:816.0,&quot;solarenergy&quot;:3.0,&quot;uvindex&quot;:8.0,&quot;severerisk&quot;:10.0,&quot;conditions&quot;:&quot;Clear&quot;,&quot;icon&quot;:&quot;clear-day&quot;,&quot;stations&quot;:null,&quot;source&quot;:&quot;fcst&quot;},{&quot;datetime&quot;:&quot;16:00:00&quot;,&quot;datetimeEpoch&quot;:1743951600,&quot;tzoffset&quot;:1.0,&quot;temp&quot;:19.0,&quot;feelslike&quot;:19.0,&quot;humidity&quot;:42.0,&quot;dew&quot;:5.8,&quot;precip&quot;:0.1,&quot;precipprob&quot;:22.6,&quot;snow&quot;:0.0,&quot;snowdepth&quot;:0.0,&quot;preciptype&quot;:[&quot;rain&quot;],&quot;windgust&quot;:8.6,&quot;windspeed&quot;:9.7,&quot;winddir&quot;:253.2,&quot;pressure&quot;:1014.0,&quot;visibility&quot;:24.1,&quot;cloudcover&quot;:4.0,&quot;solarradiation&quot;:855.0,&quot;solarenergy&quot;:3.1,&quot;uvindex&quot;:9.0,&quot;severerisk&quot;:10.0,&quot;conditions&quot;:&quot;Clear&quot;,&quot;icon&quot;:&quot;clear-day&quot;,&quot;stations&quot;:null,&quot;source&quot;:&quot;fcst&quot;},{&quot;datetime&quot;:&quot;17:00:00&quot;,&quot;datetimeEpoch&quot;:1743955200,&quot;tzoffset&quot;:1.0,&quot;temp&quot;:17.9,&quot;feelslike&quot;:17.9,&quot;humidity&quot;:47.24,&quot;dew&quot;:6.5,&quot;precip&quot;:0.0,&quot;precipprob&quot;:22.6,&quot;snow&quot;:0.0,&quot;snowdepth&quot;:0.0,&quot;preciptype&quot;:null,&quot;windgust&quot;:9.7,&quot;windspeed&quot;:10.7,&quot;winddir&quot;:268.7,&quot;pressure&quot;:1013.7,&quot;visibility&quot;:24.1,&quot;cloudcover&quot;:4.8,&quot;solarradiation&quot;:722.3,&quot;solarenergy&quot;:2.6,&quot;uvindex&quot;:7.0,&quot;severerisk&quot;:10.0,&quot;conditions&quot;:&quot;Clear&quot;,&quot;icon&quot;:&quot;clear-day&quot;,&quot;stations&quot;:null,&quot;source&quot;:&quot;fcst&quot;},{&quot;datetime&quot;:&quot;18:00:00&quot;,&quot;datetimeEpoch&quot;:1743958800,&quot;tzoffset&quot;:1.0,&quot;temp&quot;:16.9,&quot;feelslike&quot;:16.9,&quot;humidity&quot;:53.15,&quot;dew&quot;:7.3,&quot;precip&quot;:0.0,&quot;precipprob&quot;:22.6,&quot;snow&quot;:0.0,&quot;snowdepth&quot;:0.0,&quot;preciptype&quot;:null,&quot;windgust&quot;:10.8,&quot;windspeed&quot;:11.6,&quot;winddir&quot;:284.1,&quot;pressure&quot;:1013.3,&quot;visibility&quot;:24.1,&quot;cloudcover&quot;:5.7,&quot;solarradiation&quot;:589.7,&quot;solarenergy&quot;:2.1,&quot;uvindex&quot;:6.0,&quot;severerisk&quot;:10.0,&quot;conditions&quot;:&quot;Clear&quot;,&quot;icon&quot;:&quot;clear-day&quot;,&quot;stations&quot;:null,&quot;source&quot;:&quot;fcst&quot;},{&quot;datetime&quot;:&quot;19:00:00&quot;,&quot;datetimeEpoch&quot;:1743962400,&quot;tzoffset&quot;:1.0,&quot;temp&quot;:15.9,&quot;feelslike&quot;:15.9,&quot;humidity&quot;:59.81,&quot;dew&quot;:8.1,&quot;precip&quot;:0.0,&quot;precipprob&quot;:22.6,&quot;snow&quot;:0.0,&quot;snowdepth&quot;:0.0,&quot;preciptype&quot;:null,&quot;windgust&quot;:11.9,&quot;windspeed&quot;:12.6,&quot;winddir&quot;:299.6,&quot;pressure&quot;:1013.0,&quot;visibility&quot;:24.1,&quot;cloudcover&quot;:6.5,&quot;solarradiation&quot;:457.0,&quot;solarenergy&quot;:1.6,&quot;uvindex&quot;:5.0,&quot;severerisk&quot;:10.0,&quot;conditions&quot;:&quot;Clear&quot;,&quot;icon&quot;:&quot;clear-day&quot;,&quot;stations&quot;:null,&quot;source&quot;:&quot;fcst&quot;},{&quot;datetime&quot;:&quot;20:00:00&quot;,&quot;datetimeEpoch&quot;:1743966000,&quot;tzoffset&quot;:1.0,&quot;temp&quot;:15.1,&quot;feelslike&quot;:15.1,&quot;humidity&quot;:62.96,&quot;dew&quot;:8.1,&quot;precip&quot;:0.0,&quot;precipprob&quot;:19.4,&quot;snow&quot;:0.0,&quot;snowdepth&quot;:0.0,&quot;preciptype&quot;:null,&quot;windgust&quot;:12.5,&quot;windspeed&quot;:11.0,&quot;winddir&quot;:313.2,&quot;pressure&quot;:1013.7,&quot;visibility&quot;:24.1,&quot;cloudcover&quot;:29.1,&quot;solarradiation&quot;:304.7,&quot;solarenergy&quot;:1.1,&quot;uvindex&quot;:3.0,&quot;severerisk&quot;:10.0,&quot;conditions&quot;:&quot;Partially cloudy&quot;,&quot;icon&quot;:&quot;partly-cloudy-day&quot;,&quot;stations&quot;:null,&quot;source&quot;:&quot;fcst&quot;},{&quot;datetime&quot;:&quot;21:00:00&quot;,&quot;datetimeEpoch&quot;:1743969600,&quot;tzoffset&quot;:1.0,&quot;temp&quot;:14.3,&quot;feelslike&quot;:14.3,&quot;humidity&quot;:66.29,&quot;dew&quot;:8.1,&quot;precip&quot;:0.0,&quot;precipprob&quot;:19.4,&quot;snow&quot;:0.0,&quot;snowdepth&quot;:0.0,&quot;preciptype&quot;:null,&quot;windgust&quot;:13.1,&quot;windspeed&quot;:9.5,&quot;winddir&quot;:326.9,&quot;pressure&quot;:1014.3,&quot;visibility&quot;:24.1,&quot;cloudcover&quot;:51.7,&quot;solarradiation&quot;:152.3,&quot;solarenergy&quot;:0.5,&quot;uvindex&quot;:0.0,&quot;severerisk&quot;:10.0,&quot;conditions&quot;:&quot;Partially cloudy&quot;,&quot;icon&quot;:&quot;partly-cloudy-night&quot;,&quot;stations&quot;:null,&quot;source&quot;:&quot;fcst&quot;},{&quot;datetime&quot;:&quot;22:00:00&quot;,&quot;datetimeEpoch&quot;:1743973200,&quot;tzoffset&quot;:1.0,&quot;temp&quot;:13.5,&quot;feelslike&quot;:13.5,&quot;humidity&quot;:69.83,&quot;dew&quot;:8.1,&quot;precip&quot;:0.0,&quot;precipprob&quot;:19.4,&quot;snow&quot;:0.0,&quot;snowdepth&quot;:0.0,&quot;preciptype&quot;:null,&quot;windgust&quot;:13.7,&quot;windspeed&quot;:7.9,&quot;winddir&quot;:340.5,&quot;pressure&quot;:1015.0,&quot;visibility&quot;:24.1,&quot;cloudcover&quot;:74.3,&quot;solarradiation&quot;:0.0,&quot;solarenergy&quot;:0.0,&quot;uvindex&quot;:0.0,&quot;severerisk&quot;:10.0,&quot;conditions&quot;:&quot;Partially cloudy&quot;,&quot;icon&quot;:&quot;partly-cloudy-night&quot;,&quot;stations&quot;:null,&quot;source&quot;:&quot;fcst&quot;},{&quot;datetime&quot;:&quot;23:00:00&quot;,&quot;datetimeEpoch&quot;:1743976800,&quot;tzoffset&quot;:1.0,&quot;temp&quot;:13.2,&quot;feelslike&quot;:13.2,&quot;humidity&quot;:70.26,&quot;dew&quot;:7.9,&quot;precip&quot;:0.0,&quot;precipprob&quot;:19.4,&quot;snow&quot;:0.0,&quot;snowdepth&quot;:0.0,&quot;preciptype&quot;:null,&quot;windgust&quot;:10.6,&quot;windspeed&quot;:6.7,&quot;winddir&quot;:231.7,&quot;pressure&quot;:1014.7,&quot;visibility&quot;:24.1,&quot;cloudcover&quot;:51.2,&quot;solarradiation&quot;:0.0,&quot;solarenergy&quot;:0.0,&quot;uvindex&quot;:0.0,&quot;severerisk&quot;:10.0,&quot;conditions&quot;:&quot;Partially cloudy&quot;,&quot;icon&quot;:&quot;partly-cloudy-night&quot;,&quot;stations&quot;:null,&quot;source&quot;:&quot;fcst&quot;}]},{&quot;datetime&quot;:&quot;2025-04-07&quot;,&quot;datetimeEpoch&quot;:1743980400,&quot;tzoffset&quot;:1.0,&quot;tempmax&quot;:21.0,&quot;tempmin&quot;:10.4,&quot;temp&quot;:15.0,&quot;feelslikemax&quot;:21.0,&quot;feelslikemin&quot;:10.4,&quot;feelslike&quot;:15.0,&quot;dew&quot;:5.7,&quot;humidity&quot;:55.1,&quot;precip&quot;:0.0,&quot;precipprob&quot;:35.5,&quot;precipcover&quot;:0.0,&quot;preciptype&quot;:null,&quot;snow&quot;:0.0,&quot;snowdepth&quot;:0.0,&quot;windgust&quot;:26.3,&quot;windspeed&quot;:16.9,&quot;winddir&quot;:42.8,&quot;pressure&quot;:1013.9,&quot;cloudcover&quot;:11.5,&quot;visibility&quot;:24.1,&quot;solarradiation&quot;:282.1,&quot;solarenergy&quot;:24.6,&quot;uvindex&quot;:9.0,&quot;severerisk&quot;:10.0,&quot;sunrise&quot;:&quot;07:11:57&quot;,&quot;sunriseEpoch&quot;:1744006317,&quot;sunset&quot;:&quot;20:06:05&quot;,&quot;sunsetEpoch&quot;:1744052765,&quot;moonphase&quot;:0.31,&quot;conditions&quot;:&quot;Clear&quot;,&quot;description&quot;:&quot;Clear conditions throughout the day.&quot;,&quot;icon&quot;:&quot;clear-day&quot;,&quot;stations&quot;:null,&quot;source&quot;:&quot;fcst&quot;,&quot;hours&quot;:[{&quot;datetime&quot;:&quot;00:00:00&quot;,&quot;datetimeEpoch&quot;:1743980400,&quot;tzoffset&quot;:1.0,&quot;temp&quot;:13.0,&quot;feelslike&quot;:13.0,&quot;humidity&quot;:70.69,&quot;dew&quot;:7.8,&quot;precip&quot;:0.0,&quot;precipprob&quot;:19.4,&quot;snow&quot;:0.0,&quot;snowdepth&quot;:0.0,&quot;preciptype&quot;:null,&quot;windgust&quot;:7.4,&quot;windspeed&quot;:5.5,&quot;winddir&quot;:122.8,&quot;pressure&quot;:1014.3,&quot;visibility&quot;:24.1,&quot;cloudcover&quot;:28.1,&quot;solarradiation&quot;:0.0,&quot;solarenergy&quot;:0.0,&quot;uvindex&quot;:0.0,&quot;severerisk&quot;:10.0,&quot;conditions&quot;:&quot;Partially cloudy&quot;,&quot;icon&quot;:&quot;partly-cloudy-night&quot;,&quot;stations&quot;:null,&quot;source&quot;:&quot;fcst&quot;},{&quot;datetime&quot;:&quot;01:00:00&quot;,&quot;datetimeEpoch&quot;:1743984000,&quot;tzoffset&quot;:1.0,&quot;temp&quot;:12.8,&quot;feelslike&quot;:12.8,&quot;humidity&quot;:71.13,&quot;dew&quot;:7.7,&quot;precip&quot;:0.0,&quot;precipprob&quot;:19.4,&quot;snow&quot;:0.0,&quot;snowdepth&quot;:0.0,&quot;preciptype&quot;:null,&quot;windgust&quot;:4.3,&quot;windspeed&quot;:4.3,&quot;winddir&quot;:14.0,&quot;pressure&quot;:1014.0,&quot;visibility&quot;:24.1,&quot;cloudcover&quot;:5.0,&quot;solarradiation&quot;:0.0,&quot;solarenergy&quot;:0.0,&quot;uvindex&quot;:0.0,&quot;severerisk&quot;:10.0,&quot;conditions&quot;:&quot;Clear&quot;,&quot;icon&quot;:&quot;clear-night&quot;,&quot;stations&quot;:null,&quot;source&quot;:&quot;fcst&quot;},{&quot;datetime&quot;:&quot;02:00:00&quot;,&quot;datetimeEpoch&quot;:1743987600,&quot;tzoffset&quot;:1.0,&quot;temp&quot;:12.4,&quot;feelslike&quot;:12.4,&quot;humidity&quot;:71.54,&quot;dew&quot;:7.4,&quot;precip&quot;:0.0,&quot;precipprob&quot;:19.4,&quot;snow&quot;:0.0,&quot;snowdepth&quot;:0.0,&quot;preciptype&quot;:null,&quot;windgust&quot;:6.2,&quot;windspeed&quot;:5.2,&quot;winddir&quot;:28.4,&quot;pressure&quot;:1013.7,&quot;visibility&quot;:24.1,&quot;cloudcover&quot;:5.0,&quot;solarradiation&quot;:0.0,&quot;solarenergy&quot;:0.0,&quot;uvindex&quot;:0.0,&quot;severerisk&quot;:10.0,&quot;conditions&quot;:&quot;Clear&quot;,&quot;icon&quot;:&quot;clear-night&quot;,&quot;stations&quot;:null,&quot;source&quot;:&quot;fcst&quot;},{&quot;datetime&quot;:&quot;03:00:00&quot;,&quot;datetimeEpoch&quot;:1743991200,&quot;tzoffset&quot;:1.0,&quot;temp&quot;:11.9,&quot;feelslike&quot;:11.9,&quot;humidity&quot;:71.95,&quot;dew&quot;:7.1,&quot;precip&quot;:0.0,&quot;precipprob&quot;:19.4,&quot;snow&quot;:0.0,&quot;snowdepth&quot;:0.0,&quot;preciptype&quot;:null,&quot;windgust&quot;:8.2,&quot;windspeed&quot;:6.0,&quot;winddir&quot;:42.7,&quot;pressure&quot;:1013.3,&quot;visibility&quot;:24.1,&quot;cloudcover&quot;:5.0,&quot;solarradiation&quot;:0.0,&quot;solarenergy&quot;:0.0,&quot;uvindex&quot;:0.0,&quot;severerisk&quot;:10.0,&quot;conditions&quot;:&quot;Clear&quot;,&quot;icon&quot;:&quot;clear-night&quot;,&quot;stations&quot;:null,&quot;source&quot;:&quot;fcst&quot;},{&quot;datetime&quot;:&quot;04:00:00&quot;,&quot;datetimeEpoch&quot;:1743994800,&quot;tzoffset&quot;:1.0,&quot;temp&quot;:11.6,&quot;feelslike&quot;:11.6,&quot;humidity&quot;:72.37,&quot;dew&quot;:6.8,&quot;precip&quot;:0.0,&quot;precipprob&quot;:19.4,&quot;snow&quot;:0.0,&quot;snowdepth&quot;:0.0,&quot;preciptype&quot;:null,&quot;windgust&quot;:10.1,&quot;windspeed&quot;:6.8,&quot;winddir&quot;:57.1,&quot;pressure&quot;:1013.0,&quot;visibility&quot;:24.1,&quot;cloudcover&quot;:5.0,&quot;solarradiation&quot;:0.0,&quot;solarenergy&quot;:0.0,&quot;uvindex&quot;:0.0,&quot;severerisk&quot;:10.0,&quot;conditions&quot;:&quot;Clear&quot;,&quot;icon&quot;:&quot;clear-night&quot;,&quot;stations&quot;:null,&quot;source&quot;:&quot;fcst&quot;},{&quot;datetime&quot;:&quot;05:00:00&quot;,&quot;datetimeEpoch&quot;:1743998400,&quot;tzoffset&quot;:1.0,&quot;temp&quot;:11.2,&quot;feelslike&quot;:11.2,&quot;humidity&quot;:70.82,&quot;dew&quot;:6.1,&quot;precip&quot;:0.0,&quot;precipprob&quot;:19.4,&quot;snow&quot;:0.0,&quot;snowdepth&quot;:0.0,&quot;preciptype&quot;:null,&quot;windgust&quot;:12.5,&quot;windspeed&quot;:7.3,&quot;winddir&quot;:58.8,&quot;pressure&quot;:1013.3,&quot;visibility&quot;:24.1,&quot;cloudcover&quot;:4.6,&quot;solarradiation&quot;:0.0,&quot;solarenergy&quot;:0.0,&quot;uvindex&quot;:0.0,&quot;severerisk&quot;:10.0,&quot;conditions&quot;:&quot;Clear&quot;,&quot;icon&quot;:&quot;clear-night&quot;,&quot;stations&quot;:null,&quot;source&quot;:&quot;fcst&quot;},{&quot;datetime&quot;:&quot;06:00:00&quot;,&quot;datetimeEpoch&quot;:1744002000,&quot;tzoffset&quot;:1.0,&quot;temp&quot;:10.8,&quot;feelslike&quot;:10.8,&quot;humidity&quot;:69.29,&quot;dew&quot;:5.4,&quot;precip&quot;:0.0,&quot;precipprob&quot;:19.4,&quot;snow&quot;:0.0,&quot;snowdepth&quot;:0.0,&quot;preciptype&quot;:null,&quot;windgust&quot;:14.9,&quot;windspeed&quot;:7.8,&quot;winddir&quot;:60.5,&quot;pressure&quot;:1013.7,&quot;visibility&quot;:24.1,&quot;cloudcover&quot;:4.1,&quot;solarradiation&quot;:0.0,&quot;solarenergy&quot;:0.0,&quot;uvindex&quot;:0.0,&quot;severerisk&quot;:10.0,&quot;conditions&quot;:&quot;Clear&quot;,&quot;icon&quot;:&quot;clear-night&quot;,&quot;stations&quot;:null,&quot;source&quot;:&quot;fcst&quot;},{&quot;datetime&quot;:&quot;07:00:00&quot;,&quot;datetimeEpoch&quot;:1744005600,&quot;tzoffset&quot;:1.0,&quot;temp&quot;:10.4,&quot;feelslike&quot;:10.4,&quot;humidity&quot;:67.77,&quot;dew&quot;:4.7,&quot;precip&quot;:0.0,&quot;precipprob&quot;:19.4,&quot;snow&quot;:0.0,&quot;snowdepth&quot;:0.0,&quot;preciptype&quot;:null,&quot;windgust&quot;:17.3,&quot;windspeed&quot;:8.3,&quot;winddir&quot;:62.2,&quot;pressure&quot;:1014.0,&quot;visibility&quot;:24.1,&quot;cloudcover&quot;:3.7,&quot;solarradiation&quot;:0.0,&quot;solarenergy&quot;:0.0,&quot;uvindex&quot;:0.0,&quot;severerisk&quot;:10.0,&quot;conditions&quot;:&quot;Clear&quot;,&quot;icon&quot;:&quot;clear-night&quot;,&quot;stations&quot;:null,&quot;source&quot;:&quot;fcst&quot;},{&quot;datetime&quot;:&quot;08:00:00&quot;,&quot;datetimeEpoch&quot;:1744009200,&quot;tzoffset&quot;:1.0,&quot;temp&quot;:11.6,&quot;feelslike&quot;:11.6,&quot;humidity&quot;:62.44,&quot;dew&quot;:4.7,&quot;precip&quot;:0.0,&quot;precipprob&quot;:22.6,&quot;snow&quot;:0.0,&quot;snowdepth&quot;:0.0,&quot;preciptype&quot;:null,&quot;windgust&quot;:20.3,&quot;windspeed&quot;:10.9,&quot;winddir&quot;:65.8,&quot;pressure&quot;:1014.3,&quot;visibility&quot;:24.1,&quot;cloudcover&quot;:3.5,&quot;solarradiation&quot;:71.0,&quot;solarenergy&quot;:0.3,&quot;uvindex&quot;:1.0,&quot;severerisk&quot;:10.0,&quot;conditions&quot;:&quot;Clear&quot;,&quot;icon&quot;:&quot;clear-day&quot;,&quot;stations&quot;:null,&quot;source&quot;:&quot;fcst&quot;},{&quot;datetime&quot;:&quot;09:00:00&quot;,&quot;datetimeEpoch&quot;:1744012800,&quot;tzoffset&quot;:1.0,&quot;temp&quot;:12.8,&quot;feelslike&quot;:12.8,&quot;humidity&quot;:57.58,&quot;dew&quot;:4.7,&quot;precip&quot;:0.0,&quot;precipprob&quot;:22.6,&quot;snow&quot;:0.0,&quot;snowdepth&quot;:0.0,&quot;preciptype&quot;:null,&quot;windgust&quot;:23.3,&quot;windspeed&quot;:13.6,&quot;winddir&quot;:69.4,&quot;pressure&quot;:1014.7,&quot;visibility&quot;:24.1,&quot;cloudcover&quot;:3.3,&quot;solarradiation&quot;:142.0,&quot;solarenergy&quot;:0.5,&quot;uvindex&quot;:1.0,&quot;severerisk&quot;:10.0,&quot;conditions&quot;:&quot;Clear&quot;,&quot;icon&quot;:&quot;clear-day&quot;,&quot;stations&quot;:null,&quot;source&quot;:&quot;fcst&quot;},{&quot;datetime&quot;:&quot;10:00:00&quot;,&quot;datetimeEpoch&quot;:1744016400,&quot;tzoffset&quot;:1.0,&quot;temp&quot;:14.1,&quot;feelslike&quot;:14.1,&quot;humidity&quot;:53.14,&quot;dew&quot;:4.7,&quot;precip&quot;:0.0,&quot;precipprob&quot;:22.6,&quot;snow&quot;:0.0,&quot;snowdepth&quot;:0.0,&quot;preciptype&quot;:null,&quot;windgust&quot;:26.3,&quot;windspeed&quot;:16.2,&quot;winddir&quot;:73.0,&quot;pressure&quot;:1015.0,&quot;visibility&quot;:24.1,&quot;cloudcover&quot;:3.1,&quot;solarradiation&quot;:213.0,&quot;solarenergy&quot;:0.8,&quot;uvindex&quot;:2.0,&quot;severerisk&quot;:10.0,&quot;conditions&quot;:&quot;Clear&quot;,&quot;icon&quot;:&quot;clear-day&quot;,&quot;stations&quot;:null,&quot;source&quot;:&quot;fcst&quot;},{&quot;datetime&quot;:&quot;11:00:00&quot;,&quot;datetimeEpoch&quot;:1744020000,&quot;tzoffset&quot;:1.0,&quot;temp&quot;:15.7,&quot;feelslike&quot;:15.7,&quot;humidity&quot;:48.17,&quot;dew&quot;:4.8,&quot;precip&quot;:0.0,&quot;precipprob&quot;:22.6,&quot;snow&quot;:0.0,&quot;snowdepth&quot;:0.0,&quot;preciptype&quot;:null,&quot;windgust&quot;:22.4,&quot;windspeed&quot;:15.4,&quot;winddir&quot;:72.1,&quot;pressure&quot;:1014.7,&quot;visibility&quot;:24.1,&quot;cloudcover&quot;:2.8,&quot;solarradiation&quot;:389.3,&quot;solarenergy&quot;:1.4,&quot;uvindex&quot;:4.0,&quot;severerisk&quot;:10.0,&quot;conditions&quot;:&quot;Clear&quot;,&quot;icon&quot;:&quot;clear-day&quot;,&quot;stations&quot;:null,&quot;source&quot;:&quot;fcst&quot;},{&quot;datetime&quot;:&quot;12:00:00&quot;,&quot;datetimeEpoch&quot;:1744023600,&quot;tzoffset&quot;:1.0,&quot;temp&quot;:17.3,&quot;feelslike&quot;:17.3,&quot;humidity&quot;:43.72,&quot;dew&quot;:4.9,&quot;precip&quot;:0.0,&quot;precipprob&quot;:22.6,&quot;snow&quot;:0.0,&quot;snowdepth&quot;:0.0,&quot;preciptype&quot;:null,&quot;windgust&quot;:18.6,&quot;windspeed&quot;:14.5,&quot;winddir&quot;:71.2,&quot;pressure&quot;:1014.3,&quot;visibility&quot;:24.1,&quot;cloudcover&quot;:2.6,&quot;solarradiation&quot;:565.7,&quot;solarenergy&quot;:2.1,&quot;uvindex&quot;:6.0,&quot;severerisk&quot;:10.0,&quot;conditions&quot;:&quot;Clear&quot;,&quot;icon&quot;:&quot;clear-day&quot;,&quot;stations&quot;:null,&quot;source&quot;:&quot;fcst&quot;},{&quot;datetime&quot;:&quot;13:00:00&quot;,&quot;datetimeEpoch&quot;:1744027200,&quot;tzoffset&quot;:1.0,&quot;temp&quot;:19.0,&quot;feelslike&quot;:19.0,&quot;humidity&quot;:39.73,&quot;dew&quot;:5.0,&quot;precip&quot;:0.0,&quot;precipprob&quot;:22.6,&quot;snow&quot;:0.0,&quot;snowdepth&quot;:0.0,&quot;preciptype&quot;:null,&quot;windgust&quot;:14.8,&quot;windspeed&quot;:13.7,&quot;winddir&quot;:70.3,&quot;pressure&quot;:1014.0,&quot;visibility&quot;:24.1,&quot;cloudcover&quot;:2.3,&quot;solarradiation&quot;:742.0,&quot;solarenergy&quot;:2.7,&quot;uvindex&quot;:7.0,&quot;severerisk&quot;:10.0,&quot;conditions&quot;:&quot;Clear&quot;,&quot;icon&quot;:&quot;clear-day&quot;,&quot;stations&quot;:null,&quot;source&quot;:&quot;fcst&quot;},{&quot;datetime&quot;:&quot;14:00:00&quot;,&quot;datetimeEpoch&quot;:1744030800,&quot;tzoffset&quot;:1.0,&quot;temp&quot;:19.6,&quot;feelslike&quot;:19.6,&quot;humidity&quot;:38.03,&quot;dew&quot;:4.9,&quot;precip&quot;:0.0,&quot;precipprob&quot;:35.5,&quot;snow&quot;:0.0,&quot;snowdepth&quot;:0.0,&quot;preciptype&quot;:null,&quot;windgust&quot;:13.0,&quot;windspeed&quot;:11.5,&quot;winddir&quot;:49.1,&quot;pressure&quot;:1013.7,&quot;visibility&quot;:24.1,&quot;cloudcover&quot;:4.5,&quot;solarradiation&quot;:781.3,&quot;solarenergy&quot;:2.8,&quot;uvindex&quot;:8.0,&quot;severerisk&quot;:10.0,&quot;conditions&quot;:&quot;Clear&quot;,&quot;icon&quot;:&quot;clear-day&quot;,&quot;stations&quot;:null,&quot;source&quot;:&quot;fcst&quot;},{&quot;datetime&quot;:&quot;15:00:00&quot;,&quot;datetimeEpoch&quot;:1744034400,&quot;tzoffset&quot;:1.0,&quot;temp&quot;:20.3,&quot;feelslike&quot;:20.3,&quot;humidity&quot;:36.41,&quot;dew&quot;:4.9,&quot;precip&quot;:0.0,&quot;precipprob&quot;:35.5,&quot;snow&quot;:0.0,&quot;snowdepth&quot;:0.0,&quot;preciptype&quot;:null,&quot;windgust&quot;:11.2,&quot;windspeed&quot;:9.4,&quot;winddir&quot;:27.8,&quot;pressure&quot;:1013.3,&quot;visibility&quot;:24.1,&quot;cloudcover&quot;:6.6,&quot;solarradiation&quot;:820.7,&quot;solarenergy&quot;:3.0,&quot;uvindex&quot;:8.0,&quot;severerisk&quot;:10.0,&quot;conditions&quot;:&quot;Clear&quot;,&quot;icon&quot;:&quot;clear-day&quot;,&quot;stations&quot;:null,&quot;source&quot;:&quot;fcst&quot;},{&quot;datetime&quot;:&quot;16:00:00&quot;,&quot;datetimeEpoch&quot;:1744038000,&quot;tzoffset&quot;:1.0,&quot;temp&quot;:21.0,&quot;feelslike&quot;:21.0,&quot;humidity&quot;:34.86,&quot;dew&quot;:4.9,&quot;precip&quot;:0.0,&quot;precipprob&quot;:35.5,&quot;snow&quot;:0.0,&quot;snowdepth&quot;:0.0,&quot;preciptype&quot;:null,&quot;windgust&quot;:9.4,&quot;windspeed&quot;:7.2,&quot;winddir&quot;:6.6,&quot;pressure&quot;:1013.0,&quot;visibility&quot;:24.1,&quot;cloudcover&quot;:8.8,&quot;solarradiation&quot;:860.0,&quot;solarenergy&quot;:3.1,&quot;uvindex&quot;:9.0,&quot;severerisk&quot;:10.0,&quot;conditions&quot;:&quot;Clear&quot;,&quot;icon&quot;:&quot;clear-day&quot;,&quot;stations&quot;:null,&quot;source&quot;:&quot;fcst&quot;},{&quot;datetime&quot;:&quot;17:00:00&quot;,&quot;datetimeEpoch&quot;:1744041600,&quot;tzoffset&quot;:1.0,&quot;temp&quot;:19.9,&quot;feelslike&quot;:19.9,&quot;humidity&quot;:39.09,&quot;dew&quot;:5.6,&quot;precip&quot;:0.0,&quot;precipprob&quot;:35.5,&quot;snow&quot;:0.0,&quot;snowdepth&quot;:0.0,&quot;preciptype&quot;:null,&quot;windgust&quot;:13.0,&quot;windspeed&quot;:10.4,&quot;winddir&quot;:121.0,&quot;pressure&quot;:1013.0,&quot;visibility&quot;:24.1,&quot;cloudcover&quot;:24.0,&quot;solarradiation&quot;:720.7,&quot;solarenergy&quot;:2.6,&quot;uvindex&quot;:7.0,&quot;severerisk&quot;:10.0,&quot;conditions&quot;:&quot;Partially cloudy&quot;,&quot;icon&quot;:&quot;partly-cloudy-day&quot;,&quot;stations&quot;:null,&quot;source&quot;:&quot;fcst&quot;},{&quot;datetime&quot;:&quot;18:00:00&quot;,&quot;datetimeEpoch&quot;:1744045200,&quot;tzoffset&quot;:1.0,&quot;temp&quot;:18.8,&quot;feelslike&quot;:18.8,&quot;humidity&quot;:43.84,&quot;dew&quot;:6.3,&quot;precip&quot;:0.0,&quot;precipprob&quot;:35.5,&quot;snow&quot;:0.0,&quot;snowdepth&quot;:0.0,&quot;preciptype&quot;:null,&quot;windgust&quot;:16.6,&quot;windspeed&quot;:13.7,&quot;winddir&quot;:235.3,&quot;pressure&quot;:1013.0,&quot;visibility&quot;:24.1,&quot;cloudcover&quot;:39.3,&quot;solarradiation&quot;:581.3,&quot;solarenergy&quot;:2.1,&quot;uvindex&quot;:6.0,&quot;severerisk&quot;:10.0,&quot;conditions&quot;:&quot;Partially cloudy&quot;,&quot;icon&quot;:&quot;partly-cloudy-day&quot;,&quot;stations&quot;:null,&quot;source&quot;:&quot;fcst&quot;},{&quot;datetime&quot;:&quot;19:00:00&quot;,&quot;datetimeEpoch&quot;:1744048800,&quot;tzoffset&quot;:1.0,&quot;temp&quot;:17.8,&quot;feelslike&quot;:17.8,&quot;humidity&quot;:49.18,&quot;dew&quot;:7.0,&quot;precip&quot;:0.0,&quot;precipprob&quot;:35.5,&quot;snow&quot;:0.0,&quot;snowdepth&quot;:0.0,&quot;preciptype&quot;:null,&quot;windgust&quot;:20.2,&quot;windspeed&quot;:16.9,&quot;winddir&quot;:349.7,&quot;pressure&quot;:1013.0,&quot;visibility&quot;:24.1,&quot;cloudcover&quot;:54.5,&quot;solarradiation&quot;:442.0,&quot;solarenergy&quot;:1.6,&quot;uvindex&quot;:4.0,&quot;severerisk&quot;:10.0,&quot;conditions&quot;:&quot;Partially cloudy&quot;,&quot;icon&quot;:&quot;partly-cloudy-day&quot;,&quot;stations&quot;:null,&quot;source&quot;:&quot;fcst&quot;},{&quot;datetime&quot;:&quot;20:00:00&quot;,&quot;datetimeEpoch&quot;:1744052400,&quot;tzoffset&quot;:1.0,&quot;temp&quot;:16.4,&quot;feelslike&quot;:16.4,&quot;humidity&quot;:50.53,&quot;dew&quot;:6.1,&quot;precip&quot;:0.0,&quot;precipprob&quot;:19.4,&quot;snow&quot;:0.0,&quot;snowdepth&quot;:0.0,&quot;preciptype&quot;:null,&quot;windgust&quot;:22.2,&quot;windspeed&quot;:14.8,&quot;winddir&quot;:349.1,&quot;pressure&quot;:1013.7,&quot;visibility&quot;:24.1,&quot;cloudcover&quot;:37.2,&quot;solarradiation&quot;:294.7,&quot;solarenergy&quot;:1.1,&quot;uvindex&quot;:3.0,&quot;severerisk&quot;:10.0,&quot;conditions&quot;:&quot;Partially cloudy&quot;,&quot;icon&quot;:&quot;partly-cloudy-day&quot;,&quot;stations&quot;:null,&quot;source&quot;:&quot;fcst&quot;},{&quot;datetime&quot;:&quot;21:00:00&quot;,&quot;datetimeEpoch&quot;:1744056000,&quot;tzoffset&quot;:1.0,&quot;temp&quot;:15.1,&quot;feelslike&quot;:15.1,&quot;humidity&quot;:51.95,&quot;dew&quot;:5.3,&quot;precip&quot;:0.0,&quot;precipprob&quot;:19.4,&quot;snow&quot;:0.0,&quot;snowdepth&quot;:0.0,&quot;preciptype&quot;:null,&quot;windgust&quot;:24.2,&quot;windspeed&quot;:12.6,&quot;winddir&quot;:348.5,&quot;pressure&quot;:1014.3,&quot;visibility&quot;:24.1,&quot;cloudcover&quot;:19.9,&quot;solarradiation&quot;:147.3,&quot;solarenergy&quot;:0.5,&quot;uvindex&quot;:0.0,&quot;severerisk&quot;:10.0,&quot;conditions&quot;:&quot;Clear&quot;,&quot;icon&quot;:&quot;clear-night&quot;,&quot;stations&quot;:null,&quot;source&quot;:&quot;fcst&quot;},{&quot;datetime&quot;:&quot;22:00:00&quot;,&quot;datetimeEpoch&quot;:1744059600,&quot;tzoffset&quot;:1.0,&quot;temp&quot;:13.8,&quot;feelslike&quot;:13.8,&quot;humidity&quot;:53.43,&quot;dew&quot;:4.5,&quot;precip&quot;:0.0,&quot;precipprob&quot;:19.4,&quot;snow&quot;:0.0,&quot;snowdepth&quot;:0.0,&quot;preciptype&quot;:null,&quot;windgust&quot;:26.3,&quot;windspeed&quot;:10.4,&quot;winddir&quot;:347.9,&quot;pressure&quot;:1015.0,&quot;visibility&quot;:24.1,&quot;cloudcover&quot;:2.6,&quot;solarradiation&quot;:0.0,&quot;solarenergy&quot;:0.0,&quot;uvindex&quot;:0.0,&quot;severerisk&quot;:10.0,&quot;conditions&quot;:&quot;Clear&quot;,&quot;icon&quot;:&quot;clear-night&quot;,&quot;stations&quot;:null,&quot;source&quot;:&quot;fcst&quot;},{&quot;datetime&quot;:&quot;23:00:00&quot;,&quot;datetimeEpoch&quot;:1744063200,&quot;tzoffset&quot;:1.0,&quot;temp&quot;:13.3,&quot;feelslike&quot;:13.3,&quot;humidity&quot;:55.21,&quot;dew&quot;:4.5,&quot;precip&quot;:0.0,&quot;precipprob&quot;:19.4,&quot;snow&quot;:0.0,&quot;snowdepth&quot;:0.0,&quot;preciptype&quot;:null,&quot;windgust&quot;:23.2,&quot;windspeed&quot;:9.7,&quot;winddir&quot;:348.6,&quot;pressure&quot;:1014.7,&quot;visibility&quot;:24.1,&quot;cloudcover&quot;:1.7,&quot;solarradiation&quot;:0.0,&quot;solarenergy&quot;:0.0,&quot;uvindex&quot;:0.0,&quot;severerisk&quot;:10.0,&quot;conditions&quot;:&quot;Clear&quot;,&quot;icon&quot;:&quot;clear-night&quot;,&quot;stations&quot;:null,&quot;source&quot;:&quot;fcst&quot;}]},{&quot;datetime&quot;:&quot;2025-04-08&quot;,&quot;datetimeEpoch&quot;:1744066800,&quot;tzoffset&quot;:1.0,&quot;tempmax&quot;:19.6,&quot;tempmin&quot;:10.5,&quot;temp&quot;:14.4,&quot;feelslikemax&quot;:19.6,&quot;feelslikemin&quot;:10.5,&quot;feelslike&quot;:14.4,&quot;dew&quot;:4.4,&quot;humidity&quot;:52.4,&quot;precip&quot;:0.0,&quot;precipprob&quot;:19.4,&quot;precipcover&quot;:0.0,&quot;preciptype&quot;:null,&quot;snow&quot;:0.0,&quot;snowdepth&quot;:0.0,&quot;windgust&quot;:38.5,&quot;windspeed&quot;:24.5,&quot;winddir&quot;:49.0,&quot;pressure&quot;:1014.6,&quot;cloudcover&quot;:0.0,&quot;visibility&quot;:24.1,&quot;solarradiation&quot;:287.8,&quot;solarenergy&quot;:24.9,&quot;uvindex&quot;:9.0,&quot;severerisk&quot;:10.0,&quot;sunrise&quot;:&quot;07:10:27&quot;,&quot;sunriseEpoch&quot;:1744092627,&quot;sunset&quot;:&quot;20:07:03&quot;,&quot;sunsetEpoch&quot;:1744139223,&quot;moonphase&quot;:0.34,&quot;conditions&quot;:&quot;Clear&quot;,&quot;description&quot;:&quot;Clear conditions throughout the day.&quot;,&quot;icon&quot;:&quot;clear-day&quot;,&quot;stations&quot;:null,&quot;source&quot;:&quot;fcst&quot;,&quot;hours&quot;:[{&quot;datetime&quot;:&quot;00:00:00&quot;,&quot;datetimeEpoch&quot;:1744066800,&quot;tzoffset&quot;:1.0,&quot;temp&quot;:12.9,&quot;feelslike&quot;:12.9,&quot;humidity&quot;:57.06,&quot;dew&quot;:4.6,&quot;precip&quot;:0.0,&quot;precipprob&quot;:19.4,&quot;snow&quot;:0.0,&quot;snowdepth&quot;:0.0,&quot;preciptype&quot;:null,&quot;windgust&quot;:20.0,&quot;windspeed&quot;:9.0,&quot;winddir&quot;:349.2,&quot;pressure&quot;:1014.3,&quot;visibility&quot;:24.1,&quot;cloudcover&quot;:0.9,&quot;solarradiation&quot;:0.0,&quot;solarenergy&quot;:0.0,&quot;uvindex&quot;:0.0,&quot;severerisk&quot;:10.0,&quot;conditions&quot;:&quot;Clear&quot;,&quot;icon&quot;:&quot;clear-night&quot;,&quot;stations&quot;:null,&quot;source&quot;:&quot;fcst&quot;},{&quot;datetime&quot;:&quot;01:00:00&quot;,&quot;datetimeEpoch&quot;:1744070400,&quot;tzoffset&quot;:1.0,&quot;temp&quot;:12.5,&quot;feelslike&quot;:12.5,&quot;humidity&quot;:58.98,&quot;dew&quot;:4.7,&quot;precip&quot;:0.0,&quot;precipprob&quot;:19.4,&quot;snow&quot;:0.0,&quot;snowdepth&quot;:0.0,&quot;preciptype&quot;:null,&quot;windgust&quot;:16.9,&quot;windspeed&quot;:8.3,&quot;winddir&quot;:349.9,&quot;pressure&quot;:1014.0,&quot;visibility&quot;:24.1,&quot;cloudcover&quot;:0.0,&quot;solarradiation&quot;:0.0,&quot;solarenergy&quot;:0.0,&quot;uvindex&quot;:0.0,&quot;severerisk&quot;:10.0,&quot;conditions&quot;:&quot;Clear&quot;,&quot;icon&quot;:&quot;clear-night&quot;,&quot;stations&quot;:null,&quot;source&quot;:&quot;fcst&quot;},{&quot;datetime&quot;:&quot;02:00:00&quot;,&quot;datetimeEpoch&quot;:1744074000,&quot;tzoffset&quot;:1.0,&quot;temp&quot;:12.2,&quot;feelslike&quot;:12.2,&quot;humidity&quot;:61.01,&quot;dew&quot;:4.9,&quot;precip&quot;:0.0,&quot;precipprob&quot;:12.9,&quot;snow&quot;:0.0,&quot;snowdepth&quot;:0.0,&quot;preciptype&quot;:null,&quot;windgust&quot;:14.8,&quot;windspeed&quot;:8.0,&quot;winddir&quot;:352.1,&quot;pressure&quot;:1013.7,&quot;visibility&quot;:24.1,&quot;cloudcover&quot;:0.0,&quot;solarradiation&quot;:0.0,&quot;solarenergy&quot;:0.0,&quot;uvindex&quot;:0.0,&quot;severerisk&quot;:10.0,&quot;conditions&quot;:&quot;Clear&quot;,&quot;icon&quot;:&quot;clear-night&quot;,&quot;stations&quot;:null,&quot;source&quot;:&quot;fcst&quot;},{&quot;datetime&quot;:&quot;03:00:00&quot;,&quot;datetimeEpoch&quot;:1744077600,&quot;tzoffset&quot;:1.0,&quot;temp&quot;:11.9,&quot;feelslike&quot;:11.9,&quot;humidity&quot;:63.1,&quot;dew&quot;:5.1,&quot;precip&quot;:0.0,&quot;precipprob&quot;:12.9,&quot;snow&quot;:0.0,&quot;snowdepth&quot;:0.0,&quot;preciptype&quot;:null,&quot;windgust&quot;:12.6,&quot;windspeed&quot;:7.8,&quot;winddir&quot;:354.4,&quot;pressure&quot;:1013.3,&quot;visibility&quot;:24.1,&quot;cloudcover&quot;:0.0,&quot;solarradiation&quot;:0.0,&quot;solarenergy&quot;:0.0,&quot;uvindex&quot;:0.0,&quot;severerisk&quot;:10.0,&quot;conditions&quot;:&quot;Clear&quot;,&quot;icon&quot;:&quot;clear-night&quot;,&quot;stations&quot;:null,&quot;source&quot;:&quot;fcst&quot;},{&quot;datetime&quot;:&quot;04:00:00&quot;,&quot;datetimeEpoch&quot;:1744081200,&quot;tzoffset&quot;:1.0,&quot;temp&quot;:11.7,&quot;feelslike&quot;:11.7,&quot;humidity&quot;:65.27,&quot;dew&quot;:5.4,&quot;precip&quot;:0.0,&quot;precipprob&quot;:12.9,&quot;snow&quot;:0.0,&quot;snowdepth&quot;:0.0,&quot;preciptype&quot;:null,&quot;windgust&quot;:10.4,&quot;windspeed&quot;:7.6,&quot;winddir&quot;:356.6,&quot;pressure&quot;:1013.0,&quot;visibility&quot;:24.1,&quot;cloudcover&quot;:0.0,&quot;solarradiation&quot;:0.0,&quot;solarenergy&quot;:0.0,&quot;uvindex&quot;:0.0,&quot;severerisk&quot;:10.0,&quot;conditions&quot;:&quot;Clear&quot;,&quot;icon&quot;:&quot;clear-night&quot;,&quot;stations&quot;:null,&quot;source&quot;:&quot;fcst&quot;},{&quot;datetime&quot;:&quot;05:00:00&quot;,&quot;datetimeEpoch&quot;:1744084800,&quot;tzoffset&quot;:1.0,&quot;temp&quot;:11.3,&quot;feelslike&quot;:11.3,&quot;humidity&quot;:67.65,&quot;dew&quot;:5.5,&quot;precip&quot;:0.0,&quot;precipprob&quot;:12.9,&quot;snow&quot;:0.0,&quot;snowdepth&quot;:0.0,&quot;preciptype&quot;:null,&quot;windgust&quot;:16.8,&quot;windspeed&quot;:8.5,&quot;winddir&quot;:258.9,&quot;pressure&quot;:1013.3,&quot;visibility&quot;:24.1,&quot;cloudcover&quot;:0.0,&quot;solarradiation&quot;:0.0,&quot;solarenergy&quot;:0.0,&quot;uvindex&quot;:0.0,&quot;severerisk&quot;:10.0,&quot;conditions&quot;:&quot;Clear&quot;,&quot;icon&quot;:&quot;clear-night&quot;,&quot;stations&quot;:null,&quot;source&quot;:&quot;fcst&quot;},{&quot;datetime&quot;:&quot;06:00:00&quot;,&quot;datetimeEpoch&quot;:1744088400,&quot;tzoffset&quot;:1.0,&quot;temp&quot;:10.9,&quot;feelslike&quot;:10.9,&quot;humidity&quot;:70.11,&quot;dew&quot;:5.6,&quot;precip&quot;:0.0,&quot;precipprob&quot;:12.9,&quot;snow&quot;:0.0,&quot;snowdepth&quot;:0.0,&quot;preciptype&quot;:null,&quot;windgust&quot;:23.2,&quot;windspeed&quot;:9.5,&quot;winddir&quot;:161.2,&quot;pressure&quot;:1013.7,&quot;visibility&quot;:24.1,&quot;cloudcover&quot;:0.0,&quot;solarradiation&quot;:0.0,&quot;solarenergy&quot;:0.0,&quot;uvindex&quot;:0.0,&quot;severerisk&quot;:10.0,&quot;conditions&quot;:&quot;Clear&quot;,&quot;icon&quot;:&quot;clear-night&quot;,&quot;stations&quot;:null,&quot;source&quot;:&quot;fcst&quot;},{&quot;datetime&quot;:&quot;07:00:00&quot;,&quot;datetimeEpoch&quot;:1744092000,&quot;tzoffset&quot;:1.0,&quot;temp&quot;:10.5,&quot;feelslike&quot;:10.5,&quot;humidity&quot;:72.67,&quot;dew&quot;:5.8,&quot;precip&quot;:0.0,&quot;precipprob&quot;:12.9,&quot;snow&quot;:0.0,&quot;snowdepth&quot;:0.0,&quot;preciptype&quot;:null,&quot;windgust&quot;:29.5,&quot;windspeed&quot;:10.4,&quot;winddir&quot;:63.5,&quot;pressure&quot;:1014.0,&quot;visibility&quot;:24.1,&quot;cloudcover&quot;:0.0,&quot;solarradiation&quot;:0.0,&quot;solarenergy&quot;:0.0,&quot;uvindex&quot;:0.0,&quot;severerisk&quot;:10.0,&quot;conditions&quot;:&quot;Clear&quot;,&quot;icon&quot;:&quot;clear-night&quot;,&quot;stations&quot;:null,&quot;source&quot;:&quot;fcst&quot;},{&quot;datetime&quot;:&quot;08:00:00&quot;,&quot;datetimeEpoch&quot;:1744095600,&quot;tzoffset&quot;:1.0,&quot;temp&quot;:11.2,&quot;feelslike&quot;:11.2,&quot;humidity&quot;:63.07,&quot;dew&quot;:4.4,&quot;precip&quot;:0.0,&quot;precipprob&quot;:12.9,&quot;snow&quot;:0.0,&quot;snowdepth&quot;:0.0,&quot;preciptype&quot;:null,&quot;windgust&quot;:32.5,&quot;windspeed&quot;:15.1,&quot;winddir&quot;:64.0,&quot;pressure&quot;:1014.3,&quot;visibility&quot;:24.1,&quot;cloudcover&quot;:0.0,&quot;solarradiation&quot;:72.3,&quot;solarenergy&quot;:0.3,&quot;uvindex&quot;:1.0,&quot;severerisk&quot;:10.0,&quot;conditions&quot;:&quot;Clear&quot;,&quot;icon&quot;:&quot;clear-day&quot;,&quot;stations&quot;:null,&quot;source&quot;:&quot;fcst&quot;},{&quot;datetime&quot;:&quot;09:00:00&quot;,&quot;datetimeEpoch&quot;:1744099200,&quot;tzoffset&quot;:1.0,&quot;temp&quot;:11.9,&quot;feelslike&quot;:11.9,&quot;humidity&quot;:54.7,&quot;dew&quot;:3.0,&quot;precip&quot;:0.0,&quot;precipprob&quot;:12.9,&quot;snow&quot;:0.0,&quot;snowdepth&quot;:0.0,&quot;preciptype&quot;:null,&quot;windgust&quot;:35.5,&quot;windspeed&quot;:19.8,&quot;winddir&quot;:64.5,&quot;pressure&quot;:1014.7,&quot;visibility&quot;:24.1,&quot;cloudcover&quot;:0.0,&quot;solarradiation&quot;:144.7,&quot;solarenergy&quot;:0.5,&quot;uvindex&quot;:1.0,&quot;severerisk&quot;:10.0,&quot;conditions&quot;:&quot;Clear&quot;,&quot;icon&quot;:&quot;clear-day&quot;,&quot;stations&quot;:null,&quot;source&quot;:&quot;fcst&quot;},{&quot;datetime&quot;:&quot;10:00:00&quot;,&quot;datetimeEpoch&quot;:1744102800,&quot;tzoffset&quot;:1.0,&quot;temp&quot;:12.6,&quot;feelslike&quot;:12.6,&quot;humidity&quot;:47.4,&quot;dew&quot;:1.7,&quot;precip&quot;:0.0,&quot;precipprob&quot;:12.9,&quot;snow&quot;:0.0,&quot;snowdepth&quot;:0.0,&quot;preciptype&quot;:null,&quot;windgust&quot;:38.5,&quot;windspeed&quot;:24.5,&quot;winddir&quot;:65.0,&quot;pressure&quot;:1015.0,&quot;visibility&quot;:24.1,&quot;cloudcover&quot;:0.0,&quot;solarradiation&quot;:217.0,&quot;solarenergy&quot;:0.8,&quot;uvindex&quot;:2.0,&quot;severerisk&quot;:10.0,&quot;conditions&quot;:&quot;Clear&quot;,&quot;icon&quot;:&quot;clear-day&quot;,&quot;stations&quot;:null,&quot;source&quot;:&quot;fcst&quot;},{&quot;datetime&quot;:&quot;11:00:00&quot;,&quot;datetimeEpoch&quot;:1744106400,&quot;tzoffset&quot;:1.0,&quot;temp&quot;:14.2,&quot;feelslike&quot;:14.2,&quot;humidity&quot;:44.7,&quot;dew&quot;:2.4,&quot;precip&quot;:0.0,&quot;precipprob&quot;:12.9,&quot;snow&quot;:0.0,&quot;snowdepth&quot;:0.0,&quot;preciptype&quot;:null,&quot;windgust&quot;:35.0,&quot;windspeed&quot;:23.9,&quot;winddir&quot;:67.7,&quot;pressure&quot;:1015.0,&quot;visibility&quot;:24.1,&quot;cloudcover&quot;:0.0,&quot;solarradiation&quot;:394.7,&quot;solarenergy&quot;:1.4,&quot;uvindex&quot;:4.0,&quot;severerisk&quot;:10.0,&quot;conditions&quot;:&quot;Clear&quot;,&quot;icon&quot;:&quot;clear-day&quot;,&quot;stations&quot;:null,&quot;source&quot;:&quot;fcst&quot;},{&quot;datetime&quot;:&quot;12:00:00&quot;,&quot;datetimeEpoch&quot;:1744110000,&quot;tzoffset&quot;:1.0,&quot;temp&quot;:15.9,&quot;feelslike&quot;:15.9,&quot;humidity&quot;:42.2,&quot;dew&quot;:3.1,&quot;precip&quot;:0.0,&quot;precipprob&quot;:12.9,&quot;snow&quot;:0.0,&quot;snowdepth&quot;:0.0,&quot;preciptype&quot;:null,&quot;windgust&quot;:31.6,&quot;windspeed&quot;:23.3,&quot;winddir&quot;:70.4,&quot;pressure&quot;:1015.0,&quot;visibility&quot;:24.1,&quot;cloudcover&quot;:0.0,&quot;solarradiation&quot;:572.3,&quot;solarenergy&quot;:2.1,&quot;uvindex&quot;:6.0,&quot;severerisk&quot;:10.0,&quot;conditions&quot;:&quot;Clear&quot;,&quot;icon&quot;:&quot;clear-day&quot;,&quot;stations&quot;:null,&quot;source&quot;:&quot;fcst&quot;},{&quot;datetime&quot;:&quot;13:00:00&quot;,&quot;datetimeEpoch&quot;:1744113600,&quot;tzoffset&quot;:1.0,&quot;temp&quot;:17.6,&quot;feelslike&quot;:17.6,&quot;humidity&quot;:39.88,&quot;dew&quot;:3.8,&quot;precip&quot;:0.0,&quot;precipprob&quot;:12.9,&quot;snow&quot;:0.0,&quot;snowdepth&quot;:0.0,&quot;preciptype&quot;:null,&quot;windgust&quot;:28.1,&quot;windspeed&quot;:22.7,&quot;winddir&quot;:73.1,&quot;pressure&quot;:1015.0,&quot;visibility&quot;:24.1,&quot;cloudcover&quot;:0.0,&quot;solarradiation&quot;:750.0,&quot;solarenergy&quot;:2.7,&quot;uvindex&quot;:8.0,&quot;severerisk&quot;:10.0,&quot;conditions&quot;:&quot;Clear&quot;,&quot;icon&quot;:&quot;clear-day&quot;,&quot;stations&quot;:null,&quot;source&quot;:&quot;fcst&quot;},{&quot;datetime&quot;:&quot;14:00:00&quot;,&quot;datetimeEpoch&quot;:1744117200,&quot;tzoffset&quot;:1.0,&quot;temp&quot;:18.2,&quot;feelslike&quot;:18.2,&quot;humidity&quot;:39.15,&quot;dew&quot;:4.1,&quot;precip&quot;:0.0,&quot;precipprob&quot;:16.1,&quot;snow&quot;:0.0,&quot;snowdepth&quot;:0.0,&quot;preciptype&quot;:null,&quot;windgust&quot;:25.8,&quot;windspeed&quot;:21.0,&quot;winddir&quot;:68.7,&quot;pressure&quot;:1014.7,&quot;visibility&quot;:24.1,&quot;cloudcover&quot;:0.0,&quot;solarradiation&quot;:788.7,&quot;solarenergy&quot;:2.8,&quot;uvindex&quot;:8.0,&quot;severerisk&quot;:10.0,&quot;conditions&quot;:&quot;Clear&quot;,&quot;icon&quot;:&quot;clear-day&quot;,&quot;stations&quot;:null,&quot;source&quot;:&quot;fcst&quot;},{&quot;datetime&quot;:&quot;15:00:00&quot;,&quot;datetimeEpoch&quot;:1744120800,&quot;tzoffset&quot;:1.0,&quot;temp&quot;:18.9,&quot;feelslike&quot;:18.9,&quot;humidity&quot;:38.44,&quot;dew&quot;:4.4,&quot;precip&quot;:0.0,&quot;precipprob&quot;:16.1,&quot;snow&quot;:0.0,&quot;snowdepth&quot;:0.0,&quot;preciptype&quot;:null,&quot;windgust&quot;:23.5,&quot;windspeed&quot;:19.3,&quot;winddir&quot;:64.4,&quot;pressure&quot;:1014.3,&quot;visibility&quot;:24.1,&quot;cloudcover&quot;:0.0,&quot;solarradiation&quot;:827.3,&quot;solarenergy&quot;:3.0,&quot;uvindex&quot;:8.0,&quot;severerisk&quot;:10.0,&quot;conditions&quot;:&quot;Clear&quot;,&quot;icon&quot;:&quot;clear-day&quot;,&quot;stations&quot;:null,&quot;source&quot;:&quot;fcst&quot;},{&quot;datetime&quot;:&quot;16:00:00&quot;,&quot;datetimeEpoch&quot;:1744124400,&quot;tzoffset&quot;:1.0,&quot;temp&quot;:19.6,&quot;feelslike&quot;:19.6,&quot;humidity&quot;:37.74,&quot;dew&quot;:4.8,&quot;precip&quot;:0.0,&quot;precipprob&quot;:16.1,&quot;snow&quot;:0.0,&quot;snowdepth&quot;:0.0,&quot;preciptype&quot;:null,&quot;windgust&quot;:21.2,&quot;windspeed&quot;:17.6,&quot;winddir&quot;:60.0,&quot;pressure&quot;:1014.0,&quot;visibility&quot;:24.1,&quot;cloudcover&quot;:0.0,&quot;solarradiation&quot;:866.0,&quot;solarenergy&quot;:3.1,&quot;uvindex&quot;:9.0,&quot;severerisk&quot;:10.0,&quot;conditions&quot;:&quot;Clear&quot;,&quot;icon&quot;:&quot;clear-day&quot;,&quot;stations&quot;:null,&quot;source&quot;:&quot;fcst&quot;},{&quot;datetime&quot;:&quot;17:00:00&quot;,&quot;datetimeEpoch&quot;:1744128000,&quot;tzoffset&quot;:1.0,&quot;temp&quot;:19.1,&quot;feelslike&quot;:19.1,&quot;humidity&quot;:38.22,&quot;dew&quot;:4.5,&quot;precip&quot;:0.0,&quot;precipprob&quot;:16.1,&quot;snow&quot;:0.0,&quot;snowdepth&quot;:0.0,&quot;preciptype&quot;:null,&quot;windgust&quot;:21.2,&quot;windspeed&quot;:16.4,&quot;winddir&quot;:49.9,&quot;pressure&quot;:1014.3,&quot;visibility&quot;:24.1,&quot;cloudcover&quot;:0.0,&quot;solarradiation&quot;:733.7,&quot;solarenergy&quot;:2.6,&quot;uvindex&quot;:7.0,&quot;severerisk&quot;:10.0,&quot;conditions&quot;:&quot;Clear&quot;,&quot;icon&quot;:&quot;clear-day&quot;,&quot;stations&quot;:null,&quot;source&quot;:&quot;fcst&quot;},{&quot;datetime&quot;:&quot;18:00:00&quot;,&quot;datetimeEpoch&quot;:1744131600,&quot;tzoffset&quot;:1.0,&quot;temp&quot;:18.6,&quot;feelslike&quot;:18.6,&quot;humidity&quot;:38.7,&quot;dew&quot;:4.2,&quot;precip&quot;:0.0,&quot;precipprob&quot;:16.1,&quot;snow&quot;:0.0,&quot;snowdepth&quot;:0.0,&quot;preciptype&quot;:null,&quot;windgust&quot;:21.2,&quot;windspeed&quot;:15.2,&quot;winddir&quot;:39.9,&quot;pressure&quot;:1014.7,&quot;visibility&quot;:24.1,&quot;cloudcover&quot;:0.0,&quot;solarradiation&quot;:601.3,&quot;solarenergy&quot;:2.2,&quot;uvindex&quot;:6.0,&quot;severerisk&quot;:10.0,&quot;conditions&quot;:&quot;Clear&quot;,&quot;icon&quot;:&quot;clear-day&quot;,&quot;stations&quot;:null,&quot;source&quot;:&quot;fcst&quot;},{&quot;datetime&quot;:&quot;19:00:00&quot;,&quot;datetimeEpoch&quot;:1744135200,&quot;tzoffset&quot;:1.0,&quot;temp&quot;:18.1,&quot;feelslike&quot;:18.1,&quot;humidity&quot;:39.2,&quot;dew&quot;:4.0,&quot;precip&quot;:0.0,&quot;precipprob&quot;:16.1,&quot;snow&quot;:0.0,&quot;snowdepth&quot;:0.0,&quot;preciptype&quot;:null,&quot;windgust&quot;:21.2,&quot;windspeed&quot;:14.0,&quot;winddir&quot;:29.8,&quot;pressure&quot;:1015.0,&quot;visibility&quot;:24.1,&quot;cloudcover&quot;:0.0,&quot;solarradiation&quot;:469.0,&quot;solarenergy&quot;:1.7,&quot;uvindex&quot;:5.0,&quot;severerisk&quot;:10.0,&quot;conditions&quot;:&quot;Clear&quot;,&quot;icon&quot;:&quot;clear-day&quot;,&quot;stations&quot;:null,&quot;source&quot;:&quot;fcst&quot;},{&quot;datetime&quot;:&quot;20:00:00&quot;,&quot;datetimeEpoch&quot;:1744138800,&quot;tzoffset&quot;:1.0,&quot;temp&quot;:16.3,&quot;feelslike&quot;:16.3,&quot;humidity&quot;:45.18,&quot;dew&quot;:4.4,&quot;precip&quot;:0.0,&quot;precipprob&quot;:12.9,&quot;snow&quot;:0.0,&quot;snowdepth&quot;:0.0,&quot;preciptype&quot;:null,&quot;windgust&quot;:21.8,&quot;windspeed&quot;:12.4,&quot;winddir&quot;:20.9,&quot;pressure&quot;:1015.7,&quot;visibility&quot;:24.1,&quot;cloudcover&quot;:0.0,&quot;solarradiation&quot;:312.7,&quot;solarenergy&quot;:1.1,&quot;uvindex&quot;:3.0,&quot;severerisk&quot;:10.0,&quot;conditions&quot;:&quot;Clear&quot;,&quot;icon&quot;:&quot;clear-day&quot;,&quot;stations&quot;:null,&quot;source&quot;:&quot;fcst&quot;},{&quot;datetime&quot;:&quot;21:00:00&quot;,&quot;datetimeEpoch&quot;:1744142400,&quot;tzoffset&quot;:1.0,&quot;temp&quot;:14.5,&quot;feelslike&quot;:14.5,&quot;humidity&quot;:52.16,&quot;dew&quot;:4.8,&quot;precip&quot;:0.0,&quot;precipprob&quot;:12.9,&quot;snow&quot;:0.0,&quot;snowdepth&quot;:0.0,&quot;preciptype&quot;:null,&quot;windgust&quot;:22.4,&quot;windspeed&quot;:10.7,&quot;winddir&quot;:12.0,&quot;pressure&quot;:1016.3,&quot;visibility&quot;:24.1,&quot;cloudcover&quot;:0.0,&quot;solarradiation&quot;:156.3,&quot;solarenergy&quot;:0.6,&quot;uvindex&quot;:0.0,&quot;severerisk&quot;:10.0,&quot;conditions&quot;:&quot;Clear&quot;,&quot;icon&quot;:&quot;clear-night&quot;,&quot;stations&quot;:null,&quot;source&quot;:&quot;fcst&quot;},{&quot;datetime&quot;:&quot;22:00:00&quot;,&quot;datetimeEpoch&quot;:1744146000,&quot;tzoffset&quot;:1.0,&quot;temp&quot;:12.8,&quot;feelslike&quot;:12.8,&quot;humidity&quot;:60.3,&quot;dew&quot;:5.3,&quot;precip&quot;:0.0,&quot;precipprob&quot;:12.9,&quot;snow&quot;:0.0,&quot;snowdepth&quot;:0.0,&quot;preciptype&quot;:null,&quot;windgust&quot;:23.0,&quot;windspeed&quot;:9.0,&quot;winddir&quot;:3.1,&quot;pressure&quot;:1017.0,&quot;visibility&quot;:24.1,&quot;cloudcover&quot;:0.0,&quot;solarradiation&quot;:0.0,&quot;solarenergy&quot;:0.0,&quot;uvindex&quot;:0.0,&quot;severerisk&quot;:10.0,&quot;conditions&quot;:&quot;Clear&quot;,&quot;icon&quot;:&quot;clear-night&quot;,&quot;stations&quot;:null,&quot;source&quot;:&quot;fcst&quot;},{&quot;datetime&quot;:&quot;23:00:00&quot;,&quot;datetimeEpoch&quot;:1744149600,&quot;tzoffset&quot;:1.0,&quot;temp&quot;:12.6,&quot;feelslike&quot;:12.6,&quot;humidity&quot;:59.57,&quot;dew&quot;:4.9,&quot;precip&quot;:0.0,&quot;precipprob&quot;:12.9,&quot;snow&quot;:0.0,&quot;snowdepth&quot;:0.0,&quot;preciptype&quot;:null,&quot;windgust&quot;:17.4,&quot;windspeed&quot;:8.0,&quot;winddir&quot;:13.5,&quot;pressure&quot;:1017.0,&quot;visibility&quot;:24.1,&quot;cloudcover&quot;:0.1,&quot;solarradiation&quot;:0.0,&quot;solarenergy&quot;:0.0,&quot;uvindex&quot;:0.0,&quot;severerisk&quot;:10.0,&quot;conditions&quot;:&quot;Clear&quot;,&quot;icon&quot;:&quot;clear-night&quot;,&quot;stations&quot;:null,&quot;source&quot;:&quot;fcst&quot;}]}],&quot;alerts&quot;:[],&quot;stations&quot;:{&quot;LPMT&quot;:{&quot;distance&quot;:11625.0,&quot;latitude&quot;:38.7,&quot;longitude&quot;:-9.02,&quot;useCount&quot;:0,&quot;id&quot;:&quot;LPMT&quot;,&quot;name&quot;:&quot;LPMT&quot;,&quot;quality&quot;:47,&quot;contribution&quot;:0.0},&quot;LPPT&quot;:{&quot;distance&quot;:6202.0,&quot;latitude&quot;:38.78,&quot;longitude&quot;:-9.13,&quot;useCount&quot;:0,&quot;id&quot;:&quot;LPPT&quot;,&quot;name&quot;:&quot;LPPT&quot;,&quot;quality&quot;:50,&quot;contribution&quot;:0.0},&quot;F3135&quot;:{&quot;distance&quot;:18264.0,&quot;latitude&quot;:38.686,&quot;longitude&quot;:-9.353,&quot;useCount&quot;:0,&quot;id&quot;:&quot;F3135&quot;,&quot;name&quot;:&quot;FW3135 Lisboa PT&quot;,&quot;quality&quot;:0,&quot;contribution&quot;:0.0},&quot;C3643&quot;:{&quot;distance&quot;:6865.0,&quot;latitude&quot;:38.782,&quot;longitude&quot;:-9.114,&quot;useCount&quot;:0,&quot;id&quot;:&quot;C3643&quot;,&quot;name&quot;:&quot;CW3643 Lisbon PT&quot;,&quot;quality&quot;:0,&quot;contribution&quot;:0.0},&quot;LPST&quot;:{&quot;distance&quot;:18815.0,&quot;latitude&quot;:38.82,&quot;longitude&quot;:-9.33,&quot;useCount&quot;:0,&quot;id&quot;:&quot;LPST&quot;,&quot;name&quot;:&quot;LPST&quot;,&quot;quality&quot;:14,&quot;contribution&quot;:0.0},&quot;LPAR&quot;:{&quot;distance&quot;:20459.0,&quot;latitude&quot;:38.88,&quot;longitude&quot;:-9.02,&quot;useCount&quot;:0,&quot;id&quot;:&quot;LPAR&quot;,&quot;name&quot;:&quot;LPAR&quot;,&quot;quality&quot;:13,&quot;contribution&quot;:0.0}},&quot;currentConditions&quot;:{&quot;datetime&quot;:&quot;11:50:00&quot;,&quot;datetimeEpoch&quot;:1742903400,&quot;temp&quot;:16.4,&quot;feelslike&quot;:16.4,&quot;humidity&quot;:68.0,&quot;dew&quot;:10.4,&quot;precip&quot;:0.0,&quot;precipprob&quot;:0.0,&quot;snow&quot;:0.0,&quot;snowdepth&quot;:0.0,&quot;preciptype&quot;:null,&quot;windgust&quot;:13.4,&quot;windspeed&quot;:9.2,&quot;winddir&quot;:99.0,&quot;pressure&quot;:1023.0,&quot;visibility&quot;:10.0,&quot;cloudcover&quot;:50.0,&quot;solarradiation&quot;:795.0,&quot;solarenergy&quot;:2.9,&quot;uvindex&quot;:8.0,&quot;conditions&quot;:&quot;Partially cloudy&quot;,&quot;icon&quot;:&quot;partly-cloudy-day&quot;,&quot;stations&quot;:[&quot;F3135&quot;,&quot;LPPT&quot;,&quot;C3643&quot;],&quot;source&quot;:&quot;obs&quot;,&quot;sunrise&quot;:&quot;06:32:02&quot;,&quot;sunriseEpoch&quot;:1742884322,&quot;sunset&quot;:&quot;18:53:39&quot;,&quot;sunsetEpoch&quot;:1742928819,&quot;moonphase&quot;:0.87}}&#10;" type="java.lang.AssertionError"><![CDATA[java.lang.AssertionError: 
1 expectation failed.
Response body doesn't match expectation.
Expected: "Sunny"
  Actual: {"queryCost":1,"latitude":38.7264,"longitude":-9.14949,"resolvedAddress":"Lisboa, Portugal","address":"Lisbon","timezone":"Europe/Lisbon","tzoffset":0.0,"days":[{"datetime":"2025-03-25","datetimeEpoch":1742860800,"tempmax":19.1,"tempmin":10.7,"temp":14.5,"feelslikemax":19.1,"feelslikemin":10.7,"feelslike":14.5,"dew":9.0,"humidity":70.9,"precip":0.0,"precipprob":0.0,"precipcover":0.0,"preciptype":null,"snow":0.0,"snowdepth":0.0,"windgust":21.2,"windspeed":19.4,"winddir":344.8,"pressure":1022.6,"cloudcover":16.4,"visibility":17.1,"solarradiation":256.7,"solarenergy":22.2,"uvindex":8.0,"severerisk":10.0,"sunrise":"06:32:02","sunriseEpoch":1742884322,"sunset":"18:53:39","sunsetEpoch":1742928819,"moonphase":0.87,"conditions":"Clear","description":"Clear conditions throughout the day.","icon":"clear-day","stations":["LPST","LPAR","LPMT","LPPT"],"source":"comb","hours":[{"datetime":"00:00:00","datetimeEpoch":1742860800,"temp":11.0,"feelslike":11.0,"humidity":87.47,"dew":9.0,"precip":0.0,"precipprob":0.0,"snow":0.0,"snowdepth":0.0,"preciptype":null,"windgust":15.1,"windspeed":13.6,"winddir":320.0,"pressure":1023.0,"visibility":10.0,"cloudcover":25.0,"solarradiation":0.0,"solarenergy":0.0,"uvindex":0.0,"severerisk":10.0,"conditions":"Partially cloudy","icon":"partly-cloudy-night","stations":["LPMT","LPPT"],"source":"obs"},{"datetime":"01:00:00","datetimeEpoch":1742864400,"temp":11.0,"feelslike":11.0,"humidity":87.47,"dew":9.0,"precip":0.0,"precipprob":0.0,"snow":0.0,"snowdepth":0.0,"preciptype":null,"windgust":15.1,"windspeed":12.2,"winddir":330.0,"pressure":1022.0,"visibility":10.0,"cloudcover":25.0,"solarradiation":0.0,"solarenergy":0.0,"uvindex":0.0,"severerisk":10.0,"conditions":"Partially cloudy","icon":"partly-cloudy-night","stations":["LPMT","LPPT"],"source":"obs"},{"datetime":"02:00:00","datetimeEpoch":1742868000,"temp":11.2,"feelslike":11.2,"humidity":86.2,"dew":9.0,"precip":0.0,"precipprob":0.0,"snow":0.0,"snowdepth":0.0,"preciptype":null,"windgust":14.8,"windspeed":14.0,"winddir":320.0,"pressure":1022.0,"visibility":10.0,"cloudcover":25.0,"solarradiation":0.0,"solarenergy":0.0,"uvindex":0.0,"severerisk":10.0,"conditions":"Partially cloudy","icon":"partly-cloudy-night","stations":["LPMT","LPPT"],"source":"obs"},{"datetime":"03:00:00","datetimeEpoch":1742871600,"temp":11.0,"feelslike":11.0,"humidity":87.47,"dew":9.0,"precip":0.0,"precipprob":0.0,"snow":0.0,"snowdepth":0.0,"preciptype":null,"windgust":13.3,"windspeed":10.4,"winddir":320.0,"pressure":1021.8,"visibility":10.0,"cloudcover":39.8,"solarradiation":0.0,"solarenergy":0.0,"uvindex":0.0,"severerisk":10.0,"conditions":"Partially cloudy","icon":"partly-cloudy-night","stations":["LPMT","LPPT"],"source":"obs"},{"datetime":"04:00:00","datetimeEpoch":1742875200,"temp":10.7,"feelslike":10.7,"humidity":87.45,"dew":8.7,"precip":0.0,"precipprob":0.0,"snow":0.0,"snowdepth":0.0,"preciptype":null,"windgust":11.9,"windspeed":19.4,"winddir":328.0,"pressure":1021.0,"visibility":10.0,"cloudcover":36.3,"solarradiation":0.0,"solarenergy":0.0,"uvindex":0.0,"severerisk":10.0,"conditions":"Partially cloudy","icon":"partly-cloudy-night","stations":["LPMT","LPPT"],"source":"obs"},{"datetime":"05:00:00","datetimeEpoch":1742878800,"temp":11.0,"feelslike":11.0,"humidity":87.47,"dew":9.0,"precip":0.0,"precipprob":0.0,"snow":0.0,"snowdepth":0.0,"preciptype":null,"windgust":13.3,"windspeed":19.4,"winddir":322.0,"pressure":1021.0,"visibility":10.0,"cloudcover":35.8,"solarradiation":0.0,"solarenergy":0.0,"uvindex":0.0,"severerisk":10.0,"conditions":"Partially cloudy","icon":"partly-cloudy-night","stations":["LPMT","LPPT"],"source":"obs"},{"datetime":"06:00:00","datetimeEpoch":1742882400,"temp":11.7,"feelslike":11.7,"humidity":83.08,"dew":9.0,"precip":0.0,"precipprob":0.0,"snow":0.0,"snowdepth":0.0,"preciptype":null,"windgust":13.3,"windspeed":16.4,"winddir":337.0,"pressure":1021.8,"visibility":10.0,"cloudcover":25.0,"solarradiation":0.0,"solarenergy":0.0,"uvindex":0.0,"severerisk":10.0,"conditions":"Partially cloudy","icon":"partly-cloudy-night","stations":["LPMT","LPPT"],"source":"obs"},{"datetime":"07:00:00","datetimeEpoch":1742886000,"temp":11.7,"feelslike":11.7,"humidity":83.08,"dew":9.0,"precip":0.0,"precipprob":0.0,"snow":0.0,"snowdepth":0.0,"preciptype":null,"windgust":11.5,"windspeed":11.9,"winddir":320.0,"pressure":1022.0,"visibility":10.0,"cloudcover":25.0,"solarradiation":6.0,"solarenergy":0.0,"uvindex":0.0,"severerisk":10.0,"conditions":"Partially cloudy","icon":"partly-cloudy-day","stations":["LPMT","LPPT"],"source":"obs"},{"datetime":"08:00:00","datetimeEpoch":1742889600,"temp":12.0,"feelslike":12.0,"humidity":88.77,"dew":10.2,"precip":0.0,"precipprob":0.0,"snow":0.0,"snowdepth":0.0,"preciptype":null,"windgust":9.0,"windspeed":12.3,"winddir":331.0,"pressure":1022.8,"visibility":10.0,"cloudcover":26.9,"solarradiation":128.0,"solarenergy":0.5,"uvindex":1.0,"severerisk":10.0,"conditions":"Partially cloudy","icon":"partly-cloudy-day","stations":["LPST","LPMT","LPPT"],"source":"obs"},{"datetime":"09:00:00","datetimeEpoch":1742893200,"temp":13.9,"feelslike":13.9,"humidity":80.42,"dew":10.6,"precip":0.0,"precipprob":0.0,"snow":0.0,"snowdepth":0.0,"preciptype":null,"windgust":12.2,"windspeed":17.6,"winddir":352.0,"pressure":1023.0,"visibility":10.0,"cloudcover":26.8,"solarradiation":333.0,"solarenergy":1.2,"uvindex":3.0,"severerisk":10.0,"conditions":"Partially cloudy","icon":"partly-cloudy-day","stations":["LPST","LPAR","LPMT","LPPT"],"source":"obs"},{"datetime":"10:00:00","datetimeEpoch":1742896800,"temp":15.0,"feelslike":15.0,"humidity":76.37,"dew":10.9,"precip":0.0,"precipprob":0.0,"snow":0.0,"snowdepth":0.0,"preciptype":null,"windgust":14.0,"windspeed":15.1,"winddir":359.0,"pressure":1023.7,"visibility":10.0,"cloudcover":26.8,"solarradiation":528.0,"solarenergy":1.9,"uvindex":5.0,"severerisk":10.0,"conditions":"Partially cloudy","icon":"partly-cloudy-day","stations":["LPST","LPAR","LPMT","LPPT"],"source":"obs"},{"datetime":"11:00:00","datetimeEpoch":1742900400,"temp":16.0,"feelslike":16.0,"humidity":68.26,"dew":10.2,"precip":0.0,"precipprob":0.0,"snow":0.0,"snowdepth":0.0,"preciptype":null,"windgust":13.7,"windspeed":14.3,"winddir":19.0,"pressure":1023.1,"visibility":10.0,"cloudcover":43.7,"solarradiation":688.0,"solarenergy":2.5,"uvindex":7.0,"severerisk":10.0,"conditions":"Partially cloudy","icon":"partly-cloudy-day","stations":["LPST","LPAR","LPMT","LPPT"],"source":"obs"},{"datetime":"12:00:00","datetimeEpoch":1742904000,"temp":16.7,"feelslike":16.7,"humidity":61.64,"dew":9.3,"precip":0.0,"precipprob":0.0,"snow":0.0,"snowdepth":0.0,"preciptype":null,"windgust":14.0,"windspeed":7.6,"winddir":45.7,"pressure":1023.0,"visibility":24.1,"cloudcover":0.0,"solarradiation":795.0,"solarenergy":2.9,"uvindex":8.0,"severerisk":10.0,"conditions":"Clear","icon":"clear-day","stations":null,"source":"fcst"},{"datetime":"13:00:00","datetimeEpoch":1742907600,"temp":17.7,"feelslike":17.7,"humidity":54.82,"dew":8.5,"precip":0.0,"precipprob":0.0,"snow":0.0,"snowdepth":0.0,"preciptype":null,"windgust":15.1,"windspeed":8.3,"winddir":45.7,"pressure":1023.0,"visibility":24.1,"cloudcover":0.0,"solarradiation":842.0,"solarenergy":3.0,"uvindex":8.0,"severerisk":10.0,"conditions":"Clear","icon":"clear-day","stations":null,"source":"fcst"},{"datetime":"14:00:00","datetimeEpoch":1742911200,"temp":18.3,"feelslike":18.3,"humidity":50.68,"dew":7.9,"precip":0.0,"precipprob":0.0,"snow":0.0,"snowdepth":0.0,"preciptype":null,"windgust":15.5,"windspeed":8.3,"winddir":48.1,"pressure":1023.0,"visibility":24.1,"cloudcover":21.7,"solarradiation":825.0,"solarenergy":3.0,"uvindex":8.0,"severerisk":10.0,"conditions":"Partially cloudy","icon":"partly-cloudy-day","stations":null,"source":"fcst"},{"datetime":"15:00:00","datetimeEpoch":1742914800,"temp":18.8,"feelslike":18.8,"humidity":48.79,"dew":7.8,"precip":0.0,"precipprob":0.0,"snow":0.0,"snowdepth":0.0,"preciptype":null,"windgust":15.1,"windspeed":8.6,"winddir":49.9,"pressure":1023.0,"visibility":24.1,"cloudcover":0.0,"solarradiation":742.0,"solarenergy":2.7,"uvindex":7.0,"severerisk":10.0,"conditions":"Clear","icon":"clear-day","stations":null,"source":"fcst"},{"datetime":"16:00:00","datetimeEpoch":1742918400,"temp":19.0,"feelslike":19.0,"humidity":48.18,"dew":7.8,"precip":0.0,"precipprob":0.0,"snow":0.0,"snowdepth":0.0,"preciptype":null,"windgust":15.1,"windspeed":8.3,"winddir":53.0,"pressure":1022.0,"visibility":24.1,"cloudcover":11.0,"solarradiation":596.0,"solarenergy":2.1,"uvindex":6.0,"severerisk":10.0,"conditions":"Clear","icon":"clear-day","stations":null,"source":"fcst"},{"datetime":"17:00:00","datetimeEpoch":1742922000,"temp":19.1,"feelslike":19.1,"humidity":48.21,"dew":7.9,"precip":0.0,"precipprob":0.0,"snow":0.0,"snowdepth":0.0,"preciptype":null,"windgust":14.8,"windspeed":5.0,"winddir":51.8,"pressure":1022.0,"visibility":24.1,"cloudcover":0.0,"solarradiation":419.0,"solarenergy":1.5,"uvindex":4.0,"severerisk":10.0,"conditions":"Clear","icon":"clear-day","stations":null,"source":"fcst"},{"datetime":"18:00:00","datetimeEpoch":1742925600,"temp":18.7,"feelslike":18.7,"humidity":52.54,"dew":8.8,"precip":0.0,"precipprob":0.0,"snow":0.0,"snowdepth":0.0,"preciptype":null,"windgust":9.4,"windspeed":4.0,"winddir":322.4,"pressure":1022.0,"visibility":24.1,"cloudcover":0.0,"solarradiation":219.0,"solarenergy":0.8,"uvindex":2.0,"severerisk":10.0,"conditions":"Clear","icon":"clear-day","stations":null,"source":"fcst"},{"datetime":"19:00:00","datetimeEpoch":1742929200,"temp":16.5,"feelslike":16.5,"humidity":66.32,"dew":10.2,"precip":0.0,"precipprob":0.0,"snow":0.0,"snowdepth":0.0,"preciptype":null,"windgust":21.2,"windspeed":11.9,"winddir":328.9,"pressure":1023.0,"visibility":24.1,"cloudcover":0.0,"solarradiation":39.0,"solarenergy":0.1,"uvindex":0.0,"severerisk":10.0,"conditions":"Clear","icon":"clear-night","stations":null,"source":"fcst"},{"datetime":"20:00:00","datetimeEpoch":1742932800,"temp":15.3,"feelslike":15.3,"humidity":66.96,"dew":9.2,"precip":0.0,"precipprob":0.0,"snow":0.0,"snowdepth":0.0,"preciptype":null,"windgust":20.2,"windspeed":7.6,"winddir":323.9,"pressure":1023.0,"visibility":24.1,"cloudcover":0.0,"solarradiation":0.0,"solarenergy":0.0,"uvindex":0.0,"severerisk":10.0,"conditions":"Clear","icon":"clear-night","stations":null,"source":"fcst"},{"datetime":"21:00:00","datetimeEpoch":1742936400,"temp":14.7,"feelslike":14.7,"humidity":64.6,"dew":8.1,"precip":0.0,"precipprob":0.0,"snow":0.0,"snowdepth":0.0,"preciptype":null,"windgust":13.3,"windspeed":5.8,"winddir":323.4,"pressure":1024.0,"visibility":24.1,"cloudcover":0.0,"solarradiation":0.0,"solarenergy":0.0,"uvindex":0.0,"severerisk":10.0,"conditions":"Clear","icon":"clear-night","stations":null,"source":"fcst"},{"datetime":"22:00:00","datetimeEpoch":1742940000,"temp":14.2,"feelslike":14.2,"humidity":66.72,"dew":8.1,"precip":0.0,"precipprob":0.0,"snow":0.0,"snowdepth":0.0,"preciptype":null,"windgust":10.8,"windspeed":4.7,"winddir":329.9,"pressure":1024.0,"visibility":24.1,"cloudcover":0.0,"solarradiation":0.0,"solarenergy":0.0,"uvindex":0.0,"severerisk":10.0,"conditions":"Clear","icon":"clear-night","stations":null,"source":"fcst"},{"datetime":"23:00:00","datetimeEpoch":1742943600,"temp":13.9,"feelslike":13.9,"humidity":68.03,"dew":8.1,"precip":0.0,"precipprob":0.0,"snow":0.0,"snowdepth":0.0,"preciptype":null,"windgust":8.6,"windspeed":4.0,"winddir":308.9,"pressure":1024.0,"visibility":24.1,"cloudcover":0.0,"solarradiation":0.0,"solarenergy":0.0,"uvindex":0.0,"severerisk":10.0,"conditions":"Clear","icon":"clear-night","stations":null,"source":"fcst"}]},{"datetime":"2025-03-26","datetimeEpoch":1742947200,"tempmax":20.3,"tempmin":12.2,"temp":15.1,"feelslikemax":20.3,"feelslikemin":12.2,"feelslike":15.1,"dew":8.4,"humidity":65.4,"precip":0.0,"precipprob":0.0,"precipcover":0.0,"preciptype":null,"snow":0.0,"snowdepth":0.0,"windgust":23.8,"windspeed":14.0,"winddir":325.3,"pressure":1022.8,"cloudcover":12.1,"visibility":24.1,"solarradiation":262.6,"solarenergy":22.7,"uvindex":9.0,"severerisk":10.0,"sunrise":"06:30:28","sunriseEpoch":1742970628,"sunset":"18:54:36","sunsetEpoch":1743015276,"moonphase":0.9,"conditions":"Clear","description":"Clear conditions throughout the day.","icon":"clear-day","stations":null,"source":"fcst","hours":[{"datetime":"00:00:00","datetimeEpoch":1742947200,"temp":13.7,"feelslike":13.7,"humidity":67.99,"dew":7.9,"precip":0.0,"precipprob":0.0,"snow":0.0,"snowdepth":0.0,"preciptype":null,"windgust":7.2,"windspeed":2.5,"winddir":304.1,"pressure":1024.0,"visibility":24.1,"cloudcover":0.0,"solarradiation":0.0,"solarenergy":0.0,"uvindex":0.0,"severerisk":10.0,"conditions":"Clear","icon":"clear-night","stations":null,"source":"fcst"},{"datetime":"01:00:00","datetimeEpoch":1742950800,"temp":13.5,"feelslike":13.5,"humidity":67.95,"dew":7.7,"precip":0.0,"precipprob":0.0,"snow":0.0,"snowdepth":0.0,"preciptype":null,"windgust":4.3,"windspeed":2.2,"winddir":311.3,"pressure":1024.0,"visibility":24.1,"cloudcover":0.0,"solarradiation":0.0,"solarenergy":0.0,"uvindex":0.0,"severerisk":10.0,"conditions":"Clear","icon":"clear-night","stations":null,"source":"fcst"},{"datetime":"02:00:00","datetimeEpoch":1742954400,"temp":13.1,"feelslike":13.1,"humidity":69.27,"dew":7.6,"precip":0.0,"precipprob":0.0,"snow":0.0,"snowdepth":0.0,"preciptype":null,"windgust":4.7,"windspeed":2.9,"winddir":311.4,"pressure":1024.0,"visibility":24.1,"cloudcover":0.0,"solarradiation":0.0,"solarenergy":0.0,"uvindex":0.0,"severerisk":10.0,"conditions":"Clear","icon":"clear-night","stations":null,"source":"fcst"},{"datetime":"03:00:00","datetimeEpoch":1742958000,"temp":12.9,"feelslike":12.9,"humidity":70.18,"dew":7.6,"precip":0.0,"precipprob":0.0,"snow":0.0,"snowdepth":0.0,"preciptype":null,"windgust":4.7,"windspeed":2.2,"winddir":311.4,"pressure":1023.0,"visibility":24.1,"cloudcover":0.0,"solarradiation":0.0,"solarenergy":0.0,"uvindex":0.0,"severerisk":10.0,"conditions":"Clear","icon":"clear-night","stations":null,"source":"fcst"},{"datetime":"04:00:00","datetimeEpoch":1742961600,"temp":12.7,"feelslike":12.7,"humidity":70.14,"dew":7.4,"precip":0.0,"precipprob":0.0,"snow":0.0,"snowdepth":0.0,"preciptype":null,"windgust":3.2,"windspeed":1.1,"winddir":262.7,"pressure":1023.0,"visibility":24.1,"cloudcover":0.2,"solarradiation":0.0,"solarenergy":0.0,"uvindex":0.0,"severerisk":10.0,"conditions":"Clear","icon":"clear-night","stations":null,"source":"fcst"},{"datetime":"05:00:00","datetimeEpoch":1742965200,"temp":12.5,"feelslike":12.5,"humidity":71.07,"dew":7.4,"precip":0.0,"precipprob":0.0,"snow":0.0,"snowdepth":0.0,"preciptype":null,"windgust":2.2,"windspeed":0.4,"winddir":256.3,"pressure":1023.0,"visibility":24.1,"cloudcover":0.1,"solarradiation":0.0,"solarenergy":0.0,"uvindex":0.0,"severerisk":10.0,"conditions":"Clear","icon":"clear-night","stations":null,"source":"fcst"},{"datetime":"06:00:00","datetimeEpoch":1742968800,"temp":12.4,"feelslike":12.4,"humidity":72.03,"dew":7.5,"precip":0.0,"precipprob":0.0,"snow":0.0,"snowdepth":0.0,"preciptype":null,"windgust":1.8,"windspeed":1.1,"winddir":17.9,"pressure":1023.0,"visibility":24.1,"cloudcover":0.8,"solarradiation":0.0,"solarenergy":0.0,"uvindex":0.0,"severerisk":10.0,"conditions":"Clear","icon":"clear-night","stations":null,"source":"fcst"},{"datetime":"07:00:00","datetimeEpoch":1742972400,"temp":12.3,"feelslike":12.3,"humidity":73.0,"dew":7.6,"precip":0.0,"precipprob":0.0,"snow":0.0,"snowdepth":0.0,"preciptype":null,"windgust":2.5,"windspeed":2.2,"winddir":292.1,"pressure":1023.0,"visibility":24.1,"cloudcover":7.5,"solarradiation":8.0,"solarenergy":0.0,"uvindex":0.0,"severerisk":10.0,"conditions":"Clear","icon":"clear-day","stations":null,"source":"fcst"},{"datetime":"08:00:00","datetimeEpoch":1742976000,"temp":12.2,"feelslike":12.2,"humidity":75.51,"dew":8.0,"precip":0.0,"precipprob":0.0,"snow":0.0,"snowdepth":0.0,"preciptype":null,"windgust":4.0,"windspeed":2.5,"winddir":253.2,"pressure":1023.0,"visibility":24.1,"cloudcover":0.0,"solarradiation":140.0,"solarenergy":0.5,"uvindex":1.0,"severerisk":10.0,"conditions":"Clear","icon":"clear-day","stations":null,"source":"fcst"},{"datetime":"09:00:00","datetimeEpoch":1742979600,"temp":14.2,"feelslike":14.2,"humidity":69.02,"dew":8.6,"precip":0.0,"precipprob":0.0,"snow":0.0,"snowdepth":0.0,"preciptype":null,"windgust":3.6,"windspeed":1.4,"winddir":222.4,"pressure":1024.0,"visibility":24.1,"cloudcover":0.0,"solarradiation":345.0,"solarenergy":1.2,"uvindex":3.0,"severerisk":10.0,"conditions":"Clear","icon":"clear-day","stations":null,"source":"fcst"},{"datetime":"10:00:00","datetimeEpoch":1742983200,"temp":16.1,"feelslike":16.1,"humidity":55.92,"dew":7.3,"precip":0.0,"precipprob":0.0,"snow":0.0,"snowdepth":0.0,"preciptype":null,"windgust":4.0,"windspeed":1.1,"winddir":292.6,"pressure":1024.0,"visibility":24.1,"cloudcover":0.0,"solarradiation":544.0,"solarenergy":2.0,"uvindex":5.0,"severerisk":10.0,"conditions":"Clear","icon":"clear-day","stations":null,"source":"fcst"},{"datetime":"11:00:00","datetimeEpoch":1742986800,"temp":17.6,"feelslike":17.6,"humidity":52.25,"dew":7.7,"precip":0.0,"precipprob":0.0,"snow":0.0,"snowdepth":0.0,"preciptype":null,"windgust":6.8,"windspeed":3.2,"winddir":354.5,"pressure":1024.0,"visibility":24.1,"cloudcover":0.0,"solarradiation":702.0,"solarenergy":2.5,"uvindex":7.0,"severerisk":10.0,"conditions":"Clear","icon":"clear-day","stations":null,"source":"fcst"},{"datetime":"12:00:00","datetimeEpoch":1742990400,"temp":18.7,"feelslike":18.7,"humidity":52.54,"dew":8.8,"precip":0.0,"precipprob":0.0,"snow":0.0,"snowdepth":0.0,"preciptype":null,"windgust":7.9,"windspeed":3.6,"winddir":10.1,"pressure":1023.0,"visibility":24.1,"cloudcover":0.0,"solarradiation":808.0,"solarenergy":2.9,"uvindex":8.0,"severerisk":10.0,"conditions":"Clear","icon":"clear-day","stations":null,"source":"fcst"},{"datetime":"13:00:00","datetimeEpoch":1742994000,"temp":19.7,"feelslike":19.7,"humidity":46.44,"dew":7.9,"precip":0.0,"precipprob":0.0,"snow":0.0,"snowdepth":0.0,"preciptype":null,"windgust":7.9,"windspeed":1.8,"winddir":9.1,"pressure":1023.0,"visibility":24.1,"cloudcover":63.7,"solarradiation":852.0,"solarenergy":3.1,"uvindex":9.0,"severerisk":10.0,"conditions":"Partially cloudy","icon":"partly-cloudy-day","stations":null,"source":"fcst"},{"datetime":"14:00:00","datetimeEpoch":1742997600,"temp":20.3,"feelslike":20.3,"humidity":44.45,"dew":7.8,"precip":0.0,"precipprob":0.0,"snow":0.0,"snowdepth":0.0,"preciptype":null,"windgust":11.5,"windspeed":6.1,"winddir":297.2,"pressure":1022.0,"visibility":24.1,"cloudcover":84.4,"solarradiation":831.0,"solarenergy":3.0,"uvindex":8.0,"severerisk":10.0,"conditions":"Partially cloudy","icon":"partly-cloudy-day","stations":null,"source":"fcst"},{"datetime":"15:00:00","datetimeEpoch":1743001200,"temp":19.7,"feelslike":19.7,"humidity":49.03,"dew":8.7,"precip":0.0,"precipprob":0.0,"snow":0.0,"snowdepth":0.0,"preciptype":null,"windgust":22.0,"windspeed":12.6,"winddir":312.0,"pressure":1021.0,"visibility":24.1,"cloudcover":57.9,"solarradiation":749.0,"solarenergy":2.7,"uvindex":7.0,"severerisk":10.0,"conditions":"Partially cloudy","icon":"partly-cloudy-day","stations":null,"source":"fcst"},{"datetime":"16:00:00","datetimeEpoch":1743004800,"temp":19.4,"feelslike":19.4,"humidity":47.0,"dew":7.8,"precip":0.0,"precipprob":0.0,"snow":0.0,"snowdepth":0.0,"preciptype":null,"windgust":22.7,"windspeed":13.0,"winddir":322.2,"pressure":1021.0,"visibility":24.1,"cloudcover":6.2,"solarradiation":614.0,"solarenergy":2.2,"uvindex":6.0,"severerisk":10.0,"conditions":"Clear","icon":"clear-day","stations":null,"source":"fcst"},{"datetime":"17:00:00","datetimeEpoch":1743008400,"temp":18.2,"feelslike":18.2,"humidity":53.48,"dew":8.6,"precip":0.0,"precipprob":0.0,"snow":0.0,"snowdepth":0.0,"preciptype":null,"windgust":23.8,"windspeed":14.0,"winddir":328.0,"pressure":1021.0,"visibility":24.1,"cloudcover":0.0,"solarradiation":436.0,"solarenergy":1.6,"uvindex":4.0,"severerisk":10.0,"conditions":"Clear","icon":"clear-day","stations":null,"source":"fcst"},{"datetime":"18:00:00","datetimeEpoch":1743012000,"temp":16.7,"feelslike":16.7,"humidity":62.06,"dew":9.4,"precip":0.0,"precipprob":0.0,"snow":0.0,"snowdepth":0.0,"preciptype":null,"windgust":23.8,"windspeed":13.7,"winddir":332.7,"pressure":1022.0,"visibility":24.1,"cloudcover":0.0,"solarradiation":230.0,"solarenergy":0.8,"uvindex":2.0,"severerisk":10.0,"conditions":"Clear","icon":"clear-day","stations":null,"source":"fcst"},{"datetime":"19:00:00","datetimeEpoch":1743015600,"temp":14.9,"feelslike":14.9,"humidity":70.57,"dew":9.6,"precip":0.0,"precipprob":0.0,"snow":0.0,"snowdepth":0.0,"preciptype":null,"windgust":23.0,"windspeed":12.6,"winddir":333.6,"pressure":1022.0,"visibility":24.1,"cloudcover":0.0,"solarradiation":43.0,"solarenergy":0.2,"uvindex":0.0,"severerisk":10.0,"conditions":"Clear","icon":"clear-night","stations":null,"source":"fcst"},{"datetime":"20:00:00","datetimeEpoch":1743019200,"temp":13.5,"feelslike":13.5,"humidity":79.9,"dew":10.1,"precip":0.0,"precipprob":0.0,"snow":0.0,"snowdepth":0.0,"preciptype":null,"windgust":22.0,"windspeed":12.2,"winddir":336.8,"pressure":1023.0,"visibility":24.1,"cloudcover":5.2,"solarradiation":0.0,"solarenergy":0.0,"uvindex":0.0,"severerisk":10.0,"conditions":"Clear","icon":"clear-night","stations":null,"source":"fcst"},{"datetime":"21:00:00","datetimeEpoch":1743022800,"temp":12.9,"feelslike":12.9,"humidity":82.54,"dew":10.0,"precip":0.0,"precipprob":0.0,"snow":0.0,"snowdepth":0.0,"preciptype":null,"windgust":20.5,"windspeed":9.7,"winddir":332.3,"pressure":1023.0,"visibility":24.1,"cloudcover":21.7,"solarradiation":0.0,"solarenergy":0.0,"uvindex":0.0,"severerisk":10.0,"conditions":"Partially cloudy","icon":"partly-cloudy-night","stations":null,"source":"fcst"},{"datetime":"22:00:00","datetimeEpoch":1743026400,"temp":12.5,"feelslike":12.5,"humidity":84.17,"dew":9.9,"precip":0.0,"precipprob":0.0,"snow":0.0,"snowdepth":0.0,"preciptype":null,"windgust":16.6,"windspeed":7.6,"winddir":332.0,"pressure":1023.0,"visibility":24.1,"cloudcover":21.0,"solarradiation":0.0,"solarenergy":0.0,"uvindex":0.0,"severerisk":10.0,"conditions":"Partially cloudy","icon":"partly-cloudy-night","stations":null,"source":"fcst"},{"datetime":"23:00:00","datetimeEpoch":1743030000,"temp":12.2,"feelslike":12.2,"humidity":83.57,"dew":9.5,"precip":0.0,"precipprob":0.0,"snow":0.0,"snowdepth":0.0,"preciptype":null,"windgust":13.0,"windspeed":6.5,"winddir":334.2,"pressure":1022.0,"visibility":24.1,"cloudcover":22.5,"solarradiation":0.0,"solarenergy":0.0,"uvindex":0.0,"severerisk":10.0,"conditions":"Partially cloudy","icon":"partly-cloudy-night","stations":null,"source":"fcst"}]},{"datetime":"2025-03-27","datetimeEpoch":1743033600,"tempmax":18.4,"tempmin":11.2,"temp":14.2,"feelslikemax":18.4,"feelslikemin":11.2,"feelslike":14.2,"dew":9.0,"humidity":72.4,"precip":0.0,"precipprob":6.5,"precipcover":0.0,"preciptype":null,"snow":0.0,"snowdepth":0.0,"windgust":25.6,"windspeed":15.1,"winddir":337.9,"pressure":1020.4,"cloudcover":32.3,"visibility":24.1,"solarradiation":264.8,"solarenergy":22.9,"uvindex":9.0,"severerisk":10.0,"sunrise":"06:28:54","sunriseEpoch":1743056934,"sunset":"18:55:34","sunsetEpoch":1743101734,"moonphase":0.94,"conditions":"Partially cloudy","description":"Partly cloudy throughout the day.","icon":"partly-cloudy-day","stations":null,"source":"fcst","hours":[{"datetime":"00:00:00","datetimeEpoch":1743033600,"temp":12.0,"feelslike":12.0,"humidity":84.68,"dew":9.5,"precip":0.0,"precipprob":0.0,"snow":0.0,"snowdepth":0.0,"preciptype":null,"windgust":11.5,"windspeed":5.4,"winddir":335.5,"pressure":1022.0,"visibility":24.1,"cloudcover":33.3,"solarradiation":0.0,"solarenergy":0.0,"uvindex":0.0,"severerisk":10.0,"conditions":"Partially cloudy","icon":"partly-cloudy-night","stations":null,"source":"fcst"},{"datetime":"01:00:00","datetimeEpoch":1743037200,"temp":11.8,"feelslike":11.8,"humidity":85.8,"dew":9.5,"precip":0.0,"precipprob":0.0,"snow":0.0,"snowdepth":0.0,"preciptype":null,"windgust":9.4,"windspeed":5.0,"winddir":330.1,"pressure":1022.0,"visibility":24.1,"cloudcover":32.8,"solarradiation":0.0,"solarenergy":0.0,"uvindex":0.0,"severerisk":10.0,"conditions":"Partially cloudy","icon":"partly-cloudy-night","stations":null,"source":"fcst"},{"datetime":"02:00:00","datetimeEpoch":1743040800,"temp":11.6,"feelslike":11.6,"humidity":85.78,"dew":9.3,"precip":0.0,"precipprob":0.0,"snow":0.0,"snowdepth":0.0,"preciptype":null,"windgust":10.1,"windspeed":5.4,"winddir":328.0,"pressure":1021.0,"visibility":24.1,"cloudcover":27.4,"solarradiation":0.0,"solarenergy":0.0,"uvindex":0.0,"severerisk":10.0,"conditions":"Partially cloudy","icon":"partly-cloudy-night","stations":null,"source":"fcst"},{"datetime":"03:00:00","datetimeEpoch":1743044400,"temp":11.4,"feelslike":11.4,"humidity":86.34,"dew":9.2,"precip":0.0,"precipprob":0.0,"snow":0.0,"snowdepth":0.0,"preciptype":null,"windgust":10.1,"windspeed":5.4,"winddir":310.7,"pressure":1021.0,"visibility":24.1,"cloudcover":25.1,"solarradiation":0.0,"solarenergy":0.0,"uvindex":0.0,"severerisk":10.0,"conditions":"Partially cloudy","icon":"partly-cloudy-night","stations":null,"source":"fcst"},{"datetime":"04:00:00","datetimeEpoch":1743048000,"temp":11.3,"feelslike":11.3,"humidity":86.91,"dew":9.2,"precip":0.0,"precipprob":0.0,"snow":0.0,"snowdepth":0.0,"preciptype":null,"windgust":9.7,"windspeed":4.7,"winddir":302.0,"pressure":1021.0,"visibility":24.1,"cloudcover":32.4,"solarradiation":0.0,"solarenergy":0.0,"uvindex":0.0,"severerisk":10.0,"conditions":"Partially cloudy","icon":"partly-cloudy-night","stations":null,"source":"fcst"},{"datetime":"05:00:00","datetimeEpoch":1743051600,"temp":11.3,"feelslike":11.3,"humidity":86.91,"dew":9.2,"precip":0.0,"precipprob":0.0,"snow":0.0,"snowdepth":0.0,"preciptype":null,"windgust":8.6,"windspeed":4.3,"winddir":305.0,"pressure":1021.0,"visibility":24.1,"cloudcover":42.5,"solarradiation":0.0,"solarenergy":0.0,"uvindex":0.0,"severerisk":10.0,"conditions":"Partially cloudy","icon":"partly-cloudy-night","stations":null,"source":"fcst"},{"datetime":"06:00:00","datetimeEpoch":1743055200,"temp":11.2,"feelslike":11.2,"humidity":88.08,"dew":9.3,"precip":0.0,"precipprob":0.0,"snow":0.0,"snowdepth":0.0,"preciptype":null,"windgust":8.6,"windspeed":4.7,"winddir":318.8,"pressure":1020.0,"visibility":24.1,"cloudcover":32.5,"solarradiation":0.0,"solarenergy":0.0,"uvindex":0.0,"severerisk":10.0,"conditions":"Partially cloudy","icon":"partly-cloudy-night","stations":null,"source":"fcst"},{"datetime":"07:00:00","datetimeEpoch":1743058800,"temp":11.2,"feelslike":11.2,"humidity":86.9,"dew":9.1,"precip":0.0,"precipprob":0.0,"snow":0.0,"snowdepth":0.0,"preciptype":null,"windgust":8.3,"windspeed":4.3,"winddir":312.7,"pressure":1021.0,"visibility":24.1,"cloudcover":17.6,"solarradiation":9.0,"solarenergy":0.0,"uvindex":0.0,"severerisk":10.0,"conditions":"Clear","icon":"clear-day","stations":null,"source":"fcst"},{"datetime":"08:00:00","datetimeEpoch":1743062400,"temp":11.9,"feelslike":11.9,"humidity":84.1,"dew":9.3,"precip":0.0,"precipprob":0.0,"snow":0.0,"snowdepth":0.0,"preciptype":null,"windgust":8.6,"windspeed":5.0,"winddir":290.5,"pressure":1021.0,"visibility":24.1,"cloudcover":48.9,"solarradiation":143.0,"solarenergy":0.5,"uvindex":1.0,"severerisk":10.0,"conditions":"Partially cloudy","icon":"partly-cloudy-day","stations":null,"source":"fcst"},{"datetime":"09:00:00","datetimeEpoch":1743066000,"temp":13.4,"feelslike":13.4,"humidity":76.74,"dew":9.4,"precip":0.0,"precipprob":0.0,"snow":0.0,"snowdepth":0.0,"preciptype":null,"windgust":10.1,"windspeed":5.4,"winddir":311.7,"pressure":1021.0,"visibility":24.1,"cloudcover":51.0,"solarradiation":353.0,"solarenergy":1.3,"uvindex":4.0,"severerisk":10.0,"conditions":"Partially cloudy","icon":"partly-cloudy-day","stations":null,"source":"fcst"},{"datetime":"10:00:00","datetimeEpoch":1743069600,"temp":15.2,"feelslike":15.2,"humidity":64.71,"dew":8.6,"precip":0.0,"precipprob":0.0,"snow":0.0,"snowdepth":0.0,"preciptype":null,"windgust":16.2,"windspeed":9.4,"winddir":345.4,"pressure":1021.0,"visibility":24.1,"cloudcover":38.2,"solarradiation":550.0,"solarenergy":2.0,"uvindex":6.0,"severerisk":10.0,"conditions":"Partially cloudy","icon":"partly-cloudy-day","stations":null,"source":"fcst"},{"datetime":"11:00:00","datetimeEpoch":1743073200,"temp":16.4,"feelslike":16.4,"humidity":57.15,"dew":7.9,"precip":0.0,"precipprob":0.0,"snow":0.0,"snowdepth":0.0,"preciptype":null,"windgust":19.4,"windspeed":11.2,"winddir":349.3,"pressure":1021.0,"visibility":24.1,"cloudcover":61.5,"solarradiation":711.0,"solarenergy":2.6,"uvindex":7.0,"severerisk":10.0,"conditions":"Partially cloudy","icon":"partly-cloudy-day","stations":null,"source":"fcst"},{"datetime":"12:00:00","datetimeEpoch":1743076800,"temp":17.3,"feelslike":17.3,"humidity":54.72,"dew":8.1,"precip":0.0,"precipprob":0.0,"snow":0.0,"snowdepth":0.0,"preciptype":null,"windgust":19.4,"windspeed":10.1,"winddir":354.2,"pressure":1020.0,"visibility":24.1,"cloudcover":59.9,"solarradiation":817.0,"solarenergy":2.9,"uvindex":8.0,"severerisk":10.0,"conditions":"Partially cloudy","icon":"partly-cloudy-day","stations":null,"source":"fcst"},{"datetime":"13:00:00","datetimeEpoch":1743080400,"temp":18.1,"feelslike":18.1,"humidity":51.32,"dew":7.9,"precip":0.0,"precipprob":6.5,"snow":0.0,"snowdepth":0.0,"preciptype":null,"windgust":19.1,"windspeed":10.4,"winddir":355.1,"pressure":1020.0,"visibility":24.1,"cloudcover":71.4,"solarradiation":861.0,"solarenergy":3.1,"uvindex":9.0,"severerisk":10.0,"conditions":"Partially cloudy","icon":"partly-cloudy-day","stations":null,"source":"fcst"},{"datetime":"14:00:00","datetimeEpoch":1743084000,"temp":18.4,"feelslike":18.4,"humidity":51.06,"dew":8.1,"precip":0.0,"precipprob":6.5,"snow":0.0,"snowdepth":0.0,"preciptype":null,"windgust":20.9,"windspeed":11.9,"winddir":353.8,"pressure":1019.0,"visibility":24.1,"cloudcover":90.8,"solarradiation":840.0,"solarenergy":3.0,"uvindex":8.0,"severerisk":10.0,"conditions":"Overcast","icon":"cloudy","stations":null,"source":"fcst"},{"datetime":"15:00:00","datetimeEpoch":1743087600,"temp":18.4,"feelslike":18.4,"humidity":52.82,"dew":8.6,"precip":0.0,"precipprob":6.5,"snow":0.0,"snowdepth":0.0,"preciptype":null,"windgust":22.7,"windspeed":13.0,"winddir":350.2,"pressure":1019.0,"visibility":24.1,"cloudcover":56.9,"solarradiation":756.0,"solarenergy":2.7,"uvindex":8.0,"severerisk":10.0,"conditions":"Partially cloudy","icon":"partly-cloudy-day","stations":null,"source":"fcst"},{"datetime":"16:00:00","datetimeEpoch":1743091200,"temp":17.8,"feelslike":17.8,"humidity":57.5,"dew":9.3,"precip":0.0,"precipprob":6.5,"snow":0.0,"snowdepth":0.0,"preciptype":null,"windgust":24.5,"windspeed":14.4,"winddir":343.2,"pressure":1019.0,"visibility":24.1,"cloudcover":30.3,"solarradiation":616.0,"solarenergy":2.2,"uvindex":6.0,"severerisk":10.0,"conditions":"Partially cloudy","icon":"partly-cloudy-day","stations":null,"source":"fcst"},{"datetime":"17:00:00","datetimeEpoch":1743094800,"temp":17.1,"feelslike":17.1,"humidity":60.1,"dew":9.3,"precip":0.0,"precipprob":6.5,"snow":0.0,"snowdepth":0.0,"preciptype":null,"windgust":25.6,"windspeed":15.1,"winddir":339.2,"pressure":1019.0,"visibility":24.1,"cloudcover":21.5,"solarradiation":432.0,"solarenergy":1.6,"uvindex":4.0,"severerisk":10.0,"conditions":"Partially cloudy","icon":"partly-cloudy-day","stations":null,"source":"fcst"},{"datetime":"18:00:00","datetimeEpoch":1743098400,"temp":16.1,"feelslike":16.1,"humidity":61.92,"dew":8.8,"precip":0.0,"precipprob":6.5,"snow":0.0,"snowdepth":0.0,"preciptype":null,"windgust":25.6,"windspeed":13.7,"winddir":337.7,"pressure":1019.0,"visibility":24.1,"cloudcover":0.0,"solarradiation":226.0,"solarenergy":0.8,"uvindex":2.0,"severerisk":10.0,"conditions":"Clear","icon":"clear-day","stations":null,"source":"fcst"},{"datetime":"19:00:00","datetimeEpoch":1743102000,"temp":15.0,"feelslike":15.0,"humidity":68.26,"dew":9.2,"precip":0.0,"precipprob":0.0,"snow":0.0,"snowdepth":0.0,"preciptype":null,"windgust":23.4,"windspeed":10.4,"winddir":336.4,"pressure":1019.0,"visibility":24.1,"cloudcover":0.0,"solarradiation":42.0,"solarenergy":0.2,"uvindex":0.0,"severerisk":10.0,"conditions":"Clear","icon":"clear-night","stations":null,"source":"fcst"},{"datetime":"20:00:00","datetimeEpoch":1743105600,"temp":14.0,"feelslike":14.0,"humidity":73.8,"dew":9.4,"precip":0.0,"precipprob":0.0,"snow":0.0,"snowdepth":0.0,"preciptype":null,"windgust":18.7,"windspeed":11.5,"winddir":340.9,"pressure":1020.0,"visibility":24.1,"cloudcover":0.0,"solarradiation":0.0,"solarenergy":0.0,"uvindex":0.0,"severerisk":10.0,"conditions":"Clear","icon":"clear-night","stations":null,"source":"fcst"},{"datetime":"21:00:00","datetimeEpoch":1743109200,"temp":13.3,"feelslike":13.3,"humidity":77.76,"dew":9.5,"precip":0.0,"precipprob":0.0,"snow":0.0,"snowdepth":0.0,"preciptype":null,"windgust":19.4,"windspeed":6.5,"winddir":350.8,"pressure":1021.0,"visibility":24.1,"cloudcover":0.0,"solarradiation":0.0,"solarenergy":0.0,"uvindex":0.0,"severerisk":10.0,"conditions":"Clear","icon":"clear-night","stations":null,"source":"fcst"},{"datetime":"22:00:00","datetimeEpoch":1743112800,"temp":12.9,"feelslike":12.9,"humidity":76.66,"dew":8.9,"precip":0.0,"precipprob":0.0,"snow":0.0,"snowdepth":0.0,"preciptype":null,"windgust":11.2,"windspeed":5.4,"winddir":340.3,"pressure":1021.0,"visibility":24.1,"cloudcover":0.0,"solarradiation":0.0,"solarenergy":0.0,"uvindex":0.0,"severerisk":10.0,"conditions":"Clear","icon":"clear-night","stations":null,"source":"fcst"},{"datetime":"23:00:00","datetimeEpoch":1743116400,"temp":12.5,"feelslike":12.5,"humidity":78.69,"dew":8.9,"precip":0.0,"precipprob":0.0,"snow":0.0,"snowdepth":0.0,"preciptype":null,"windgust":9.4,"windspeed":4.3,"winddir":335.9,"pressure":1021.0,"visibility":24.1,"cloudcover":0.0,"solarradiation":0.0,"solarenergy":0.0,"uvindex":0.0,"severerisk":10.0,"conditions":"Clear","icon":"clear-night","stations":null,"source":"fcst"}]},{"datetime":"2025-03-28","datetimeEpoch":1743120000,"tempmax":20.5,"tempmin":11.5,"temp":14.9,"feelslikemax":20.5,"feelslikemin":11.5,"feelslike":14.9,"dew":9.9,"humidity":72.9,"precip":0.0,"precipprob":0.0,"precipcover":0.0,"preciptype":null,"snow":0.0,"snowdepth":0.0,"windgust":33.5,"windspeed":17.3,"winddir":350.0,"pressure":1021.9,"cloudcover":13.4,"visibility":24.1,"solarradiation":269.4,"solarenergy":23.3,"uvindex":9.0,"severerisk":10.0,"sunrise":"06:27:20","sunriseEpoch":1743143240,"sunset":"18:56:32","sunsetEpoch":1743188192,"moonphase":0.97,"conditions":"Clear","description":"Clear conditions throughout the day.","icon":"clear-day","stations":null,"source":"fcst","hours":[{"datetime":"00:00:00","datetimeEpoch":1743120000,"temp":12.2,"feelslike":12.2,"humidity":79.72,"dew":8.8,"precip":0.0,"precipprob":0.0,"snow":0.0,"snowdepth":0.0,"preciptype":null,"windgust":7.9,"windspeed":4.3,"winddir":331.1,"pressure":1021.0,"visibility":24.1,"cloudcover":0.0,"solarradiation":0.0,"solarenergy":0.0,"uvindex":0.0,"severerisk":10.0,"conditions":"Clear","icon":"clear-night","stations":null,"source":"fcst"},{"datetime":"01:00:00","datetimeEpoch":1743123600,"temp":12.0,"feelslike":12.0,"humidity":80.23,"dew":8.7,"precip":0.0,"precipprob":0.0,"snow":0.0,"snowdepth":0.0,"preciptype":null,"windgust":7.9,"windspeed":4.3,"winddir":337.0,"pressure":1021.0,"visibility":24.1,"cloudcover":0.0,"solarradiation":0.0,"solarenergy":0.0,"uvindex":0.0,"severerisk":10.0,"conditions":"Clear","icon":"clear-night","stations":null,"source":"fcst"},{"datetime":"02:00:00","datetimeEpoch":1743127200,"temp":11.8,"feelslike":11.8,"humidity":80.75,"dew":8.6,"precip":0.0,"precipprob":0.0,"snow":0.0,"snowdepth":0.0,"preciptype":null,"windgust":7.6,"windspeed":3.2,"winddir":334.1,"pressure":1020.0,"visibility":24.1,"cloudcover":0.0,"solarradiation":0.0,"solarenergy":0.0,"uvindex":0.0,"severerisk":10.0,"conditions":"Clear","icon":"clear-night","stations":null,"source":"fcst"},{"datetime":"03:00:00","datetimeEpoch":1743130800,"temp":11.5,"feelslike":11.5,"humidity":82.36,"dew":8.6,"precip":0.0,"precipprob":0.0,"snow":0.0,"snowdepth":0.0,"preciptype":null,"windgust":8.6,"windspeed":4.7,"winddir":308.9,"pressure":1020.0,"visibility":24.1,"cloudcover":0.0,"solarradiation":0.0,"solarenergy":0.0,"uvindex":0.0,"severerisk":10.0,"conditions":"Clear","icon":"clear-night","stations":null,"source":"fcst"},{"datetime":"04:00:00","datetimeEpoch":1743134400,"temp":11.5,"feelslike":11.5,"humidity":82.92,"dew":8.7,"precip":0.0,"precipprob":0.0,"snow":0.0,"snowdepth":0.0,"preciptype":null,"windgust":8.6,"windspeed":3.6,"winddir":322.6,"pressure":1020.0,"visibility":24.1,"cloudcover":0.0,"solarradiation":0.0,"solarenergy":0.0,"uvindex":0.0,"severerisk":10.0,"conditions":"Clear","icon":"clear-night","stations":null,"source":"fcst"},{"datetime":"05:00:00","datetimeEpoch":1743138000,"temp":11.7,"feelslike":11.7,"humidity":84.07,"dew":9.1,"precip":0.0,"precipprob":0.0,"snow":0.0,"snowdepth":0.0,"preciptype":null,"windgust":6.8,"windspeed":3.6,"winddir":344.4,"pressure":1020.0,"visibility":24.1,"cloudcover":0.0,"solarradiation":0.0,"solarenergy":0.0,"uvindex":0.0,"severerisk":10.0,"conditions":"Clear","icon":"clear-night","stations":null,"source":"fcst"},{"datetime":"06:00:00","datetimeEpoch":1743141600,"temp":11.9,"feelslike":11.9,"humidity":83.53,"dew":9.2,"precip":0.0,"precipprob":0.0,"snow":0.0,"snowdepth":0.0,"preciptype":null,"windgust":6.1,"windspeed":3.6,"winddir":353.3,"pressure":1021.0,"visibility":24.1,"cloudcover":0.0,"solarradiation":0.0,"solarenergy":0.0,"uvindex":0.0,"severerisk":10.0,"conditions":"Clear","icon":"clear-night","stations":null,"source":"fcst"},{"datetime":"07:00:00","datetimeEpoch":1743145200,"temp":12.5,"feelslike":12.5,"humidity":81.4,"dew":9.4,"precip":0.0,"precipprob":0.0,"snow":0.0,"snowdepth":0.0,"preciptype":null,"windgust":5.9,"windspeed":3.4,"winddir":237.7,"pressure":1021.7,"visibility":24.1,"cloudcover":0.0,"solarradiation":10.0,"solarenergy":0.0,"uvindex":0.0,"severerisk":10.0,"conditions":"Clear","icon":"clear-day","stations":null,"source":"fcst"},{"datetime":"08:00:00","datetimeEpoch":1743148800,"temp":13.2,"feelslike":13.2,"humidity":79.33,"dew":9.7,"precip":0.0,"precipprob":0.0,"snow":0.0,"snowdepth":0.0,"preciptype":null,"windgust":5.6,"windspeed":3.1,"winddir":122.0,"pressure":1022.3,"visibility":24.1,"cloudcover":0.0,"solarradiation":152.0,"solarenergy":0.5,"uvindex":2.0,"severerisk":10.0,"conditions":"Clear","icon":"clear-day","stations":null,"source":"fcst"},{"datetime":"09:00:00","datetimeEpoch":1743152400,"temp":13.9,"feelslike":13.9,"humidity":77.33,"dew":10.0,"precip":0.0,"precipprob":0.0,"snow":0.0,"snowdepth":0.0,"preciptype":null,"windgust":5.4,"windspeed":2.9,"winddir":6.4,"pressure":1023.0,"visibility":24.1,"cloudcover":0.0,"solarradiation":364.0,"solarenergy":1.3,"uvindex":4.0,"severerisk":10.0,"conditions":"Clear","icon":"clear-day","stations":null,"source":"fcst"},{"datetime":"10:00:00","datetimeEpoch":1743156000,"temp":15.7,"feelslike":15.7,"humidity":71.36,"dew":10.5,"precip":0.0,"precipprob":0.0,"snow":0.0,"snowdepth":0.0,"preciptype":null,"windgust":8.4,"windspeed":4.6,"winddir":5.7,"pressure":1023.0,"visibility":24.1,"cloudcover":12.6,"solarradiation":560.0,"solarenergy":2.0,"uvindex":6.0,"severerisk":10.0,"conditions":"Clear","icon":"clear-day","stations":null,"source":"fcst"},{"datetime":"11:00:00","datetimeEpoch":1743159600,"temp":17.5,"feelslike":17.5,"humidity":65.96,"dew":11.1,"precip":0.0,"precipprob":0.0,"snow":0.0,"snowdepth":0.0,"preciptype":null,"windgust":11.4,"windspeed":6.2,"winddir":5.0,"pressure":1023.0,"visibility":24.1,"cloudcover":25.1,"solarradiation":720.0,"solarenergy":2.6,"uvindex":7.0,"severerisk":10.0,"conditions":"Partially cloudy","icon":"partly-cloudy-day","stations":null,"source":"fcst"},{"datetime":"12:00:00","datetimeEpoch":1743163200,"temp":19.4,"feelslike":19.4,"humidity":61.05,"dew":11.7,"precip":0.0,"precipprob":0.0,"snow":0.0,"snowdepth":0.0,"preciptype":null,"windgust":14.4,"windspeed":7.9,"winddir":4.3,"pressure":1023.0,"visibility":24.1,"cloudcover":37.7,"solarradiation":827.0,"solarenergy":3.0,"uvindex":8.0,"severerisk":10.0,"conditions":"Partially cloudy","icon":"partly-cloudy-day","stations":null,"source":"fcst"},{"datetime":"13:00:00","datetimeEpoch":1743166800,"temp":19.7,"feelslike":19.7,"humidity":57.86,"dew":11.2,"precip":0.0,"precipprob":0.0,"snow":0.0,"snowdepth":0.0,"preciptype":null,"windgust":17.2,"windspeed":9.6,"winddir":120.0,"pressure":1022.3,"visibility":24.1,"cloudcover":28.2,"solarradiation":872.0,"solarenergy":3.1,"uvindex":9.0,"severerisk":10.0,"conditions":"Partially cloudy","icon":"partly-cloudy-day","stations":null,"source":"fcst"},{"datetime":"14:00:00","datetimeEpoch":1743170400,"temp":20.1,"feelslike":20.1,"humidity":54.83,"dew":10.7,"precip":0.0,"precipprob":0.0,"snow":0.0,"snowdepth":0.0,"preciptype":null,"windgust":19.9,"windspeed":11.3,"winddir":235.7,"pressure":1021.7,"visibility":24.1,"cloudcover":18.7,"solarradiation":851.0,"solarenergy":3.1,"uvindex":9.0,"severerisk":10.0,"conditions":"Clear","icon":"clear-day","stations":null,"source":"fcst"},{"datetime":"15:00:00","datetimeEpoch":1743174000,"temp":20.5,"feelslike":20.5,"humidity":51.96,"dew":10.3,"precip":0.0,"precipprob":0.0,"snow":0.0,"snowdepth":0.0,"preciptype":null,"windgust":22.7,"windspeed":13.0,"winddir":351.4,"pressure":1021.0,"visibility":24.1,"cloudcover":9.2,"solarradiation":766.0,"solarenergy":2.8,"uvindex":8.0,"severerisk":10.0,"conditions":"Clear","icon":"clear-day","stations":null,"source":"fcst"},{"datetime":"16:00:00","datetimeEpoch":1743177600,"temp":19.2,"feelslike":19.2,"humidity":56.45,"dew":10.3,"precip":0.0,"precipprob":0.0,"snow":0.0,"snowdepth":0.0,"preciptype":null,"windgust":26.3,"windspeed":14.4,"winddir":351.3,"pressure":1021.3,"visibility":24.1,"cloudcover":10.1,"solarradiation":625.0,"solarenergy":2.3,"uvindex":6.0,"severerisk":10.0,"conditions":"Clear","icon":"clear-day","stations":null,"source":"fcst"},{"datetime":"17:00:00","datetimeEpoch":1743181200,"temp":17.9,"feelslike":17.9,"humidity":61.37,"dew":10.3,"precip":0.0,"precipprob":0.0,"snow":0.0,"snowdepth":0.0,"preciptype":null,"windgust":29.9,"windspeed":15.8,"winddir":351.3,"pressure":1021.7,"visibility":24.1,"cloudcover":11.0,"solarradiation":441.0,"solarenergy":1.6,"uvindex":4.0,"severerisk":10.0,"conditions":"Clear","icon":"clear-day","stations":null,"source":"fcst"},{"datetime":"18:00:00","datetimeEpoch":1743184800,"temp":16.6,"feelslike":16.6,"humidity":66.78,"dew":10.4,"precip":0.0,"precipprob":0.0,"snow":0.0,"snowdepth":0.0,"preciptype":null,"windgust":33.5,"windspeed":17.3,"winddir":351.2,"pressure":1022.0,"visibility":24.1,"cloudcover":11.9,"solarradiation":233.0,"solarenergy":0.8,"uvindex":2.0,"severerisk":10.0,"conditions":"Clear","icon":"clear-day","stations":null,"source":"fcst"},{"datetime":"19:00:00","datetimeEpoch":1743188400,"temp":15.4,"feelslike":15.4,"humidity":71.48,"dew":10.3,"precip":0.0,"precipprob":0.0,"snow":0.0,"snowdepth":0.0,"preciptype":null,"windgust":30.1,"windspeed":15.8,"winddir":353.4,"pressure":1022.7,"visibility":24.1,"cloudcover":20.1,"solarradiation":45.0,"solarenergy":0.2,"uvindex":0.0,"severerisk":10.0,"conditions":"Partially cloudy","icon":"partly-cloudy-night","stations":null,"source":"fcst"},{"datetime":"20:00:00","datetimeEpoch":1743192000,"temp":14.4,"feelslike":14.4,"humidity":76.55,"dew":10.3,"precip":0.0,"precipprob":0.0,"snow":0.0,"snowdepth":0.0,"preciptype":null,"windgust":26.8,"windspeed":14.4,"winddir":355.5,"pressure":1023.3,"visibility":24.1,"cloudcover":28.2,"solarradiation":0.0,"solarenergy":0.0,"uvindex":0.0,"severerisk":10.0,"conditions":"Partially cloudy","icon":"partly-cloudy-night","stations":null,"source":"fcst"},{"datetime":"21:00:00","datetimeEpoch":1743195600,"temp":13.3,"feelslike":13.3,"humidity":82.04,"dew":10.3,"precip":0.0,"precipprob":0.0,"snow":0.0,"snowdepth":0.0,"preciptype":null,"windgust":23.4,"windspeed":13.0,"winddir":357.7,"pressure":1024.0,"visibility":24.1,"cloudcover":36.4,"solarradiation":0.0,"solarenergy":0.0,"uvindex":0.0,"severerisk":10.0,"conditions":"Partially cloudy","icon":"partly-cloudy-night","stations":null,"source":"fcst"},{"datetime":"22:00:00","datetimeEpoch":1743199200,"temp":13.2,"feelslike":13.2,"humidity":81.13,"dew":10.1,"precip":0.0,"precipprob":0.0,"snow":0.0,"snowdepth":0.0,"preciptype":null,"windgust":24.5,"windspeed":12.6,"winddir":353.8,"pressure":1023.7,"visibility":24.1,"cloudcover":36.3,"solarradiation":0.0,"solarenergy":0.0,"uvindex":0.0,"severerisk":10.0,"conditions":"Partially cloudy","icon":"partly-cloudy-night","stations":null,"source":"fcst"},{"datetime":"23:00:00","datetimeEpoch":1743202800,"temp":13.2,"feelslike":13.2,"humidity":80.22,"dew":9.9,"precip":0.0,"precipprob":0.0,"snow":0.0,"snowdepth":0.0,"preciptype":null,"windgust":25.6,"windspeed":12.2,"winddir":350.0,"pressure":1023.3,"visibility":24.1,"cloudcover":36.3,"solarradiation":0.0,"solarenergy":0.0,"uvindex":0.0,"severerisk":10.0,"conditions":"Partially cloudy","icon":"partly-cloudy-night","stations":null,"source":"fcst"}]},{"datetime":"2025-03-29","datetimeEpoch":1743206400,"tempmax":18.9,"tempmin":12.3,"temp":15.3,"feelslikemax":18.9,"feelslikemin":12.3,"feelslike":15.3,"dew":9.4,"humidity":69.0,"precip":0.0,"precipprob":0.0,"precipcover":0.0,"preciptype":null,"snow":0.0,"snowdepth":0.0,"windgust":40.3,"windspeed":20.5,"winddir":351.1,"pressure":1021.6,"cloudcover":22.6,"visibility":24.1,"solarradiation":265.5,"solarenergy":22.7,"uvindex":9.0,"severerisk":10.0,"sunrise":"06:25:47","sunriseEpoch":1743229547,"sunset":"18:57:29","sunsetEpoch":1743274649,"moonphase":0.0,"conditions":"Partially cloudy","description":"Partly cloudy throughout the day.","icon":"partly-cloudy-day","stations":null,"source":"fcst","hours":[{"datetime":"00:00:00","datetimeEpoch":1743206400,"temp":13.2,"feelslike":13.2,"humidity":79.33,"dew":9.7,"precip":0.0,"precipprob":0.0,"snow":0.0,"snowdepth":0.0,"preciptype":null,"windgust":26.6,"windspeed":11.9,"winddir":346.1,"pressure":1023.0,"visibility":24.1,"cloudcover":36.2,"solarradiation":0.0,"solarenergy":0.0,"uvindex":0.0,"severerisk":10.0,"conditions":"Partially cloudy","icon":"partly-cloudy-night","stations":null,"source":"fcst"},{"datetime":"01:00:00","datetimeEpoch":1743210000,"temp":13.0,"feelslike":13.0,"humidity":80.91,"dew":9.8,"precip":0.0,"precipprob":0.0,"snow":0.0,"snowdepth":0.0,"preciptype":null,"windgust":23.3,"windspeed":11.3,"winddir":341.2,"pressure":1022.7,"visibility":24.1,"cloudcover":51.3,"solarradiation":0.0,"solarenergy":0.0,"uvindex":0.0,"severerisk":10.0,"conditions":"Partially cloudy","icon":"partly-cloudy-night","stations":null,"source":"fcst"},{"datetime":"02:00:00","datetimeEpoch":1743213600,"temp":12.8,"feelslike":12.8,"humidity":82.53,"dew":9.9,"precip":0.0,"precipprob":0.0,"snow":0.0,"snowdepth":0.0,"preciptype":null,"windgust":19.9,"windspeed":10.7,"winddir":336.4,"pressure":1022.3,"visibility":24.1,"cloudcover":66.3,"solarradiation":0.0,"solarenergy":0.0,"uvindex":0.0,"severerisk":10.0,"conditions":"Partially cloudy","icon":"partly-cloudy-night","stations":null,"source":"fcst"},{"datetime":"03:00:00","datetimeEpoch":1743217200,"temp":12.6,"feelslike":12.6,"humidity":84.18,"dew":10.0,"precip":0.0,"precipprob":0.0,"snow":0.0,"snowdepth":0.0,"preciptype":null,"windgust":16.6,"windspeed":10.1,"winddir":331.5,"pressure":1022.0,"visibility":24.1,"cloudcover":81.4,"solarradiation":0.0,"solarenergy":0.0,"uvindex":0.0,"severerisk":10.0,"conditions":"Partially cloudy","icon":"partly-cloudy-night","stations":null,"source":"fcst"},{"datetime":"04:00:00","datetimeEpoch":1743220800,"temp":12.4,"feelslike":12.4,"humidity":82.49,"dew":9.6,"precip":0.0,"precipprob":0.0,"snow":0.0,"snowdepth":0.0,"preciptype":null,"windgust":17.9,"windspeed":10.7,"winddir":339.8,"pressure":1022.0,"visibility":24.1,"cloudcover":62.4,"solarradiation":0.0,"solarenergy":0.0,"uvindex":0.0,"severerisk":10.0,"conditions":"Partially cloudy","icon":"partly-cloudy-night","stations":null,"source":"fcst"},{"datetime":"05:00:00","datetimeEpoch":1743224400,"temp":12.4,"feelslike":12.4,"humidity":80.83,"dew":9.2,"precip":0.0,"precipprob":0.0,"snow":0.0,"snowdepth":0.0,"preciptype":null,"windgust":19.2,"windspeed":11.3,"winddir":348.0,"pressure":1022.0,"visibility":24.1,"cloudcover":43.3,"solarradiation":0.0,"solarenergy":0.0,"uvindex":0.0,"severerisk":10.0,"conditions":"Partially cloudy","icon":"partly-cloudy-night","stations":null,"source":"fcst"},{"datetime":"06:00:00","datetimeEpoch":1743228000,"temp":12.3,"feelslike":12.3,"humidity":79.2,"dew":8.8,"precip":0.0,"precipprob":0.0,"snow":0.0,"snowdepth":0.0,"preciptype":null,"windgust":20.5,"windspeed":11.9,"winddir":356.3,"pressure":1022.0,"visibility":24.1,"cloudcover":24.3,"solarradiation":0.0,"solarenergy":0.0,"uvindex":0.0,"severerisk":10.0,"conditions":"Partially cloudy","icon":"partly-cloudy-night","stations":null,"source":"fcst"},{"datetime":"07:00:00","datetimeEpoch":1743231600,"temp":13.0,"feelslike":13.0,"humidity":75.65,"dew":8.8,"precip":0.0,"precipprob":0.0,"snow":0.0,"snowdepth":0.0,"preciptype":null,"windgust":21.8,"windspeed":12.7,"winddir":237.6,"pressure":1022.3,"visibility":24.1,"cloudcover":19.7,"solarradiation":12.0,"solarenergy":0.0,"uvindex":0.0,"severerisk":10.0,"conditions":"Clear","icon":"clear-day","stations":null,"source":"fcst"},{"datetime":"08:00:00","datetimeEpoch":1743235200,"temp":13.7,"feelslike":13.7,"humidity":72.28,"dew":8.8,"precip":0.0,"precipprob":0.0,"snow":0.0,"snowdepth":0.0,"preciptype":null,"windgust":23.2,"windspeed":13.6,"winddir":118.8,"pressure":1022.7,"visibility":24.1,"cloudcover":15.0,"solarradiation":157.0,"solarenergy":0.6,"uvindex":2.0,"severerisk":10.0,"conditions":"Clear","icon":"clear-day","stations":null,"source":"fcst"},{"datetime":"09:00:00","datetimeEpoch":1743238800,"temp":14.5,"feelslike":14.5,"humidity":69.08,"dew":8.9,"precip":0.0,"precipprob":0.0,"snow":0.0,"snowdepth":0.0,"preciptype":null,"windgust":24.5,"windspeed":14.4,"winddir":0.1,"pressure":1023.0,"visibility":24.1,"cloudcover":10.4,"solarradiation":367.0,"solarenergy":1.3,"uvindex":4.0,"severerisk":10.0,"conditions":"Clear","icon":"clear-day","stations":null,"source":"fcst"},{"datetime":"10:00:00","datetimeEpoch":1743242400,"temp":15.7,"feelslike":15.7,"humidity":62.39,"dew":8.5,"precip":0.0,"precipprob":0.0,"snow":0.0,"snowdepth":0.0,"preciptype":null,"windgust":26.6,"windspeed":15.7,"winddir":118.1,"pressure":1023.0,"visibility":24.1,"cloudcover":6.9,"solarradiation":564.0,"solarenergy":2.0,"uvindex":6.0,"severerisk":10.0,"conditions":"Clear","icon":"clear-day","stations":null,"source":"fcst"},{"datetime":"11:00:00","datetimeEpoch":1743246000,"temp":16.9,"feelslike":16.9,"humidity":56.39,"dew":8.2,"precip":0.0,"precipprob":0.0,"snow":0.0,"snowdepth":0.0,"preciptype":null,"windgust":28.8,"windspeed":17.0,"winddir":236.1,"pressure":1023.0,"visibility":24.1,"cloudcover":3.5,"solarradiation":722.0,"solarenergy":2.6,"uvindex":7.0,"severerisk":10.0,"conditions":"Clear","icon":"clear-day","stations":null,"source":"fcst"},{"datetime":"12:00:00","datetimeEpoch":1743249600,"temp":18.2,"feelslike":18.2,"humidity":51.0,"dew":7.9,"precip":0.0,"precipprob":0.0,"snow":0.0,"snowdepth":0.0,"preciptype":null,"windgust":31.0,"windspeed":18.4,"winddir":354.1,"pressure":1023.0,"visibility":24.1,"cloudcover":0.0,"solarradiation":828.0,"solarenergy":3.0,"uvindex":8.0,"severerisk":10.0,"conditions":"Clear","icon":"clear-day","stations":null,"source":"fcst"},{"datetime":"13:00:00","datetimeEpoch":1743253200,"temp":18.4,"feelslike":18.4,"humidity":52.35,"dew":8.5,"precip":0.0,"precipprob":0.0,"snow":0.0,"snowdepth":0.0,"preciptype":null,"windgust":32.2,"windspeed":19.1,"winddir":352.2,"pressure":1022.3,"visibility":24.1,"cloudcover":0.0,"solarradiation":871.0,"solarenergy":3.1,"uvindex":9.0,"severerisk":10.0,"conditions":"Clear","icon":"clear-day","stations":null,"source":"fcst"},{"datetime":"14:00:00","datetimeEpoch":1743256800,"temp":18.6,"feelslike":18.6,"humidity":53.73,"dew":9.1,"precip":0.0,"precipprob":0.0,"snow":0.0,"snowdepth":0.0,"preciptype":null,"windgust":33.4,"windspeed":19.8,"winddir":350.3,"pressure":1021.7,"visibility":24.1,"cloudcover":0.0,"solarradiation":847.0,"solarenergy":3.0,"uvindex":8.0,"severerisk":10.0,"conditions":"Clear","icon":"clear-day","stations":null,"source":"fcst"},{"datetime":"15:00:00","datetimeEpoch":1743260400,"temp":18.9,"feelslike":18.9,"humidity":55.13,"dew":9.7,"precip":0.0,"precipprob":0.0,"snow":0.0,"snowdepth":0.0,"preciptype":null,"windgust":34.6,"windspeed":20.5,"winddir":348.4,"pressure":1021.0,"visibility":24.1,"cloudcover":0.0,"solarradiation":762.0,"solarenergy":2.7,"uvindex":8.0,"severerisk":10.0,"conditions":"Clear","icon":"clear-day","stations":null,"source":"fcst"},{"datetime":"16:00:00","datetimeEpoch":1743264000,"temp":18.1,"feelslike":18.1,"humidity":58.62,"dew":9.9,"precip":0.0,"precipprob":0.0,"snow":0.0,"snowdepth":0.0,"preciptype":null,"windgust":34.6,"windspeed":19.9,"winddir":350.2,"pressure":1020.7,"visibility":24.1,"cloudcover":0.0,"solarradiation":621.0,"solarenergy":2.2,"uvindex":6.0,"severerisk":10.0,"conditions":"Clear","icon":"clear-day","stations":null,"source":"fcst"},{"datetime":"17:00:00","datetimeEpoch":1743267600,"temp":17.3,"feelslike":17.3,"humidity":62.35,"dew":10.1,"precip":0.0,"precipprob":0.0,"snow":0.0,"snowdepth":0.0,"preciptype":null,"windgust":34.6,"windspeed":19.3,"winddir":351.9,"pressure":1020.3,"visibility":24.1,"cloudcover":0.0,"solarradiation":414.0,"solarenergy":1.5,"uvindex":4.0,"severerisk":10.0,"conditions":"Clear","icon":"clear-day","stations":null,"source":"fcst"},{"datetime":"18:00:00","datetimeEpoch":1743271200,"temp":16.6,"feelslike":16.6,"humidity":66.34,"dew":10.3,"precip":0.0,"precipprob":0.0,"snow":0.0,"snowdepth":0.0,"preciptype":null,"windgust":34.6,"windspeed":18.7,"winddir":353.7,"pressure":1020.0,"visibility":24.1,"cloudcover":0.0,"solarradiation":170.0,"solarenergy":0.6,"uvindex":2.0,"severerisk":10.0,"conditions":"Clear","icon":"clear-day","stations":null,"source":"fcst"},{"datetime":"19:00:00","datetimeEpoch":1743274800,"temp":15.8,"feelslike":15.8,"humidity":70.6,"dew":10.5,"precip":0.0,"precipprob":0.0,"snow":0.0,"snowdepth":0.0,"preciptype":null,"windgust":31.2,"windspeed":16.1,"winddir":236.8,"pressure":1020.3,"visibility":24.1,"cloudcover":0.0,"solarradiation":37.0,"solarenergy":0.1,"uvindex":0.0,"severerisk":10.0,"conditions":"Clear","icon":"clear-night","stations":null,"source":"fcst"},{"datetime":"20:00:00","datetimeEpoch":1743278400,"temp":15.1,"feelslike":15.1,"humidity":75.16,"dew":10.7,"precip":0.0,"precipprob":0.0,"snow":0.0,"snowdepth":0.0,"preciptype":null,"windgust":27.8,"windspeed":13.4,"winddir":119.9,"pressure":1020.7,"visibility":24.1,"cloudcover":0.0,"solarradiation":0.0,"solarenergy":0.0,"uvindex":0.0,"severerisk":10.0,"conditions":"Clear","icon":"clear-night","stations":null,"source":"fcst"},{"datetime":"21:00:00","datetimeEpoch":1743282000,"temp":14.4,"feelslike":14.4,"humidity":80.03,"dew":11.0,"precip":0.0,"precipprob":0.0,"snow":0.0,"snowdepth":0.0,"preciptype":null,"windgust":24.5,"windspeed":10.8,"winddir":3.0,"pressure":1021.0,"visibility":24.1,"cloudcover":0.0,"solarradiation":0.0,"solarenergy":0.0,"uvindex":0.0,"severerisk":10.0,"conditions":"Clear","icon":"clear-night","stations":null,"source":"fcst"},{"datetime":"22:00:00","datetimeEpoch":1743285600,"temp":16.6,"feelslike":16.6,"humidity":63.3,"dew":9.6,"precip":0.0,"precipprob":0.0,"snow":0.0,"snowdepth":0.0,"preciptype":null,"windgust":20.5,"windspeed":8.6,"winddir":44.0,"pressure":1019.0,"visibility":24.1,"cloudcover":51.0,"solarradiation":0.0,"solarenergy":0.0,"uvindex":0.0,"severerisk":10.0,"conditions":"Partially cloudy","icon":"partly-cloudy-night","stations":null,"source":"fcst"},{"datetime":"23:00:00","datetimeEpoch":1743289200,"temp":16.3,"feelslike":16.3,"humidity":62.81,"dew":9.2,"precip":0.0,"precipprob":0.0,"snow":0.0,"snowdepth":0.0,"preciptype":null,"windgust":40.3,"windspeed":8.3,"winddir":43.4,"pressure":1019.0,"visibility":24.1,"cloudcover":71.2,"solarradiation":0.0,"solarenergy":0.0,"uvindex":0.0,"severerisk":10.0,"conditions":"Partially cloudy","icon":"partly-cloudy-night","stations":null,"source":"fcst"}]},{"datetime":"2025-03-30","datetimeEpoch":1743292800,"tempmax":22.7,"tempmin":13.3,"temp":17.5,"feelslikemax":22.7,"feelslikemin":13.3,"feelslike":17.5,"dew":8.2,"humidity":54.9,"precip":0.0,"precipprob":0.0,"precipcover":0.0,"preciptype":null,"snow":0.0,"snowdepth":0.0,"windgust":49.0,"windspeed":20.9,"winddir":78.3,"pressure":1017.8,"cloudcover":18.1,"visibility":24.1,"solarradiation":276.7,"solarenergy":23.0,"uvindex":8.0,"severerisk":10.0,"sunrise":"07:24:14","sunriseEpoch":1743315854,"sunset":"19:58:27","sunsetEpoch":1743361107,"moonphase":0.04,"conditions":"Clear","description":"Clear conditions throughout the day.","icon":"clear-day","stations":null,"source":"fcst","hours":[{"datetime":"00:00:00","datetimeEpoch":1743292800,"temp":16.8,"feelslike":16.8,"humidity":54.96,"dew":7.7,"precip":0.0,"precipprob":0.0,"snow":0.0,"snowdepth":0.0,"preciptype":null,"windgust":46.8,"windspeed":12.2,"winddir":61.7,"pressure":1019.0,"visibility":24.1,"cloudcover":80.8,"solarradiation":0.0,"solarenergy":0.0,"uvindex":0.0,"severerisk":10.0,"conditions":"Partially cloudy","icon":"partly-cloudy-night","stations":null,"source":"fcst"},{"datetime":"02:00:00","datetimeEpoch":1743296400,"tzoffset":1.0,"temp":16.2,"feelslike":16.2,"humidity":56.22,"dew":7.5,"precip":0.0,"precipprob":0.0,"snow":0.0,"snowdepth":0.0,"preciptype":null,"windgust":47.5,"windspeed":13.6,"winddir":60.6,"pressure":1018.7,"visibility":24.1,"cloudcover":78.9,"solarradiation":0.0,"solarenergy":0.0,"uvindex":0.0,"severerisk":10.0,"conditions":"Partially cloudy","icon":"partly-cloudy-night","stations":null,"source":"fcst"},{"datetime":"03:00:00","datetimeEpoch":1743300000,"tzoffset":1.0,"temp":15.7,"feelslike":15.7,"humidity":57.5,"dew":7.3,"precip":0.0,"precipprob":0.0,"snow":0.0,"snowdepth":0.0,"preciptype":null,"windgust":48.2,"windspeed":14.9,"winddir":59.4,"pressure":1018.3,"visibility":24.1,"cloudcover":76.9,"solarradiation":0.0,"solarenergy":0.0,"uvindex":0.0,"severerisk":10.0,"conditions":"Partially cloudy","icon":"partly-cloudy-night","stations":null,"source":"fcst"},{"datetime":"04:00:00","datetimeEpoch":1743303600,"tzoffset":1.0,"temp":15.2,"feelslike":15.2,"humidity":58.83,"dew":7.2,"precip":0.0,"precipprob":0.0,"snow":0.0,"snowdepth":0.0,"preciptype":null,"windgust":49.0,"windspeed":16.2,"winddir":58.3,"pressure":1018.0,"visibility":24.1,"cloudcover":75.0,"solarradiation":0.0,"solarenergy":0.0,"uvindex":0.0,"severerisk":10.0,"conditions":"Partially cloudy","icon":"partly-cloudy-night","stations":null,"source":"fcst"},{"datetime":"05:00:00","datetimeEpoch":1743307200,"tzoffset":1.0,"temp":14.5,"feelslike":14.5,"humidity":60.17,"dew":6.9,"precip":0.0,"precipprob":0.0,"snow":0.0,"snowdepth":0.0,"preciptype":null,"windgust":46.0,"windspeed":15.8,"winddir":62.7,"pressure":1018.0,"visibility":24.1,"cloudcover":51.7,"solarradiation":0.0,"solarenergy":0.0,"uvindex":0.0,"severerisk":10.0,"conditions":"Partially cloudy","icon":"partly-cloudy-night","stations":null,"source":"fcst"},{"datetime":"06:00:00","datetimeEpoch":1743310800,"tzoffset":1.0,"temp":13.9,"feelslike":13.9,"humidity":61.55,"dew":6.6,"precip":0.0,"precipprob":0.0,"snow":0.0,"snowdepth":0.0,"preciptype":null,"windgust":43.0,"windspeed":15.5,"winddir":67.1,"pressure":1018.0,"visibility":24.1,"cloudcover":28.3,"solarradiation":0.0,"solarenergy":0.0,"uvindex":0.0,"severerisk":10.0,"conditions":"Partially cloudy","icon":"partly-cloudy-night","stations":null,"source":"fcst"},{"datetime":"07:00:00","datetimeEpoch":1743314400,"tzoffset":1.0,"temp":13.3,"feelslike":13.3,"humidity":62.98,"dew":6.4,"precip":0.0,"precipprob":0.0,"snow":0.0,"snowdepth":0.0,"preciptype":null,"windgust":40.0,"windspeed":15.1,"winddir":71.5,"pressure":1018.0,"visibility":24.1,"cloudcover":5.0,"solarradiation":0.0,"solarenergy":0.0,"uvindex":0.0,"severerisk":10.0,"conditions":"Clear","icon":"clear-night","stations":null,"source":"fcst"},{"datetime":"08:00:00","datetimeEpoch":1743318000,"tzoffset":1.0,"temp":13.9,"feelslike":13.9,"humidity":61.84,"dew":6.7,"precip":0.0,"precipprob":0.0,"snow":0.0,"snowdepth":0.0,"preciptype":null,"windgust":39.5,"windspeed":17.0,"winddir":75.0,"pressure":1018.3,"visibility":24.1,"cloudcover":5.0,"solarradiation":59.0,"solarenergy":0.3,"uvindex":1.0,"severerisk":10.0,"conditions":"Clear","icon":"clear-day","stations":null,"source":"fcst"},{"datetime":"09:00:00","datetimeEpoch":1743321600,"tzoffset":1.0,"temp":14.6,"feelslike":14.6,"humidity":60.74,"dew":7.1,"precip":0.0,"precipprob":0.0,"snow":0.0,"snowdepth":0.0,"preciptype":null,"windgust":39.0,"windspeed":19.0,"winddir":78.6,"pressure":1018.7,"visibility":24.1,"cloudcover":5.0,"solarradiation":118.0,"solarenergy":0.5,"uvindex":1.0,"severerisk":10.0,"conditions":"Clear","icon":"clear-day","stations":null,"source":"fcst"},{"datetime":"10:00:00","datetimeEpoch":1743325200,"tzoffset":1.0,"temp":15.3,"feelslike":15.3,"humidity":59.67,"dew":7.5,"precip":0.0,"precipprob":0.0,"snow":0.0,"snowdepth":0.0,"preciptype":null,"windgust":38.5,"windspeed":20.9,"winddir":82.1,"pressure":1019.0,"visibility":24.1,"cloudcover":5.0,"solarradiation":177.0,"solarenergy":0.6,"uvindex":2.0,"severerisk":10.0,"conditions":"Clear","icon":"clear-day","stations":null,"source":"fcst"},{"datetime":"11:00:00","datetimeEpoch":1743328800,"tzoffset":1.0,"temp":16.8,"feelslike":16.8,"humidity":55.47,"dew":7.8,"precip":0.0,"precipprob":0.0,"snow":0.0,"snowdepth":0.0,"preciptype":null,"windgust":34.4,"windspeed":20.4,"winddir":81.6,"pressure":1018.7,"visibility":24.1,"cloudcover":3.3,"solarradiation":349.7,"solarenergy":1.2,"uvindex":3.0,"severerisk":10.0,"conditions":"Clear","icon":"clear-day","stations":null,"source":"fcst"},{"datetime":"12:00:00","datetimeEpoch":1743332400,"tzoffset":1.0,"temp":18.3,"feelslike":18.3,"humidity":51.63,"dew":8.2,"precip":0.0,"precipprob":0.0,"snow":0.0,"snowdepth":0.0,"preciptype":null,"windgust":30.4,"windspeed":19.9,"winddir":81.2,"pressure":1018.3,"visibility":24.1,"cloudcover":1.7,"solarradiation":522.3,"solarenergy":1.9,"uvindex":5.0,"severerisk":10.0,"conditions":"Clear","icon":"clear-day","stations":null,"source":"fcst"},{"datetime":"13:00:00","datetimeEpoch":1743336000,"tzoffset":1.0,"temp":19.9,"feelslike":19.9,"humidity":48.1,"dew":8.6,"precip":0.0,"precipprob":0.0,"snow":0.0,"snowdepth":0.0,"preciptype":null,"windgust":26.3,"windspeed":19.4,"winddir":80.7,"pressure":1018.0,"visibility":24.1,"cloudcover":0.0,"solarradiation":695.0,"solarenergy":2.5,"uvindex":7.0,"severerisk":10.0,"conditions":"Clear","icon":"clear-day","stations":null,"source":"fcst"},{"datetime":"14:00:00","datetimeEpoch":1743339600,"tzoffset":1.0,"temp":20.8,"feelslike":20.8,"humidity":45.82,"dew":8.7,"precip":0.0,"precipprob":0.0,"snow":0.0,"snowdepth":0.0,"preciptype":null,"windgust":24.2,"windspeed":18.6,"winddir":87.2,"pressure":1017.7,"visibility":24.1,"cloudcover":0.0,"solarradiation":735.7,"solarenergy":2.6,"uvindex":7.0,"severerisk":10.0,"conditions":"Clear","icon":"clear-day","stations":null,"source":"fcst"},{"datetime":"15:00:00","datetimeEpoch":1743343200,"tzoffset":1.0,"temp":21.7,"feelslike":21.7,"humidity":43.66,"dew":8.8,"precip":0.0,"precipprob":0.0,"snow":0.0,"snowdepth":0.0,"preciptype":null,"windgust":22.2,"windspeed":17.8,"winddir":93.8,"pressure":1017.3,"visibility":24.1,"cloudcover":0.0,"solarradiation":776.3,"solarenergy":2.8,"uvindex":8.0,"severerisk":10.0,"conditions":"Clear","icon":"clear-day","stations":null,"source":"fcst"},{"datetime":"16:00:00","datetimeEpoch":1743346800,"tzoffset":1.0,"temp":22.7,"feelslike":22.7,"humidity":41.62,"dew":9.0,"precip":0.0,"precipprob":0.0,"snow":0.0,"snowdepth":0.0,"preciptype":null,"windgust":20.2,"windspeed":16.9,"winddir":100.3,"pressure":1017.0,"visibility":24.1,"cloudcover":0.0,"solarradiation":817.0,"solarenergy":2.9,"uvindex":8.0,"severerisk":10.0,"conditions":"Clear","icon":"clear-day","stations":null,"source":"fcst"},{"datetime":"17:00:00","datetimeEpoch":1743350400,"tzoffset":1.0,"temp":21.9,"feelslike":21.9,"humidity":44.7,"dew":9.3,"precip":0.0,"precipprob":0.0,"snow":0.0,"snowdepth":0.0,"preciptype":null,"windgust":20.8,"windspeed":16.0,"winddir":94.4,"pressure":1017.0,"visibility":24.1,"cloudcover":0.0,"solarradiation":688.7,"solarenergy":2.5,"uvindex":7.0,"severerisk":10.0,"conditions":"Clear","icon":"clear-day","stations":null,"source":"fcst"},{"datetime":"18:00:00","datetimeEpoch":1743354000,"tzoffset":1.0,"temp":21.1,"feelslike":21.1,"humidity":48.02,"dew":9.7,"precip":0.0,"precipprob":0.0,"snow":0.0,"snowdepth":0.0,"preciptype":null,"windgust":21.4,"windspeed":15.0,"winddir":88.6,"pressure":1017.0,"visibility":24.1,"cloudcover":0.0,"solarradiation":560.3,"solarenergy":2.0,"uvindex":6.0,"severerisk":10.0,"conditions":"Clear","icon":"clear-day","stations":null,"source":"fcst"},{"datetime":"19:00:00","datetimeEpoch":1743357600,"tzoffset":1.0,"temp":20.4,"feelslike":20.4,"humidity":51.59,"dew":10.1,"precip":0.0,"precipprob":0.0,"snow":0.0,"snowdepth":0.0,"preciptype":null,"windgust":22.0,"windspeed":14.0,"winddir":82.7,"pressure":1017.0,"visibility":24.1,"cloudcover":0.0,"solarradiation":432.0,"solarenergy":1.6,"uvindex":4.0,"severerisk":10.0,"conditions":"Clear","icon":"clear-day","stations":null,"source":"fcst"},{"datetime":"20:00:00","datetimeEpoch":1743361200,"tzoffset":1.0,"temp":19.2,"feelslike":19.2,"humidity":54.6,"dew":9.8,"precip":0.0,"precipprob":0.0,"snow":0.0,"snowdepth":0.0,"preciptype":null,"windgust":27.0,"windspeed":13.4,"winddir":81.3,"pressure":1017.0,"visibility":24.1,"cloudcover":0.0,"solarradiation":288.0,"solarenergy":1.1,"uvindex":0.0,"severerisk":10.0,"conditions":"Clear","icon":"clear-night","stations":null,"source":"fcst"},{"datetime":"21:00:00","datetimeEpoch":1743364800,"tzoffset":1.0,"temp":18.0,"feelslike":18.0,"humidity":57.82,"dew":9.6,"precip":0.0,"precipprob":0.0,"snow":0.0,"snowdepth":0.0,"preciptype":null,"windgust":32.0,"windspeed":12.8,"winddir":79.8,"pressure":1017.0,"visibility":24.1,"cloudcover":0.0,"solarradiation":144.0,"solarenergy":0.5,"uvindex":0.0,"severerisk":10.0,"conditions":"Clear","icon":"clear-night","stations":null,"source":"fcst"},{"datetime":"22:00:00","datetimeEpoch":1743368400,"tzoffset":1.0,"temp":16.9,"feelslike":16.9,"humidity":61.28,"dew":9.4,"precip":0.0,"precipprob":0.0,"snow":0.0,"snowdepth":0.0,"preciptype":null,"windgust":37.1,"windspeed":12.2,"winddir":78.4,"pressure":1017.0,"visibility":24.1,"cloudcover":0.0,"solarradiation":0.0,"solarenergy":0.0,"uvindex":0.0,"severerisk":10.0,"conditions":"Clear","icon":"clear-night","stations":null,"source":"fcst"},{"datetime":"23:00:00","datetimeEpoch":1743372000,"tzoffset":1.0,"temp":16.1,"feelslike":16.1,"humidity":63.76,"dew":9.2,"precip":0.0,"precipprob":0.0,"snow":0.0,"snowdepth":0.0,"preciptype":null,"windgust":36.0,"windspeed":11.6,"winddir":81.2,"pressure":1017.0,"visibility":24.1,"cloudcover":0.0,"solarradiation":0.0,"solarenergy":0.0,"uvindex":0.0,"severerisk":10.0,"conditions":"Clear","icon":"clear-night","stations":null,"source":"fcst"}]},{"datetime":"2025-03-31","datetimeEpoch":1743375600,"tzoffset":1.0,"tempmax":21.2,"tempmin":11.6,"temp":15.9,"feelslikemax":21.2,"feelslikemin":11.6,"feelslike":15.9,"dew":7.6,"humidity":59.2,"precip":0.0,"precipprob":0.0,"precipcover":0.0,"preciptype":null,"snow":0.0,"snowdepth":0.0,"windgust":36.7,"windspeed":22.0,"winddir":112.3,"pressure":1016.3,"cloudcover":54.5,"visibility":24.1,"solarradiation":234.9,"solarenergy":20.6,"uvindex":7.0,"severerisk":10.0,"sunrise":"07:22:40","sunriseEpoch":1743402160,"sunset":"19:59:24","sunsetEpoch":1743447564,"moonphase":0.07,"conditions":"Partially cloudy","description":"Partly cloudy throughout the day.","icon":"partly-cloudy-day","stations":null,"source":"fcst","hours":[{"datetime":"00:00:00","datetimeEpoch":1743375600,"tzoffset":1.0,"temp":15.3,"feelslike":15.3,"humidity":66.37,"dew":9.1,"precip":0.0,"precipprob":0.0,"snow":0.0,"snowdepth":0.0,"preciptype":null,"windgust":34.9,"windspeed":11.0,"winddir":84.0,"pressure":1017.0,"visibility":24.1,"cloudcover":0.0,"solarradiation":0.0,"solarenergy":0.0,"uvindex":0.0,"severerisk":10.0,"conditions":"Clear","icon":"clear-night","stations":null,"source":"fcst"},{"datetime":"01:00:00","datetimeEpoch":1743379200,"tzoffset":1.0,"temp":14.6,"feelslike":14.6,"humidity":69.1,"dew":9.0,"precip":0.0,"precipprob":0.0,"snow":0.0,"snowdepth":0.0,"preciptype":null,"windgust":33.8,"windspeed":10.4,"winddir":86.8,"pressure":1017.0,"visibility":24.1,"cloudcover":0.0,"solarradiation":0.0,"solarenergy":0.0,"uvindex":0.0,"severerisk":10.0,"conditions":"Clear","icon":"clear-night","stations":null,"source":"fcst"},{"datetime":"02:00:00","datetimeEpoch":1743382800,"tzoffset":1.0,"temp":13.9,"feelslike":13.9,"humidity":70.55,"dew":8.7,"precip":0.0,"precipprob":0.0,"snow":0.0,"snowdepth":0.0,"preciptype":null,"windgust":30.4,"windspeed":10.2,"winddir":84.6,"pressure":1016.7,"visibility":24.1,"cloudcover":0.0,"solarradiation":0.0,"solarenergy":0.0,"uvindex":0.0,"severerisk":10.0,"conditions":"Clear","icon":"clear-night","stations":null,"source":"fcst"},{"datetime":"03:00:00","datetimeEpoch":1743386400,"tzoffset":1.0,"temp":13.3,"feelslike":13.3,"humidity":72.04,"dew":8.4,"precip":0.0,"precipprob":0.0,"snow":0.0,"snowdepth":0.0,"preciptype":null,"windgust":26.9,"windspeed":10.0,"winddir":82.3,"pressure":1016.3,"visibility":24.1,"cloudcover":0.0,"solarradiation":0.0,"solarenergy":0.0,"uvindex":0.0,"severerisk":10.0,"conditions":"Clear","icon":"clear-night","stations":null,"source":"fcst"},{"datetime":"04:00:00","datetimeEpoch":1743390000,"tzoffset":1.0,"temp":12.7,"feelslike":12.7,"humidity":73.57,"dew":8.1,"precip":0.0,"precipprob":0.0,"snow":0.0,"snowdepth":0.0,"preciptype":null,"windgust":23.4,"windspeed":9.7,"winddir":80.1,"pressure":1016.0,"visibility":24.1,"cloudcover":0.0,"solarradiation":0.0,"solarenergy":0.0,"uvindex":0.0,"severerisk":10.0,"conditions":"Clear","icon":"clear-night","stations":null,"source":"fcst"},{"datetime":"05:00:00","datetimeEpoch":1743393600,"tzoffset":1.0,"temp":12.3,"feelslike":12.3,"humidity":73.34,"dew":7.7,"precip":0.0,"precipprob":0.0,"snow":0.0,"snowdepth":0.0,"preciptype":null,"windgust":25.2,"windspeed":10.3,"winddir":81.3,"pressure":1016.0,"visibility":24.1,"cloudcover":33.3,"solarradiation":0.0,"solarenergy":0.0,"uvindex":0.0,"severerisk":10.0,"conditions":"Partially cloudy","icon":"partly-cloudy-night","stations":null,"source":"fcst"},{"datetime":"06:00:00","datetimeEpoch":1743397200,"tzoffset":1.0,"temp":11.9,"feelslike":11.9,"humidity":73.11,"dew":7.3,"precip":0.0,"precipprob":0.0,"snow":0.0,"snowdepth":0.0,"preciptype":null,"windgust":27.0,"windspeed":10.9,"winddir":82.5,"pressure":1016.0,"visibility":24.1,"cloudcover":66.7,"solarradiation":0.0,"solarenergy":0.0,"uvindex":0.0,"severerisk":10.0,"conditions":"Partially cloudy","icon":"partly-cloudy-night","stations":null,"source":"fcst"},{"datetime":"07:00:00","datetimeEpoch":1743400800,"tzoffset":1.0,"temp":11.6,"feelslike":11.6,"humidity":72.87,"dew":6.9,"precip":0.0,"precipprob":0.0,"snow":0.0,"snowdepth":0.0,"preciptype":null,"windgust":28.8,"windspeed":11.5,"winddir":83.7,"pressure":1016.0,"visibility":24.1,"cloudcover":100.0,"solarradiation":0.0,"solarenergy":0.0,"uvindex":0.0,"severerisk":10.0,"conditions":"Overcast","icon":"cloudy","stations":null,"source":"fcst"},{"datetime":"08:00:00","datetimeEpoch":1743404400,"tzoffset":1.0,"temp":12.4,"feelslike":12.4,"humidity":67.43,"dew":6.6,"precip":0.0,"precipprob":0.0,"snow":0.0,"snowdepth":0.0,"preciptype":null,"windgust":31.4,"windspeed":13.8,"winddir":90.7,"pressure":1016.3,"visibility":24.1,"cloudcover":100.0,"solarradiation":52.3,"solarenergy":0.3,"uvindex":1.0,"severerisk":10.0,"conditions":"Overcast","icon":"cloudy","stations":null,"source":"fcst"},{"datetime":"09:00:00","datetimeEpoch":1743408000,"tzoffset":1.0,"temp":13.4,"feelslike":13.4,"humidity":62.42,"dew":6.3,"precip":0.0,"precipprob":0.0,"snow":0.0,"snowdepth":0.0,"preciptype":null,"windgust":34.1,"windspeed":16.1,"winddir":97.8,"pressure":1016.7,"visibility":24.1,"cloudcover":100.0,"solarradiation":104.7,"solarenergy":0.5,"uvindex":1.0,"severerisk":10.0,"conditions":"Overcast","icon":"cloudy","stations":null,"source":"fcst"},{"datetime":"10:00:00","datetimeEpoch":1743411600,"tzoffset":1.0,"temp":14.3,"feelslike":14.3,"humidity":57.81,"dew":6.1,"precip":0.0,"precipprob":0.0,"snow":0.0,"snowdepth":0.0,"preciptype":null,"windgust":36.7,"windspeed":18.4,"winddir":104.8,"pressure":1017.0,"visibility":24.1,"cloudcover":100.0,"solarradiation":157.0,"solarenergy":0.6,"uvindex":2.0,"severerisk":10.0,"conditions":"Overcast","icon":"cloudy","stations":null,"source":"fcst"},{"datetime":"11:00:00","datetimeEpoch":1743415200,"tzoffset":1.0,"temp":15.8,"feelslike":15.8,"humidity":50.96,"dew":5.7,"precip":0.0,"precipprob":0.0,"snow":0.0,"snowdepth":0.0,"preciptype":null,"windgust":34.4,"windspeed":19.6,"winddir":111.6,"pressure":1016.7,"visibility":24.1,"cloudcover":100.0,"solarradiation":308.0,"solarenergy":1.1,"uvindex":3.0,"severerisk":10.0,"conditions":"Overcast","icon":"cloudy","stations":null,"source":"fcst"},{"datetime":"12:00:00","datetimeEpoch":1743418800,"tzoffset":1.0,"temp":17.4,"feelslike":17.4,"humidity":44.97,"dew":5.3,"precip":0.0,"precipprob":0.0,"snow":0.0,"snowdepth":0.0,"preciptype":null,"windgust":32.2,"windspeed":20.8,"winddir":118.5,"pressure":1016.3,"visibility":24.1,"cloudcover":100.0,"solarradiation":459.0,"solarenergy":1.7,"uvindex":5.0,"severerisk":10.0,"conditions":"Overcast","icon":"cloudy","stations":null,"source":"fcst"},{"datetime":"13:00:00","datetimeEpoch":1743422400,"tzoffset":1.0,"temp":19.0,"feelslike":19.0,"humidity":39.73,"dew":5.0,"precip":0.0,"precipprob":0.0,"snow":0.0,"snowdepth":0.0,"preciptype":null,"windgust":29.9,"windspeed":22.0,"winddir":125.3,"pressure":1016.0,"visibility":24.1,"cloudcover":100.0,"solarradiation":610.0,"solarenergy":2.2,"uvindex":6.0,"severerisk":10.0,"conditions":"Overcast","icon":"cloudy","stations":null,"source":"fcst"},{"datetime":"14:00:00","datetimeEpoch":1743426000,"tzoffset":1.0,"temp":19.7,"feelslike":19.7,"humidity":40.03,"dew":5.7,"precip":0.0,"precipprob":0.0,"snow":0.0,"snowdepth":0.0,"preciptype":null,"windgust":27.5,"windspeed":20.6,"winddir":127.2,"pressure":1015.7,"visibility":24.1,"cloudcover":68.5,"solarradiation":646.0,"solarenergy":2.3,"uvindex":6.0,"severerisk":10.0,"conditions":"Partially cloudy","icon":"partly-cloudy-day","stations":null,"source":"fcst"},{"datetime":"15:00:00","datetimeEpoch":1743429600,"tzoffset":1.0,"temp":20.4,"feelslike":20.4,"humidity":40.34,"dew":6.5,"precip":0.0,"precipprob":0.0,"snow":0.0,"snowdepth":0.0,"preciptype":null,"windgust":25.1,"windspeed":19.3,"winddir":129.0,"pressure":1015.3,"visibility":24.1,"cloudcover":36.9,"solarradiation":682.0,"solarenergy":2.5,"uvindex":7.0,"severerisk":10.0,"conditions":"Partially cloudy","icon":"partly-cloudy-day","stations":null,"source":"fcst"},{"datetime":"16:00:00","datetimeEpoch":1743433200,"tzoffset":1.0,"temp":21.2,"feelslike":21.2,"humidity":40.64,"dew":7.3,"precip":0.0,"precipprob":0.0,"snow":0.0,"snowdepth":0.0,"preciptype":null,"windgust":22.7,"windspeed":18.0,"winddir":130.9,"pressure":1015.0,"visibility":24.1,"cloudcover":5.4,"solarradiation":718.0,"solarenergy":2.6,"uvindex":7.0,"severerisk":10.0,"conditions":"Clear","icon":"clear-day","stations":null,"source":"fcst"},{"datetime":"17:00:00","datetimeEpoch":1743436800,"tzoffset":1.0,"temp":20.4,"feelslike":20.4,"humidity":44.49,"dew":7.9,"precip":0.0,"precipprob":0.0,"snow":0.0,"snowdepth":0.0,"preciptype":null,"windgust":23.2,"windspeed":14.9,"winddir":136.4,"pressure":1015.3,"visibility":24.1,"cloudcover":36.9,"solarradiation":610.0,"solarenergy":2.2,"uvindex":6.0,"severerisk":10.0,"conditions":"Partially cloudy","icon":"partly-cloudy-day","stations":null,"source":"fcst"},{"datetime":"18:00:00","datetimeEpoch":1743440400,"tzoffset":1.0,"temp":19.7,"feelslike":19.7,"humidity":48.71,"dew":8.6,"precip":0.0,"precipprob":0.0,"snow":0.0,"snowdepth":0.0,"preciptype":null,"windgust":23.6,"windspeed":11.8,"winddir":141.9,"pressure":1015.7,"visibility":24.1,"cloudcover":68.5,"solarradiation":502.0,"solarenergy":1.8,"uvindex":5.0,"severerisk":10.0,"conditions":"Partially cloudy","icon":"partly-cloudy-day","stations":null,"source":"fcst"},{"datetime":"19:00:00","datetimeEpoch":1743444000,"tzoffset":1.0,"temp":19.0,"feelslike":19.0,"humidity":53.33,"dew":9.3,"precip":0.0,"precipprob":0.0,"snow":0.0,"snowdepth":0.0,"preciptype":null,"windgust":24.1,"windspeed":8.6,"winddir":147.4,"pressure":1016.0,"visibility":24.1,"cloudcover":100.0,"solarradiation":394.0,"solarenergy":1.4,"uvindex":4.0,"severerisk":10.0,"conditions":"Overcast","icon":"cloudy","stations":null,"source":"fcst"},{"datetime":"20:00:00","datetimeEpoch":1743447600,"tzoffset":1.0,"temp":17.7,"feelslike":17.7,"humidity":58.01,"dew":9.4,"precip":0.0,"precipprob":0.0,"snow":0.0,"snowdepth":0.0,"preciptype":null,"windgust":16.9,"windspeed":6.5,"winddir":152.4,"pressure":1016.3,"visibility":24.1,"cloudcover":75.2,"solarradiation":262.7,"solarenergy":0.9,"uvindex":0.0,"severerisk":10.0,"conditions":"Partially cloudy","icon":"partly-cloudy-night","stations":null,"source":"fcst"},{"datetime":"21:00:00","datetimeEpoch":1743451200,"tzoffset":1.0,"temp":16.5,"feelslike":16.5,"humidity":63.14,"dew":9.4,"precip":0.0,"precipprob":0.0,"snow":0.0,"snowdepth":0.0,"preciptype":null,"windgust":9.7,"windspeed":4.3,"winddir":157.3,"pressure":1016.7,"visibility":24.1,"cloudcover":50.3,"solarradiation":131.3,"solarenergy":0.5,"uvindex":0.0,"severerisk":10.0,"conditions":"Partially cloudy","icon":"partly-cloudy-night","stations":null,"source":"fcst"},{"datetime":"22:00:00","datetimeEpoch":1743454800,"tzoffset":1.0,"temp":15.3,"feelslike":15.3,"humidity":68.78,"dew":9.6,"precip":0.0,"precipprob":0.0,"snow":0.0,"snowdepth":0.0,"preciptype":null,"windgust":2.5,"windspeed":2.2,"winddir":162.3,"pressure":1017.0,"visibility":24.1,"cloudcover":25.5,"solarradiation":0.0,"solarenergy":0.0,"uvindex":0.0,"severerisk":10.0,"conditions":"Partially cloudy","icon":"partly-cloudy-night","stations":null,"source":"fcst"},{"datetime":"23:00:00","datetimeEpoch":1743458400,"tzoffset":1.0,"temp":14.8,"feelslike":14.8,"humidity":69.46,"dew":9.3,"precip":0.0,"precipprob":0.0,"snow":0.0,"snowdepth":0.0,"preciptype":null,"windgust":8.3,"windspeed":4.1,"winddir":156.1,"pressure":1017.0,"visibility":24.1,"cloudcover":41.3,"solarradiation":0.0,"solarenergy":0.0,"uvindex":0.0,"severerisk":10.0,"conditions":"Partially cloudy","icon":"partly-cloudy-night","stations":null,"source":"fcst"}]},{"datetime":"2025-04-01","datetimeEpoch":1743462000,"tzoffset":1.0,"tempmax":19.2,"tempmin":11.4,"temp":15.3,"feelslikemax":19.2,"feelslikemin":11.4,"feelslike":15.3,"dew":9.9,"humidity":70.2,"precip":0.0,"precipprob":16.1,"precipcover":0.0,"preciptype":null,"snow":0.0,"snowdepth":0.0,"windgust":19.8,"windspeed":11.2,"winddir":191.0,"pressure":1016.5,"cloudcover":54.6,"visibility":24.1,"solarradiation":257.8,"solarenergy":22.5,"uvindex":8.0,"severerisk":10.0,"sunrise":"07:21:08","sunriseEpoch":1743488468,"sunset":"20:00:21","sunsetEpoch":1743534021,"moonphase":0.1,"conditions":"Partially cloudy","description":"Becoming cloudy in the afternoon.","icon":"partly-cloudy-day","stations":null,"source":"fcst","hours":[{"datetime":"00:00:00","datetimeEpoch":1743462000,"tzoffset":1.0,"temp":14.3,"feelslike":14.3,"humidity":70.15,"dew":9.0,"precip":0.0,"precipprob":0.0,"snow":0.0,"snowdepth":0.0,"preciptype":null,"windgust":14.0,"windspeed":6.0,"winddir":150.0,"pressure":1017.0,"visibility":24.1,"cloudcover":57.0,"solarradiation":0.0,"solarenergy":0.0,"uvindex":0.0,"severerisk":10.0,"conditions":"Partially cloudy","icon":"partly-cloudy-night","stations":null,"source":"fcst"},{"datetime":"01:00:00","datetimeEpoch":1743465600,"tzoffset":1.0,"temp":13.9,"feelslike":13.9,"humidity":70.86,"dew":8.7,"precip":0.0,"precipprob":0.0,"snow":0.0,"snowdepth":0.0,"preciptype":null,"windgust":19.8,"windspeed":7.9,"winddir":143.8,"pressure":1017.0,"visibility":24.1,"cloudcover":72.8,"solarradiation":0.0,"solarenergy":0.0,"uvindex":0.0,"severerisk":10.0,"conditions":"Partially cloudy","icon":"partly-cloudy-night","stations":null,"source":"fcst"},{"datetime":"02:00:00","datetimeEpoch":1743469200,"tzoffset":1.0,"temp":13.4,"feelslike":13.4,"humidity":71.24,"dew":8.3,"precip":0.0,"precipprob":6.5,"snow":0.0,"snowdepth":0.0,"preciptype":null,"windgust":15.4,"windspeed":7.3,"winddir":129.6,"pressure":1016.7,"visibility":24.1,"cloudcover":50.5,"solarradiation":0.0,"solarenergy":0.0,"uvindex":0.0,"severerisk":10.0,"conditions":"Partially cloudy","icon":"partly-cloudy-night","stations":null,"source":"fcst"},{"datetime":"03:00:00","datetimeEpoch":1743472800,"tzoffset":1.0,"temp":12.9,"feelslike":12.9,"humidity":71.63,"dew":7.9,"precip":0.0,"precipprob":6.5,"snow":0.0,"snowdepth":0.0,"preciptype":null,"windgust":10.9,"windspeed":6.7,"winddir":115.4,"pressure":1016.3,"visibility":24.1,"cloudcover":28.3,"solarradiation":0.0,"solarenergy":0.0,"uvindex":0.0,"severerisk":10.0,"conditions":"Partially cloudy","icon":"partly-cloudy-night","stations":null,"source":"fcst"},{"datetime":"04:00:00","datetimeEpoch":1743476400,"tzoffset":1.0,"temp":12.4,"feelslike":12.4,"humidity":72.03,"dew":7.5,"precip":0.0,"precipprob":6.5,"snow":0.0,"snowdepth":0.0,"preciptype":null,"windgust":6.5,"windspeed":6.1,"winddir":101.2,"pressure":1016.0,"visibility":24.1,"cloudcover":6.0,"solarradiation":0.0,"solarenergy":0.0,"uvindex":0.0,"severerisk":10.0,"conditions":"Clear","icon":"clear-night","stations":null,"source":"fcst"},{"datetime":"05:00:00","datetimeEpoch":1743480000,"tzoffset":1.0,"temp":12.0,"feelslike":12.0,"humidity":73.46,"dew":7.4,"precip":0.0,"precipprob":6.5,"snow":0.0,"snowdepth":0.0,"preciptype":null,"windgust":6.6,"windspeed":6.2,"winddir":96.5,"pressure":1016.3,"visibility":24.1,"cloudcover":5.7,"solarradiation":0.0,"solarenergy":0.0,"uvindex":0.0,"severerisk":10.0,"conditions":"Clear","icon":"clear-night","stations":null,"source":"fcst"},{"datetime":"06:00:00","datetimeEpoch":1743483600,"tzoffset":1.0,"temp":11.7,"feelslike":11.7,"humidity":74.92,"dew":7.4,"precip":0.0,"precipprob":6.5,"snow":0.0,"snowdepth":0.0,"preciptype":null,"windgust":6.7,"windspeed":6.4,"winddir":91.9,"pressure":1016.7,"visibility":24.1,"cloudcover":5.3,"solarradiation":0.0,"solarenergy":0.0,"uvindex":0.0,"severerisk":10.0,"conditions":"Clear","icon":"clear-night","stations":null,"source":"fcst"},{"datetime":"07:00:00","datetimeEpoch":1743487200,"tzoffset":1.0,"temp":11.4,"feelslike":11.4,"humidity":76.41,"dew":7.4,"precip":0.0,"precipprob":6.5,"snow":0.0,"snowdepth":0.0,"preciptype":null,"windgust":6.8,"windspeed":6.5,"winddir":87.2,"pressure":1017.0,"visibility":24.1,"cloudcover":5.0,"solarradiation":0.0,"solarenergy":0.0,"uvindex":0.0,"severerisk":10.0,"conditions":"Clear","icon":"clear-night","stations":null,"source":"fcst"},{"datetime":"08:00:00","datetimeEpoch":1743490800,"tzoffset":1.0,"temp":12.7,"feelslike":12.7,"humidity":74.24,"dew":8.2,"precip":0.0,"precipprob":16.1,"snow":0.0,"snowdepth":0.0,"preciptype":null,"windgust":7.7,"windspeed":6.4,"winddir":104.4,"pressure":1017.0,"visibility":24.1,"cloudcover":5.0,"solarradiation":61.7,"solarenergy":0.2,"uvindex":1.0,"severerisk":10.0,"conditions":"Clear","icon":"clear-day","stations":null,"source":"fcst"},{"datetime":"09:00:00","datetimeEpoch":1743494400,"tzoffset":1.0,"temp":13.9,"feelslike":13.9,"humidity":72.16,"dew":9.0,"precip":0.0,"precipprob":16.1,"snow":0.0,"snowdepth":0.0,"preciptype":null,"windgust":8.5,"windspeed":6.2,"winddir":121.7,"pressure":1017.0,"visibility":24.1,"cloudcover":5.0,"solarradiation":123.3,"solarenergy":0.5,"uvindex":1.0,"severerisk":10.0,"conditions":"Clear","icon":"clear-day","stations":null,"source":"fcst"},{"datetime":"10:00:00","datetimeEpoch":1743498000,"tzoffset":1.0,"temp":15.3,"feelslike":15.3,"humidity":70.18,"dew":9.9,"precip":0.0,"precipprob":16.1,"snow":0.0,"snowdepth":0.0,"preciptype":null,"windgust":9.4,"windspeed":6.1,"winddir":138.9,"pressure":1017.0,"visibility":24.1,"cloudcover":5.0,"solarradiation":185.0,"solarenergy":0.7,"uvindex":2.0,"severerisk":10.0,"conditions":"Clear","icon":"clear-day","stations":null,"source":"fcst"},{"datetime":"11:00:00","datetimeEpoch":1743501600,"tzoffset":1.0,"temp":16.4,"feelslike":16.4,"humidity":66.46,"dew":10.2,"precip":0.0,"precipprob":16.1,"snow":0.0,"snowdepth":0.0,"preciptype":null,"windgust":9.6,"windspeed":7.7,"winddir":161.5,"pressure":1017.0,"visibility":24.1,"cloudcover":36.7,"solarradiation":350.3,"solarenergy":1.3,"uvindex":4.0,"severerisk":10.0,"conditions":"Partially cloudy","icon":"partly-cloudy-day","stations":null,"source":"fcst"},{"datetime":"12:00:00","datetimeEpoch":1743505200,"tzoffset":1.0,"temp":17.6,"feelslike":17.6,"humidity":62.97,"dew":10.4,"precip":0.0,"precipprob":16.1,"snow":0.0,"snowdepth":0.0,"preciptype":null,"windgust":9.8,"windspeed":9.2,"winddir":184.2,"pressure":1017.0,"visibility":24.1,"cloudcover":68.3,"solarradiation":515.7,"solarenergy":1.9,"uvindex":5.0,"severerisk":10.0,"conditions":"Partially cloudy","icon":"partly-cloudy-day","stations":null,"source":"fcst"},{"datetime":"13:00:00","datetimeEpoch":1743508800,"tzoffset":1.0,"temp":18.8,"feelslike":18.8,"humidity":59.7,"dew":10.8,"precip":0.0,"precipprob":16.1,"snow":0.0,"snowdepth":0.0,"preciptype":null,"windgust":10.1,"windspeed":10.8,"winddir":206.8,"pressure":1017.0,"visibility":24.1,"cloudcover":100.0,"solarradiation":681.0,"solarenergy":2.5,"uvindex":7.0,"severerisk":10.0,"conditions":"Overcast","icon":"cloudy","stations":null,"source":"fcst"},{"datetime":"14:00:00","datetimeEpoch":1743512400,"tzoffset":1.0,"temp":18.9,"feelslike":18.9,"humidity":59.34,"dew":10.8,"precip":0.0,"precipprob":6.5,"snow":0.0,"snowdepth":0.0,"preciptype":null,"windgust":9.4,"windspeed":10.9,"winddir":215.1,"pressure":1016.7,"visibility":24.1,"cloudcover":96.0,"solarradiation":712.0,"solarenergy":2.6,"uvindex":7.0,"severerisk":10.0,"conditions":"Overcast","icon":"cloudy","stations":null,"source":"fcst"},{"datetime":"15:00:00","datetimeEpoch":1743516000,"tzoffset":1.0,"temp":19.0,"feelslike":19.0,"humidity":58.98,"dew":10.8,"precip":0.0,"precipprob":6.5,"snow":0.0,"snowdepth":0.0,"preciptype":null,"windgust":8.6,"windspeed":11.0,"winddir":223.3,"pressure":1016.3,"visibility":24.1,"cloudcover":92.1,"solarradiation":743.0,"solarenergy":2.7,"uvindex":7.0,"severerisk":10.0,"conditions":"Overcast","icon":"cloudy","stations":null,"source":"fcst"},{"datetime":"16:00:00","datetimeEpoch":1743519600,"tzoffset":1.0,"temp":19.2,"feelslike":19.2,"humidity":58.62,"dew":10.9,"precip":0.0,"precipprob":6.5,"snow":0.0,"snowdepth":0.0,"preciptype":null,"windgust":7.9,"windspeed":11.2,"winddir":231.6,"pressure":1016.0,"visibility":24.1,"cloudcover":88.1,"solarradiation":774.0,"solarenergy":2.8,"uvindex":8.0,"severerisk":10.0,"conditions":"Partially cloudy","icon":"partly-cloudy-day","stations":null,"source":"fcst"},{"datetime":"17:00:00","datetimeEpoch":1743523200,"tzoffset":1.0,"temp":18.5,"feelslike":18.5,"humidity":62.07,"dew":11.1,"precip":0.0,"precipprob":6.5,"snow":0.0,"snowdepth":0.0,"preciptype":null,"windgust":8.8,"windspeed":10.4,"winddir":242.1,"pressure":1016.0,"visibility":24.1,"cloudcover":82.2,"solarradiation":656.7,"solarenergy":2.4,"uvindex":7.0,"severerisk":10.0,"conditions":"Partially cloudy","icon":"partly-cloudy-day","stations":null,"source":"fcst"},{"datetime":"18:00:00","datetimeEpoch":1743526800,"tzoffset":1.0,"temp":17.8,"feelslike":17.8,"humidity":65.73,"dew":11.3,"precip":0.0,"precipprob":6.5,"snow":0.0,"snowdepth":0.0,"preciptype":null,"windgust":9.6,"windspeed":9.7,"winddir":252.6,"pressure":1016.0,"visibility":24.1,"cloudcover":76.3,"solarradiation":539.3,"solarenergy":1.9,"uvindex":5.0,"severerisk":10.0,"conditions":"Partially cloudy","icon":"partly-cloudy-day","stations":null,"source":"fcst"},{"datetime":"19:00:00","datetimeEpoch":1743530400,"tzoffset":1.0,"temp":17.2,"feelslike":17.2,"humidity":69.62,"dew":11.6,"precip":0.0,"precipprob":6.5,"snow":0.0,"snowdepth":0.0,"preciptype":null,"windgust":10.4,"windspeed":9.0,"winddir":263.1,"pressure":1016.0,"visibility":24.1,"cloudcover":70.4,"solarradiation":422.0,"solarenergy":1.5,"uvindex":4.0,"severerisk":10.0,"conditions":"Partially cloudy","icon":"partly-cloudy-day","stations":null,"source":"fcst"},{"datetime":"20:00:00","datetimeEpoch":1743534000,"tzoffset":1.0,"temp":16.3,"feelslike":16.3,"humidity":74.38,"dew":11.8,"precip":0.0,"precipprob":0.0,"snow":0.0,"snowdepth":0.0,"preciptype":null,"windgust":9.8,"windspeed":7.9,"winddir":279.7,"pressure":1016.0,"visibility":24.1,"cloudcover":78.2,"solarradiation":281.3,"solarenergy":1.0,"uvindex":3.0,"severerisk":10.0,"conditions":"Partially cloudy","icon":"partly-cloudy-day","stations":null,"source":"fcst"},{"datetime":"21:00:00","datetimeEpoch":1743537600,"tzoffset":1.0,"temp":15.5,"feelslike":15.5,"humidity":79.49,"dew":12.0,"precip":0.0,"precipprob":0.0,"snow":0.0,"snowdepth":0.0,"preciptype":null,"windgust":9.2,"windspeed":6.8,"winddir":296.4,"pressure":1016.0,"visibility":24.1,"cloudcover":86.1,"solarradiation":140.7,"solarenergy":0.5,"uvindex":0.0,"severerisk":10.0,"conditions":"Partially cloudy","icon":"partly-cloudy-night","stations":null,"source":"fcst"},{"datetime":"22:00:00","datetimeEpoch":1743541200,"tzoffset":1.0,"temp":14.7,"feelslike":14.7,"humidity":84.97,"dew":12.2,"precip":0.0,"precipprob":0.0,"snow":0.0,"snowdepth":0.0,"preciptype":null,"windgust":8.6,"windspeed":5.8,"winddir":313.0,"pressure":1016.0,"visibility":24.1,"cloudcover":93.9,"solarradiation":0.0,"solarenergy":0.0,"uvindex":0.0,"severerisk":10.0,"conditions":"Overcast","icon":"cloudy","stations":null,"source":"fcst"},{"datetime":"23:00:00","datetimeEpoch":1743544800,"tzoffset":1.0,"temp":14.3,"feelslike":14.3,"humidity":86.25,"dew":12.0,"precip":0.0,"precipprob":0.0,"snow":0.0,"snowdepth":0.0,"preciptype":null,"windgust":7.3,"windspeed":5.5,"winddir":320.0,"pressure":1015.7,"visibility":24.1,"cloudcover":95.9,"solarradiation":0.0,"solarenergy":0.0,"uvindex":0.0,"severerisk":10.0,"conditions":"Overcast","icon":"cloudy","stations":null,"source":"fcst"}]},{"datetime":"2025-04-02","datetimeEpoch":1743548400,"tzoffset":1.0,"tempmax":21.0,"tempmin":12.4,"temp":16.0,"feelslikemax":21.0,"feelslikemin":12.4,"feelslike":16.0,"dew":11.1,"humidity":74.0,"precip":0.3,"precipprob":12.9,"precipcover":4.17,"preciptype":["rain"],"snow":0.0,"snowdepth":0.0,"windgust":13.7,"windspeed":13.3,"winddir":323.9,"pressure":1013.0,"cloudcover":45.3,"visibility":24.1,"solarradiation":258.9,"solarenergy":22.2,"uvindex":8.0,"severerisk":10.0,"sunrise":"07:19:35","sunriseEpoch":1743574775,"sunset":"20:01:19","sunsetEpoch":1743620479,"moonphase":0.14,"conditions":"Partially cloudy","description":"Partly cloudy throughout the day.","icon":"partly-cloudy-day","stations":null,"source":"fcst","hours":[{"datetime":"00:00:00","datetimeEpoch":1743548400,"tzoffset":1.0,"temp":13.9,"feelslike":13.9,"humidity":87.55,"dew":11.9,"precip":0.0,"precipprob":0.0,"snow":0.0,"snowdepth":0.0,"preciptype":null,"windgust":6.0,"windspeed":5.3,"winddir":327.0,"pressure":1015.3,"visibility":24.1,"cloudcover":97.8,"solarradiation":0.0,"solarenergy":0.0,"uvindex":0.0,"severerisk":10.0,"conditions":"Overcast","icon":"cloudy","stations":null,"source":"fcst"},{"datetime":"01:00:00","datetimeEpoch":1743552000,"tzoffset":1.0,"temp":13.6,"feelslike":13.6,"humidity":88.88,"dew":11.8,"precip":0.0,"precipprob":0.0,"snow":0.0,"snowdepth":0.0,"preciptype":null,"windgust":4.7,"windspeed":5.0,"winddir":334.0,"pressure":1015.0,"visibility":24.1,"cloudcover":99.8,"solarradiation":0.0,"solarenergy":0.0,"uvindex":0.0,"severerisk":10.0,"conditions":"Overcast","icon":"cloudy","stations":null,"source":"fcst"},{"datetime":"02:00:00","datetimeEpoch":1743555600,"tzoffset":1.0,"temp":13.4,"feelslike":13.4,"humidity":89.05,"dew":11.6,"precip":0.0,"precipprob":12.9,"snow":0.0,"snowdepth":0.0,"preciptype":null,"windgust":4.4,"windspeed":4.7,"winddir":341.0,"pressure":1014.7,"visibility":24.1,"cloudcover":98.4,"solarradiation":0.0,"solarenergy":0.0,"uvindex":0.0,"severerisk":10.0,"conditions":"Overcast","icon":"cloudy","stations":null,"source":"fcst"},{"datetime":"03:00:00","datetimeEpoch":1743559200,"tzoffset":1.0,"temp":13.2,"feelslike":13.2,"humidity":89.23,"dew":11.4,"precip":0.0,"precipprob":12.9,"snow":0.0,"snowdepth":0.0,"preciptype":null,"windgust":4.2,"windspeed":4.3,"winddir":348.0,"pressure":1014.3,"visibility":24.1,"cloudcover":96.9,"solarradiation":0.0,"solarenergy":0.0,"uvindex":0.0,"severerisk":10.0,"conditions":"Overcast","icon":"cloudy","stations":null,"source":"fcst"},{"datetime":"04:00:00","datetimeEpoch":1743562800,"tzoffset":1.0,"temp":13.0,"feelslike":13.0,"humidity":89.42,"dew":11.3,"precip":0.0,"precipprob":12.9,"snow":0.0,"snowdepth":0.0,"preciptype":null,"windgust":4.0,"windspeed":4.0,"winddir":355.0,"pressure":1014.0,"visibility":24.1,"cloudcover":95.5,"solarradiation":0.0,"solarenergy":0.0,"uvindex":0.0,"severerisk":10.0,"conditions":"Overcast","icon":"cloudy","stations":null,"source":"fcst"},{"datetime":"05:00:00","datetimeEpoch":1743566400,"tzoffset":1.0,"temp":12.8,"feelslike":12.8,"humidity":89.6,"dew":11.1,"precip":0.0,"precipprob":12.9,"snow":0.0,"snowdepth":0.0,"preciptype":null,"windgust":3.8,"windspeed":3.8,"winddir":353.8,"pressure":1013.7,"visibility":24.1,"cloudcover":71.6,"solarradiation":0.0,"solarenergy":0.0,"uvindex":0.0,"severerisk":10.0,"conditions":"Partially cloudy","icon":"partly-cloudy-night","stations":null,"source":"fcst"},{"datetime":"06:00:00","datetimeEpoch":1743570000,"tzoffset":1.0,"temp":12.6,"feelslike":12.6,"humidity":89.78,"dew":10.9,"precip":0.0,"precipprob":12.9,"snow":0.0,"snowdepth":0.0,"preciptype":null,"windgust":3.7,"windspeed":3.7,"winddir":352.7,"pressure":1013.3,"visibility":24.1,"cloudcover":47.6,"solarradiation":0.0,"solarenergy":0.0,"uvindex":0.0,"severerisk":10.0,"conditions":"Partially cloudy","icon":"partly-cloudy-night","stations":null,"source":"fcst"},{"datetime":"07:00:00","datetimeEpoch":1743573600,"tzoffset":1.0,"temp":12.4,"feelslike":12.4,"humidity":89.97,"dew":10.8,"precip":0.0,"precipprob":12.9,"snow":0.0,"snowdepth":0.0,"preciptype":null,"windgust":3.6,"windspeed":3.6,"winddir":351.5,"pressure":1013.0,"visibility":24.1,"cloudcover":23.7,"solarradiation":0.0,"solarenergy":0.0,"uvindex":0.0,"severerisk":10.0,"conditions":"Partially cloudy","icon":"partly-cloudy-night","stations":null,"source":"fcst"},{"datetime":"08:00:00","datetimeEpoch":1743577200,"tzoffset":1.0,"temp":13.8,"feelslike":13.8,"humidity":81.93,"dew":10.8,"precip":0.0,"precipprob":9.7,"snow":0.0,"snowdepth":0.0,"preciptype":null,"windgust":4.3,"windspeed":3.6,"winddir":342.8,"pressure":1013.3,"visibility":24.1,"cloudcover":17.5,"solarradiation":62.3,"solarenergy":0.2,"uvindex":1.0,"severerisk":10.0,"conditions":"Clear","icon":"clear-day","stations":null,"source":"fcst"},{"datetime":"09:00:00","datetimeEpoch":1743580800,"tzoffset":1.0,"temp":15.3,"feelslike":15.3,"humidity":74.69,"dew":10.8,"precip":0.0,"precipprob":9.7,"snow":0.0,"snowdepth":0.0,"preciptype":null,"windgust":5.0,"windspeed":3.6,"winddir":334.2,"pressure":1013.7,"visibility":24.1,"cloudcover":11.2,"solarradiation":124.7,"solarenergy":0.5,"uvindex":1.0,"severerisk":10.0,"conditions":"Clear","icon":"clear-day","stations":null,"source":"fcst"},{"datetime":"10:00:00","datetimeEpoch":1743584400,"tzoffset":1.0,"temp":16.8,"feelslike":16.8,"humidity":68.17,"dew":10.9,"precip":0.0,"precipprob":9.7,"snow":0.0,"snowdepth":0.0,"preciptype":null,"windgust":5.8,"windspeed":3.6,"winddir":325.5,"pressure":1014.0,"visibility":24.1,"cloudcover":5.0,"solarradiation":187.0,"solarenergy":0.7,"uvindex":2.0,"severerisk":10.0,"conditions":"Clear","icon":"clear-day","stations":null,"source":"fcst"},{"datetime":"11:00:00","datetimeEpoch":1743588000,"tzoffset":1.0,"temp":18.2,"feelslike":18.2,"humidity":61.85,"dew":10.7,"precip":0.0,"precipprob":9.7,"snow":0.0,"snowdepth":0.0,"preciptype":null,"windgust":5.5,"windspeed":4.3,"winddir":321.0,"pressure":1013.3,"visibility":24.1,"cloudcover":3.3,"solarradiation":359.0,"solarenergy":1.3,"uvindex":4.0,"severerisk":10.0,"conditions":"Clear","icon":"clear-day","stations":null,"source":"fcst"},{"datetime":"12:00:00","datetimeEpoch":1743591600,"tzoffset":1.0,"temp":19.6,"feelslike":19.6,"humidity":56.17,"dew":10.6,"precip":0.0,"precipprob":9.7,"snow":0.0,"snowdepth":0.0,"preciptype":null,"windgust":5.3,"windspeed":5.0,"winddir":316.4,"pressure":1012.7,"visibility":24.1,"cloudcover":1.7,"solarradiation":531.0,"solarenergy":1.9,"uvindex":5.0,"severerisk":10.0,"conditions":"Clear","icon":"clear-day","stations":null,"source":"fcst"},{"datetime":"13:00:00","datetimeEpoch":1743595200,"tzoffset":1.0,"temp":21.0,"feelslike":21.0,"humidity":51.06,"dew":10.5,"precip":0.0,"precipprob":9.7,"snow":0.0,"snowdepth":0.0,"preciptype":null,"windgust":5.0,"windspeed":5.8,"winddir":311.9,"pressure":1012.0,"visibility":24.1,"cloudcover":0.0,"solarradiation":703.0,"solarenergy":2.5,"uvindex":7.0,"severerisk":10.0,"conditions":"Clear","icon":"clear-day","stations":null,"source":"fcst"},{"datetime":"14:00:00","datetimeEpoch":1743598800,"tzoffset":1.0,"temp":20.5,"feelslike":20.5,"humidity":53.61,"dew":10.8,"precip":0.0,"precipprob":12.9,"snow":0.0,"snowdepth":0.0,"preciptype":null,"windgust":7.0,"windspeed":8.3,"winddir":312.2,"pressure":1012.0,"visibility":24.1,"cloudcover":21.1,"solarradiation":731.7,"solarenergy":2.6,"uvindex":7.0,"severerisk":10.0,"conditions":"Partially cloudy","icon":"partly-cloudy-day","stations":null,"source":"fcst"},{"datetime":"15:00:00","datetimeEpoch":1743602400,"tzoffset":1.0,"temp":20.0,"feelslike":20.0,"humidity":56.29,"dew":11.1,"precip":0.0,"precipprob":12.9,"snow":0.0,"snowdepth":0.0,"preciptype":null,"windgust":8.9,"windspeed":10.8,"winddir":312.4,"pressure":1012.0,"visibility":24.1,"cloudcover":42.1,"solarradiation":760.3,"solarenergy":2.7,"uvindex":8.0,"severerisk":10.0,"conditions":"Partially cloudy","icon":"partly-cloudy-day","stations":null,"source":"fcst"},{"datetime":"16:00:00","datetimeEpoch":1743606000,"tzoffset":1.0,"temp":19.6,"feelslike":19.6,"humidity":59.11,"dew":11.4,"precip":0.3,"precipprob":12.9,"snow":0.0,"snowdepth":0.0,"preciptype":["rain"],"windgust":10.8,"windspeed":13.3,"winddir":312.7,"pressure":1012.0,"visibility":24.1,"cloudcover":63.2,"solarradiation":789.0,"solarenergy":2.8,"uvindex":8.0,"severerisk":10.0,"conditions":"Partially cloudy","icon":"partly-cloudy-day","stations":null,"source":"fcst"},{"datetime":"17:00:00","datetimeEpoch":1743609600,"tzoffset":1.0,"temp":18.8,"feelslike":18.8,"humidity":61.06,"dew":11.2,"precip":0.0,"precipprob":12.9,"snow":0.0,"snowdepth":0.0,"preciptype":null,"windgust":11.2,"windspeed":12.6,"winddir":311.7,"pressure":1012.0,"visibility":24.1,"cloudcover":42.1,"solarradiation":656.7,"solarenergy":2.3,"uvindex":7.0,"severerisk":10.0,"conditions":"Partially cloudy","icon":"partly-cloudy-day","stations":null,"source":"fcst"},{"datetime":"18:00:00","datetimeEpoch":1743613200,"tzoffset":1.0,"temp":18.1,"feelslike":18.1,"humidity":63.08,"dew":10.9,"precip":0.0,"precipprob":12.9,"snow":0.0,"snowdepth":0.0,"preciptype":null,"windgust":11.5,"windspeed":11.9,"winddir":310.7,"pressure":1012.0,"visibility":24.1,"cloudcover":21.1,"solarradiation":524.3,"solarenergy":1.9,"uvindex":5.0,"severerisk":10.0,"conditions":"Partially cloudy","icon":"partly-cloudy-day","stations":null,"source":"fcst"},{"datetime":"19:00:00","datetimeEpoch":1743616800,"tzoffset":1.0,"temp":17.4,"feelslike":17.4,"humidity":65.19,"dew":10.8,"precip":0.0,"precipprob":12.9,"snow":0.0,"snowdepth":0.0,"preciptype":null,"windgust":11.9,"windspeed":11.2,"winddir":309.7,"pressure":1012.0,"visibility":24.1,"cloudcover":0.0,"solarradiation":392.0,"solarenergy":1.4,"uvindex":4.0,"severerisk":10.0,"conditions":"Clear","icon":"clear-day","stations":null,"source":"fcst"},{"datetime":"20:00:00","datetimeEpoch":1743620400,"tzoffset":1.0,"temp":16.4,"feelslike":16.4,"humidity":70.24,"dew":10.9,"precip":0.0,"precipprob":3.2,"snow":0.0,"snowdepth":0.0,"preciptype":null,"windgust":12.5,"windspeed":9.7,"winddir":318.6,"pressure":1012.0,"visibility":24.1,"cloudcover":28.2,"solarradiation":261.3,"solarenergy":0.9,"uvindex":3.0,"severerisk":10.0,"conditions":"Partially cloudy","icon":"partly-cloudy-day","stations":null,"source":"fcst"},{"datetime":"21:00:00","datetimeEpoch":1743624000,"tzoffset":1.0,"temp":15.4,"feelslike":15.4,"humidity":75.7,"dew":11.1,"precip":0.0,"precipprob":3.2,"snow":0.0,"snowdepth":0.0,"preciptype":null,"windgust":13.1,"windspeed":8.3,"winddir":327.5,"pressure":1012.0,"visibility":24.1,"cloudcover":56.3,"solarradiation":130.7,"solarenergy":0.5,"uvindex":0.0,"severerisk":10.0,"conditions":"Partially cloudy","icon":"partly-cloudy-night","stations":null,"source":"fcst"},{"datetime":"22:00:00","datetimeEpoch":1743627600,"tzoffset":1.0,"temp":14.4,"feelslike":14.4,"humidity":81.64,"dew":11.3,"precip":0.0,"precipprob":3.2,"snow":0.0,"snowdepth":0.0,"preciptype":null,"windgust":13.7,"windspeed":6.8,"winddir":336.4,"pressure":1012.0,"visibility":24.1,"cloudcover":84.5,"solarradiation":0.0,"solarenergy":0.0,"uvindex":0.0,"severerisk":10.0,"conditions":"Partially cloudy","icon":"partly-cloudy-night","stations":null,"source":"fcst"},{"datetime":"23:00:00","datetimeEpoch":1743631200,"tzoffset":1.0,"temp":14.0,"feelslike":14.0,"humidity":83.05,"dew":11.2,"precip":0.0,"precipprob":3.2,"snow":0.0,"snowdepth":0.0,"preciptype":null,"windgust":10.3,"windspeed":5.8,"winddir":343.1,"pressure":1012.0,"visibility":24.1,"cloudcover":58.0,"solarradiation":0.0,"solarenergy":0.0,"uvindex":0.0,"severerisk":10.0,"conditions":"Partially cloudy","icon":"partly-cloudy-night","stations":null,"source":"fcst"}]},{"datetime":"2025-04-03","datetimeEpoch":1743634800,"tzoffset":1.0,"tempmax":19.5,"tempmin":12.6,"temp":15.3,"feelslikemax":19.5,"feelslikemin":12.6,"feelslike":15.3,"dew":10.5,"humidity":74.1,"precip":0.1,"precipprob":25.8,"precipcover":4.17,"preciptype":["rain"],"snow":0.0,"snowdepth":0.0,"windgust":7.9,"windspeed":10.4,"winddir":263.2,"pressure":1011.0,"cloudcover":76.7,"visibility":24.1,"solarradiation":197.3,"solarenergy":17.4,"uvindex":7.0,"severerisk":10.0,"sunrise":"07:18:03","sunriseEpoch":1743661083,"sunset":"20:02:16","sunsetEpoch":1743706936,"moonphase":0.17,"conditions":"Partially cloudy","description":"Partly cloudy throughout the day.","icon":"partly-cloudy-day","stations":null,"source":"fcst","hours":[{"datetime":"00:00:00","datetimeEpoch":1743634800,"tzoffset":1.0,"temp":13.7,"feelslike":13.7,"humidity":84.49,"dew":11.1,"precip":0.0,"precipprob":3.2,"snow":0.0,"snowdepth":0.0,"preciptype":null,"windgust":7.0,"windspeed":4.7,"winddir":349.9,"pressure":1012.0,"visibility":24.1,"cloudcover":31.5,"solarradiation":0.0,"solarenergy":0.0,"uvindex":0.0,"severerisk":10.0,"conditions":"Partially cloudy","icon":"partly-cloudy-night","stations":null,"source":"fcst"},{"datetime":"01:00:00","datetimeEpoch":1743638400,"tzoffset":1.0,"temp":13.4,"feelslike":13.4,"humidity":85.96,"dew":11.1,"precip":0.0,"precipprob":3.2,"snow":0.0,"snowdepth":0.0,"preciptype":null,"windgust":3.6,"windspeed":3.6,"winddir":356.6,"pressure":1012.0,"visibility":24.1,"cloudcover":5.0,"solarradiation":0.0,"solarenergy":0.0,"uvindex":0.0,"severerisk":10.0,"conditions":"Clear","icon":"clear-night","stations":null,"source":"fcst"},{"datetime":"02:00:00","datetimeEpoch":1743642000,"tzoffset":1.0,"temp":13.2,"feelslike":13.2,"humidity":85.75,"dew":10.8,"precip":0.0,"precipprob":6.5,"snow":0.0,"snowdepth":0.0,"preciptype":null,"windgust":3.4,"windspeed":3.4,"winddir":252.0,"pressure":1011.7,"visibility":24.1,"cloudcover":36.7,"solarradiation":0.0,"solarenergy":0.0,"uvindex":0.0,"severerisk":10.0,"conditions":"Partially cloudy","icon":"partly-cloudy-night","stations":null,"source":"fcst"},{"datetime":"03:00:00","datetimeEpoch":1743645600,"tzoffset":1.0,"temp":12.9,"feelslike":12.9,"humidity":85.54,"dew":10.6,"precip":0.0,"precipprob":6.5,"snow":0.0,"snowdepth":0.0,"preciptype":null,"windgust":3.1,"windspeed":3.1,"winddir":147.4,"pressure":1011.3,"visibility":24.1,"cloudcover":68.3,"solarradiation":0.0,"solarenergy":0.0,"uvindex":0.0,"severerisk":10.0,"conditions":"Partially cloudy","icon":"partly-cloudy-night","stations":null,"source":"fcst"},{"datetime":"04:00:00","datetimeEpoch":1743649200,"tzoffset":1.0,"temp":12.8,"feelslike":12.8,"humidity":85.33,"dew":10.4,"precip":0.0,"precipprob":6.5,"snow":0.0,"snowdepth":0.0,"preciptype":null,"windgust":2.9,"windspeed":2.9,"winddir":42.8,"pressure":1011.0,"visibility":24.1,"cloudcover":100.0,"solarradiation":0.0,"solarenergy":0.0,"uvindex":0.0,"severerisk":10.0,"conditions":"Overcast","icon":"cloudy","stations":null,"source":"fcst"},{"datetime":"05:00:00","datetimeEpoch":1743652800,"tzoffset":1.0,"temp":12.7,"feelslike":12.7,"humidity":85.14,"dew":10.3,"precip":0.0,"precipprob":6.5,"snow":0.0,"snowdepth":0.0,"preciptype":null,"windgust":2.2,"windspeed":2.0,"winddir":139.9,"pressure":1011.0,"visibility":24.1,"cloudcover":100.0,"solarradiation":0.0,"solarenergy":0.0,"uvindex":0.0,"severerisk":10.0,"conditions":"Overcast","icon":"cloudy","stations":null,"source":"fcst"},{"datetime":"06:00:00","datetimeEpoch":1743656400,"tzoffset":1.0,"temp":12.6,"feelslike":12.6,"humidity":84.94,"dew":10.2,"precip":0.0,"precipprob":6.5,"snow":0.0,"snowdepth":0.0,"preciptype":null,"windgust":1.4,"windspeed":1.2,"winddir":236.9,"pressure":1011.0,"visibility":24.1,"cloudcover":100.0,"solarradiation":0.0,"solarenergy":0.0,"uvindex":0.0,"severerisk":10.0,"conditions":"Overcast","icon":"cloudy","stations":null,"source":"fcst"},{"datetime":"07:00:00","datetimeEpoch":1743660000,"tzoffset":1.0,"temp":12.6,"feelslike":12.6,"humidity":84.74,"dew":10.1,"precip":0.0,"precipprob":6.5,"snow":0.0,"snowdepth":0.0,"preciptype":null,"windgust":0.7,"windspeed":0.4,"winddir":334.0,"pressure":1011.0,"visibility":24.1,"cloudcover":100.0,"solarradiation":0.0,"solarenergy":0.0,"uvindex":0.0,"severerisk":10.0,"conditions":"Overcast","icon":"cloudy","stations":null,"source":"fcst"},{"datetime":"08:00:00","datetimeEpoch":1743663600,"tzoffset":1.0,"temp":13.4,"feelslike":13.4,"humidity":80.61,"dew":10.1,"precip":0.0,"precipprob":16.1,"snow":0.0,"snowdepth":0.0,"preciptype":null,"windgust":1.3,"windspeed":1.0,"winddir":237.2,"pressure":1011.3,"visibility":24.1,"cloudcover":100.0,"solarradiation":32.7,"solarenergy":0.1,"uvindex":0.0,"severerisk":10.0,"conditions":"Overcast","icon":"cloudy","stations":null,"source":"fcst"},{"datetime":"09:00:00","datetimeEpoch":1743667200,"tzoffset":1.0,"temp":14.2,"feelslike":14.2,"humidity":76.7,"dew":10.2,"precip":0.0,"precipprob":16.1,"snow":0.0,"snowdepth":0.0,"preciptype":null,"windgust":1.9,"windspeed":1.6,"winddir":140.3,"pressure":1011.7,"visibility":24.1,"cloudcover":100.0,"solarradiation":65.3,"solarenergy":0.3,"uvindex":1.0,"severerisk":3.0,"conditions":"Overcast","icon":"cloudy","stations":null,"source":"fcst"},{"datetime":"10:00:00","datetimeEpoch":1743670800,"tzoffset":1.0,"temp":15.1,"feelslike":15.1,"humidity":73.01,"dew":10.3,"precip":0.0,"precipprob":16.1,"snow":0.0,"snowdepth":0.0,"preciptype":null,"windgust":2.5,"windspeed":2.2,"winddir":43.5,"pressure":1012.0,"visibility":24.1,"cloudcover":100.0,"solarradiation":98.0,"solarenergy":0.4,"uvindex":1.0,"severerisk":3.0,"conditions":"Overcast","icon":"cloudy","stations":null,"source":"fcst"},{"datetime":"11:00:00","datetimeEpoch":1743674400,"tzoffset":1.0,"temp":16.5,"feelslike":16.5,"humidity":66.33,"dew":10.2,"precip":0.0,"precipprob":16.1,"snow":0.0,"snowdepth":0.0,"preciptype":null,"windgust":2.9,"windspeed":2.6,"winddir":92.8,"pressure":1011.7,"visibility":24.1,"cloudcover":100.0,"solarradiation":239.7,"solarenergy":0.9,"uvindex":2.0,"severerisk":3.0,"conditions":"Overcast","icon":"cloudy","stations":null,"source":"fcst"},{"datetime":"12:00:00","datetimeEpoch":1743678000,"tzoffset":1.0,"temp":18.0,"feelslike":18.0,"humidity":60.32,"dew":10.2,"precip":0.0,"precipprob":16.1,"snow":0.0,"snowdepth":0.0,"preciptype":null,"windgust":3.2,"windspeed":3.1,"winddir":142.0,"pressure":1011.3,"visibility":24.1,"cloudcover":100.0,"solarradiation":381.3,"solarenergy":1.4,"uvindex":4.0,"severerisk":10.0,"conditions":"Overcast","icon":"cloudy","stations":null,"source":"fcst"},{"datetime":"13:00:00","datetimeEpoch":1743681600,"tzoffset":1.0,"temp":19.5,"feelslike":19.5,"humidity":54.91,"dew":10.2,"precip":0.0,"precipprob":16.1,"snow":0.0,"snowdepth":0.0,"preciptype":null,"windgust":3.6,"windspeed":3.6,"winddir":191.3,"pressure":1011.0,"visibility":24.1,"cloudcover":100.0,"solarradiation":523.0,"solarenergy":1.9,"uvindex":5.0,"severerisk":10.0,"conditions":"Overcast","icon":"cloudy","stations":null,"source":"fcst"},{"datetime":"14:00:00","datetimeEpoch":1743685200,"tzoffset":1.0,"temp":19.1,"feelslike":19.1,"humidity":56.56,"dew":10.3,"precip":0.0,"precipprob":25.8,"snow":0.0,"snowdepth":0.0,"preciptype":null,"windgust":4.3,"windspeed":5.9,"winddir":210.4,"pressure":1010.7,"visibility":24.1,"cloudcover":100.0,"solarradiation":568.7,"solarenergy":2.1,"uvindex":6.0,"severerisk":10.0,"conditions":"Overcast","icon":"cloudy","stations":null,"source":"fcst"},{"datetime":"15:00:00","datetimeEpoch":1743688800,"tzoffset":1.0,"temp":18.7,"feelslike":18.7,"humidity":58.25,"dew":10.4,"precip":0.0,"precipprob":25.8,"snow":0.0,"snowdepth":0.0,"preciptype":null,"windgust":5.0,"windspeed":8.2,"winddir":229.4,"pressure":1010.3,"visibility":24.1,"cloudcover":100.0,"solarradiation":614.3,"solarenergy":2.2,"uvindex":6.0,"severerisk":10.0,"conditions":"Overcast","icon":"cloudy","stations":null,"source":"fcst"},{"datetime":"16:00:00","datetimeEpoch":1743692400,"tzoffset":1.0,"temp":18.4,"feelslike":18.4,"humidity":60.01,"dew":10.5,"precip":0.1,"precipprob":25.8,"snow":0.0,"snowdepth":0.0,"preciptype":["rain"],"windgust":5.8,"windspeed":10.4,"winddir":248.5,"pressure":1010.0,"visibility":24.1,"cloudcover":100.0,"solarradiation":660.0,"solarenergy":2.4,"uvindex":7.0,"severerisk":10.0,"conditions":"Overcast","icon":"cloudy","stations":null,"source":"fcst"},{"datetime":"17:00:00","datetimeEpoch":1743696000,"tzoffset":1.0,"temp":17.7,"feelslike":17.7,"humidity":62.86,"dew":10.6,"precip":0.0,"precipprob":25.8,"snow":0.0,"snowdepth":0.0,"preciptype":null,"windgust":6.5,"windspeed":9.6,"winddir":261.0,"pressure":1010.0,"visibility":24.1,"cloudcover":97.6,"solarradiation":539.0,"solarenergy":2.0,"uvindex":5.0,"severerisk":10.0,"conditions":"Overcast","icon":"cloudy","stations":null,"source":"fcst"},{"datetime":"18:00:00","datetimeEpoch":1743699600,"tzoffset":1.0,"temp":17.1,"feelslike":17.1,"humidity":65.86,"dew":10.7,"precip":0.0,"precipprob":25.8,"snow":0.0,"snowdepth":0.0,"preciptype":null,"windgust":7.2,"windspeed":8.8,"winddir":273.6,"pressure":1010.0,"visibility":24.1,"cloudcover":95.3,"solarradiation":418.0,"solarenergy":1.5,"uvindex":4.0,"severerisk":10.0,"conditions":"Overcast","icon":"cloudy","stations":null,"source":"fcst"},{"datetime":"19:00:00","datetimeEpoch":1743703200,"tzoffset":1.0,"temp":16.5,"feelslike":16.5,"humidity":69.02,"dew":10.8,"precip":0.0,"precipprob":25.8,"snow":0.0,"snowdepth":0.0,"preciptype":null,"windgust":7.9,"windspeed":7.9,"winddir":286.1,"pressure":1010.0,"visibility":24.1,"cloudcover":92.9,"solarradiation":297.0,"solarenergy":1.1,"uvindex":3.0,"severerisk":10.0,"conditions":"Overcast","icon":"cloudy","stations":null,"source":"fcst"},{"datetime":"20:00:00","datetimeEpoch":1743706800,"tzoffset":1.0,"temp":15.6,"feelslike":15.6,"humidity":72.79,"dew":10.8,"precip":0.0,"precipprob":9.7,"snow":0.0,"snowdepth":0.0,"preciptype":null,"windgust":6.8,"windspeed":6.6,"winddir":300.9,"pressure":1010.3,"visibility":24.1,"cloudcover":63.6,"solarradiation":198.0,"solarenergy":0.7,"uvindex":2.0,"severerisk":10.0,"conditions":"Partially cloudy","icon":"partly-cloudy-day","stations":null,"source":"fcst"},{"datetime":"21:00:00","datetimeEpoch":1743710400,"tzoffset":1.0,"temp":14.8,"feelslike":14.8,"humidity":76.79,"dew":10.8,"precip":0.0,"precipprob":9.7,"snow":0.0,"snowdepth":0.0,"preciptype":null,"windgust":5.8,"windspeed":5.3,"winddir":315.7,"pressure":1010.7,"visibility":24.1,"cloudcover":34.3,"solarradiation":99.0,"solarenergy":0.4,"uvindex":0.0,"severerisk":10.0,"conditions":"Partially cloudy","icon":"partly-cloudy-night","stations":null,"source":"fcst"},{"datetime":"22:00:00","datetimeEpoch":1743714000,"tzoffset":1.0,"temp":14.0,"feelslike":14.0,"humidity":81.04,"dew":10.8,"precip":0.0,"precipprob":9.7,"snow":0.0,"snowdepth":0.0,"preciptype":null,"windgust":4.7,"windspeed":4.0,"winddir":330.5,"pressure":1011.0,"visibility":24.1,"cloudcover":5.0,"solarradiation":0.0,"solarenergy":0.0,"uvindex":0.0,"severerisk":3.0,"conditions":"Clear","icon":"clear-night","stations":null,"source":"fcst"},{"datetime":"23:00:00","datetimeEpoch":1743717600,"tzoffset":1.0,"temp":13.7,"feelslike":13.7,"humidity":81.0,"dew":10.4,"precip":0.0,"precipprob":9.7,"snow":0.0,"snowdepth":0.0,"preciptype":null,"windgust":5.2,"windspeed":4.6,"winddir":232.8,"pressure":1010.7,"visibility":24.1,"cloudcover":10.3,"solarradiation":0.0,"solarenergy":0.0,"uvindex":0.0,"severerisk":10.0,"conditions":"Clear","icon":"clear-night","stations":null,"source":"fcst"}]},{"datetime":"2025-04-04","datetimeEpoch":1743721200,"tzoffset":1.0,"tempmax":19.1,"tempmin":11.5,"temp":14.9,"feelslikemax":19.1,"feelslikemin":11.5,"feelslike":14.9,"dew":10.2,"humidity":74.5,"precip":3.8,"precipprob":29.0,"precipcover":16.67,"preciptype":["rain"],"snow":0.0,"snowdepth":0.0,"windgust":31.3,"windspeed":19.8,"winddir":72.5,"pressure":1010.0,"cloudcover":57.5,"visibility":24.0,"solarradiation":232.1,"solarenergy":20.1,"uvindex":7.0,"severerisk":10.0,"sunrise":"07:16:31","sunriseEpoch":1743747391,"sunset":"20:03:13","sunsetEpoch":1743793393,"moonphase":0.21,"conditions":"Partially cloudy","description":"Partly cloudy throughout the day.","icon":"partly-cloudy-day","stations":null,"source":"fcst","hours":[{"datetime":"00:00:00","datetimeEpoch":1743721200,"tzoffset":1.0,"temp":13.4,"feelslike":13.4,"humidity":80.96,"dew":10.2,"precip":0.0,"precipprob":9.7,"snow":0.0,"snowdepth":0.0,"preciptype":null,"windgust":5.6,"windspeed":5.2,"winddir":135.1,"pressure":1010.3,"visibility":24.1,"cloudcover":15.6,"solarradiation":0.0,"solarenergy":0.0,"uvindex":0.0,"severerisk":10.0,"conditions":"Clear","icon":"clear-night","stations":null,"source":"fcst"},{"datetime":"01:00:00","datetimeEpoch":1743724800,"tzoffset":1.0,"temp":13.1,"feelslike":13.1,"humidity":80.92,"dew":9.9,"precip":0.0,"precipprob":9.7,"snow":0.0,"snowdepth":0.0,"preciptype":null,"windgust":6.1,"windspeed":5.8,"winddir":37.4,"pressure":1010.0,"visibility":24.1,"cloudcover":20.9,"solarradiation":0.0,"solarenergy":0.0,"uvindex":0.0,"severerisk":10.0,"conditions":"Partially cloudy","icon":"partly-cloudy-night","stations":null,"source":"fcst"},{"datetime":"02:00:00","datetimeEpoch":1743728400,"tzoffset":1.0,"temp":12.8,"feelslike":12.8,"humidity":82.35,"dew":9.9,"precip":0.0,"precipprob":12.9,"snow":0.0,"snowdepth":0.0,"preciptype":null,"windgust":5.9,"windspeed":5.6,"winddir":48.9,"pressure":1009.7,"visibility":24.1,"cloudcover":30.4,"solarradiation":0.0,"solarenergy":0.0,"uvindex":0.0,"severerisk":10.0,"conditions":"Partially cloudy","icon":"partly-cloudy-night","stations":null,"source":"fcst"},{"datetime":"03:00:00","datetimeEpoch":1743732000,"tzoffset":1.0,"temp":12.5,"feelslike":12.5,"humidity":83.8,"dew":9.9,"precip":0.0,"precipprob":12.9,"snow":0.0,"snowdepth":0.0,"preciptype":null,"windgust":5.6,"windspeed":5.5,"winddir":60.5,"pressure":1009.3,"visibility":24.1,"cloudcover":40.0,"solarradiation":0.0,"solarenergy":0.0,"uvindex":0.0,"severerisk":10.0,"conditions":"Partially cloudy","icon":"partly-cloudy-night","stations":null,"source":"fcst"},{"datetime":"04:00:00","datetimeEpoch":1743735600,"tzoffset":1.0,"temp":12.3,"feelslike":12.3,"humidity":85.28,"dew":9.9,"precip":0.0,"precipprob":12.9,"snow":0.0,"snowdepth":0.0,"preciptype":null,"windgust":5.4,"windspeed":5.4,"winddir":72.0,"pressure":1009.0,"visibility":24.1,"cloudcover":49.5,"solarradiation":0.0,"solarenergy":0.0,"uvindex":0.0,"severerisk":10.0,"conditions":"Partially cloudy","icon":"partly-cloudy-night","stations":null,"source":"fcst"},{"datetime":"05:00:00","datetimeEpoch":1743739200,"tzoffset":1.0,"temp":12.0,"feelslike":12.0,"humidity":85.82,"dew":9.7,"precip":0.0,"precipprob":12.9,"snow":0.0,"snowdepth":0.0,"preciptype":null,"windgust":8.3,"windspeed":6.4,"winddir":68.7,"pressure":1009.0,"visibility":24.1,"cloudcover":53.8,"solarradiation":0.0,"solarenergy":0.0,"uvindex":0.0,"severerisk":10.0,"conditions":"Partially cloudy","icon":"partly-cloudy-night","stations":null,"source":"fcst"},{"datetime":"06:00:00","datetimeEpoch":1743742800,"tzoffset":1.0,"temp":11.7,"feelslike":11.7,"humidity":86.38,"dew":9.5,"precip":0.0,"precipprob":12.9,"snow":0.0,"snowdepth":0.0,"preciptype":null,"windgust":11.2,"windspeed":7.3,"winddir":65.4,"pressure":1009.0,"visibility":24.1,"cloudcover":58.1,"solarradiation":0.0,"solarenergy":0.0,"uvindex":0.0,"severerisk":10.0,"conditions":"Partially cloudy","icon":"partly-cloudy-night","stations":null,"source":"fcst"},{"datetime":"07:00:00","datetimeEpoch":1743746400,"tzoffset":1.0,"temp":11.5,"feelslike":11.5,"humidity":86.93,"dew":9.4,"precip":0.0,"precipprob":12.9,"snow":0.0,"snowdepth":0.0,"preciptype":null,"windgust":14.0,"windspeed":8.3,"winddir":62.1,"pressure":1009.0,"visibility":24.1,"cloudcover":62.4,"solarradiation":0.0,"solarenergy":0.0,"uvindex":0.0,"severerisk":10.0,"conditions":"Partially cloudy","icon":"partly-cloudy-night","stations":null,"source":"fcst"},{"datetime":"08:00:00","datetimeEpoch":1743750000,"tzoffset":1.0,"temp":12.5,"feelslike":12.5,"humidity":82.13,"dew":9.6,"precip":0.0,"precipprob":9.7,"snow":0.0,"snowdepth":0.0,"preciptype":null,"windgust":18.5,"windspeed":11.4,"winddir":64.7,"pressure":1009.3,"visibility":24.1,"cloudcover":63.4,"solarradiation":63.3,"solarenergy":0.2,"uvindex":1.0,"severerisk":10.0,"conditions":"Partially cloudy","icon":"partly-cloudy-day","stations":null,"source":"fcst"},{"datetime":"09:00:00","datetimeEpoch":1743753600,"tzoffset":1.0,"temp":13.6,"feelslike":13.6,"humidity":77.64,"dew":9.8,"precip":0.0,"precipprob":9.7,"snow":0.0,"snowdepth":0.0,"preciptype":null,"windgust":22.9,"windspeed":14.5,"winddir":67.4,"pressure":1009.7,"visibility":24.1,"cloudcover":64.5,"solarradiation":126.7,"solarenergy":0.5,"uvindex":1.0,"severerisk":10.0,"conditions":"Partially cloudy","icon":"partly-cloudy-day","stations":null,"source":"fcst"},{"datetime":"10:00:00","datetimeEpoch":1743757200,"tzoffset":1.0,"temp":14.7,"feelslike":14.7,"humidity":73.43,"dew":10.0,"precip":0.0,"precipprob":9.7,"snow":0.0,"snowdepth":0.0,"preciptype":["rain"],"windgust":27.4,"windspeed":17.6,"winddir":70.0,"pressure":1010.0,"visibility":24.1,"cloudcover":65.5,"solarradiation":190.0,"solarenergy":0.7,"uvindex":2.0,"severerisk":10.0,"conditions":"Partially cloudy","icon":"partly-cloudy-day","stations":null,"source":"fcst"},{"datetime":"11:00:00","datetimeEpoch":1743760800,"tzoffset":1.0,"temp":16.1,"feelslike":16.1,"humidity":67.89,"dew":10.2,"precip":0.0,"precipprob":9.7,"snow":0.0,"snowdepth":0.0,"preciptype":null,"windgust":25.3,"windspeed":17.9,"winddir":71.4,"pressure":1009.7,"visibility":24.1,"cloudcover":65.8,"solarradiation":319.0,"solarenergy":1.2,"uvindex":3.0,"severerisk":10.0,"conditions":"Partially cloudy","icon":"partly-cloudy-day","stations":null,"source":"fcst"},{"datetime":"12:00:00","datetimeEpoch":1743764400,"tzoffset":1.0,"temp":17.6,"feelslike":17.6,"humidity":62.83,"dew":10.4,"precip":0.0,"precipprob":9.7,"snow":0.0,"snowdepth":0.0,"preciptype":null,"windgust":23.3,"windspeed":18.1,"winddir":72.8,"pressure":1009.3,"visibility":24.1,"cloudcover":66.0,"solarradiation":448.0,"solarenergy":1.6,"uvindex":4.0,"severerisk":10.0,"conditions":"Partially cloudy","icon":"partly-cloudy-day","stations":null,"source":"fcst"},{"datetime":"13:00:00","datetimeEpoch":1743768000,"tzoffset":1.0,"temp":19.1,"feelslike":19.1,"humidity":58.21,"dew":10.7,"precip":0.8,"precipprob":9.7,"snow":0.0,"snowdepth":0.0,"preciptype":["rain"],"windgust":21.2,"windspeed":18.4,"winddir":74.2,"pressure":1009.0,"visibility":24.1,"cloudcover":66.3,"solarradiation":577.0,"solarenergy":2.1,"uvindex":6.0,"severerisk":10.0,"conditions":"Partially cloudy","icon":"partly-cloudy-day","stations":null,"source":"fcst"},{"datetime":"14:00:00","datetimeEpoch":1743771600,"tzoffset":1.0,"temp":18.9,"feelslike":18.9,"humidity":58.68,"dew":10.6,"precip":0.0,"precipprob":29.0,"snow":0.0,"snowdepth":0.0,"preciptype":null,"windgust":22.2,"windspeed":18.8,"winddir":72.6,"pressure":1009.0,"visibility":24.1,"cloudcover":74.8,"solarradiation":615.7,"solarenergy":2.2,"uvindex":6.0,"severerisk":10.0,"conditions":"Partially cloudy","icon":"partly-cloudy-day","stations":null,"source":"fcst"},{"datetime":"15:00:00","datetimeEpoch":1743775200,"tzoffset":1.0,"temp":18.7,"feelslike":18.7,"humidity":59.17,"dew":10.6,"precip":0.0,"precipprob":29.0,"snow":0.0,"snowdepth":0.0,"preciptype":null,"windgust":23.2,"windspeed":19.3,"winddir":71.1,"pressure":1009.0,"visibility":24.1,"cloudcover":83.2,"solarradiation":654.3,"solarenergy":2.4,"uvindex":7.0,"severerisk":10.0,"conditions":"Partially cloudy","icon":"partly-cloudy-day","stations":null,"source":"fcst"},{"datetime":"16:00:00","datetimeEpoch":1743778800,"tzoffset":1.0,"temp":18.6,"feelslike":18.6,"humidity":59.66,"dew":10.6,"precip":1.5,"precipprob":29.0,"snow":0.0,"snowdepth":0.0,"preciptype":["rain"],"windgust":24.1,"windspeed":19.8,"winddir":69.5,"pressure":1009.0,"visibility":24.1,"cloudcover":91.7,"solarradiation":693.0,"solarenergy":2.5,"uvindex":7.0,"severerisk":10.0,"conditions":"Overcast","icon":"cloudy","stations":null,"source":"fcst"},{"datetime":"17:00:00","datetimeEpoch":1743782400,"tzoffset":1.0,"temp":17.9,"feelslike":17.9,"humidity":62.07,"dew":10.5,"precip":0.0,"precipprob":29.0,"snow":0.0,"snowdepth":0.0,"preciptype":null,"windgust":26.5,"windspeed":19.6,"winddir":72.4,"pressure":1009.7,"visibility":23.8,"cloudcover":79.3,"solarradiation":594.3,"solarenergy":2.1,"uvindex":6.0,"severerisk":10.0,"conditions":"Partially cloudy","icon":"partly-cloudy-day","stations":null,"source":"fcst"},{"datetime":"18:00:00","datetimeEpoch":1743786000,"tzoffset":1.0,"temp":17.2,"feelslike":17.2,"humidity":64.59,"dew":10.5,"precip":0.0,"precipprob":29.0,"snow":0.0,"snowdepth":0.0,"preciptype":null,"windgust":28.9,"windspeed":19.3,"winddir":75.2,"pressure":1010.3,"visibility":23.6,"cloudcover":67.0,"solarradiation":495.7,"solarenergy":1.8,"uvindex":5.0,"severerisk":10.0,"conditions":"Partially cloudy","icon":"partly-cloudy-day","stations":null,"source":"fcst"},{"datetime":"19:00:00","datetimeEpoch":1743789600,"tzoffset":1.0,"temp":16.6,"feelslike":16.6,"humidity":67.23,"dew":10.5,"precip":0.9,"precipprob":29.0,"snow":0.0,"snowdepth":0.0,"preciptype":["rain"],"windgust":31.3,"windspeed":19.1,"winddir":78.1,"pressure":1011.0,"visibility":23.3,"cloudcover":54.6,"solarradiation":397.0,"solarenergy":1.4,"uvindex":4.0,"severerisk":10.0,"conditions":"Partially cloudy","icon":"partly-cloudy-day","stations":null,"source":"fcst"},{"datetime":"20:00:00","datetimeEpoch":1743793200,"tzoffset":1.0,"temp":15.5,"feelslike":15.5,"humidity":72.77,"dew":10.6,"precip":0.0,"precipprob":6.5,"snow":0.0,"snowdepth":0.0,"preciptype":null,"windgust":28.0,"windspeed":15.1,"winddir":80.6,"pressure":1011.7,"visibility":23.6,"cloudcover":55.3,"solarradiation":264.7,"solarenergy":0.9,"uvindex":3.0,"severerisk":10.0,"conditions":"Partially cloudy","icon":"partly-cloudy-day","stations":null,"source":"fcst"},{"datetime":"21:00:00","datetimeEpoch":1743796800,"tzoffset":1.0,"temp":14.4,"feelslike":14.4,"humidity":78.81,"dew":10.8,"precip":0.0,"precipprob":6.5,"snow":0.0,"snowdepth":0.0,"preciptype":null,"windgust":24.6,"windspeed":11.2,"winddir":83.1,"pressure":1012.3,"visibility":23.8,"cloudcover":56.1,"solarradiation":132.3,"solarenergy":0.5,"uvindex":0.0,"severerisk":10.0,"conditions":"Partially cloudy","icon":"partly-cloudy-night","stations":null,"source":"fcst"},{"datetime":"22:00:00","datetimeEpoch":1743800400,"tzoffset":1.0,"temp":13.4,"feelslike":13.4,"humidity":85.4,"dew":11.0,"precip":0.6,"precipprob":6.5,"snow":0.0,"snowdepth":0.0,"preciptype":["rain"],"windgust":21.2,"windspeed":7.2,"winddir":85.6,"pressure":1013.0,"visibility":24.1,"cloudcover":56.8,"solarradiation":0.0,"solarenergy":0.0,"uvindex":0.0,"severerisk":10.0,"conditions":"Partially cloudy","icon":"partly-cloudy-night","stations":null,"source":"fcst"},{"datetime":"23:00:00","datetimeEpoch":1743804000,"tzoffset":1.0,"temp":12.8,"feelslike":12.8,"humidity":84.4,"dew":10.3,"precip":0.0,"precipprob":6.5,"snow":0.0,"snowdepth":0.0,"preciptype":null,"windgust":26.3,"windspeed":9.8,"winddir":80.2,"pressure":1013.7,"visibility":24.1,"cloudcover":37.9,"solarradiation":0.0,"solarenergy":0.0,"uvindex":0.0,"severerisk":10.0,"conditions":"Partially cloudy","icon":"partly-cloudy-night","stations":null,"source":"fcst"}]},{"datetime":"2025-04-05","datetimeEpoch":1743807600,"tzoffset":1.0,"tempmax":18.8,"tempmin":9.5,"temp":13.5,"feelslikemax":18.8,"feelslikemin":6.7,"feelslike":13.1,"dew":4.6,"humidity":57.4,"precip":0.0,"precipprob":25.8,"precipcover":0.0,"preciptype":null,"snow":0.0,"snowdepth":0.0,"windgust":47.5,"windspeed":22.3,"winddir":57.7,"pressure":1016.3,"cloudcover":1.1,"visibility":24.1,"solarradiation":285.5,"solarenergy":24.9,"uvindex":9.0,"severerisk":10.0,"sunrise":"07:14:59","sunriseEpoch":1743833699,"sunset":"20:04:11","sunsetEpoch":1743879851,"moonphase":0.25,"conditions":"Clear","description":"Clear conditions throughout the day.","icon":"clear-day","stations":null,"source":"fcst","hours":[{"datetime":"00:00:00","datetimeEpoch":1743807600,"tzoffset":1.0,"temp":12.3,"feelslike":12.3,"humidity":83.4,"dew":9.6,"precip":0.0,"precipprob":6.5,"snow":0.0,"snowdepth":0.0,"preciptype":null,"windgust":31.3,"windspeed":12.5,"winddir":74.9,"pressure":1014.3,"visibility":24.1,"cloudcover":18.9,"solarradiation":0.0,"solarenergy":0.0,"uvindex":0.0,"severerisk":10.0,"conditions":"Clear","icon":"clear-night","stations":null,"source":"fcst"},{"datetime":"01:00:00","datetimeEpoch":1743811200,"tzoffset":1.0,"temp":11.8,"feelslike":11.8,"humidity":82.4,"dew":8.9,"precip":0.0,"precipprob":6.5,"snow":0.0,"snowdepth":0.0,"preciptype":null,"windgust":36.4,"windspeed":15.1,"winddir":69.5,"pressure":1015.0,"visibility":24.1,"cloudcover":0.0,"solarradiation":0.0,"solarenergy":0.0,"uvindex":0.0,"severerisk":10.0,"conditions":"Clear","icon":"clear-night","stations":null,"source":"fcst"},{"datetime":"02:00:00","datetimeEpoch":1743814800,"tzoffset":1.0,"temp":11.1,"feelslike":11.1,"humidity":79.21,"dew":7.6,"precip":0.0,"precipprob":16.1,"snow":0.0,"snowdepth":0.0,"preciptype":null,"windgust":40.1,"windspeed":16.7,"winddir":67.9,"pressure":1015.0,"visibility":24.1,"cloudcover":0.0,"solarradiation":0.0,"solarenergy":0.0,"uvindex":0.0,"severerisk":10.0,"conditions":"Clear","icon":"clear-night","stations":null,"source":"fcst"},{"datetime":"03:00:00","datetimeEpoch":1743818400,"tzoffset":1.0,"temp":10.4,"feelslike":10.4,"humidity":76.09,"dew":6.4,"precip":0.0,"precipprob":16.1,"snow":0.0,"snowdepth":0.0,"preciptype":null,"windgust":43.8,"windspeed":18.2,"winddir":66.3,"pressure":1015.0,"visibility":24.1,"cloudcover":0.0,"solarradiation":0.0,"solarenergy":0.0,"uvindex":0.0,"severerisk":10.0,"conditions":"Clear","icon":"clear-night","stations":null,"source":"fcst"},{"datetime":"04:00:00","datetimeEpoch":1743822000,"tzoffset":1.0,"temp":9.8,"feelslike":7.1,"humidity":73.05,"dew":5.2,"precip":0.0,"precipprob":16.1,"snow":0.0,"snowdepth":0.0,"preciptype":null,"windgust":47.5,"windspeed":19.8,"winddir":64.7,"pressure":1015.0,"visibility":24.1,"cloudcover":0.0,"solarradiation":0.0,"solarenergy":0.0,"uvindex":0.0,"severerisk":10.0,"conditions":"Clear","icon":"clear-night","stations":null,"source":"fcst"},{"datetime":"05:00:00","datetimeEpoch":1743825600,"tzoffset":1.0,"temp":9.7,"feelslike":7.0,"humidity":71.52,"dew":4.8,"precip":0.0,"precipprob":16.1,"snow":0.0,"snowdepth":0.0,"preciptype":null,"windgust":47.4,"windspeed":19.9,"winddir":65.0,"pressure":1015.3,"visibility":24.1,"cloudcover":0.0,"solarradiation":0.0,"solarenergy":0.0,"uvindex":0.0,"severerisk":10.0,"conditions":"Clear","icon":"clear-night","stations":null,"source":"fcst"},{"datetime":"06:00:00","datetimeEpoch":1743829200,"tzoffset":1.0,"temp":9.6,"feelslike":6.8,"humidity":70.01,"dew":4.4,"precip":0.0,"precipprob":16.1,"snow":0.0,"snowdepth":0.0,"preciptype":null,"windgust":47.3,"windspeed":20.0,"winddir":65.2,"pressure":1015.7,"visibility":24.1,"cloudcover":0.0,"solarradiation":0.0,"solarenergy":0.0,"uvindex":0.0,"severerisk":10.0,"conditions":"Clear","icon":"clear-night","stations":null,"source":"fcst"},{"datetime":"07:00:00","datetimeEpoch":1743832800,"tzoffset":1.0,"temp":9.5,"feelslike":6.7,"humidity":68.54,"dew":4.0,"precip":0.0,"precipprob":16.1,"snow":0.0,"snowdepth":0.0,"preciptype":null,"windgust":47.2,"windspeed":20.2,"winddir":65.5,"pressure":1016.0,"visibility":24.1,"cloudcover":0.0,"solarradiation":0.0,"solarenergy":0.0,"uvindex":0.0,"severerisk":10.0,"conditions":"Clear","icon":"clear-night","stations":null,"source":"fcst"},{"datetime":"08:00:00","datetimeEpoch":1743836400,"tzoffset":1.0,"temp":10.4,"feelslike":10.4,"humidity":64.69,"dew":4.0,"precip":0.0,"precipprob":25.8,"snow":0.0,"snowdepth":0.0,"preciptype":null,"windgust":45.0,"windspeed":20.9,"winddir":67.7,"pressure":1016.7,"visibility":24.1,"cloudcover":0.0,"solarradiation":70.0,"solarenergy":0.3,"uvindex":1.0,"severerisk":10.0,"conditions":"Clear","icon":"clear-day","stations":null,"source":"fcst"},{"datetime":"09:00:00","datetimeEpoch":1743840000,"tzoffset":1.0,"temp":11.3,"feelslike":11.3,"humidity":61.08,"dew":4.1,"precip":0.0,"precipprob":25.8,"snow":0.0,"snowdepth":0.0,"preciptype":null,"windgust":42.8,"windspeed":21.6,"winddir":69.9,"pressure":1017.3,"visibility":24.1,"cloudcover":0.0,"solarradiation":140.0,"solarenergy":0.5,"uvindex":1.0,"severerisk":10.0,"conditions":"Clear","icon":"clear-day","stations":null,"source":"fcst"},{"datetime":"10:00:00","datetimeEpoch":1743843600,"tzoffset":1.0,"temp":12.3,"feelslike":12.3,"humidity":57.7,"dew":4.2,"precip":0.0,"precipprob":25.8,"snow":0.0,"snowdepth":0.0,"preciptype":null,"windgust":40.7,"windspeed":22.3,"winddir":72.1,"pressure":1018.0,"visibility":24.1,"cloudcover":0.0,"solarradiation":210.0,"solarenergy":0.8,"uvindex":2.0,"severerisk":10.0,"conditions":"Clear","icon":"clear-day","stations":null,"source":"fcst"},{"datetime":"11:00:00","datetimeEpoch":1743847200,"tzoffset":1.0,"temp":13.9,"feelslike":13.9,"humidity":49.97,"dew":3.7,"precip":0.0,"precipprob":25.8,"snow":0.0,"snowdepth":0.0,"preciptype":null,"windgust":35.8,"windspeed":21.1,"winddir":71.1,"pressure":1017.7,"visibility":24.1,"cloudcover":0.0,"solarradiation":388.3,"solarenergy":1.4,"uvindex":4.0,"severerisk":10.0,"conditions":"Clear","icon":"clear-day","stations":null,"source":"fcst"},{"datetime":"12:00:00","datetimeEpoch":1743850800,"tzoffset":1.0,"temp":15.6,"feelslike":15.6,"humidity":43.32,"dew":3.2,"precip":0.0,"precipprob":25.8,"snow":0.0,"snowdepth":0.0,"preciptype":null,"windgust":30.8,"windspeed":19.9,"winddir":70.1,"pressure":1017.3,"visibility":24.1,"cloudcover":0.0,"solarradiation":566.7,"solarenergy":2.1,"uvindex":6.0,"severerisk":10.0,"conditions":"Clear","icon":"clear-day","stations":null,"source":"fcst"},{"datetime":"13:00:00","datetimeEpoch":1743854400,"tzoffset":1.0,"temp":17.3,"feelslike":17.3,"humidity":37.61,"dew":2.7,"precip":0.0,"precipprob":25.8,"snow":0.0,"snowdepth":0.0,"preciptype":null,"windgust":25.9,"windspeed":18.7,"winddir":69.1,"pressure":1017.0,"visibility":24.1,"cloudcover":0.0,"solarradiation":745.0,"solarenergy":2.7,"uvindex":7.0,"severerisk":10.0,"conditions":"Clear","icon":"clear-day","stations":null,"source":"fcst"},{"datetime":"14:00:00","datetimeEpoch":1743858000,"tzoffset":1.0,"temp":17.8,"feelslike":17.8,"humidity":36.01,"dew":2.5,"precip":0.0,"precipprob":19.4,"snow":0.0,"snowdepth":0.0,"preciptype":null,"windgust":23.3,"windspeed":16.9,"winddir":59.4,"pressure":1016.7,"visibility":24.1,"cloudcover":0.8,"solarradiation":785.0,"solarenergy":2.8,"uvindex":8.0,"severerisk":10.0,"conditions":"Clear","icon":"clear-day","stations":null,"source":"fcst"},{"datetime":"15:00:00","datetimeEpoch":1743861600,"tzoffset":1.0,"temp":18.3,"feelslike":18.3,"humidity":34.49,"dew":2.3,"precip":0.0,"precipprob":19.4,"snow":0.0,"snowdepth":0.0,"preciptype":null,"windgust":20.6,"windspeed":15.1,"winddir":49.8,"pressure":1016.3,"visibility":24.1,"cloudcover":1.5,"solarradiation":825.0,"solarenergy":3.0,"uvindex":8.0,"severerisk":10.0,"conditions":"Clear","icon":"clear-day","stations":null,"source":"fcst"},{"datetime":"16:00:00","datetimeEpoch":1743865200,"tzoffset":1.0,"temp":18.8,"feelslike":18.8,"humidity":33.03,"dew":2.2,"precip":0.0,"precipprob":19.4,"snow":0.0,"snowdepth":0.0,"preciptype":null,"windgust":18.0,"windspeed":13.3,"winddir":40.1,"pressure":1016.0,"visibility":24.1,"cloudcover":2.3,"solarradiation":865.0,"solarenergy":3.1,"uvindex":9.0,"severerisk":10.0,"conditions":"Clear","icon":"clear-day","stations":null,"source":"fcst"},{"datetime":"17:00:00","datetimeEpoch":1743868800,"tzoffset":1.0,"temp":18.0,"feelslike":18.0,"humidity":37.04,"dew":3.1,"precip":0.0,"precipprob":19.4,"snow":0.0,"snowdepth":0.0,"preciptype":null,"windgust":18.1,"windspeed":13.8,"winddir":145.0,"pressure":1016.0,"visibility":24.1,"cloudcover":1.5,"solarradiation":731.3,"solarenergy":2.6,"uvindex":7.0,"severerisk":10.0,"conditions":"Clear","icon":"clear-day","stations":null,"source":"fcst"},{"datetime":"18:00:00","datetimeEpoch":1743872400,"tzoffset":1.0,"temp":17.3,"feelslike":17.3,"humidity":41.52,"dew":4.1,"precip":0.0,"precipprob":19.4,"snow":0.0,"snowdepth":0.0,"preciptype":null,"windgust":18.2,"windspeed":14.3,"winddir":250.0,"pressure":1016.0,"visibility":24.1,"cloudcover":0.8,"solarradiation":597.7,"solarenergy":2.2,"uvindex":6.0,"severerisk":10.0,"conditions":"Clear","icon":"clear-day","stations":null,"source":"fcst"},{"datetime":"19:00:00","datetimeEpoch":1743876000,"tzoffset":1.0,"temp":16.6,"feelslike":16.6,"humidity":46.54,"dew":5.1,"precip":0.0,"precipprob":19.4,"snow":0.0,"snowdepth":0.0,"preciptype":null,"windgust":18.4,"windspeed":14.8,"winddir":354.9,"pressure":1016.0,"visibility":24.1,"cloudcover":0.0,"solarradiation":464.0,"solarenergy":1.7,"uvindex":5.0,"severerisk":10.0,"conditions":"Clear","icon":"clear-day","stations":null,"source":"fcst"},{"datetime":"20:00:00","datetimeEpoch":1743879600,"tzoffset":1.0,"temp":15.1,"feelslike":15.1,"humidity":50.75,"dew":4.9,"precip":0.0,"precipprob":16.1,"snow":0.0,"snowdepth":0.0,"preciptype":null,"windgust":20.0,"windspeed":13.3,"winddir":353.6,"pressure":1016.7,"visibility":24.1,"cloudcover":0.0,"solarradiation":309.3,"solarenergy":1.1,"uvindex":3.0,"severerisk":10.0,"conditions":"Clear","icon":"clear-day","stations":null,"source":"fcst"},{"datetime":"21:00:00","datetimeEpoch":1743883200,"tzoffset":1.0,"temp":13.6,"feelslike":13.6,"humidity":55.4,"dew":4.8,"precip":0.0,"precipprob":16.1,"snow":0.0,"snowdepth":0.0,"preciptype":null,"windgust":21.7,"windspeed":11.9,"winddir":352.3,"pressure":1017.3,"visibility":24.1,"cloudcover":0.0,"solarradiation":154.7,"solarenergy":0.6,"uvindex":0.0,"severerisk":10.0,"conditions":"Clear","icon":"clear-night","stations":null,"source":"fcst"},{"datetime":"22:00:00","datetimeEpoch":1743886800,"tzoffset":1.0,"temp":12.1,"feelslike":12.1,"humidity":60.55,"dew":4.7,"precip":0.0,"precipprob":16.1,"snow":0.0,"snowdepth":0.0,"preciptype":null,"windgust":23.4,"windspeed":10.4,"winddir":351.0,"pressure":1018.0,"visibility":24.1,"cloudcover":0.0,"solarradiation":0.0,"solarenergy":0.0,"uvindex":0.0,"severerisk":10.0,"conditions":"Clear","icon":"clear-night","stations":null,"source":"fcst"},{"datetime":"23:00:00","datetimeEpoch":1743890400,"tzoffset":1.0,"temp":11.7,"feelslike":11.7,"humidity":63.93,"dew":5.1,"precip":0.0,"precipprob":16.1,"snow":0.0,"snowdepth":0.0,"preciptype":null,"windgust":22.4,"windspeed":9.6,"winddir":349.7,"pressure":1017.7,"visibility":24.1,"cloudcover":0.0,"solarradiation":0.0,"solarenergy":0.0,"uvindex":0.0,"severerisk":10.0,"conditions":"Clear","icon":"clear-night","stations":null,"source":"fcst"}]},{"datetime":"2025-04-06","datetimeEpoch":1743894000,"tzoffset":1.0,"tempmax":19.0,"tempmin":9.6,"temp":14.0,"feelslikemax":19.0,"feelslikemin":9.4,"feelslike":14.0,"dew":6.2,"humidity":61.2,"precip":0.1,"precipprob":22.6,"precipcover":4.17,"preciptype":["rain"],"snow":0.0,"snowdepth":0.0,"windgust":21.5,"windspeed":12.6,"winddir":310.6,"pressure":1015.3,"cloudcover":9.6,"visibility":24.1,"solarradiation":282.5,"solarenergy":24.6,"uvindex":9.0,"severerisk":10.0,"sunrise":"07:13:28","sunriseEpoch":1743920008,"sunset":"20:05:08","sunsetEpoch":1743966308,"moonphase":0.27,"conditions":"Clear","description":"Clear conditions throughout the day.","icon":"clear-day","stations":null,"source":"fcst","hours":[{"datetime":"00:00:00","datetimeEpoch":1743894000,"tzoffset":1.0,"temp":11.3,"feelslike":11.3,"humidity":67.49,"dew":5.5,"precip":0.0,"precipprob":16.1,"snow":0.0,"snowdepth":0.0,"preciptype":null,"windgust":21.5,"windspeed":8.8,"winddir":348.3,"pressure":1017.3,"visibility":24.1,"cloudcover":0.0,"solarradiation":0.0,"solarenergy":0.0,"uvindex":0.0,"severerisk":10.0,"conditions":"Clear","icon":"clear-night","stations":null,"source":"fcst"},{"datetime":"01:00:00","datetimeEpoch":1743897600,"tzoffset":1.0,"temp":10.9,"feelslike":10.9,"humidity":71.25,"dew":5.9,"precip":0.0,"precipprob":16.1,"snow":0.0,"snowdepth":0.0,"preciptype":null,"windgust":20.5,"windspeed":7.9,"winddir":347.0,"pressure":1017.0,"visibility":24.1,"cloudcover":0.0,"solarradiation":0.0,"solarenergy":0.0,"uvindex":0.0,"severerisk":10.0,"conditions":"Clear","icon":"clear-night","stations":null,"source":"fcst"},{"datetime":"02:00:00","datetimeEpoch":1743901200,"tzoffset":1.0,"temp":10.6,"feelslike":10.6,"humidity":73.04,"dew":6.0,"precip":0.0,"precipprob":19.4,"snow":0.0,"snowdepth":0.0,"preciptype":null,"windgust":17.6,"windspeed":7.6,"winddir":347.0,"pressure":1016.7,"visibility":24.1,"cloudcover":0.0,"solarradiation":0.0,"solarenergy":0.0,"uvindex":0.0,"severerisk":10.0,"conditions":"Clear","icon":"clear-night","stations":null,"source":"fcst"},{"datetime":"03:00:00","datetimeEpoch":1743904800,"tzoffset":1.0,"temp":10.4,"feelslike":10.4,"humidity":74.87,"dew":6.1,"precip":0.0,"precipprob":19.4,"snow":0.0,"snowdepth":0.0,"preciptype":null,"windgust":14.8,"windspeed":7.2,"winddir":346.9,"pressure":1016.3,"visibility":24.1,"cloudcover":0.0,"solarradiation":0.0,"solarenergy":0.0,"uvindex":0.0,"severerisk":10.0,"conditions":"Clear","icon":"clear-night","stations":null,"source":"fcst"},{"datetime":"04:00:00","datetimeEpoch":1743908400,"tzoffset":1.0,"temp":10.2,"feelslike":10.2,"humidity":76.75,"dew":6.3,"precip":0.0,"precipprob":19.4,"snow":0.0,"snowdepth":0.0,"preciptype":null,"windgust":11.9,"windspeed":6.8,"winddir":346.9,"pressure":1016.0,"visibility":24.1,"cloudcover":0.0,"solarradiation":0.0,"solarenergy":0.0,"uvindex":0.0,"severerisk":10.0,"conditions":"Clear","icon":"clear-night","stations":null,"source":"fcst"},{"datetime":"05:00:00","datetimeEpoch":1743912000,"tzoffset":1.0,"temp":10.0,"feelslike":9.4,"humidity":76.89,"dew":6.1,"precip":0.0,"precipprob":19.4,"snow":0.0,"snowdepth":0.0,"preciptype":null,"windgust":9.6,"windspeed":6.1,"winddir":231.3,"pressure":1016.0,"visibility":24.1,"cloudcover":0.0,"solarradiation":0.0,"solarenergy":0.0,"uvindex":0.0,"severerisk":10.0,"conditions":"Clear","icon":"clear-night","stations":null,"source":"fcst"},{"datetime":"06:00:00","datetimeEpoch":1743915600,"tzoffset":1.0,"temp":9.8,"feelslike":9.4,"humidity":77.03,"dew":5.9,"precip":0.0,"precipprob":19.4,"snow":0.0,"snowdepth":0.0,"preciptype":null,"windgust":7.3,"windspeed":5.4,"winddir":115.6,"pressure":1016.0,"visibility":24.1,"cloudcover":0.0,"solarradiation":0.0,"solarenergy":0.0,"uvindex":0.0,"severerisk":10.0,"conditions":"Clear","icon":"clear-night","stations":null,"source":"fcst"},{"datetime":"07:00:00","datetimeEpoch":1743919200,"tzoffset":1.0,"temp":9.6,"feelslike":9.6,"humidity":77.18,"dew":5.8,"precip":0.0,"precipprob":19.4,"snow":0.0,"snowdepth":0.0,"preciptype":null,"windgust":5.0,"windspeed":4.7,"winddir":0.0,"pressure":1016.0,"visibility":24.1,"cloudcover":0.0,"solarradiation":0.0,"solarenergy":0.0,"uvindex":0.0,"severerisk":10.0,"conditions":"Clear","icon":"clear-night","stations":null,"source":"fcst"},{"datetime":"08:00:00","datetimeEpoch":1743922800,"tzoffset":1.0,"temp":11.2,"feelslike":11.2,"humidity":69.69,"dew":5.9,"precip":0.0,"precipprob":12.9,"snow":0.0,"snowdepth":0.0,"preciptype":null,"windgust":5.4,"windspeed":4.4,"winddir":18.0,"pressure":1016.0,"visibility":24.1,"cloudcover":0.0,"solarradiation":70.0,"solarenergy":0.3,"uvindex":1.0,"severerisk":10.0,"conditions":"Clear","icon":"clear-day","stations":null,"source":"fcst"},{"datetime":"09:00:00","datetimeEpoch":1743926400,"tzoffset":1.0,"temp":12.8,"feelslike":12.8,"humidity":63.02,"dew":5.9,"precip":0.0,"precipprob":12.9,"snow":0.0,"snowdepth":0.0,"preciptype":null,"windgust":5.8,"windspeed":4.2,"winddir":36.0,"pressure":1016.0,"visibility":24.1,"cloudcover":0.0,"solarradiation":140.0,"solarenergy":0.5,"uvindex":1.0,"severerisk":10.0,"conditions":"Clear","icon":"clear-day","stations":null,"source":"fcst"},{"datetime":"10:00:00","datetimeEpoch":1743930000,"tzoffset":1.0,"temp":14.5,"feelslike":14.5,"humidity":57.06,"dew":6.1,"precip":0.0,"precipprob":12.9,"snow":0.0,"snowdepth":0.0,"preciptype":null,"windgust":6.1,"windspeed":4.0,"winddir":54.0,"pressure":1016.0,"visibility":24.1,"cloudcover":0.0,"solarradiation":210.0,"solarenergy":0.8,"uvindex":2.0,"severerisk":10.0,"conditions":"Clear","icon":"clear-day","stations":null,"source":"fcst"},{"datetime":"11:00:00","datetimeEpoch":1743933600,"tzoffset":1.0,"temp":15.8,"feelslike":15.8,"humidity":49.91,"dew":5.4,"precip":0.0,"precipprob":12.9,"snow":0.0,"snowdepth":0.0,"preciptype":null,"windgust":5.4,"windspeed":4.0,"winddir":88.8,"pressure":1015.7,"visibility":24.1,"cloudcover":0.0,"solarradiation":386.0,"solarenergy":1.4,"uvindex":4.0,"severerisk":10.0,"conditions":"Clear","icon":"clear-day","stations":null,"source":"fcst"},{"datetime":"12:00:00","datetimeEpoch":1743937200,"tzoffset":1.0,"temp":17.2,"feelslike":17.2,"humidity":43.68,"dew":4.7,"precip":0.0,"precipprob":12.9,"snow":0.0,"snowdepth":0.0,"preciptype":null,"windgust":4.7,"windspeed":4.0,"winddir":123.5,"pressure":1015.3,"visibility":24.1,"cloudcover":0.0,"solarradiation":562.0,"solarenergy":2.1,"uvindex":6.0,"severerisk":10.0,"conditions":"Clear","icon":"clear-day","stations":null,"source":"fcst"},{"datetime":"13:00:00","datetimeEpoch":1743940800,"tzoffset":1.0,"temp":18.6,"feelslike":18.6,"humidity":38.25,"dew":4.1,"precip":0.0,"precipprob":12.9,"snow":0.0,"snowdepth":0.0,"preciptype":null,"windgust":4.0,"windspeed":4.0,"winddir":158.3,"pressure":1015.0,"visibility":24.1,"cloudcover":0.0,"solarradiation":738.0,"solarenergy":2.7,"uvindex":7.0,"severerisk":10.0,"conditions":"Clear","icon":"clear-day","stations":null,"source":"fcst"},{"datetime":"14:00:00","datetimeEpoch":1743944400,"tzoffset":1.0,"temp":18.7,"feelslike":18.7,"humidity":39.47,"dew":4.6,"precip":0.0,"precipprob":22.6,"snow":0.0,"snowdepth":0.0,"preciptype":null,"windgust":5.5,"windspeed":5.9,"winddir":189.9,"pressure":1014.7,"visibility":24.1,"cloudcover":1.3,"solarradiation":777.0,"solarenergy":2.8,"uvindex":8.0,"severerisk":10.0,"conditions":"Clear","icon":"clear-day","stations":null,"source":"fcst"},{"datetime":"15:00:00","datetimeEpoch":1743948000,"tzoffset":1.0,"temp":18.8,"feelslike":18.8,"humidity":40.72,"dew":5.2,"precip":0.0,"precipprob":22.6,"snow":0.0,"snowdepth":0.0,"preciptype":null,"windgust":7.1,"windspeed":7.8,"winddir":221.6,"pressure":1014.3,"visibility":24.1,"cloudcover":2.7,"solarradiation":816.0,"solarenergy":3.0,"uvindex":8.0,"severerisk":10.0,"conditions":"Clear","icon":"clear-day","stations":null,"source":"fcst"},{"datetime":"16:00:00","datetimeEpoch":1743951600,"tzoffset":1.0,"temp":19.0,"feelslike":19.0,"humidity":42.0,"dew":5.8,"precip":0.1,"precipprob":22.6,"snow":0.0,"snowdepth":0.0,"preciptype":["rain"],"windgust":8.6,"windspeed":9.7,"winddir":253.2,"pressure":1014.0,"visibility":24.1,"cloudcover":4.0,"solarradiation":855.0,"solarenergy":3.1,"uvindex":9.0,"severerisk":10.0,"conditions":"Clear","icon":"clear-day","stations":null,"source":"fcst"},{"datetime":"17:00:00","datetimeEpoch":1743955200,"tzoffset":1.0,"temp":17.9,"feelslike":17.9,"humidity":47.24,"dew":6.5,"precip":0.0,"precipprob":22.6,"snow":0.0,"snowdepth":0.0,"preciptype":null,"windgust":9.7,"windspeed":10.7,"winddir":268.7,"pressure":1013.7,"visibility":24.1,"cloudcover":4.8,"solarradiation":722.3,"solarenergy":2.6,"uvindex":7.0,"severerisk":10.0,"conditions":"Clear","icon":"clear-day","stations":null,"source":"fcst"},{"datetime":"18:00:00","datetimeEpoch":1743958800,"tzoffset":1.0,"temp":16.9,"feelslike":16.9,"humidity":53.15,"dew":7.3,"precip":0.0,"precipprob":22.6,"snow":0.0,"snowdepth":0.0,"preciptype":null,"windgust":10.8,"windspeed":11.6,"winddir":284.1,"pressure":1013.3,"visibility":24.1,"cloudcover":5.7,"solarradiation":589.7,"solarenergy":2.1,"uvindex":6.0,"severerisk":10.0,"conditions":"Clear","icon":"clear-day","stations":null,"source":"fcst"},{"datetime":"19:00:00","datetimeEpoch":1743962400,"tzoffset":1.0,"temp":15.9,"feelslike":15.9,"humidity":59.81,"dew":8.1,"precip":0.0,"precipprob":22.6,"snow":0.0,"snowdepth":0.0,"preciptype":null,"windgust":11.9,"windspeed":12.6,"winddir":299.6,"pressure":1013.0,"visibility":24.1,"cloudcover":6.5,"solarradiation":457.0,"solarenergy":1.6,"uvindex":5.0,"severerisk":10.0,"conditions":"Clear","icon":"clear-day","stations":null,"source":"fcst"},{"datetime":"20:00:00","datetimeEpoch":1743966000,"tzoffset":1.0,"temp":15.1,"feelslike":15.1,"humidity":62.96,"dew":8.1,"precip":0.0,"precipprob":19.4,"snow":0.0,"snowdepth":0.0,"preciptype":null,"windgust":12.5,"windspeed":11.0,"winddir":313.2,"pressure":1013.7,"visibility":24.1,"cloudcover":29.1,"solarradiation":304.7,"solarenergy":1.1,"uvindex":3.0,"severerisk":10.0,"conditions":"Partially cloudy","icon":"partly-cloudy-day","stations":null,"source":"fcst"},{"datetime":"21:00:00","datetimeEpoch":1743969600,"tzoffset":1.0,"temp":14.3,"feelslike":14.3,"humidity":66.29,"dew":8.1,"precip":0.0,"precipprob":19.4,"snow":0.0,"snowdepth":0.0,"preciptype":null,"windgust":13.1,"windspeed":9.5,"winddir":326.9,"pressure":1014.3,"visibility":24.1,"cloudcover":51.7,"solarradiation":152.3,"solarenergy":0.5,"uvindex":0.0,"severerisk":10.0,"conditions":"Partially cloudy","icon":"partly-cloudy-night","stations":null,"source":"fcst"},{"datetime":"22:00:00","datetimeEpoch":1743973200,"tzoffset":1.0,"temp":13.5,"feelslike":13.5,"humidity":69.83,"dew":8.1,"precip":0.0,"precipprob":19.4,"snow":0.0,"snowdepth":0.0,"preciptype":null,"windgust":13.7,"windspeed":7.9,"winddir":340.5,"pressure":1015.0,"visibility":24.1,"cloudcover":74.3,"solarradiation":0.0,"solarenergy":0.0,"uvindex":0.0,"severerisk":10.0,"conditions":"Partially cloudy","icon":"partly-cloudy-night","stations":null,"source":"fcst"},{"datetime":"23:00:00","datetimeEpoch":1743976800,"tzoffset":1.0,"temp":13.2,"feelslike":13.2,"humidity":70.26,"dew":7.9,"precip":0.0,"precipprob":19.4,"snow":0.0,"snowdepth":0.0,"preciptype":null,"windgust":10.6,"windspeed":6.7,"winddir":231.7,"pressure":1014.7,"visibility":24.1,"cloudcover":51.2,"solarradiation":0.0,"solarenergy":0.0,"uvindex":0.0,"severerisk":10.0,"conditions":"Partially cloudy","icon":"partly-cloudy-night","stations":null,"source":"fcst"}]},{"datetime":"2025-04-07","datetimeEpoch":1743980400,"tzoffset":1.0,"tempmax":21.0,"tempmin":10.4,"temp":15.0,"feelslikemax":21.0,"feelslikemin":10.4,"feelslike":15.0,"dew":5.7,"humidity":55.1,"precip":0.0,"precipprob":35.5,"precipcover":0.0,"preciptype":null,"snow":0.0,"snowdepth":0.0,"windgust":26.3,"windspeed":16.9,"winddir":42.8,"pressure":1013.9,"cloudcover":11.5,"visibility":24.1,"solarradiation":282.1,"solarenergy":24.6,"uvindex":9.0,"severerisk":10.0,"sunrise":"07:11:57","sunriseEpoch":1744006317,"sunset":"20:06:05","sunsetEpoch":1744052765,"moonphase":0.31,"conditions":"Clear","description":"Clear conditions throughout the day.","icon":"clear-day","stations":null,"source":"fcst","hours":[{"datetime":"00:00:00","datetimeEpoch":1743980400,"tzoffset":1.0,"temp":13.0,"feelslike":13.0,"humidity":70.69,"dew":7.8,"precip":0.0,"precipprob":19.4,"snow":0.0,"snowdepth":0.0,"preciptype":null,"windgust":7.4,"windspeed":5.5,"winddir":122.8,"pressure":1014.3,"visibility":24.1,"cloudcover":28.1,"solarradiation":0.0,"solarenergy":0.0,"uvindex":0.0,"severerisk":10.0,"conditions":"Partially cloudy","icon":"partly-cloudy-night","stations":null,"source":"fcst"},{"datetime":"01:00:00","datetimeEpoch":1743984000,"tzoffset":1.0,"temp":12.8,"feelslike":12.8,"humidity":71.13,"dew":7.7,"precip":0.0,"precipprob":19.4,"snow":0.0,"snowdepth":0.0,"preciptype":null,"windgust":4.3,"windspeed":4.3,"winddir":14.0,"pressure":1014.0,"visibility":24.1,"cloudcover":5.0,"solarradiation":0.0,"solarenergy":0.0,"uvindex":0.0,"severerisk":10.0,"conditions":"Clear","icon":"clear-night","stations":null,"source":"fcst"},{"datetime":"02:00:00","datetimeEpoch":1743987600,"tzoffset":1.0,"temp":12.4,"feelslike":12.4,"humidity":71.54,"dew":7.4,"precip":0.0,"precipprob":19.4,"snow":0.0,"snowdepth":0.0,"preciptype":null,"windgust":6.2,"windspeed":5.2,"winddir":28.4,"pressure":1013.7,"visibility":24.1,"cloudcover":5.0,"solarradiation":0.0,"solarenergy":0.0,"uvindex":0.0,"severerisk":10.0,"conditions":"Clear","icon":"clear-night","stations":null,"source":"fcst"},{"datetime":"03:00:00","datetimeEpoch":1743991200,"tzoffset":1.0,"temp":11.9,"feelslike":11.9,"humidity":71.95,"dew":7.1,"precip":0.0,"precipprob":19.4,"snow":0.0,"snowdepth":0.0,"preciptype":null,"windgust":8.2,"windspeed":6.0,"winddir":42.7,"pressure":1013.3,"visibility":24.1,"cloudcover":5.0,"solarradiation":0.0,"solarenergy":0.0,"uvindex":0.0,"severerisk":10.0,"conditions":"Clear","icon":"clear-night","stations":null,"source":"fcst"},{"datetime":"04:00:00","datetimeEpoch":1743994800,"tzoffset":1.0,"temp":11.6,"feelslike":11.6,"humidity":72.37,"dew":6.8,"precip":0.0,"precipprob":19.4,"snow":0.0,"snowdepth":0.0,"preciptype":null,"windgust":10.1,"windspeed":6.8,"winddir":57.1,"pressure":1013.0,"visibility":24.1,"cloudcover":5.0,"solarradiation":0.0,"solarenergy":0.0,"uvindex":0.0,"severerisk":10.0,"conditions":"Clear","icon":"clear-night","stations":null,"source":"fcst"},{"datetime":"05:00:00","datetimeEpoch":1743998400,"tzoffset":1.0,"temp":11.2,"feelslike":11.2,"humidity":70.82,"dew":6.1,"precip":0.0,"precipprob":19.4,"snow":0.0,"snowdepth":0.0,"preciptype":null,"windgust":12.5,"windspeed":7.3,"winddir":58.8,"pressure":1013.3,"visibility":24.1,"cloudcover":4.6,"solarradiation":0.0,"solarenergy":0.0,"uvindex":0.0,"severerisk":10.0,"conditions":"Clear","icon":"clear-night","stations":null,"source":"fcst"},{"datetime":"06:00:00","datetimeEpoch":1744002000,"tzoffset":1.0,"temp":10.8,"feelslike":10.8,"humidity":69.29,"dew":5.4,"precip":0.0,"precipprob":19.4,"snow":0.0,"snowdepth":0.0,"preciptype":null,"windgust":14.9,"windspeed":7.8,"winddir":60.5,"pressure":1013.7,"visibility":24.1,"cloudcover":4.1,"solarradiation":0.0,"solarenergy":0.0,"uvindex":0.0,"severerisk":10.0,"conditions":"Clear","icon":"clear-night","stations":null,"source":"fcst"},{"datetime":"07:00:00","datetimeEpoch":1744005600,"tzoffset":1.0,"temp":10.4,"feelslike":10.4,"humidity":67.77,"dew":4.7,"precip":0.0,"precipprob":19.4,"snow":0.0,"snowdepth":0.0,"preciptype":null,"windgust":17.3,"windspeed":8.3,"winddir":62.2,"pressure":1014.0,"visibility":24.1,"cloudcover":3.7,"solarradiation":0.0,"solarenergy":0.0,"uvindex":0.0,"severerisk":10.0,"conditions":"Clear","icon":"clear-night","stations":null,"source":"fcst"},{"datetime":"08:00:00","datetimeEpoch":1744009200,"tzoffset":1.0,"temp":11.6,"feelslike":11.6,"humidity":62.44,"dew":4.7,"precip":0.0,"precipprob":22.6,"snow":0.0,"snowdepth":0.0,"preciptype":null,"windgust":20.3,"windspeed":10.9,"winddir":65.8,"pressure":1014.3,"visibility":24.1,"cloudcover":3.5,"solarradiation":71.0,"solarenergy":0.3,"uvindex":1.0,"severerisk":10.0,"conditions":"Clear","icon":"clear-day","stations":null,"source":"fcst"},{"datetime":"09:00:00","datetimeEpoch":1744012800,"tzoffset":1.0,"temp":12.8,"feelslike":12.8,"humidity":57.58,"dew":4.7,"precip":0.0,"precipprob":22.6,"snow":0.0,"snowdepth":0.0,"preciptype":null,"windgust":23.3,"windspeed":13.6,"winddir":69.4,"pressure":1014.7,"visibility":24.1,"cloudcover":3.3,"solarradiation":142.0,"solarenergy":0.5,"uvindex":1.0,"severerisk":10.0,"conditions":"Clear","icon":"clear-day","stations":null,"source":"fcst"},{"datetime":"10:00:00","datetimeEpoch":1744016400,"tzoffset":1.0,"temp":14.1,"feelslike":14.1,"humidity":53.14,"dew":4.7,"precip":0.0,"precipprob":22.6,"snow":0.0,"snowdepth":0.0,"preciptype":null,"windgust":26.3,"windspeed":16.2,"winddir":73.0,"pressure":1015.0,"visibility":24.1,"cloudcover":3.1,"solarradiation":213.0,"solarenergy":0.8,"uvindex":2.0,"severerisk":10.0,"conditions":"Clear","icon":"clear-day","stations":null,"source":"fcst"},{"datetime":"11:00:00","datetimeEpoch":1744020000,"tzoffset":1.0,"temp":15.7,"feelslike":15.7,"humidity":48.17,"dew":4.8,"precip":0.0,"precipprob":22.6,"snow":0.0,"snowdepth":0.0,"preciptype":null,"windgust":22.4,"windspeed":15.4,"winddir":72.1,"pressure":1014.7,"visibility":24.1,"cloudcover":2.8,"solarradiation":389.3,"solarenergy":1.4,"uvindex":4.0,"severerisk":10.0,"conditions":"Clear","icon":"clear-day","stations":null,"source":"fcst"},{"datetime":"12:00:00","datetimeEpoch":1744023600,"tzoffset":1.0,"temp":17.3,"feelslike":17.3,"humidity":43.72,"dew":4.9,"precip":0.0,"precipprob":22.6,"snow":0.0,"snowdepth":0.0,"preciptype":null,"windgust":18.6,"windspeed":14.5,"winddir":71.2,"pressure":1014.3,"visibility":24.1,"cloudcover":2.6,"solarradiation":565.7,"solarenergy":2.1,"uvindex":6.0,"severerisk":10.0,"conditions":"Clear","icon":"clear-day","stations":null,"source":"fcst"},{"datetime":"13:00:00","datetimeEpoch":1744027200,"tzoffset":1.0,"temp":19.0,"feelslike":19.0,"humidity":39.73,"dew":5.0,"precip":0.0,"precipprob":22.6,"snow":0.0,"snowdepth":0.0,"preciptype":null,"windgust":14.8,"windspeed":13.7,"winddir":70.3,"pressure":1014.0,"visibility":24.1,"cloudcover":2.3,"solarradiation":742.0,"solarenergy":2.7,"uvindex":7.0,"severerisk":10.0,"conditions":"Clear","icon":"clear-day","stations":null,"source":"fcst"},{"datetime":"14:00:00","datetimeEpoch":1744030800,"tzoffset":1.0,"temp":19.6,"feelslike":19.6,"humidity":38.03,"dew":4.9,"precip":0.0,"precipprob":35.5,"snow":0.0,"snowdepth":0.0,"preciptype":null,"windgust":13.0,"windspeed":11.5,"winddir":49.1,"pressure":1013.7,"visibility":24.1,"cloudcover":4.5,"solarradiation":781.3,"solarenergy":2.8,"uvindex":8.0,"severerisk":10.0,"conditions":"Clear","icon":"clear-day","stations":null,"source":"fcst"},{"datetime":"15:00:00","datetimeEpoch":1744034400,"tzoffset":1.0,"temp":20.3,"feelslike":20.3,"humidity":36.41,"dew":4.9,"precip":0.0,"precipprob":35.5,"snow":0.0,"snowdepth":0.0,"preciptype":null,"windgust":11.2,"windspeed":9.4,"winddir":27.8,"pressure":1013.3,"visibility":24.1,"cloudcover":6.6,"solarradiation":820.7,"solarenergy":3.0,"uvindex":8.0,"severerisk":10.0,"conditions":"Clear","icon":"clear-day","stations":null,"source":"fcst"},{"datetime":"16:00:00","datetimeEpoch":1744038000,"tzoffset":1.0,"temp":21.0,"feelslike":21.0,"humidity":34.86,"dew":4.9,"precip":0.0,"precipprob":35.5,"snow":0.0,"snowdepth":0.0,"preciptype":null,"windgust":9.4,"windspeed":7.2,"winddir":6.6,"pressure":1013.0,"visibility":24.1,"cloudcover":8.8,"solarradiation":860.0,"solarenergy":3.1,"uvindex":9.0,"severerisk":10.0,"conditions":"Clear","icon":"clear-day","stations":null,"source":"fcst"},{"datetime":"17:00:00","datetimeEpoch":1744041600,"tzoffset":1.0,"temp":19.9,"feelslike":19.9,"humidity":39.09,"dew":5.6,"precip":0.0,"precipprob":35.5,"snow":0.0,"snowdepth":0.0,"preciptype":null,"windgust":13.0,"windspeed":10.4,"winddir":121.0,"pressure":1013.0,"visibility":24.1,"cloudcover":24.0,"solarradiation":720.7,"solarenergy":2.6,"uvindex":7.0,"severerisk":10.0,"conditions":"Partially cloudy","icon":"partly-cloudy-day","stations":null,"source":"fcst"},{"datetime":"18:00:00","datetimeEpoch":1744045200,"tzoffset":1.0,"temp":18.8,"feelslike":18.8,"humidity":43.84,"dew":6.3,"precip":0.0,"precipprob":35.5,"snow":0.0,"snowdepth":0.0,"preciptype":null,"windgust":16.6,"windspeed":13.7,"winddir":235.3,"pressure":1013.0,"visibility":24.1,"cloudcover":39.3,"solarradiation":581.3,"solarenergy":2.1,"uvindex":6.0,"severerisk":10.0,"conditions":"Partially cloudy","icon":"partly-cloudy-day","stations":null,"source":"fcst"},{"datetime":"19:00:00","datetimeEpoch":1744048800,"tzoffset":1.0,"temp":17.8,"feelslike":17.8,"humidity":49.18,"dew":7.0,"precip":0.0,"precipprob":35.5,"snow":0.0,"snowdepth":0.0,"preciptype":null,"windgust":20.2,"windspeed":16.9,"winddir":349.7,"pressure":1013.0,"visibility":24.1,"cloudcover":54.5,"solarradiation":442.0,"solarenergy":1.6,"uvindex":4.0,"severerisk":10.0,"conditions":"Partially cloudy","icon":"partly-cloudy-day","stations":null,"source":"fcst"},{"datetime":"20:00:00","datetimeEpoch":1744052400,"tzoffset":1.0,"temp":16.4,"feelslike":16.4,"humidity":50.53,"dew":6.1,"precip":0.0,"precipprob":19.4,"snow":0.0,"snowdepth":0.0,"preciptype":null,"windgust":22.2,"windspeed":14.8,"winddir":349.1,"pressure":1013.7,"visibility":24.1,"cloudcover":37.2,"solarradiation":294.7,"solarenergy":1.1,"uvindex":3.0,"severerisk":10.0,"conditions":"Partially cloudy","icon":"partly-cloudy-day","stations":null,"source":"fcst"},{"datetime":"21:00:00","datetimeEpoch":1744056000,"tzoffset":1.0,"temp":15.1,"feelslike":15.1,"humidity":51.95,"dew":5.3,"precip":0.0,"precipprob":19.4,"snow":0.0,"snowdepth":0.0,"preciptype":null,"windgust":24.2,"windspeed":12.6,"winddir":348.5,"pressure":1014.3,"visibility":24.1,"cloudcover":19.9,"solarradiation":147.3,"solarenergy":0.5,"uvindex":0.0,"severerisk":10.0,"conditions":"Clear","icon":"clear-night","stations":null,"source":"fcst"},{"datetime":"22:00:00","datetimeEpoch":1744059600,"tzoffset":1.0,"temp":13.8,"feelslike":13.8,"humidity":53.43,"dew":4.5,"precip":0.0,"precipprob":19.4,"snow":0.0,"snowdepth":0.0,"preciptype":null,"windgust":26.3,"windspeed":10.4,"winddir":347.9,"pressure":1015.0,"visibility":24.1,"cloudcover":2.6,"solarradiation":0.0,"solarenergy":0.0,"uvindex":0.0,"severerisk":10.0,"conditions":"Clear","icon":"clear-night","stations":null,"source":"fcst"},{"datetime":"23:00:00","datetimeEpoch":1744063200,"tzoffset":1.0,"temp":13.3,"feelslike":13.3,"humidity":55.21,"dew":4.5,"precip":0.0,"precipprob":19.4,"snow":0.0,"snowdepth":0.0,"preciptype":null,"windgust":23.2,"windspeed":9.7,"winddir":348.6,"pressure":1014.7,"visibility":24.1,"cloudcover":1.7,"solarradiation":0.0,"solarenergy":0.0,"uvindex":0.0,"severerisk":10.0,"conditions":"Clear","icon":"clear-night","stations":null,"source":"fcst"}]},{"datetime":"2025-04-08","datetimeEpoch":1744066800,"tzoffset":1.0,"tempmax":19.6,"tempmin":10.5,"temp":14.4,"feelslikemax":19.6,"feelslikemin":10.5,"feelslike":14.4,"dew":4.4,"humidity":52.4,"precip":0.0,"precipprob":19.4,"precipcover":0.0,"preciptype":null,"snow":0.0,"snowdepth":0.0,"windgust":38.5,"windspeed":24.5,"winddir":49.0,"pressure":1014.6,"cloudcover":0.0,"visibility":24.1,"solarradiation":287.8,"solarenergy":24.9,"uvindex":9.0,"severerisk":10.0,"sunrise":"07:10:27","sunriseEpoch":1744092627,"sunset":"20:07:03","sunsetEpoch":1744139223,"moonphase":0.34,"conditions":"Clear","description":"Clear conditions throughout the day.","icon":"clear-day","stations":null,"source":"fcst","hours":[{"datetime":"00:00:00","datetimeEpoch":1744066800,"tzoffset":1.0,"temp":12.9,"feelslike":12.9,"humidity":57.06,"dew":4.6,"precip":0.0,"precipprob":19.4,"snow":0.0,"snowdepth":0.0,"preciptype":null,"windgust":20.0,"windspeed":9.0,"winddir":349.2,"pressure":1014.3,"visibility":24.1,"cloudcover":0.9,"solarradiation":0.0,"solarenergy":0.0,"uvindex":0.0,"severerisk":10.0,"conditions":"Clear","icon":"clear-night","stations":null,"source":"fcst"},{"datetime":"01:00:00","datetimeEpoch":1744070400,"tzoffset":1.0,"temp":12.5,"feelslike":12.5,"humidity":58.98,"dew":4.7,"precip":0.0,"precipprob":19.4,"snow":0.0,"snowdepth":0.0,"preciptype":null,"windgust":16.9,"windspeed":8.3,"winddir":349.9,"pressure":1014.0,"visibility":24.1,"cloudcover":0.0,"solarradiation":0.0,"solarenergy":0.0,"uvindex":0.0,"severerisk":10.0,"conditions":"Clear","icon":"clear-night","stations":null,"source":"fcst"},{"datetime":"02:00:00","datetimeEpoch":1744074000,"tzoffset":1.0,"temp":12.2,"feelslike":12.2,"humidity":61.01,"dew":4.9,"precip":0.0,"precipprob":12.9,"snow":0.0,"snowdepth":0.0,"preciptype":null,"windgust":14.8,"windspeed":8.0,"winddir":352.1,"pressure":1013.7,"visibility":24.1,"cloudcover":0.0,"solarradiation":0.0,"solarenergy":0.0,"uvindex":0.0,"severerisk":10.0,"conditions":"Clear","icon":"clear-night","stations":null,"source":"fcst"},{"datetime":"03:00:00","datetimeEpoch":1744077600,"tzoffset":1.0,"temp":11.9,"feelslike":11.9,"humidity":63.1,"dew":5.1,"precip":0.0,"precipprob":12.9,"snow":0.0,"snowdepth":0.0,"preciptype":null,"windgust":12.6,"windspeed":7.8,"winddir":354.4,"pressure":1013.3,"visibility":24.1,"cloudcover":0.0,"solarradiation":0.0,"solarenergy":0.0,"uvindex":0.0,"severerisk":10.0,"conditions":"Clear","icon":"clear-night","stations":null,"source":"fcst"},{"datetime":"04:00:00","datetimeEpoch":1744081200,"tzoffset":1.0,"temp":11.7,"feelslike":11.7,"humidity":65.27,"dew":5.4,"precip":0.0,"precipprob":12.9,"snow":0.0,"snowdepth":0.0,"preciptype":null,"windgust":10.4,"windspeed":7.6,"winddir":356.6,"pressure":1013.0,"visibility":24.1,"cloudcover":0.0,"solarradiation":0.0,"solarenergy":0.0,"uvindex":0.0,"severerisk":10.0,"conditions":"Clear","icon":"clear-night","stations":null,"source":"fcst"},{"datetime":"05:00:00","datetimeEpoch":1744084800,"tzoffset":1.0,"temp":11.3,"feelslike":11.3,"humidity":67.65,"dew":5.5,"precip":0.0,"precipprob":12.9,"snow":0.0,"snowdepth":0.0,"preciptype":null,"windgust":16.8,"windspeed":8.5,"winddir":258.9,"pressure":1013.3,"visibility":24.1,"cloudcover":0.0,"solarradiation":0.0,"solarenergy":0.0,"uvindex":0.0,"severerisk":10.0,"conditions":"Clear","icon":"clear-night","stations":null,"source":"fcst"},{"datetime":"06:00:00","datetimeEpoch":1744088400,"tzoffset":1.0,"temp":10.9,"feelslike":10.9,"humidity":70.11,"dew":5.6,"precip":0.0,"precipprob":12.9,"snow":0.0,"snowdepth":0.0,"preciptype":null,"windgust":23.2,"windspeed":9.5,"winddir":161.2,"pressure":1013.7,"visibility":24.1,"cloudcover":0.0,"solarradiation":0.0,"solarenergy":0.0,"uvindex":0.0,"severerisk":10.0,"conditions":"Clear","icon":"clear-night","stations":null,"source":"fcst"},{"datetime":"07:00:00","datetimeEpoch":1744092000,"tzoffset":1.0,"temp":10.5,"feelslike":10.5,"humidity":72.67,"dew":5.8,"precip":0.0,"precipprob":12.9,"snow":0.0,"snowdepth":0.0,"preciptype":null,"windgust":29.5,"windspeed":10.4,"winddir":63.5,"pressure":1014.0,"visibility":24.1,"cloudcover":0.0,"solarradiation":0.0,"solarenergy":0.0,"uvindex":0.0,"severerisk":10.0,"conditions":"Clear","icon":"clear-night","stations":null,"source":"fcst"},{"datetime":"08:00:00","datetimeEpoch":1744095600,"tzoffset":1.0,"temp":11.2,"feelslike":11.2,"humidity":63.07,"dew":4.4,"precip":0.0,"precipprob":12.9,"snow":0.0,"snowdepth":0.0,"preciptype":null,"windgust":32.5,"windspeed":15.1,"winddir":64.0,"pressure":1014.3,"visibility":24.1,"cloudcover":0.0,"solarradiation":72.3,"solarenergy":0.3,"uvindex":1.0,"severerisk":10.0,"conditions":"Clear","icon":"clear-day","stations":null,"source":"fcst"},{"datetime":"09:00:00","datetimeEpoch":1744099200,"tzoffset":1.0,"temp":11.9,"feelslike":11.9,"humidity":54.7,"dew":3.0,"precip":0.0,"precipprob":12.9,"snow":0.0,"snowdepth":0.0,"preciptype":null,"windgust":35.5,"windspeed":19.8,"winddir":64.5,"pressure":1014.7,"visibility":24.1,"cloudcover":0.0,"solarradiation":144.7,"solarenergy":0.5,"uvindex":1.0,"severerisk":10.0,"conditions":"Clear","icon":"clear-day","stations":null,"source":"fcst"},{"datetime":"10:00:00","datetimeEpoch":1744102800,"tzoffset":1.0,"temp":12.6,"feelslike":12.6,"humidity":47.4,"dew":1.7,"precip":0.0,"precipprob":12.9,"snow":0.0,"snowdepth":0.0,"preciptype":null,"windgust":38.5,"windspeed":24.5,"winddir":65.0,"pressure":1015.0,"visibility":24.1,"cloudcover":0.0,"solarradiation":217.0,"solarenergy":0.8,"uvindex":2.0,"severerisk":10.0,"conditions":"Clear","icon":"clear-day","stations":null,"source":"fcst"},{"datetime":"11:00:00","datetimeEpoch":1744106400,"tzoffset":1.0,"temp":14.2,"feelslike":14.2,"humidity":44.7,"dew":2.4,"precip":0.0,"precipprob":12.9,"snow":0.0,"snowdepth":0.0,"preciptype":null,"windgust":35.0,"windspeed":23.9,"winddir":67.7,"pressure":1015.0,"visibility":24.1,"cloudcover":0.0,"solarradiation":394.7,"solarenergy":1.4,"uvindex":4.0,"severerisk":10.0,"conditions":"Clear","icon":"clear-day","stations":null,"source":"fcst"},{"datetime":"12:00:00","datetimeEpoch":1744110000,"tzoffset":1.0,"temp":15.9,"feelslike":15.9,"humidity":42.2,"dew":3.1,"precip":0.0,"precipprob":12.9,"snow":0.0,"snowdepth":0.0,"preciptype":null,"windgust":31.6,"windspeed":23.3,"winddir":70.4,"pressure":1015.0,"visibility":24.1,"cloudcover":0.0,"solarradiation":572.3,"solarenergy":2.1,"uvindex":6.0,"severerisk":10.0,"conditions":"Clear","icon":"clear-day","stations":null,"source":"fcst"},{"datetime":"13:00:00","datetimeEpoch":1744113600,"tzoffset":1.0,"temp":17.6,"feelslike":17.6,"humidity":39.88,"dew":3.8,"precip":0.0,"precipprob":12.9,"snow":0.0,"snowdepth":0.0,"preciptype":null,"windgust":28.1,"windspeed":22.7,"winddir":73.1,"pressure":1015.0,"visibility":24.1,"cloudcover":0.0,"solarradiation":750.0,"solarenergy":2.7,"uvindex":8.0,"severerisk":10.0,"conditions":"Clear","icon":"clear-day","stations":null,"source":"fcst"},{"datetime":"14:00:00","datetimeEpoch":1744117200,"tzoffset":1.0,"temp":18.2,"feelslike":18.2,"humidity":39.15,"dew":4.1,"precip":0.0,"precipprob":16.1,"snow":0.0,"snowdepth":0.0,"preciptype":null,"windgust":25.8,"windspeed":21.0,"winddir":68.7,"pressure":1014.7,"visibility":24.1,"cloudcover":0.0,"solarradiation":788.7,"solarenergy":2.8,"uvindex":8.0,"severerisk":10.0,"conditions":"Clear","icon":"clear-day","stations":null,"source":"fcst"},{"datetime":"15:00:00","datetimeEpoch":1744120800,"tzoffset":1.0,"temp":18.9,"feelslike":18.9,"humidity":38.44,"dew":4.4,"precip":0.0,"precipprob":16.1,"snow":0.0,"snowdepth":0.0,"preciptype":null,"windgust":23.5,"windspeed":19.3,"winddir":64.4,"pressure":1014.3,"visibility":24.1,"cloudcover":0.0,"solarradiation":827.3,"solarenergy":3.0,"uvindex":8.0,"severerisk":10.0,"conditions":"Clear","icon":"clear-day","stations":null,"source":"fcst"},{"datetime":"16:00:00","datetimeEpoch":1744124400,"tzoffset":1.0,"temp":19.6,"feelslike":19.6,"humidity":37.74,"dew":4.8,"precip":0.0,"precipprob":16.1,"snow":0.0,"snowdepth":0.0,"preciptype":null,"windgust":21.2,"windspeed":17.6,"winddir":60.0,"pressure":1014.0,"visibility":24.1,"cloudcover":0.0,"solarradiation":866.0,"solarenergy":3.1,"uvindex":9.0,"severerisk":10.0,"conditions":"Clear","icon":"clear-day","stations":null,"source":"fcst"},{"datetime":"17:00:00","datetimeEpoch":1744128000,"tzoffset":1.0,"temp":19.1,"feelslike":19.1,"humidity":38.22,"dew":4.5,"precip":0.0,"precipprob":16.1,"snow":0.0,"snowdepth":0.0,"preciptype":null,"windgust":21.2,"windspeed":16.4,"winddir":49.9,"pressure":1014.3,"visibility":24.1,"cloudcover":0.0,"solarradiation":733.7,"solarenergy":2.6,"uvindex":7.0,"severerisk":10.0,"conditions":"Clear","icon":"clear-day","stations":null,"source":"fcst"},{"datetime":"18:00:00","datetimeEpoch":1744131600,"tzoffset":1.0,"temp":18.6,"feelslike":18.6,"humidity":38.7,"dew":4.2,"precip":0.0,"precipprob":16.1,"snow":0.0,"snowdepth":0.0,"preciptype":null,"windgust":21.2,"windspeed":15.2,"winddir":39.9,"pressure":1014.7,"visibility":24.1,"cloudcover":0.0,"solarradiation":601.3,"solarenergy":2.2,"uvindex":6.0,"severerisk":10.0,"conditions":"Clear","icon":"clear-day","stations":null,"source":"fcst"},{"datetime":"19:00:00","datetimeEpoch":1744135200,"tzoffset":1.0,"temp":18.1,"feelslike":18.1,"humidity":39.2,"dew":4.0,"precip":0.0,"precipprob":16.1,"snow":0.0,"snowdepth":0.0,"preciptype":null,"windgust":21.2,"windspeed":14.0,"winddir":29.8,"pressure":1015.0,"visibility":24.1,"cloudcover":0.0,"solarradiation":469.0,"solarenergy":1.7,"uvindex":5.0,"severerisk":10.0,"conditions":"Clear","icon":"clear-day","stations":null,"source":"fcst"},{"datetime":"20:00:00","datetimeEpoch":1744138800,"tzoffset":1.0,"temp":16.3,"feelslike":16.3,"humidity":45.18,"dew":4.4,"precip":0.0,"precipprob":12.9,"snow":0.0,"snowdepth":0.0,"preciptype":null,"windgust":21.8,"windspeed":12.4,"winddir":20.9,"pressure":1015.7,"visibility":24.1,"cloudcover":0.0,"solarradiation":312.7,"solarenergy":1.1,"uvindex":3.0,"severerisk":10.0,"conditions":"Clear","icon":"clear-day","stations":null,"source":"fcst"},{"datetime":"21:00:00","datetimeEpoch":1744142400,"tzoffset":1.0,"temp":14.5,"feelslike":14.5,"humidity":52.16,"dew":4.8,"precip":0.0,"precipprob":12.9,"snow":0.0,"snowdepth":0.0,"preciptype":null,"windgust":22.4,"windspeed":10.7,"winddir":12.0,"pressure":1016.3,"visibility":24.1,"cloudcover":0.0,"solarradiation":156.3,"solarenergy":0.6,"uvindex":0.0,"severerisk":10.0,"conditions":"Clear","icon":"clear-night","stations":null,"source":"fcst"},{"datetime":"22:00:00","datetimeEpoch":1744146000,"tzoffset":1.0,"temp":12.8,"feelslike":12.8,"humidity":60.3,"dew":5.3,"precip":0.0,"precipprob":12.9,"snow":0.0,"snowdepth":0.0,"preciptype":null,"windgust":23.0,"windspeed":9.0,"winddir":3.1,"pressure":1017.0,"visibility":24.1,"cloudcover":0.0,"solarradiation":0.0,"solarenergy":0.0,"uvindex":0.0,"severerisk":10.0,"conditions":"Clear","icon":"clear-night","stations":null,"source":"fcst"},{"datetime":"23:00:00","datetimeEpoch":1744149600,"tzoffset":1.0,"temp":12.6,"feelslike":12.6,"humidity":59.57,"dew":4.9,"precip":0.0,"precipprob":12.9,"snow":0.0,"snowdepth":0.0,"preciptype":null,"windgust":17.4,"windspeed":8.0,"winddir":13.5,"pressure":1017.0,"visibility":24.1,"cloudcover":0.1,"solarradiation":0.0,"solarenergy":0.0,"uvindex":0.0,"severerisk":10.0,"conditions":"Clear","icon":"clear-night","stations":null,"source":"fcst"}]}],"alerts":[],"stations":{"LPMT":{"distance":11625.0,"latitude":38.7,"longitude":-9.02,"useCount":0,"id":"LPMT","name":"LPMT","quality":47,"contribution":0.0},"LPPT":{"distance":6202.0,"latitude":38.78,"longitude":-9.13,"useCount":0,"id":"LPPT","name":"LPPT","quality":50,"contribution":0.0},"F3135":{"distance":18264.0,"latitude":38.686,"longitude":-9.353,"useCount":0,"id":"F3135","name":"FW3135 Lisboa PT","quality":0,"contribution":0.0},"C3643":{"distance":6865.0,"latitude":38.782,"longitude":-9.114,"useCount":0,"id":"C3643","name":"CW3643 Lisbon PT","quality":0,"contribution":0.0},"LPST":{"distance":18815.0,"latitude":38.82,"longitude":-9.33,"useCount":0,"id":"LPST","name":"LPST","quality":14,"contribution":0.0},"LPAR":{"distance":20459.0,"latitude":38.88,"longitude":-9.02,"useCount":0,"id":"LPAR","name":"LPAR","quality":13,"contribution":0.0}},"currentConditions":{"datetime":"11:50:00","datetimeEpoch":1742903400,"temp":16.4,"feelslike":16.4,"humidity":68.0,"dew":10.4,"precip":0.0,"precipprob":0.0,"snow":0.0,"snowdepth":0.0,"preciptype":null,"windgust":13.4,"windspeed":9.2,"winddir":99.0,"pressure":1023.0,"visibility":10.0,"cloudcover":50.0,"solarradiation":795.0,"solarenergy":2.9,"uvindex":8.0,"conditions":"Partially cloudy","icon":"partly-cloudy-day","stations":["F3135","LPPT","C3643"],"source":"obs","sunrise":"06:32:02","sunriseEpoch":1742884322,"sunset":"18:53:39","sunsetEpoch":1742928819,"moonphase":0.87}}

	at java.base/jdk.internal.reflect.DirectConstructorHandleAccessor.newInstance(DirectConstructorHandleAccessor.java:62)
	at java.base/java.lang.reflect.Constructor.newInstanceWithCaller(Constructor.java:502)
	at java.base/java.lang.reflect.Constructor.newInstance(Constructor.java:486)
	at org.codehaus.groovy.reflection.CachedConstructor.invoke(CachedConstructor.java:73)
	at org.codehaus.groovy.runtime.callsite.ConstructorSite$ConstructorSiteNoUnwrapNoCoerce.callConstructor(ConstructorSite.java:108)
	at org.codehaus.groovy.runtime.callsite.CallSiteArray.defaultCallConstructor(CallSiteArray.java:57)
	at org.codehaus.groovy.runtime.callsite.AbstractCallSite.callConstructor(AbstractCallSite.java:263)
	at org.codehaus.groovy.runtime.callsite.AbstractCallSite.callConstructor(AbstractCallSite.java:277)
	at io.restassured.internal.ResponseSpecificationImpl$HamcrestAssertionClosure.validate(ResponseSpecificationImpl.groovy:512)
	at io.restassured.internal.ResponseSpecificationImpl$HamcrestAssertionClosure$validate$1.call(Unknown Source)
	at io.restassured.internal.ResponseSpecificationImpl.validateResponseIfRequired(ResponseSpecificationImpl.groovy:696)
	at io.restassured.internal.ResponseSpecificationImpl.this$2$validateResponseIfRequired(ResponseSpecificationImpl.groovy)
	at java.base/jdk.internal.reflect.DirectMethodHandleAccessor.invoke(DirectMethodHandleAccessor.java:103)
	at java.base/java.lang.reflect.Method.invoke(Method.java:580)
	at org.codehaus.groovy.runtime.callsite.PlainObjectMetaMethodSite.doInvoke(PlainObjectMetaMethodSite.java:43)
	at org.codehaus.groovy.runtime.callsite.PogoMetaMethodSite$PogoCachedMethodSiteNoUnwrapNoCoerce.invoke(PogoMetaMethodSite.java:198)
	at org.codehaus.groovy.runtime.callsite.PogoMetaMethodSite.callCurrent(PogoMetaMethodSite.java:62)
	at org.codehaus.groovy.runtime.callsite.CallSiteArray.defaultCallCurrent(CallSiteArray.java:49)
	at org.codehaus.groovy.runtime.callsite.AbstractCallSite.callCurrent(AbstractCallSite.java:171)
	at org.codehaus.groovy.runtime.callsite.AbstractCallSite.callCurrent(AbstractCallSite.java:185)
	at io.restassured.internal.ResponseSpecificationImpl.body(ResponseSpecificationImpl.groovy:107)
	at io.restassured.internal.ValidatableResponseOptionsImpl.body(ValidatableResponseOptionsImpl.java:238)
	at tqs.hw1.controller.containers.WeatherControllerTest.whenGetWeatherForCityAndDate_thenReturnWeather(WeatherControllerTest.java:46)
	at java.base/java.lang.reflect.Method.invoke(Method.java:580)
	at java.base/java.util.ArrayList.forEach(ArrayList.java:1596)
	at java.base/java.util.ArrayList.forEach(ArrayList.java:1596)
]]></failure>
    <system-out><![CDATA[2025-03-25T12:04:36.211Z  INFO 18462 --- [HW1] [           main] t.c.s.AnnotationConfigContextLoaderUtils : Could not detect default configuration classes for test class [tqs.hw1.controller.containers.WeatherControllerTest]: WeatherControllerTest does not declare any static, non-private, non-final, nested classes annotated with @Configuration.
2025-03-25T12:04:36.245Z  INFO 18462 --- [HW1] [           main] .b.t.c.SpringBootTestContextBootstrapper : Found @SpringBootConfiguration tqs.hw1.Hw1Application for test class tqs.hw1.controller.containers.WeatherControllerTest
2025-03-25T12:04:36.263Z  INFO 18462 --- [HW1] [           main] tc.postgres:15.2                         : Creating container for image: postgres:15.2
2025-03-25T12:04:36.489Z  INFO 18462 --- [HW1] [           main] tc.postgres:15.2                         : Container postgres:15.2 is starting: 4b6983451f71babacde14ff2e5206eba65ded35119ef814e4ca602300d37e4d5
2025-03-25T12:04:39.899Z  INFO 18462 --- [HW1] [           main] tc.postgres:15.2                         : Container postgres:15.2 started in PT3.635739193S
2025-03-25T12:04:39.900Z  INFO 18462 --- [HW1] [           main] tc.postgres:15.2                         : Container is started (JDBC URL: jdbc:postgresql://localhost:36621/test?loggerLevel=OFF)
]]></system-out>
  </testcase>
</testsuite>