<?xml version="1.0" encoding="UTF-8"?>
<testsuite xmlns:xsi="http://www.w3.org/2001/XMLSchema-instance" xsi:noNamespaceSchemaLocation="https://maven.apache.org/surefire/maven-surefire-plugin/xsd/surefire-test-report.xsd" version="3.0.2" name="tqs.hw1.service.MealServiceTest" time="0.175" tests="5" errors="0" skipped="0" failures="0">
  <properties>
    <property name="java.specification.version" value="21"/>
    <property name="sun.jnu.encoding" value="UTF-8"/>
    <property name="java.class.path" value="/home/carolina/UA/3ANO/2SEMESTRE/TQS/Labs/TQS/HW1/backend/target/test-classes:/home/carolina/UA/3ANO/2SEMESTRE/TQS/Labs/TQS/HW1/backend/target/classes:/home/carolina/.m2/repository/com/github/ben-manes/caffeine/caffeine/3.1.8/caffeine-3.1.8.jar:/home/carolina/.m2/repository/org/checkerframework/checker-qual/3.37.0/checker-qual-3.37.0.jar:/home/carolina/.m2/repository/com/google/errorprone/error_prone_annotations/2.21.1/error_prone_annotations-2.21.1.jar:/home/carolina/.m2/repository/io/micrometer/micrometer-core/1.10.5/micrometer-core-1.10.5.jar:/home/carolina/.m2/repository/io/micrometer/micrometer-commons/1.14.4/micrometer-commons-1.14.4.jar:/home/carolina/.m2/repository/io/micrometer/micrometer-observation/1.14.4/micrometer-observation-1.14.4.jar:/home/carolina/.m2/repository/org/hdrhistogram/HdrHistogram/2.1.12/HdrHistogram-2.1.12.jar:/home/carolina/.m2/repository/org/latencyutils/LatencyUtils/2.0.3/LatencyUtils-2.0.3.jar:/home/carolina/.m2/repository/io/micrometer/micrometer-registry-prometheus/1.14.4/micrometer-registry-prometheus-1.14.4.jar:/home/carolina/.m2/repository/io/prometheus/prometheus-metrics-core/1.3.6/prometheus-metrics-core-1.3.6.jar:/home/carolina/.m2/repository/io/prometheus/prometheus-metrics-model/1.3.6/prometheus-metrics-model-1.3.6.jar:/home/carolina/.m2/repository/io/prometheus/prometheus-metrics-config/1.3.6/prometheus-metrics-config-1.3.6.jar:/home/carolina/.m2/repository/io/prometheus/prometheus-metrics-tracer-common/1.3.6/prometheus-metrics-tracer-common-1.3.6.jar:/home/carolina/.m2/repository/io/prometheus/prometheus-metrics-exposition-formats/1.3.6/prometheus-metrics-exposition-formats-1.3.6.jar:/home/carolina/.m2/repository/io/prometheus/prometheus-metrics-exposition-textformats/1.3.6/prometheus-metrics-exposition-textformats-1.3.6.jar:/home/carolina/.m2/repository/org/jsoup/jsoup/1.18.1/jsoup-1.18.1.jar:/home/carolina/.m2/repository/io/rest-assured/spring-mock-mvc/5.5.1/spring-mock-mvc-5.5.1.jar:/home/carolina/.m2/repository/io/rest-assured/spring-commons/5.5.1/spring-commons-5.5.1.jar:/home/carolina/.m2/repository/org/springframework/spring-test/6.2.3/spring-test-6.2.3.jar:/home/carolina/.m2/repository/org/springframework/spring-webmvc/6.2.3/spring-webmvc-6.2.3.jar:/home/carolina/.m2/repository/org/springframework/spring-aop/6.2.3/spring-aop-6.2.3.jar:/home/carolina/.m2/repository/org/springframework/spring-beans/6.2.3/spring-beans-6.2.3.jar:/home/carolina/.m2/repository/org/springframework/spring-context/6.2.3/spring-context-6.2.3.jar:/home/carolina/.m2/repository/org/springframework/spring-expression/6.2.3/spring-expression-6.2.3.jar:/home/carolina/.m2/repository/org/springframework/boot/spring-boot-test-autoconfigure/3.4.3/spring-boot-test-autoconfigure-3.4.3.jar:/home/carolina/.m2/repository/org/springframework/boot/spring-boot/3.4.3/spring-boot-3.4.3.jar:/home/carolina/.m2/repository/org/springframework/boot/spring-boot-test/3.4.3/spring-boot-test-3.4.3.jar:/home/carolina/.m2/repository/org/springframework/boot/spring-boot-autoconfigure/3.4.3/spring-boot-autoconfigure-3.4.3.jar:/home/carolina/.m2/repository/org/springframework/boot/spring-boot-starter-data-jpa/3.4.3/spring-boot-starter-data-jpa-3.4.3.jar:/home/carolina/.m2/repository/org/springframework/boot/spring-boot-starter/3.4.3/spring-boot-starter-3.4.3.jar:/home/carolina/.m2/repository/org/springframework/boot/spring-boot-starter-logging/3.4.3/spring-boot-starter-logging-3.4.3.jar:/home/carolina/.m2/repository/ch/qos/logback/logback-classic/1.5.16/logback-classic-1.5.16.jar:/home/carolina/.m2/repository/ch/qos/logback/logback-core/1.5.16/logback-core-1.5.16.jar:/home/carolina/.m2/repository/org/apache/logging/log4j/log4j-to-slf4j/2.24.3/log4j-to-slf4j-2.24.3.jar:/home/carolina/.m2/repository/org/apache/logging/log4j/log4j-api/2.24.3/log4j-api-2.24.3.jar:/home/carolina/.m2/repository/org/slf4j/jul-to-slf4j/2.0.16/jul-to-slf4j-2.0.16.jar:/home/carolina/.m2/repository/jakarta/annotation/jakarta.annotation-api/2.1.1/jakarta.annotation-api-2.1.1.jar:/home/carolina/.m2/repository/org/yaml/snakeyaml/2.3/snakeyaml-2.3.jar:/home/carolina/.m2/repository/org/springframework/boot/spring-boot-starter-jdbc/3.4.3/spring-boot-starter-jdbc-3.4.3.jar:/home/carolina/.m2/repository/com/zaxxer/HikariCP/5.1.0/HikariCP-5.1.0.jar:/home/carolina/.m2/repository/org/springframework/spring-jdbc/6.2.3/spring-jdbc-6.2.3.jar:/home/carolina/.m2/repository/org/hibernate/orm/hibernate-core/6.6.8.Final/hibernate-core-6.6.8.Final.jar:/home/carolina/.m2/repository/jakarta/persistence/jakarta.persistence-api/3.1.0/jakarta.persistence-api-3.1.0.jar:/home/carolina/.m2/repository/jakarta/transaction/jakarta.transaction-api/2.0.1/jakarta.transaction-api-2.0.1.jar:/home/carolina/.m2/repository/org/jboss/logging/jboss-logging/3.6.1.Final/jboss-logging-3.6.1.Final.jar:/home/carolina/.m2/repository/org/hibernate/common/hibernate-commons-annotations/7.0.3.Final/hibernate-commons-annotations-7.0.3.Final.jar:/home/carolina/.m2/repository/io/smallrye/jandex/3.2.0/jandex-3.2.0.jar:/home/carolina/.m2/repository/com/fasterxml/classmate/1.7.0/classmate-1.7.0.jar:/home/carolina/.m2/repository/org/glassfish/jaxb/jaxb-runtime/4.0.5/jaxb-runtime-4.0.5.jar:/home/carolina/.m2/repository/org/glassfish/jaxb/jaxb-core/4.0.5/jaxb-core-4.0.5.jar:/home/carolina/.m2/repository/org/eclipse/angus/angus-activation/2.0.2/angus-activation-2.0.2.jar:/home/carolina/.m2/repository/org/glassfish/jaxb/txw2/4.0.5/txw2-4.0.5.jar:/home/carolina/.m2/repository/com/sun/istack/istack-commons-runtime/4.1.2/istack-commons-runtime-4.1.2.jar:/home/carolina/.m2/repository/jakarta/inject/jakarta.inject-api/2.0.1/jakarta.inject-api-2.0.1.jar:/home/carolina/.m2/repository/org/antlr/antlr4-runtime/4.13.0/antlr4-runtime-4.13.0.jar:/home/carolina/.m2/repository/org/springframework/data/spring-data-jpa/3.4.3/spring-data-jpa-3.4.3.jar:/home/carolina/.m2/repository/org/springframework/data/spring-data-commons/3.4.3/spring-data-commons-3.4.3.jar:/home/carolina/.m2/repository/org/springframework/spring-orm/6.2.3/spring-orm-6.2.3.jar:/home/carolina/.m2/repository/org/springframework/spring-tx/6.2.3/spring-tx-6.2.3.jar:/home/carolina/.m2/repository/org/springframework/spring-aspects/6.2.3/spring-aspects-6.2.3.jar:/home/carolina/.m2/repository/org/aspectj/aspectjweaver/1.9.22.1/aspectjweaver-1.9.22.1.jar:/home/carolina/.m2/repository/com/h2database/h2/2.3.232/h2-2.3.232.jar:/home/carolina/.m2/repository/org/flywaydb/flyway-core/10.20.1/flyway-core-10.20.1.jar:/home/carolina/.m2/repository/com/fasterxml/jackson/dataformat/jackson-dataformat-toml/2.18.2/jackson-dataformat-toml-2.18.2.jar:/home/carolina/.m2/repository/com/fasterxml/jackson/core/jackson-databind/2.18.2/jackson-databind-2.18.2.jar:/home/carolina/.m2/repository/com/fasterxml/jackson/core/jackson-core/2.18.2/jackson-core-2.18.2.jar:/home/carolina/.m2/repository/com/fasterxml/jackson/datatype/jackson-datatype-jsr310/2.18.2/jackson-datatype-jsr310-2.18.2.jar:/home/carolina/.m2/repository/com/fasterxml/jackson/core/jackson-annotations/2.18.2/jackson-annotations-2.18.2.jar:/home/carolina/.m2/repository/org/flywaydb/flyway-database-postgresql/10.20.1/flyway-database-postgresql-10.20.1.jar:/home/carolina/.m2/repository/org/springframework/boot/spring-boot-devtools/3.4.3/spring-boot-devtools-3.4.3.jar:/home/carolina/.m2/repository/org/postgresql/postgresql/42.7.5/postgresql-42.7.5.jar:/home/carolina/.m2/repository/org/springframework/boot/spring-boot-testcontainers/3.4.3/spring-boot-testcontainers-3.4.3.jar:/home/carolina/.m2/repository/org/testcontainers/testcontainers/1.20.5/testcontainers-1.20.5.jar:/home/carolina/.m2/repository/junit/junit/4.13.2/junit-4.13.2.jar:/home/carolina/.m2/repository/org/hamcrest/hamcrest-core/2.2/hamcrest-core-2.2.jar:/home/carolina/.m2/repository/org/apache/commons/commons-compress/1.24.0/commons-compress-1.24.0.jar:/home/carolina/.m2/repository/org/rnorth/duct-tape/duct-tape/1.0.8/duct-tape-1.0.8.jar:/home/carolina/.m2/repository/org/jetbrains/annotations/17.0.0/annotations-17.0.0.jar:/home/carolina/.m2/repository/com/github/docker-java/docker-java-api/3.4.1/docker-java-api-3.4.1.jar:/home/carolina/.m2/repository/com/github/docker-java/docker-java-transport-zerodep/3.4.1/docker-java-transport-zerodep-3.4.1.jar:/home/carolina/.m2/repository/com/github/docker-java/docker-java-transport/3.4.1/docker-java-transport-3.4.1.jar:/home/carolina/.m2/repository/net/java/dev/jna/jna/5.13.0/jna-5.13.0.jar:/home/carolina/.m2/repository/org/testcontainers/junit-jupiter/1.20.5/junit-jupiter-1.20.5.jar:/home/carolina/.m2/repository/io/rest-assured/rest-assured/5.5.1/rest-assured-5.5.1.jar:/home/carolina/.m2/repository/org/apache/groovy/groovy/4.0.25/groovy-4.0.25.jar:/home/carolina/.m2/repository/org/apache/groovy/groovy-xml/4.0.25/groovy-xml-4.0.25.jar:/home/carolina/.m2/repository/org/apache/httpcomponents/httpclient/4.5.13/httpclient-4.5.13.jar:/home/carolina/.m2/repository/org/apache/httpcomponents/httpcore/4.4.16/httpcore-4.4.16.jar:/home/carolina/.m2/repository/commons-logging/commons-logging/1.2/commons-logging-1.2.jar:/home/carolina/.m2/repository/commons-codec/commons-codec/1.17.2/commons-codec-1.17.2.jar:/home/carolina/.m2/repository/org/apache/httpcomponents/httpmime/4.5.13/httpmime-4.5.13.jar:/home/carolina/.m2/repository/org/hamcrest/hamcrest/2.2/hamcrest-2.2.jar:/home/carolina/.m2/repository/org/ccil/cowan/tagsoup/tagsoup/1.2.1/tagsoup-1.2.1.jar:/home/carolina/.m2/repository/io/rest-assured/json-path/5.5.1/json-path-5.5.1.jar:/home/carolina/.m2/repository/org/apache/groovy/groovy-json/4.0.25/groovy-json-4.0.25.jar:/home/carolina/.m2/repository/io/rest-assured/rest-assured-common/5.5.1/rest-assured-common-5.5.1.jar:/home/carolina/.m2/repository/io/rest-assured/xml-path/5.5.1/xml-path-5.5.1.jar:/home/carolina/.m2/repository/org/apache/commons/commons-lang3/3.17.0/commons-lang3-3.17.0.jar:/home/carolina/.m2/repository/org/testcontainers/postgresql/1.20.5/postgresql-1.20.5.jar:/home/carolina/.m2/repository/org/testcontainers/jdbc/1.20.5/jdbc-1.20.5.jar:/home/carolina/.m2/repository/org/testcontainers/database-commons/1.20.5/database-commons-1.20.5.jar:/home/carolina/.m2/repository/org/springframework/boot/spring-boot-starter-web/3.4.3/spring-boot-starter-web-3.4.3.jar:/home/carolina/.m2/repository/org/springframework/boot/spring-boot-starter-json/3.4.3/spring-boot-starter-json-3.4.3.jar:/home/carolina/.m2/repository/com/fasterxml/jackson/datatype/jackson-datatype-jdk8/2.18.2/jackson-datatype-jdk8-2.18.2.jar:/home/carolina/.m2/repository/com/fasterxml/jackson/module/jackson-module-parameter-names/2.18.2/jackson-module-parameter-names-2.18.2.jar:/home/carolina/.m2/repository/org/springframework/boot/spring-boot-starter-tomcat/3.4.3/spring-boot-starter-tomcat-3.4.3.jar:/home/carolina/.m2/repository/org/apache/tomcat/embed/tomcat-embed-core/10.1.36/tomcat-embed-core-10.1.36.jar:/home/carolina/.m2/repository/org/apache/tomcat/embed/tomcat-embed-el/10.1.36/tomcat-embed-el-10.1.36.jar:/home/carolina/.m2/repository/org/apache/tomcat/embed/tomcat-embed-websocket/10.1.36/tomcat-embed-websocket-10.1.36.jar:/home/carolina/.m2/repository/org/springframework/spring-web/6.2.3/spring-web-6.2.3.jar:/home/carolina/.m2/repository/org/springframework/boot/spring-boot-starter-test/3.4.3/spring-boot-starter-test-3.4.3.jar:/home/carolina/.m2/repository/com/jayway/jsonpath/json-path/2.9.0/json-path-2.9.0.jar:/home/carolina/.m2/repository/jakarta/xml/bind/jakarta.xml.bind-api/4.0.2/jakarta.xml.bind-api-4.0.2.jar:/home/carolina/.m2/repository/jakarta/activation/jakarta.activation-api/2.1.3/jakarta.activation-api-2.1.3.jar:/home/carolina/.m2/repository/net/minidev/json-smart/2.5.2/json-smart-2.5.2.jar:/home/carolina/.m2/repository/net/minidev/accessors-smart/2.5.2/accessors-smart-2.5.2.jar:/home/carolina/.m2/repository/org/ow2/asm/asm/9.7.1/asm-9.7.1.jar:/home/carolina/.m2/repository/org/assertj/assertj-core/3.26.3/assertj-core-3.26.3.jar:/home/carolina/.m2/repository/org/awaitility/awaitility/4.2.2/awaitility-4.2.2.jar:/home/carolina/.m2/repository/org/mockito/mockito-junit-jupiter/5.14.2/mockito-junit-jupiter-5.14.2.jar:/home/carolina/.m2/repository/org/skyscreamer/jsonassert/1.5.3/jsonassert-1.5.3.jar:/home/carolina/.m2/repository/com/vaadin/external/google/android-json/0.0.20131108.vaadin1/android-json-0.0.20131108.vaadin1.jar:/home/carolina/.m2/repository/org/springframework/spring-core/6.2.3/spring-core-6.2.3.jar:/home/carolina/.m2/repository/org/springframework/spring-jcl/6.2.3/spring-jcl-6.2.3.jar:/home/carolina/.m2/repository/org/xmlunit/xmlunit-core/2.10.0/xmlunit-core-2.10.0.jar:/home/carolina/.m2/repository/org/mockito/mockito-core/5.14.2/mockito-core-5.14.2.jar:/home/carolina/.m2/repository/net/bytebuddy/byte-buddy/1.15.11/byte-buddy-1.15.11.jar:/home/carolina/.m2/repository/net/bytebuddy/byte-buddy-agent/1.15.11/byte-buddy-agent-1.15.11.jar:/home/carolina/.m2/repository/org/objenesis/objenesis/3.3/objenesis-3.3.jar:/home/carolina/.m2/repository/org/springdoc/springdoc-openapi-starter-webmvc-ui/2.1.0/springdoc-openapi-starter-webmvc-ui-2.1.0.jar:/home/carolina/.m2/repository/org/springdoc/springdoc-openapi-starter-webmvc-api/2.1.0/springdoc-openapi-starter-webmvc-api-2.1.0.jar:/home/carolina/.m2/repository/org/springdoc/springdoc-openapi-starter-common/2.1.0/springdoc-openapi-starter-common-2.1.0.jar:/home/carolina/.m2/repository/io/swagger/core/v3/swagger-core-jakarta/2.2.9/swagger-core-jakarta-2.2.9.jar:/home/carolina/.m2/repository/io/swagger/core/v3/swagger-annotations-jakarta/2.2.9/swagger-annotations-jakarta-2.2.9.jar:/home/carolina/.m2/repository/io/swagger/core/v3/swagger-models-jakarta/2.2.9/swagger-models-jakarta-2.2.9.jar:/home/carolina/.m2/repository/jakarta/validation/jakarta.validation-api/3.0.2/jakarta.validation-api-3.0.2.jar:/home/carolina/.m2/repository/com/fasterxml/jackson/dataformat/jackson-dataformat-yaml/2.18.2/jackson-dataformat-yaml-2.18.2.jar:/home/carolina/.m2/repository/org/webjars/swagger-ui/4.18.2/swagger-ui-4.18.2.jar:/home/carolina/.m2/repository/org/junit/jupiter/junit-jupiter/5.12.0/junit-jupiter-5.12.0.jar:/home/carolina/.m2/repository/org/junit/jupiter/junit-jupiter-api/5.12.0/junit-jupiter-api-5.12.0.jar:/home/carolina/.m2/repository/org/opentest4j/opentest4j/1.3.0/opentest4j-1.3.0.jar:/home/carolina/.m2/repository/org/junit/platform/junit-platform-commons/1.12.0/junit-platform-commons-1.12.0.jar:/home/carolina/.m2/repository/org/junit/jupiter/junit-jupiter-params/5.12.0/junit-jupiter-params-5.12.0.jar:/home/carolina/.m2/repository/org/junit/jupiter/junit-jupiter-engine/5.12.0/junit-jupiter-engine-5.12.0.jar:/home/carolina/.m2/repository/org/junit/platform/junit-platform-suite/1.12.0/junit-platform-suite-1.12.0.jar:/home/carolina/.m2/repository/org/junit/platform/junit-platform-suite-api/1.12.0/junit-platform-suite-api-1.12.0.jar:/home/carolina/.m2/repository/org/junit/platform/junit-platform-suite-engine/1.12.0/junit-platform-suite-engine-1.12.0.jar:/home/carolina/.m2/repository/org/junit/platform/junit-platform-suite-commons/1.12.0/junit-platform-suite-commons-1.12.0.jar:/home/carolina/.m2/repository/org/junit/platform/junit-platform-launcher/1.12.0/junit-platform-launcher-1.12.0.jar:/home/carolina/.m2/repository/org/seleniumhq/selenium/selenium-java/4.29.0/selenium-java-4.29.0.jar:/home/carolina/.m2/repository/org/seleniumhq/selenium/selenium-api/4.25.0/selenium-api-4.25.0.jar:/home/carolina/.m2/repository/org/jspecify/jspecify/1.0.0/jspecify-1.0.0.jar:/home/carolina/.m2/repository/org/seleniumhq/selenium/selenium-chrome-driver/4.25.0/selenium-chrome-driver-4.25.0.jar:/home/carolina/.m2/repository/com/google/auto/service/auto-service-annotations/1.1.1/auto-service-annotations-1.1.1.jar:/home/carolina/.m2/repository/org/seleniumhq/selenium/selenium-chromium-driver/4.25.0/selenium-chromium-driver-4.25.0.jar:/home/carolina/.m2/repository/org/seleniumhq/selenium/selenium-json/4.25.0/selenium-json-4.25.0.jar:/home/carolina/.m2/repository/org/seleniumhq/selenium/selenium-manager/4.25.0/selenium-manager-4.25.0.jar:/home/carolina/.m2/repository/org/seleniumhq/selenium/selenium-devtools-v131/4.29.0/selenium-devtools-v131-4.29.0.jar:/home/carolina/.m2/repository/org/seleniumhq/selenium/selenium-devtools-v132/4.29.0/selenium-devtools-v132-4.29.0.jar:/home/carolina/.m2/repository/org/seleniumhq/selenium/selenium-devtools-v133/4.29.0/selenium-devtools-v133-4.29.0.jar:/home/carolina/.m2/repository/org/seleniumhq/selenium/selenium-devtools-v85/4.25.0/selenium-devtools-v85-4.25.0.jar:/home/carolina/.m2/repository/org/seleniumhq/selenium/selenium-edge-driver/4.25.0/selenium-edge-driver-4.25.0.jar:/home/carolina/.m2/repository/org/seleniumhq/selenium/selenium-firefox-driver/4.25.0/selenium-firefox-driver-4.25.0.jar:/home/carolina/.m2/repository/org/seleniumhq/selenium/selenium-http/4.25.0/selenium-http-4.25.0.jar:/home/carolina/.m2/repository/dev/failsafe/failsafe/3.3.2/failsafe-3.3.2.jar:/home/carolina/.m2/repository/org/seleniumhq/selenium/selenium-ie-driver/4.25.0/selenium-ie-driver-4.25.0.jar:/home/carolina/.m2/repository/org/seleniumhq/selenium/selenium-remote-driver/4.25.0/selenium-remote-driver-4.25.0.jar:/home/carolina/.m2/repository/com/google/guava/guava/33.3.0-jre/guava-33.3.0-jre.jar:/home/carolina/.m2/repository/com/google/guava/failureaccess/1.0.2/failureaccess-1.0.2.jar:/home/carolina/.m2/repository/com/google/guava/listenablefuture/9999.0-empty-to-avoid-conflict-with-guava/listenablefuture-9999.0-empty-to-avoid-conflict-with-guava.jar:/home/carolina/.m2/repository/com/google/code/findbugs/jsr305/3.0.2/jsr305-3.0.2.jar:/home/carolina/.m2/repository/com/google/j2objc/j2objc-annotations/3.0.0/j2objc-annotations-3.0.0.jar:/home/carolina/.m2/repository/io/opentelemetry/semconv/opentelemetry-semconv/1.25.0-alpha/opentelemetry-semconv-1.25.0-alpha.jar:/home/carolina/.m2/repository/io/opentelemetry/opentelemetry-api/1.43.0/opentelemetry-api-1.43.0.jar:/home/carolina/.m2/repository/io/opentelemetry/opentelemetry-context/1.43.0/opentelemetry-context-1.43.0.jar:/home/carolina/.m2/repository/io/opentelemetry/opentelemetry-exporter-logging/1.43.0/opentelemetry-exporter-logging-1.43.0.jar:/home/carolina/.m2/repository/io/opentelemetry/opentelemetry-sdk-common/1.43.0/opentelemetry-sdk-common-1.43.0.jar:/home/carolina/.m2/repository/io/opentelemetry/opentelemetry-sdk-extension-autoconfigure-spi/1.43.0/opentelemetry-sdk-extension-autoconfigure-spi-1.43.0.jar:/home/carolina/.m2/repository/io/opentelemetry/opentelemetry-sdk-extension-autoconfigure/1.43.0/opentelemetry-sdk-extension-autoconfigure-1.43.0.jar:/home/carolina/.m2/repository/io/opentelemetry/opentelemetry-api-incubator/1.43.0-alpha/opentelemetry-api-incubator-1.43.0-alpha.jar:/home/carolina/.m2/repository/io/opentelemetry/opentelemetry-sdk-trace/1.43.0/opentelemetry-sdk-trace-1.43.0.jar:/home/carolina/.m2/repository/io/opentelemetry/opentelemetry-sdk/1.43.0/opentelemetry-sdk-1.43.0.jar:/home/carolina/.m2/repository/io/opentelemetry/opentelemetry-sdk-metrics/1.43.0/opentelemetry-sdk-metrics-1.43.0.jar:/home/carolina/.m2/repository/io/opentelemetry/opentelemetry-sdk-logs/1.43.0/opentelemetry-sdk-logs-1.43.0.jar:/home/carolina/.m2/repository/org/seleniumhq/selenium/selenium-os/4.25.0/selenium-os-4.25.0.jar:/home/carolina/.m2/repository/org/apache/commons/commons-exec/1.4.0/commons-exec-1.4.0.jar:/home/carolina/.m2/repository/org/seleniumhq/selenium/selenium-safari-driver/4.25.0/selenium-safari-driver-4.25.0.jar:/home/carolina/.m2/repository/org/seleniumhq/selenium/selenium-support/4.25.0/selenium-support-4.25.0.jar:/home/carolina/.m2/repository/io/github/bonigarcia/selenium-jupiter/5.1.1/selenium-jupiter-5.1.1.jar:/home/carolina/.m2/repository/org/slf4j/slf4j-api/2.0.16/slf4j-api-2.0.16.jar:/home/carolina/.m2/repository/io/github/bonigarcia/webdrivermanager/5.9.1/webdrivermanager-5.9.1.jar:/home/carolina/.m2/repository/com/google/code/gson/gson/2.11.0/gson-2.11.0.jar:/home/carolina/.m2/repository/com/github/docker-java/docker-java/3.3.6/docker-java-3.3.6.jar:/home/carolina/.m2/repository/com/github/docker-java/docker-java-core/3.3.6/docker-java-core-3.3.6.jar:/home/carolina/.m2/repository/commons-io/commons-io/2.13.0/commons-io-2.13.0.jar:/home/carolina/.m2/repository/org/slf4j/jcl-over-slf4j/2.0.16/jcl-over-slf4j-2.0.16.jar:/home/carolina/.m2/repository/com/github/docker-java/docker-java-transport-httpclient5/3.3.6/docker-java-transport-httpclient5-3.3.6.jar:/home/carolina/.m2/repository/org/brotli/dec/0.1.2/dec-0.1.2.jar:/home/carolina/.m2/repository/org/apache/httpcomponents/client5/httpclient5/5.4.2/httpclient5-5.4.2.jar:/home/carolina/.m2/repository/org/apache/httpcomponents/core5/httpcore5/5.3.3/httpcore5-5.3.3.jar:/home/carolina/.m2/repository/org/apache/httpcomponents/core5/httpcore5-h2/5.3.3/httpcore5-h2-5.3.3.jar:/home/carolina/.m2/repository/io/cucumber/cucumber-java/7.21.1/cucumber-java-7.21.1.jar:/home/carolina/.m2/repository/io/cucumber/cucumber-core/7.21.1/cucumber-core-7.21.1.jar:/home/carolina/.m2/repository/io/cucumber/cucumber-gherkin/7.21.1/cucumber-gherkin-7.21.1.jar:/home/carolina/.m2/repository/io/cucumber/cucumber-gherkin-messages/7.21.1/cucumber-gherkin-messages-7.21.1.jar:/home/carolina/.m2/repository/io/cucumber/gherkin/31.0.0/gherkin-31.0.0.jar:/home/carolina/.m2/repository/io/cucumber/messages/27.2.0/messages-27.2.0.jar:/home/carolina/.m2/repository/io/cucumber/testng-xml-formatter/0.3.1/testng-xml-formatter-0.3.1.jar:/home/carolina/.m2/repository/io/cucumber/query/13.2.0/query-13.2.0.jar:/home/carolina/.m2/repository/io/cucumber/tag-expressions/6.1.2/tag-expressions-6.1.2.jar:/home/carolina/.m2/repository/io/cucumber/cucumber-expressions/18.0.1/cucumber-expressions-18.0.1.jar:/home/carolina/.m2/repository/io/cucumber/datatable/7.21.1/datatable-7.21.1.jar:/home/carolina/.m2/repository/io/cucumber/cucumber-plugin/7.21.1/cucumber-plugin-7.21.1.jar:/home/carolina/.m2/repository/io/cucumber/docstring/7.21.1/docstring-7.21.1.jar:/home/carolina/.m2/repository/io/cucumber/html-formatter/21.9.0/html-formatter-21.9.0.jar:/home/carolina/.m2/repository/io/cucumber/junit-xml-formatter/0.7.1/junit-xml-formatter-0.7.1.jar:/home/carolina/.m2/repository/io/cucumber/ci-environment/10.0.1/ci-environment-10.0.1.jar:/home/carolina/.m2/repository/org/apiguardian/apiguardian-api/1.1.2/apiguardian-api-1.1.2.jar:/home/carolina/.m2/repository/io/cucumber/cucumber-junit-platform-engine/7.21.1/cucumber-junit-platform-engine-7.21.1.jar:/home/carolina/.m2/repository/org/junit/platform/junit-platform-engine/1.12.0/junit-platform-engine-1.12.0.jar:"/>
    <property name="java.vm.vendor" value="Ubuntu"/>
    <property name="sun.arch.data.model" value="64"/>
    <property name="java.vendor.url" value="https://ubuntu.com/"/>
    <property name="user.timezone" value="Europe/Lisbon"/>
    <property name="org.jboss.logging.provider" value="slf4j"/>
    <property name="os.name" value="Linux"/>
    <property name="java.vm.specification.version" value="21"/>
    <property name="APPLICATION_NAME" value="HW1"/>
    <property name="sun.java.launcher" value="SUN_STANDARD"/>
    <property name="user.country" value="BR"/>
    <property name="sun.boot.library.path" value="/usr/lib/jvm/java-21-openjdk-amd64/lib"/>
    <property name="sun.java.command" value="/home/carolina/UA/3ANO/2SEMESTRE/TQS/Labs/TQS/HW1/backend/target/surefire/surefirebooter-20250409175813684_3.jar /home/carolina/UA/3ANO/2SEMESTRE/TQS/Labs/TQS/HW1/backend/target/surefire 2025-04-09T17-58-13_561-jvmRun1 surefire-20250409175813684_1tmp surefire_0-20250409175813684_2tmp"/>
    <property name="jdk.debug" value="release"/>
    <property name="surefire.test.class.path" value="/home/carolina/UA/3ANO/2SEMESTRE/TQS/Labs/TQS/HW1/backend/target/test-classes:/home/carolina/UA/3ANO/2SEMESTRE/TQS/Labs/TQS/HW1/backend/target/classes:/home/carolina/.m2/repository/com/github/ben-manes/caffeine/caffeine/3.1.8/caffeine-3.1.8.jar:/home/carolina/.m2/repository/org/checkerframework/checker-qual/3.37.0/checker-qual-3.37.0.jar:/home/carolina/.m2/repository/com/google/errorprone/error_prone_annotations/2.21.1/error_prone_annotations-2.21.1.jar:/home/carolina/.m2/repository/io/micrometer/micrometer-core/1.10.5/micrometer-core-1.10.5.jar:/home/carolina/.m2/repository/io/micrometer/micrometer-commons/1.14.4/micrometer-commons-1.14.4.jar:/home/carolina/.m2/repository/io/micrometer/micrometer-observation/1.14.4/micrometer-observation-1.14.4.jar:/home/carolina/.m2/repository/org/hdrhistogram/HdrHistogram/2.1.12/HdrHistogram-2.1.12.jar:/home/carolina/.m2/repository/org/latencyutils/LatencyUtils/2.0.3/LatencyUtils-2.0.3.jar:/home/carolina/.m2/repository/io/micrometer/micrometer-registry-prometheus/1.14.4/micrometer-registry-prometheus-1.14.4.jar:/home/carolina/.m2/repository/io/prometheus/prometheus-metrics-core/1.3.6/prometheus-metrics-core-1.3.6.jar:/home/carolina/.m2/repository/io/prometheus/prometheus-metrics-model/1.3.6/prometheus-metrics-model-1.3.6.jar:/home/carolina/.m2/repository/io/prometheus/prometheus-metrics-config/1.3.6/prometheus-metrics-config-1.3.6.jar:/home/carolina/.m2/repository/io/prometheus/prometheus-metrics-tracer-common/1.3.6/prometheus-metrics-tracer-common-1.3.6.jar:/home/carolina/.m2/repository/io/prometheus/prometheus-metrics-exposition-formats/1.3.6/prometheus-metrics-exposition-formats-1.3.6.jar:/home/carolina/.m2/repository/io/prometheus/prometheus-metrics-exposition-textformats/1.3.6/prometheus-metrics-exposition-textformats-1.3.6.jar:/home/carolina/.m2/repository/org/jsoup/jsoup/1.18.1/jsoup-1.18.1.jar:/home/carolina/.m2/repository/io/rest-assured/spring-mock-mvc/5.5.1/spring-mock-mvc-5.5.1.jar:/home/carolina/.m2/repository/io/rest-assured/spring-commons/5.5.1/spring-commons-5.5.1.jar:/home/carolina/.m2/repository/org/springframework/spring-test/6.2.3/spring-test-6.2.3.jar:/home/carolina/.m2/repository/org/springframework/spring-webmvc/6.2.3/spring-webmvc-6.2.3.jar:/home/carolina/.m2/repository/org/springframework/spring-aop/6.2.3/spring-aop-6.2.3.jar:/home/carolina/.m2/repository/org/springframework/spring-beans/6.2.3/spring-beans-6.2.3.jar:/home/carolina/.m2/repository/org/springframework/spring-context/6.2.3/spring-context-6.2.3.jar:/home/carolina/.m2/repository/org/springframework/spring-expression/6.2.3/spring-expression-6.2.3.jar:/home/carolina/.m2/repository/org/springframework/boot/spring-boot-test-autoconfigure/3.4.3/spring-boot-test-autoconfigure-3.4.3.jar:/home/carolina/.m2/repository/org/springframework/boot/spring-boot/3.4.3/spring-boot-3.4.3.jar:/home/carolina/.m2/repository/org/springframework/boot/spring-boot-test/3.4.3/spring-boot-test-3.4.3.jar:/home/carolina/.m2/repository/org/springframework/boot/spring-boot-autoconfigure/3.4.3/spring-boot-autoconfigure-3.4.3.jar:/home/carolina/.m2/repository/org/springframework/boot/spring-boot-starter-data-jpa/3.4.3/spring-boot-starter-data-jpa-3.4.3.jar:/home/carolina/.m2/repository/org/springframework/boot/spring-boot-starter/3.4.3/spring-boot-starter-3.4.3.jar:/home/carolina/.m2/repository/org/springframework/boot/spring-boot-starter-logging/3.4.3/spring-boot-starter-logging-3.4.3.jar:/home/carolina/.m2/repository/ch/qos/logback/logback-classic/1.5.16/logback-classic-1.5.16.jar:/home/carolina/.m2/repository/ch/qos/logback/logback-core/1.5.16/logback-core-1.5.16.jar:/home/carolina/.m2/repository/org/apache/logging/log4j/log4j-to-slf4j/2.24.3/log4j-to-slf4j-2.24.3.jar:/home/carolina/.m2/repository/org/apache/logging/log4j/log4j-api/2.24.3/log4j-api-2.24.3.jar:/home/carolina/.m2/repository/org/slf4j/jul-to-slf4j/2.0.16/jul-to-slf4j-2.0.16.jar:/home/carolina/.m2/repository/jakarta/annotation/jakarta.annotation-api/2.1.1/jakarta.annotation-api-2.1.1.jar:/home/carolina/.m2/repository/org/yaml/snakeyaml/2.3/snakeyaml-2.3.jar:/home/carolina/.m2/repository/org/springframework/boot/spring-boot-starter-jdbc/3.4.3/spring-boot-starter-jdbc-3.4.3.jar:/home/carolina/.m2/repository/com/zaxxer/HikariCP/5.1.0/HikariCP-5.1.0.jar:/home/carolina/.m2/repository/org/springframework/spring-jdbc/6.2.3/spring-jdbc-6.2.3.jar:/home/carolina/.m2/repository/org/hibernate/orm/hibernate-core/6.6.8.Final/hibernate-core-6.6.8.Final.jar:/home/carolina/.m2/repository/jakarta/persistence/jakarta.persistence-api/3.1.0/jakarta.persistence-api-3.1.0.jar:/home/carolina/.m2/repository/jakarta/transaction/jakarta.transaction-api/2.0.1/jakarta.transaction-api-2.0.1.jar:/home/carolina/.m2/repository/org/jboss/logging/jboss-logging/3.6.1.Final/jboss-logging-3.6.1.Final.jar:/home/carolina/.m2/repository/org/hibernate/common/hibernate-commons-annotations/7.0.3.Final/hibernate-commons-annotations-7.0.3.Final.jar:/home/carolina/.m2/repository/io/smallrye/jandex/3.2.0/jandex-3.2.0.jar:/home/carolina/.m2/repository/com/fasterxml/classmate/1.7.0/classmate-1.7.0.jar:/home/carolina/.m2/repository/org/glassfish/jaxb/jaxb-runtime/4.0.5/jaxb-runtime-4.0.5.jar:/home/carolina/.m2/repository/org/glassfish/jaxb/jaxb-core/4.0.5/jaxb-core-4.0.5.jar:/home/carolina/.m2/repository/org/eclipse/angus/angus-activation/2.0.2/angus-activation-2.0.2.jar:/home/carolina/.m2/repository/org/glassfish/jaxb/txw2/4.0.5/txw2-4.0.5.jar:/home/carolina/.m2/repository/com/sun/istack/istack-commons-runtime/4.1.2/istack-commons-runtime-4.1.2.jar:/home/carolina/.m2/repository/jakarta/inject/jakarta.inject-api/2.0.1/jakarta.inject-api-2.0.1.jar:/home/carolina/.m2/repository/org/antlr/antlr4-runtime/4.13.0/antlr4-runtime-4.13.0.jar:/home/carolina/.m2/repository/org/springframework/data/spring-data-jpa/3.4.3/spring-data-jpa-3.4.3.jar:/home/carolina/.m2/repository/org/springframework/data/spring-data-commons/3.4.3/spring-data-commons-3.4.3.jar:/home/carolina/.m2/repository/org/springframework/spring-orm/6.2.3/spring-orm-6.2.3.jar:/home/carolina/.m2/repository/org/springframework/spring-tx/6.2.3/spring-tx-6.2.3.jar:/home/carolina/.m2/repository/org/springframework/spring-aspects/6.2.3/spring-aspects-6.2.3.jar:/home/carolina/.m2/repository/org/aspectj/aspectjweaver/1.9.22.1/aspectjweaver-1.9.22.1.jar:/home/carolina/.m2/repository/com/h2database/h2/2.3.232/h2-2.3.232.jar:/home/carolina/.m2/repository/org/flywaydb/flyway-core/10.20.1/flyway-core-10.20.1.jar:/home/carolina/.m2/repository/com/fasterxml/jackson/dataformat/jackson-dataformat-toml/2.18.2/jackson-dataformat-toml-2.18.2.jar:/home/carolina/.m2/repository/com/fasterxml/jackson/core/jackson-databind/2.18.2/jackson-databind-2.18.2.jar:/home/carolina/.m2/repository/com/fasterxml/jackson/core/jackson-core/2.18.2/jackson-core-2.18.2.jar:/home/carolina/.m2/repository/com/fasterxml/jackson/datatype/jackson-datatype-jsr310/2.18.2/jackson-datatype-jsr310-2.18.2.jar:/home/carolina/.m2/repository/com/fasterxml/jackson/core/jackson-annotations/2.18.2/jackson-annotations-2.18.2.jar:/home/carolina/.m2/repository/org/flywaydb/flyway-database-postgresql/10.20.1/flyway-database-postgresql-10.20.1.jar:/home/carolina/.m2/repository/org/springframework/boot/spring-boot-devtools/3.4.3/spring-boot-devtools-3.4.3.jar:/home/carolina/.m2/repository/org/postgresql/postgresql/42.7.5/postgresql-42.7.5.jar:/home/carolina/.m2/repository/org/springframework/boot/spring-boot-testcontainers/3.4.3/spring-boot-testcontainers-3.4.3.jar:/home/carolina/.m2/repository/org/testcontainers/testcontainers/1.20.5/testcontainers-1.20.5.jar:/home/carolina/.m2/repository/junit/junit/4.13.2/junit-4.13.2.jar:/home/carolina/.m2/repository/org/hamcrest/hamcrest-core/2.2/hamcrest-core-2.2.jar:/home/carolina/.m2/repository/org/apache/commons/commons-compress/1.24.0/commons-compress-1.24.0.jar:/home/carolina/.m2/repository/org/rnorth/duct-tape/duct-tape/1.0.8/duct-tape-1.0.8.jar:/home/carolina/.m2/repository/org/jetbrains/annotations/17.0.0/annotations-17.0.0.jar:/home/carolina/.m2/repository/com/github/docker-java/docker-java-api/3.4.1/docker-java-api-3.4.1.jar:/home/carolina/.m2/repository/com/github/docker-java/docker-java-transport-zerodep/3.4.1/docker-java-transport-zerodep-3.4.1.jar:/home/carolina/.m2/repository/com/github/docker-java/docker-java-transport/3.4.1/docker-java-transport-3.4.1.jar:/home/carolina/.m2/repository/net/java/dev/jna/jna/5.13.0/jna-5.13.0.jar:/home/carolina/.m2/repository/org/testcontainers/junit-jupiter/1.20.5/junit-jupiter-1.20.5.jar:/home/carolina/.m2/repository/io/rest-assured/rest-assured/5.5.1/rest-assured-5.5.1.jar:/home/carolina/.m2/repository/org/apache/groovy/groovy/4.0.25/groovy-4.0.25.jar:/home/carolina/.m2/repository/org/apache/groovy/groovy-xml/4.0.25/groovy-xml-4.0.25.jar:/home/carolina/.m2/repository/org/apache/httpcomponents/httpclient/4.5.13/httpclient-4.5.13.jar:/home/carolina/.m2/repository/org/apache/httpcomponents/httpcore/4.4.16/httpcore-4.4.16.jar:/home/carolina/.m2/repository/commons-logging/commons-logging/1.2/commons-logging-1.2.jar:/home/carolina/.m2/repository/commons-codec/commons-codec/1.17.2/commons-codec-1.17.2.jar:/home/carolina/.m2/repository/org/apache/httpcomponents/httpmime/4.5.13/httpmime-4.5.13.jar:/home/carolina/.m2/repository/org/hamcrest/hamcrest/2.2/hamcrest-2.2.jar:/home/carolina/.m2/repository/org/ccil/cowan/tagsoup/tagsoup/1.2.1/tagsoup-1.2.1.jar:/home/carolina/.m2/repository/io/rest-assured/json-path/5.5.1/json-path-5.5.1.jar:/home/carolina/.m2/repository/org/apache/groovy/groovy-json/4.0.25/groovy-json-4.0.25.jar:/home/carolina/.m2/repository/io/rest-assured/rest-assured-common/5.5.1/rest-assured-common-5.5.1.jar:/home/carolina/.m2/repository/io/rest-assured/xml-path/5.5.1/xml-path-5.5.1.jar:/home/carolina/.m2/repository/org/apache/commons/commons-lang3/3.17.0/commons-lang3-3.17.0.jar:/home/carolina/.m2/repository/org/testcontainers/postgresql/1.20.5/postgresql-1.20.5.jar:/home/carolina/.m2/repository/org/testcontainers/jdbc/1.20.5/jdbc-1.20.5.jar:/home/carolina/.m2/repository/org/testcontainers/database-commons/1.20.5/database-commons-1.20.5.jar:/home/carolina/.m2/repository/org/springframework/boot/spring-boot-starter-web/3.4.3/spring-boot-starter-web-3.4.3.jar:/home/carolina/.m2/repository/org/springframework/boot/spring-boot-starter-json/3.4.3/spring-boot-starter-json-3.4.3.jar:/home/carolina/.m2/repository/com/fasterxml/jackson/datatype/jackson-datatype-jdk8/2.18.2/jackson-datatype-jdk8-2.18.2.jar:/home/carolina/.m2/repository/com/fasterxml/jackson/module/jackson-module-parameter-names/2.18.2/jackson-module-parameter-names-2.18.2.jar:/home/carolina/.m2/repository/org/springframework/boot/spring-boot-starter-tomcat/3.4.3/spring-boot-starter-tomcat-3.4.3.jar:/home/carolina/.m2/repository/org/apache/tomcat/embed/tomcat-embed-core/10.1.36/tomcat-embed-core-10.1.36.jar:/home/carolina/.m2/repository/org/apache/tomcat/embed/tomcat-embed-el/10.1.36/tomcat-embed-el-10.1.36.jar:/home/carolina/.m2/repository/org/apache/tomcat/embed/tomcat-embed-websocket/10.1.36/tomcat-embed-websocket-10.1.36.jar:/home/carolina/.m2/repository/org/springframework/spring-web/6.2.3/spring-web-6.2.3.jar:/home/carolina/.m2/repository/org/springframework/boot/spring-boot-starter-test/3.4.3/spring-boot-starter-test-3.4.3.jar:/home/carolina/.m2/repository/com/jayway/jsonpath/json-path/2.9.0/json-path-2.9.0.jar:/home/carolina/.m2/repository/jakarta/xml/bind/jakarta.xml.bind-api/4.0.2/jakarta.xml.bind-api-4.0.2.jar:/home/carolina/.m2/repository/jakarta/activation/jakarta.activation-api/2.1.3/jakarta.activation-api-2.1.3.jar:/home/carolina/.m2/repository/net/minidev/json-smart/2.5.2/json-smart-2.5.2.jar:/home/carolina/.m2/repository/net/minidev/accessors-smart/2.5.2/accessors-smart-2.5.2.jar:/home/carolina/.m2/repository/org/ow2/asm/asm/9.7.1/asm-9.7.1.jar:/home/carolina/.m2/repository/org/assertj/assertj-core/3.26.3/assertj-core-3.26.3.jar:/home/carolina/.m2/repository/org/awaitility/awaitility/4.2.2/awaitility-4.2.2.jar:/home/carolina/.m2/repository/org/mockito/mockito-junit-jupiter/5.14.2/mockito-junit-jupiter-5.14.2.jar:/home/carolina/.m2/repository/org/skyscreamer/jsonassert/1.5.3/jsonassert-1.5.3.jar:/home/carolina/.m2/repository/com/vaadin/external/google/android-json/0.0.20131108.vaadin1/android-json-0.0.20131108.vaadin1.jar:/home/carolina/.m2/repository/org/springframework/spring-core/6.2.3/spring-core-6.2.3.jar:/home/carolina/.m2/repository/org/springframework/spring-jcl/6.2.3/spring-jcl-6.2.3.jar:/home/carolina/.m2/repository/org/xmlunit/xmlunit-core/2.10.0/xmlunit-core-2.10.0.jar:/home/carolina/.m2/repository/org/mockito/mockito-core/5.14.2/mockito-core-5.14.2.jar:/home/carolina/.m2/repository/net/bytebuddy/byte-buddy/1.15.11/byte-buddy-1.15.11.jar:/home/carolina/.m2/repository/net/bytebuddy/byte-buddy-agent/1.15.11/byte-buddy-agent-1.15.11.jar:/home/carolina/.m2/repository/org/objenesis/objenesis/3.3/objenesis-3.3.jar:/home/carolina/.m2/repository/org/springdoc/springdoc-openapi-starter-webmvc-ui/2.1.0/springdoc-openapi-starter-webmvc-ui-2.1.0.jar:/home/carolina/.m2/repository/org/springdoc/springdoc-openapi-starter-webmvc-api/2.1.0/springdoc-openapi-starter-webmvc-api-2.1.0.jar:/home/carolina/.m2/repository/org/springdoc/springdoc-openapi-starter-common/2.1.0/springdoc-openapi-starter-common-2.1.0.jar:/home/carolina/.m2/repository/io/swagger/core/v3/swagger-core-jakarta/2.2.9/swagger-core-jakarta-2.2.9.jar:/home/carolina/.m2/repository/io/swagger/core/v3/swagger-annotations-jakarta/2.2.9/swagger-annotations-jakarta-2.2.9.jar:/home/carolina/.m2/repository/io/swagger/core/v3/swagger-models-jakarta/2.2.9/swagger-models-jakarta-2.2.9.jar:/home/carolina/.m2/repository/jakarta/validation/jakarta.validation-api/3.0.2/jakarta.validation-api-3.0.2.jar:/home/carolina/.m2/repository/com/fasterxml/jackson/dataformat/jackson-dataformat-yaml/2.18.2/jackson-dataformat-yaml-2.18.2.jar:/home/carolina/.m2/repository/org/webjars/swagger-ui/4.18.2/swagger-ui-4.18.2.jar:/home/carolina/.m2/repository/org/junit/jupiter/junit-jupiter/5.12.0/junit-jupiter-5.12.0.jar:/home/carolina/.m2/repository/org/junit/jupiter/junit-jupiter-api/5.12.0/junit-jupiter-api-5.12.0.jar:/home/carolina/.m2/repository/org/opentest4j/opentest4j/1.3.0/opentest4j-1.3.0.jar:/home/carolina/.m2/repository/org/junit/platform/junit-platform-commons/1.12.0/junit-platform-commons-1.12.0.jar:/home/carolina/.m2/repository/org/junit/jupiter/junit-jupiter-params/5.12.0/junit-jupiter-params-5.12.0.jar:/home/carolina/.m2/repository/org/junit/jupiter/junit-jupiter-engine/5.12.0/junit-jupiter-engine-5.12.0.jar:/home/carolina/.m2/repository/org/junit/platform/junit-platform-suite/1.12.0/junit-platform-suite-1.12.0.jar:/home/carolina/.m2/repository/org/junit/platform/junit-platform-suite-api/1.12.0/junit-platform-suite-api-1.12.0.jar:/home/carolina/.m2/repository/org/junit/platform/junit-platform-suite-engine/1.12.0/junit-platform-suite-engine-1.12.0.jar:/home/carolina/.m2/repository/org/junit/platform/junit-platform-suite-commons/1.12.0/junit-platform-suite-commons-1.12.0.jar:/home/carolina/.m2/repository/org/junit/platform/junit-platform-launcher/1.12.0/junit-platform-launcher-1.12.0.jar:/home/carolina/.m2/repository/org/seleniumhq/selenium/selenium-java/4.29.0/selenium-java-4.29.0.jar:/home/carolina/.m2/repository/org/seleniumhq/selenium/selenium-api/4.25.0/selenium-api-4.25.0.jar:/home/carolina/.m2/repository/org/jspecify/jspecify/1.0.0/jspecify-1.0.0.jar:/home/carolina/.m2/repository/org/seleniumhq/selenium/selenium-chrome-driver/4.25.0/selenium-chrome-driver-4.25.0.jar:/home/carolina/.m2/repository/com/google/auto/service/auto-service-annotations/1.1.1/auto-service-annotations-1.1.1.jar:/home/carolina/.m2/repository/org/seleniumhq/selenium/selenium-chromium-driver/4.25.0/selenium-chromium-driver-4.25.0.jar:/home/carolina/.m2/repository/org/seleniumhq/selenium/selenium-json/4.25.0/selenium-json-4.25.0.jar:/home/carolina/.m2/repository/org/seleniumhq/selenium/selenium-manager/4.25.0/selenium-manager-4.25.0.jar:/home/carolina/.m2/repository/org/seleniumhq/selenium/selenium-devtools-v131/4.29.0/selenium-devtools-v131-4.29.0.jar:/home/carolina/.m2/repository/org/seleniumhq/selenium/selenium-devtools-v132/4.29.0/selenium-devtools-v132-4.29.0.jar:/home/carolina/.m2/repository/org/seleniumhq/selenium/selenium-devtools-v133/4.29.0/selenium-devtools-v133-4.29.0.jar:/home/carolina/.m2/repository/org/seleniumhq/selenium/selenium-devtools-v85/4.25.0/selenium-devtools-v85-4.25.0.jar:/home/carolina/.m2/repository/org/seleniumhq/selenium/selenium-edge-driver/4.25.0/selenium-edge-driver-4.25.0.jar:/home/carolina/.m2/repository/org/seleniumhq/selenium/selenium-firefox-driver/4.25.0/selenium-firefox-driver-4.25.0.jar:/home/carolina/.m2/repository/org/seleniumhq/selenium/selenium-http/4.25.0/selenium-http-4.25.0.jar:/home/carolina/.m2/repository/dev/failsafe/failsafe/3.3.2/failsafe-3.3.2.jar:/home/carolina/.m2/repository/org/seleniumhq/selenium/selenium-ie-driver/4.25.0/selenium-ie-driver-4.25.0.jar:/home/carolina/.m2/repository/org/seleniumhq/selenium/selenium-remote-driver/4.25.0/selenium-remote-driver-4.25.0.jar:/home/carolina/.m2/repository/com/google/guava/guava/33.3.0-jre/guava-33.3.0-jre.jar:/home/carolina/.m2/repository/com/google/guava/failureaccess/1.0.2/failureaccess-1.0.2.jar:/home/carolina/.m2/repository/com/google/guava/listenablefuture/9999.0-empty-to-avoid-conflict-with-guava/listenablefuture-9999.0-empty-to-avoid-conflict-with-guava.jar:/home/carolina/.m2/repository/com/google/code/findbugs/jsr305/3.0.2/jsr305-3.0.2.jar:/home/carolina/.m2/repository/com/google/j2objc/j2objc-annotations/3.0.0/j2objc-annotations-3.0.0.jar:/home/carolina/.m2/repository/io/opentelemetry/semconv/opentelemetry-semconv/1.25.0-alpha/opentelemetry-semconv-1.25.0-alpha.jar:/home/carolina/.m2/repository/io/opentelemetry/opentelemetry-api/1.43.0/opentelemetry-api-1.43.0.jar:/home/carolina/.m2/repository/io/opentelemetry/opentelemetry-context/1.43.0/opentelemetry-context-1.43.0.jar:/home/carolina/.m2/repository/io/opentelemetry/opentelemetry-exporter-logging/1.43.0/opentelemetry-exporter-logging-1.43.0.jar:/home/carolina/.m2/repository/io/opentelemetry/opentelemetry-sdk-common/1.43.0/opentelemetry-sdk-common-1.43.0.jar:/home/carolina/.m2/repository/io/opentelemetry/opentelemetry-sdk-extension-autoconfigure-spi/1.43.0/opentelemetry-sdk-extension-autoconfigure-spi-1.43.0.jar:/home/carolina/.m2/repository/io/opentelemetry/opentelemetry-sdk-extension-autoconfigure/1.43.0/opentelemetry-sdk-extension-autoconfigure-1.43.0.jar:/home/carolina/.m2/repository/io/opentelemetry/opentelemetry-api-incubator/1.43.0-alpha/opentelemetry-api-incubator-1.43.0-alpha.jar:/home/carolina/.m2/repository/io/opentelemetry/opentelemetry-sdk-trace/1.43.0/opentelemetry-sdk-trace-1.43.0.jar:/home/carolina/.m2/repository/io/opentelemetry/opentelemetry-sdk/1.43.0/opentelemetry-sdk-1.43.0.jar:/home/carolina/.m2/repository/io/opentelemetry/opentelemetry-sdk-metrics/1.43.0/opentelemetry-sdk-metrics-1.43.0.jar:/home/carolina/.m2/repository/io/opentelemetry/opentelemetry-sdk-logs/1.43.0/opentelemetry-sdk-logs-1.43.0.jar:/home/carolina/.m2/repository/org/seleniumhq/selenium/selenium-os/4.25.0/selenium-os-4.25.0.jar:/home/carolina/.m2/repository/org/apache/commons/commons-exec/1.4.0/commons-exec-1.4.0.jar:/home/carolina/.m2/repository/org/seleniumhq/selenium/selenium-safari-driver/4.25.0/selenium-safari-driver-4.25.0.jar:/home/carolina/.m2/repository/org/seleniumhq/selenium/selenium-support/4.25.0/selenium-support-4.25.0.jar:/home/carolina/.m2/repository/io/github/bonigarcia/selenium-jupiter/5.1.1/selenium-jupiter-5.1.1.jar:/home/carolina/.m2/repository/org/slf4j/slf4j-api/2.0.16/slf4j-api-2.0.16.jar:/home/carolina/.m2/repository/io/github/bonigarcia/webdrivermanager/5.9.1/webdrivermanager-5.9.1.jar:/home/carolina/.m2/repository/com/google/code/gson/gson/2.11.0/gson-2.11.0.jar:/home/carolina/.m2/repository/com/github/docker-java/docker-java/3.3.6/docker-java-3.3.6.jar:/home/carolina/.m2/repository/com/github/docker-java/docker-java-core/3.3.6/docker-java-core-3.3.6.jar:/home/carolina/.m2/repository/commons-io/commons-io/2.13.0/commons-io-2.13.0.jar:/home/carolina/.m2/repository/org/slf4j/jcl-over-slf4j/2.0.16/jcl-over-slf4j-2.0.16.jar:/home/carolina/.m2/repository/com/github/docker-java/docker-java-transport-httpclient5/3.3.6/docker-java-transport-httpclient5-3.3.6.jar:/home/carolina/.m2/repository/org/brotli/dec/0.1.2/dec-0.1.2.jar:/home/carolina/.m2/repository/org/apache/httpcomponents/client5/httpclient5/5.4.2/httpclient5-5.4.2.jar:/home/carolina/.m2/repository/org/apache/httpcomponents/core5/httpcore5/5.3.3/httpcore5-5.3.3.jar:/home/carolina/.m2/repository/org/apache/httpcomponents/core5/httpcore5-h2/5.3.3/httpcore5-h2-5.3.3.jar:/home/carolina/.m2/repository/io/cucumber/cucumber-java/7.21.1/cucumber-java-7.21.1.jar:/home/carolina/.m2/repository/io/cucumber/cucumber-core/7.21.1/cucumber-core-7.21.1.jar:/home/carolina/.m2/repository/io/cucumber/cucumber-gherkin/7.21.1/cucumber-gherkin-7.21.1.jar:/home/carolina/.m2/repository/io/cucumber/cucumber-gherkin-messages/7.21.1/cucumber-gherkin-messages-7.21.1.jar:/home/carolina/.m2/repository/io/cucumber/gherkin/31.0.0/gherkin-31.0.0.jar:/home/carolina/.m2/repository/io/cucumber/messages/27.2.0/messages-27.2.0.jar:/home/carolina/.m2/repository/io/cucumber/testng-xml-formatter/0.3.1/testng-xml-formatter-0.3.1.jar:/home/carolina/.m2/repository/io/cucumber/query/13.2.0/query-13.2.0.jar:/home/carolina/.m2/repository/io/cucumber/tag-expressions/6.1.2/tag-expressions-6.1.2.jar:/home/carolina/.m2/repository/io/cucumber/cucumber-expressions/18.0.1/cucumber-expressions-18.0.1.jar:/home/carolina/.m2/repository/io/cucumber/datatable/7.21.1/datatable-7.21.1.jar:/home/carolina/.m2/repository/io/cucumber/cucumber-plugin/7.21.1/cucumber-plugin-7.21.1.jar:/home/carolina/.m2/repository/io/cucumber/docstring/7.21.1/docstring-7.21.1.jar:/home/carolina/.m2/repository/io/cucumber/html-formatter/21.9.0/html-formatter-21.9.0.jar:/home/carolina/.m2/repository/io/cucumber/junit-xml-formatter/0.7.1/junit-xml-formatter-0.7.1.jar:/home/carolina/.m2/repository/io/cucumber/ci-environment/10.0.1/ci-environment-10.0.1.jar:/home/carolina/.m2/repository/org/apiguardian/apiguardian-api/1.1.2/apiguardian-api-1.1.2.jar:/home/carolina/.m2/repository/io/cucumber/cucumber-junit-platform-engine/7.21.1/cucumber-junit-platform-engine-7.21.1.jar:/home/carolina/.m2/repository/org/junit/platform/junit-platform-engine/1.12.0/junit-platform-engine-1.12.0.jar:"/>
    <property name="sun.cpu.endian" value="little"/>
    <property name="user.home" value="/home/carolina"/>
    <property name="user.language" value="pt"/>
    <property name="java.specification.vendor" value="Oracle Corporation"/>
    <property name="java.version.date" value="2025-01-21"/>
    <property name="java.home" value="/usr/lib/jvm/java-21-openjdk-amd64"/>
    <property name="file.separator" value="/"/>
    <property name="basedir" value="/home/carolina/UA/3ANO/2SEMESTRE/TQS/Labs/TQS/HW1/backend"/>
    <property name="java.vm.compressedOopsMode" value="Zero based"/>
    <property name="line.separator" value="&#10;"/>
    <property name="java.specification.name" value="Java Platform API Specification"/>
    <property name="java.vm.specification.vendor" value="Oracle Corporation"/>
    <property name="FILE_LOG_CHARSET" value="UTF-8"/>
    <property name="java.awt.headless" value="true"/>
    <property name="surefire.real.class.path" value="/home/carolina/UA/3ANO/2SEMESTRE/TQS/Labs/TQS/HW1/backend/target/surefire/surefirebooter-20250409175813684_3.jar"/>
    <property name="polyglot.engine.WarnInterpreterOnly" value="false"/>
    <property name="sun.management.compiler" value="HotSpot 64-Bit Tiered Compilers"/>
    <property name="java.runtime.version" value="21.0.6+7-Ubuntu-122.04.1"/>
    <property name="user.name" value="carolina"/>
    <property name="stdout.encoding" value="UTF-8"/>
    <property name="path.separator" value=":"/>
    <property name="os.version" value="6.8.0-57-generic"/>
    <property name="java.runtime.name" value="OpenJDK Runtime Environment"/>
    <property name="file.encoding" value="UTF-8"/>
    <property name="java.vm.name" value="OpenJDK 64-Bit Server VM"/>
    <property name="localRepository" value="/home/carolina/.m2/repository"/>
    <property name="java.vendor.url.bug" value="https://bugs.launchpad.net/ubuntu/+source/openjdk-21"/>
    <property name="java.io.tmpdir" value="/tmp"/>
    <property name="java.version" value="21.0.6"/>
    <property name="user.dir" value="/home/carolina/UA/3ANO/2SEMESTRE/TQS/Labs/TQS/HW1/backend"/>
    <property name="os.arch" value="amd64"/>
    <property name="java.vm.specification.name" value="Java Virtual Machine Specification"/>
    <property name="PID" value="80377"/>
    <property name="CONSOLE_LOG_CHARSET" value="UTF-8"/>
    <property name="native.encoding" value="UTF-8"/>
    <property name="java.library.path" value="/usr/java/packages/lib:/usr/lib/x86_64-linux-gnu/jni:/lib/x86_64-linux-gnu:/usr/lib/x86_64-linux-gnu:/usr/lib/jni:/lib:/usr/lib"/>
    <property name="java.vm.info" value="mixed mode, sharing"/>
    <property name="stderr.encoding" value="UTF-8"/>
    <property name="java.vendor" value="Ubuntu"/>
    <property name="java.vm.version" value="21.0.6+7-Ubuntu-122.04.1"/>
    <property name="sun.io.unicode.encoding" value="UnicodeLittle"/>
    <property name="java.class.version" value="65.0"/>
    <property name="LOGGED_APPLICATION_NAME" value="[HW1] "/>
  </properties>
  <testcase name="testSaveMeal" classname="tqs.hw1.service.MealServiceTest" time="0.155"/>
  <testcase name="testGetAllMeals" classname="tqs.hw1.service.MealServiceTest" time="0.004"/>
  <testcase name="testExistsById" classname="tqs.hw1.service.MealServiceTest" time="0.003"/>
  <testcase name="testGetMealById" classname="tqs.hw1.service.MealServiceTest" time="0.004"/>
  <testcase name="testDeleteMeal" classname="tqs.hw1.service.MealServiceTest" time="0.005"/>
</testsuite>